Log file open, 11/19/18 17:21:04
LogWindows: Failed to load 'aqProf.dll' (GetLastError=126)
LogWindows: File 'aqProf.dll' does not exist
LogWindows: Failed to load 'VSPerf140.dll' (GetLastError=126)
LogWindows: File 'VSPerf140.dll' does not exist
LogWindows: Failed to load 'VtuneApi.dll' (GetLastError=126)
LogWindows: File 'VtuneApi.dll' does not exist
LogWindows: Failed to load 'VtuneApi32e.dll' (GetLastError=126)
LogWindows: File 'VtuneApi32e.dll' does not exist
LogInit: Display: Running engine for game: PlayerMovement
LogPlatformFile: Not using cached read wrapper
LogTaskGraph: Started task graph with 5 named threads and 23 total threads with 3 sets of task threads.
LogStats: Stats thread started at 0.342165
LogD3D11RHI: Loaded GFSDK_Aftermath_Lib.x64.dll
LogICUInternationalization: Display: ICU TimeZone Detection - Raw Offset: -6:00, Platform Override: ''
LogPluginManager: Mounting plugin Paper2D
LogPluginManager: Mounting plugin AISupport
LogPluginManager: Mounting plugin LightPropagationVolume
LogPluginManager: Mounting plugin CLionSourceCodeAccess
LogPluginManager: Mounting plugin CodeLiteSourceCodeAccess
LogPluginManager: Mounting plugin GitSourceControl
LogPluginManager: Mounting plugin KDevelopSourceCodeAccess
LogPluginManager: Mounting plugin NullSourceCodeAccess
LogPluginManager: Mounting plugin PerforceSourceControl
LogPluginManager: Mounting plugin SubversionSourceControl
LogPluginManager: Mounting plugin UObjectPlugin
LogPluginManager: Mounting plugin VisualStudioCodeSourceCodeAccess
LogPluginManager: Mounting plugin VisualStudioSourceCodeAccess
LogPluginManager: Mounting plugin XCodeSourceCodeAccess
LogPluginManager: Mounting plugin AssetManagerEditor
LogPluginManager: Mounting plugin CryptoKeys
LogPluginManager: Mounting plugin DataValidation
LogPluginManager: Mounting plugin FacialAnimation
LogPluginManager: Mounting plugin GameplayTagsEditor
LogPluginManager: Mounting plugin MacGraphicsSwitching
LogPluginManager: Mounting plugin MeshEditor
LogPluginManager: Mounting plugin MobileLauncherProfileWizard
LogPluginManager: Mounting plugin PluginBrowser
LogPluginManager: Mounting plugin SpeedTreeImporter
LogPluginManager: Mounting plugin DatasmithContent
LogPluginManager: Mounting plugin AlembicImporter
LogPluginManager: Mounting plugin AppleImageUtils
LogPluginManager: Mounting plugin AppleVision
LogPluginManager: Mounting plugin BackChannel
LogPluginManager: Mounting plugin CharacterAI
LogPluginManager: Mounting plugin GeometryCache
LogPluginManager: Mounting plugin HTML5Networking
LogPluginManager: Mounting plugin ProxyLODPlugin
LogPluginManager: Mounting plugin MagicLeap
LogPluginManager: Mounting plugin MagicLeapEmulator
LogPluginManager: Mounting plugin MagicLeapMedia
LogPluginManager: Mounting plugin AndroidMedia
LogPluginManager: Mounting plugin AvfMedia
LogPluginManager: Mounting plugin ImgMedia
LogPluginManager: Mounting plugin LinearTimecode
LogPluginManager: Mounting plugin MediaCompositing
LogPluginManager: Mounting plugin MediaPlayerEditor
LogPluginManager: Mounting plugin WmfMedia
LogPluginManager: Mounting plugin TcpMessaging
LogPluginManager: Mounting plugin UdpMessaging
LogPluginManager: Mounting plugin ActorSequence
LogPluginManager: Mounting plugin LevelSequenceEditor
LogPluginManager: Mounting plugin MatineeToLevelSequence
LogPluginManager: Mounting plugin NetcodeUnitTest
LogPluginManager: Mounting plugin NUTUnrealEngine4
LogPluginManager: Mounting plugin OnlineSubsystemGooglePlay
LogPluginManager: Mounting plugin OnlineSubsystemIOS
LogPluginManager: Mounting plugin OnlineSubsystem
LogPluginManager: Mounting plugin OnlineSubsystemNull
LogPluginManager: Mounting plugin OnlineSubsystemUtils
LogPluginManager: Mounting plugin LauncherChunkInstaller
LogPluginManager: Mounting plugin AndroidDeviceProfileSelector
LogPluginManager: Mounting plugin AndroidMoviePlayer
LogPluginManager: Mounting plugin AndroidPermission
LogPluginManager: Mounting plugin AppleMoviePlayer
LogPluginManager: Mounting plugin ArchVisCharacter
LogPluginManager: Mounting plugin AudioCapture
LogPluginManager: Mounting plugin CableComponent
LogPluginManager: Mounting plugin CustomMeshComponent
LogPluginManager: Mounting plugin EditableMesh
LogPluginManager: Mounting plugin ExampleDeviceProfileSelector
LogPluginManager: Mounting plugin GoogleCloudMessaging
LogPluginManager: Mounting plugin ImmediatePhysics
LogPluginManager: Mounting plugin IOSDeviceProfileSelector
LogPluginManager: Mounting plugin LinuxDeviceProfileSelector
LogPluginManager: Mounting plugin LocationServicesBPLibrary
LogPluginManager: Mounting plugin MobilePatchingUtils
LogPluginManager: Mounting plugin OculusVR
LogPluginManager: Plugin shader directory ../../../Engine/Plugins/Runtime/Oculus/OculusVR/Shaders found
LogPluginManager: Mapping shader source directory ../../../Engine/Plugins/Runtime/Oculus/OculusVR/Shaders to virtual directory /Plugin/OculusVR
LogPluginManager: Mounting plugin PhysXVehicles
LogPluginManager: Mounting plugin ProceduralMeshComponent
LogPluginManager: Mounting plugin RuntimePhysXCooking
LogPluginManager: Mounting plugin SteamVR
LogPluginManager: Mounting plugin WindowsMoviePlayer
LogStreaming: Display: Took  0.210s to configure plugins.
LogInit: Using libcurl 7.55.1-DEV
LogInit:  - built for x86_64-pc-win32
LogInit:  - supports SSL with OpenSSL/1.0.2h
LogInit:  - supports HTTP deflate (compression) using libz 1.2.8
LogInit:  - other features:
LogInit:      CURL_VERSION_SSL
LogInit:      CURL_VERSION_LIBZ
LogInit:      CURL_VERSION_IPV6
LogInit:      CURL_VERSION_ASYNCHDNS
LogInit:      CURL_VERSION_LARGEFILE
LogInit:      CURL_VERSION_IDN
LogInit:  CurlRequestOptions (configurable via config and command line):
LogInit:  - bVerifyPeer = false  - Libcurl will NOT verify peer certificate
LogInit:  - bUseHttpProxy = false  - Libcurl will NOT use HTTP proxy
LogInit:  - bDontReuseConnections = false  - Libcurl will reuse connections
LogInit:  - CertBundlePath = nullptr  - Libcurl will use whatever was configured at build time.
LogInit:  - MaxHostConnections = 16  - Libcurl will limit the number of connections to a host
LogInit:  - LocalHostAddr = Default
LogInit:  - BufferSize = 65536
LogInit: WinSock: version 1.1 (2.2), MaxSocks=32767, MaxUdp=65467
LogInit: Build: ++UE4+Release-4.20-CL-4369336
LogInit: Engine Version: 4.20.3-4369336+++UE4+Release-4.20
LogInit: Compatible Engine Version: 4.20.0-4212847+++UE4+Release-4.20
LogInit: Net CL: 4212847
LogInit: OS: Windows 10 (), CPU: Intel(R) Core(TM) i7-4790K CPU @ 4.00GHz, GPU: AMD RADEON R9 M290X
LogInit: Compiled (64-bit): Sep 17 2018 12:26:19
LogInit: Compiled with Visual C++: 19.13.26129.00
LogInit: Build Configuration: Development
LogInit: Branch Name: ++UE4+Release-4.20
LogInit: Command Line: 
LogInit: Base Directory: C:/Program Files/Epic Games/UE_4.20/Engine/Binaries/Win64/
LogInit: Installed Engine Build: 1
LogDevObjectVersion: Number of dev versions registered: 20
LogDevObjectVersion:   Dev-Blueprints (B0D832E4-1F89-4F0D-ACCF-7EB736FD4AA2): 10
LogDevObjectVersion:   Dev-Build (E1C64328-A22C-4D53-A36C-8E866417BD8C): 0
LogDevObjectVersion:   Dev-Core (375EC13C-06E4-48FB-B500-84F0262A717E): 2
LogDevObjectVersion:   Dev-Editor (E4B068ED-F494-42E9-A231-DA0B2E46BB41): 24
LogDevObjectVersion:   Dev-Framework (CFFC743F-43B0-4480-9391-14DF171D2073): 34
LogDevObjectVersion:   Dev-Mobile (B02B49B5-BB20-44E9-A304-32B752E40360): 2
LogDevObjectVersion:   Dev-Networking (A4E4105C-59A1-49B5-A7C5-40C4547EDFEE): 0
LogDevObjectVersion:   Dev-Online (39C831C9-5AE6-47DC-9A44-9C173E1C8E7C): 0
LogDevObjectVersion:   Dev-Physics (78F01B33-EBEA-4F98-B9B4-84EACCB95AA2): 0
LogDevObjectVersion:   Dev-Platform (6631380F-2D4D-43E0-8009-CF276956A95A): 0
LogDevObjectVersion:   Dev-Rendering (12F88B9F-8875-4AFC-A67C-D90C383ABD29): 26
LogDevObjectVersion:   Dev-Sequencer (7B5AE74C-D270-4C10-A958-57980B212A5A): 9
LogDevObjectVersion:   Dev-VR (D7296918-1DD6-4BDD-9DE2-64A83CC13884): 2
LogDevObjectVersion:   Dev-LoadTimes (C2A15278-BFE7-4AFE-6C17-90FF531DF755): 1
LogDevObjectVersion:   Private-Geometry (6EACA3D4-40EC-4CC1-B786-8BED09428FC5): 3
LogDevObjectVersion:   Dev-AnimPhys (29E575DD-E0A3-4627-9D10-D276232CDCEA): 17
LogDevObjectVersion:   Dev-ReflectionCapture (6B266CEC-1EC7-4B8F-A30B-E4D90942FC07): 1
LogDevObjectVersion:   Dev-Automation (0DF73D61-A23F-47EA-B727-89E90C41499A): 1
LogDevObjectVersion:   FortniteMain (601D1886-AC64-4F84-AA16-D3DE0DEAC7D6): 12
LogDevObjectVersion:   Dev-Enterprise (9DFFBCD6-494F-0158-E221-12823C92A888): 1
LogStreaming: Display: Took  0.000s to delete old logs.
LogInit: Presizing for max 8388607 objects, including 0 objects not considered by GC, pre-allocating 0 bytes for permanent pool.
LogInit: Object subsystem initialized
[2018.11.19-23.21.04:829][  0]LogInit: Selected Device Profile: [Windows]
[2018.11.19-23.21.04:830][  0]LogInit: Applying CVar settings loaded from the selected device profile: [Windows]
[2018.11.19-23.21.04:851][  0]LogHAL: Display: Platform has ~ 8 GB [8527163392 / 8589934592 / 8], which maps to Default [LargestMinGB=32, LargerMinGB=12, DefaultMinGB=8, SmallerMinGB=6, SmallestMinGB=0)
[2018.11.19-23.21.04:851][  0]LogInit: Setting Device Profile CVar: [[r.Vulkan.UseRealUBs:1]]
[2018.11.19-23.21.04:851][  0]LogInit: Going up to parent DeviceProfile []
[2018.11.19-23.21.04:852][  0]LogInit: Computer: 916-IAM-B-LUPER
[2018.11.19-23.21.04:852][  0]LogInit: User: tessolson
[2018.11.19-23.21.04:852][  0]LogInit: CPU Page size=4096, Cores=4
[2018.11.19-23.21.04:852][  0]LogInit: High frequency timer resolution =3.897227 MHz
[2018.11.19-23.21.04:852][  0]LogMemory: Memory total: Physical=7.9GB (8GB approx)
[2018.11.19-23.21.04:852][  0]LogMemory: Platform Memory Stats for Windows
[2018.11.19-23.21.04:852][  0]LogMemory: Process Physical Memory: 99.81 MB used, 99.81 MB peak
[2018.11.19-23.21.04:852][  0]LogMemory: Process Virtual Memory: 91.35 MB used, 91.35 MB peak
[2018.11.19-23.21.04:852][  0]LogMemory: Physical Memory: 4222.32 MB used,  3909.81 MB free, 8132.14 MB total
[2018.11.19-23.21.04:852][  0]LogMemory: Virtual Memory: 4640.38 MB used,  3909.81 MB free, 134217728.00 MB total
[2018.11.19-23.21.04:884][  0]LogInit: Using OS detected language (en-US).
[2018.11.19-23.21.04:884][  0]LogInit: Using OS detected locale (en-US).
[2018.11.19-23.21.04:887][  0]LogTextLocalizationManager: No specific localization for 'en-US' exists, so the 'en' localization will be used.
[2018.11.19-23.21.05:316][  0]LogStreaming: Display: Took  0.432s to InitEngineTextLocalization.
[2018.11.19-23.21.05:317][  0]LogInit: Setting process to per monitor DPI aware
[2018.11.19-23.21.05:389][  0]LogSlate: New Slate User Created.  User Index 0, Is Virtual User: 0
[2018.11.19-23.21.05:389][  0]LogSlate: Slate User Registered.  User Index 0, Is Virtual User: 0
[2018.11.19-23.21.07:285][  0]LogHMD: Failed to initialize OpenVR with code 110
[2018.11.19-23.21.07:286][  0]LogD3D11RHI: D3D11 adapters:
[2018.11.19-23.21.07:304][  0]LogD3D11RHI:    0. 'AMD RADEON R9 M290X' (Feature Level 11_0)
[2018.11.19-23.21.07:304][  0]LogD3D11RHI:       2029/0/4066 MB DedicatedVideo/DedicatedSystem/SharedSystem, Outputs:1, VendorId:0x1002
[2018.11.19-23.21.07:306][  0]LogD3D11RHI:    1. 'Microsoft Basic Render Driver' (Feature Level 11_0)
[2018.11.19-23.21.07:306][  0]LogD3D11RHI:       0/0/4066 MB DedicatedVideo/DedicatedSystem/SharedSystem, Outputs:0, VendorId:0x1414
[2018.11.19-23.21.07:306][  0]LogD3D11RHI: Chosen D3D11 Adapter: 0
[2018.11.19-23.21.07:312][  0]LogD3D11RHI: Creating new Direct3DDevice
[2018.11.19-23.21.07:313][  0]LogD3D11RHI:     GPU DeviceId: 0x6810 (for the marketing name, search the web for "GPU Device Id")
[2018.11.19-23.21.07:313][  0]LogWindows: EnumDisplayDevices:
[2018.11.19-23.21.07:313][  0]LogWindows:    0. 'AMD RADEON R9 M290X' (P:1 D:1)
[2018.11.19-23.21.07:313][  0]LogWindows:    1. 'AMD RADEON R9 M290X' (P:0 D:0)
[2018.11.19-23.21.07:313][  0]LogWindows:    2. 'AMD RADEON R9 M290X' (P:0 D:0)
[2018.11.19-23.21.07:314][  0]LogWindows:    3. 'AMD RADEON R9 M290X' (P:0 D:0)
[2018.11.19-23.21.07:314][  0]LogWindows:    4. 'AMD RADEON R9 M290X' (P:0 D:0)
[2018.11.19-23.21.07:314][  0]LogWindows:    5. 'AMD RADEON R9 M290X' (P:0 D:0)
[2018.11.19-23.21.07:315][  0]LogWindows: DebugString: FoundDriverCount:6 
[2018.11.19-23.21.07:315][  0]LogD3D11RHI:     Adapter Name: AMD RADEON R9 M290X
[2018.11.19-23.21.07:315][  0]LogD3D11RHI:   Driver Version: Crimson ReLive 17.6 (internal:22.19.170.1536, unified:22.19.170.1536)
[2018.11.19-23.21.07:315][  0]LogD3D11RHI:      Driver Date: 7-20-2017
[2018.11.19-23.21.07:315][  0]LogRHI: Texture pool is 1420 MB (70% of 2029 MB)
[2018.11.19-23.21.07:408][  0]LogD3D11RHI: Async texture creation enabled
[2018.11.19-23.21.07:419][  0]LogD3D11RHI: GPU Timing Frequency: 27.000000 (Debug: 2 1)
[2018.11.19-23.21.07:421][  0]LogShaderCompilers: Guid format shader working directory is -5 characters bigger than the processId version (../../../../../../workspace/AlchemyUnreal/PlayerMovement/Intermediate/Shaders/WorkingDirectory/1352/).
[2018.11.19-23.21.07:422][  0]LogShaderCompilers: Cleaned the shader compiler working directory 'C:/Users/tess.olson/AppData/Local/Temp/UnrealShaderWorkingDir/9E6C1C1F410C13B3E4A64496A1A8367A/'.
[2018.11.19-23.21.07:730][  0]LogTemp: Display: Loaded TP AllDesktopTargetPlatform
[2018.11.19-23.21.07:743][  0]LogTemp: Display: Loaded TP MacClientTargetPlatform
[2018.11.19-23.21.07:756][  0]LogTemp: Display: Loaded TP MacNoEditorTargetPlatform
[2018.11.19-23.21.07:769][  0]LogTemp: Display: Loaded TP MacServerTargetPlatform
[2018.11.19-23.21.07:786][  0]LogTemp: Display: Loaded TP MacTargetPlatform
[2018.11.19-23.21.07:800][  0]LogTemp: Display: Loaded TP WindowsClientTargetPlatform
[2018.11.19-23.21.07:813][  0]LogTemp: Display: Loaded TP WindowsNoEditorTargetPlatform
[2018.11.19-23.21.07:826][  0]LogTemp: Display: Loaded TP WindowsServerTargetPlatform
[2018.11.19-23.21.07:833][  0]LogTemp: Display: Loaded TP WindowsTargetPlatform
[2018.11.19-23.21.07:912][  0]LogTemp: Display: Loaded TP AndroidTargetPlatform
[2018.11.19-23.21.07:912][  0]LogTemp: Display: Loaded TP AndroidTargetPlatform
[2018.11.19-23.21.07:912][  0]LogTemp: Display: Loaded TP AndroidTargetPlatform
[2018.11.19-23.21.07:912][  0]LogTemp: Display: Loaded TP AndroidTargetPlatform
[2018.11.19-23.21.07:912][  0]LogTemp: Display: Loaded TP AndroidTargetPlatform
[2018.11.19-23.21.07:912][  0]LogTemp: Display: Loaded TP AndroidTargetPlatform
[2018.11.19-23.21.07:912][  0]LogTemp: Display: Loaded TP AndroidTargetPlatform
[2018.11.19-23.21.07:912][  0]LogTemp: Display: Loaded TP AndroidTargetPlatform
[2018.11.19-23.21.07:912][  0]LogTemp: Display: Loaded TP AndroidTargetPlatform
[2018.11.19-23.21.07:912][  0]LogTemp: Display: Loaded TP AndroidTargetPlatform
[2018.11.19-23.21.07:912][  0]LogTemp: Display: Loaded TP AndroidTargetPlatform
[2018.11.19-23.21.07:912][  0]LogTemp: Display: Loaded TP AndroidTargetPlatform
[2018.11.19-23.21.07:912][  0]LogTemp: Display: Loaded TP AndroidTargetPlatform
[2018.11.19-23.21.07:912][  0]LogTemp: Display: Loaded TP AndroidTargetPlatform
[2018.11.19-23.21.07:912][  0]LogTemp: Display: Loaded TP AndroidTargetPlatform
[2018.11.19-23.21.07:912][  0]LogTemp: Display: Loaded TP AndroidTargetPlatform
[2018.11.19-23.21.07:912][  0]LogTemp: Display: Loaded TP AndroidTargetPlatform
[2018.11.19-23.21.07:912][  0]LogTemp: Display: Loaded TP AndroidTargetPlatform
[2018.11.19-23.21.07:914][  0]LogTemp: Display: Loaded TP HTML5TargetPlatform
[2018.11.19-23.21.07:980][  0]LogTemp: Display: Loaded TP IOSTargetPlatform
[2018.11.19-23.21.07:980][  0]LogTemp: Display: Loaded TP IOSTargetPlatform
[2018.11.19-23.21.08:001][  0]LogTemp: Display: Loaded TP TVOSTargetPlatform
[2018.11.19-23.21.08:001][  0]LogTemp: Display: Loaded TP TVOSTargetPlatform
[2018.11.19-23.21.08:013][  0]LogTemp: Display: Loaded TP LinuxClientTargetPlatform
[2018.11.19-23.21.08:025][  0]LogTemp: Display: Loaded TP LinuxNoEditorTargetPlatform
[2018.11.19-23.21.08:037][  0]LogTemp: Display: Loaded TP LinuxServerTargetPlatform
[2018.11.19-23.21.08:056][  0]LogTemp: Display: Loaded TP LinuxTargetPlatform
[2018.11.19-23.21.08:065][  0]LogTemp: Display: Loaded TP LuminTargetPlatform
[2018.11.19-23.21.08:065][  0]LogTargetPlatformManager: Display: Building Assets For Windows
[2018.11.19-23.21.08:148][  0]LogXGEController: Cleaning working directory: C:/Users/tess.olson/AppData/Local/Temp/UnrealXGEWorkingDir/
[2018.11.19-23.21.08:160][  0]LogShaderCompilers: Display: Using XGE Shader Compiler (Interception Interface).
[2018.11.19-23.21.09:656][  0]LogDerivedDataCache: Display: Max Cache Size: 512 MB
[2018.11.19-23.21.10:339][  0]LogDerivedDataCache: Loaded boot cache 0.68s 87MB C:/Users/tess.olson/AppData/Local/UnrealEngine/4.20/DerivedDataCache/Boot.ddc.
[2018.11.19-23.21.10:340][  0]LogDerivedDataCache: Display: Loaded Boot cache: C:/Users/tess.olson/AppData/Local/UnrealEngine/4.20/DerivedDataCache/Boot.ddc
[2018.11.19-23.21.10:340][  0]LogDerivedDataCache: FDerivedDataBackendGraph:  Pak pak cache file ../../../../../../workspace/AlchemyUnreal/PlayerMovement/DerivedDataCache/DDC.ddp not found, will not use a pak cache.
[2018.11.19-23.21.10:340][  0]LogDerivedDataCache: Unable to find inner node Pak for hierarchical cache Hierarchy.
[2018.11.19-23.21.10:340][  0]LogDerivedDataCache: FDerivedDataBackendGraph:  CompressedPak pak cache file ../../../../../../workspace/AlchemyUnreal/PlayerMovement/DerivedDataCache/Compressed.ddp not found, will not use a pak cache.
[2018.11.19-23.21.10:340][  0]LogDerivedDataCache: Unable to find inner node CompressedPak for hierarchical cache Hierarchy.
[2018.11.19-23.21.10:353][  0]LogDerivedDataCache: Display: Pak cache opened for reading ../../../Engine/DerivedDataCache/Compressed.ddp.
[2018.11.19-23.21.10:366][  0]LogDerivedDataCache: Using Local data cache path C:/Users/tess.olson/AppData/Local/UnrealEngine/Common/DerivedDataCache: Writable
[2018.11.19-23.21.10:366][  0]LogDerivedDataCache: Shared data cache path not found in *engine.ini, will not use an Shared cache.
[2018.11.19-23.21.10:366][  0]LogDerivedDataCache: Unable to find inner node Shared for hierarchical cache Hierarchy.
[2018.11.19-23.21.10:385][  0]LogMaterial: Verifying Global Shaders for PCD3D_SM5
[2018.11.19-23.21.10:387][  0]LogSlate: Using FreeType 2.6.0
[2018.11.19-23.21.10:402][  0]LogSlate: SlateFontServices - WITH_FREETYPE: 1, WITH_HARFBUZZ: 1
[2018.11.19-23.21.10:647][  0]LogAssetRegistry: FAssetRegistry took 0.0278 seconds to start up
[2018.11.19-23.21.10:943][  0]LogInit: Selected Device Profile: [Windows]
[2018.11.19-23.21.11:005][  0]LogSimplygon: Simplygon DLL not present - disabling.
[2018.11.19-23.21.11:010][  0]LogMeshReduction: Using SimplygonSwarm for distributed automatic mesh merging
[2018.11.19-23.21.11:010][  0]LogMeshReduction: Using ProxyLODMeshReduction for automatic mesh merging
[2018.11.19-23.21.11:011][  0]LogMeshReduction: Using QuadricMeshReduction for automatic static mesh reduction
[2018.11.19-23.21.11:011][  0]LogMeshReduction: No automatic skeletal mesh reduction module available
[2018.11.19-23.21.11:095][  0]LogNetVersion: PlayerMovement 1.0.0, NetCL: 4212847, EngineNetVer: 5, GameNetVer: 0 (Checksum: 171376428)
[2018.11.19-23.21.11:664][  0]LogPackageLocalizationCache: Processed 11 localized package path(s) for 2 prioritized culture(s) in 0.135542 seconds
[2018.11.19-23.21.11:672][  0]LogUObjectArray: 38425 objects as part of root set at end of initial load.
[2018.11.19-23.21.11:672][  0]LogUObjectAllocator: 6690872 out of 0 bytes used by permanent object pool.
[2018.11.19-23.21.11:672][  0]LogUObjectArray: CloseDisregardForGC: 0/0 objects in disregard for GC pool
[2018.11.19-23.21.14:492][  0]LogTcpMessaging: Initializing TcpMessaging bridge
[2018.11.19-23.21.14:505][  0]LogUdpMessaging: Initializing bridge on interface 0.0.0.0:0 to multicast group 230.0.0.1:6666.
[2018.11.19-23.21.14:706][  0]SourceControl: Source control is disabled
[2018.11.19-23.21.14:706][  0]SourceControl: Source control is disabled
[2018.11.19-23.21.14:709][  0]SourceControl: Source control is disabled
[2018.11.19-23.21.14:711][  0]SourceControl: Source control is disabled
[2018.11.19-23.21.14:939][  0]LogAndroidPermission: UAndroidPermissionCallbackProxy::GetInstance
[2018.11.19-23.21.15:042][  0]LogOcInput: OculusInput pre-init called
[2018.11.19-23.21.15:105][  0]LogEngine: Initializing Engine...
[2018.11.19-23.21.15:106][  0]LogHMD: Failed to initialize OpenVR with code 110
[2018.11.19-23.21.15:107][  0]LogStats: UGameplayTagsManager::ConstructGameplayTagTree: ImportINI prefixes -  0.000 s
[2018.11.19-23.21.15:107][  0]LogStats: UGameplayTagsManager::ConstructGameplayTagTree: Construct from data asset -  0.000 s
[2018.11.19-23.21.15:107][  0]LogStats: UGameplayTagsManager::ConstructGameplayTagTree: ImportINI -  0.000 s
[2018.11.19-23.21.15:107][  0]LogStats: UGameplayTagsManager::ConstructGameplayTagTree: GameplayTagTreeChangedEvent.Broadcast -  0.000 s
[2018.11.19-23.21.15:303][  0]LogInit: Initializing FReadOnlyCVARCache
[2018.11.19-23.21.15:322][  0]LogAIModule: Creating AISystem for world Untitled
[2018.11.19-23.21.15:341][  0]LogInit: XAudio2 using 'Speakers (Cirrus Logic CS4206B (AB 122))' : 2 channels at 48 kHz using 32 bits per sample (channel mask 0x3)
[2018.11.19-23.21.15:362][  0]LogInit: FAudioDevice initialized.
[2018.11.19-23.21.15:363][  0]LogNetVersion: Set ProjectVersion to 1.0.0.0. Version Checksum will be recalculated on next use.
[2018.11.19-23.21.15:478][  0]LogDerivedDataCache: Saved boot cache 0.12s 87MB C:/Users/tess.olson/AppData/Local/UnrealEngine/4.20/DerivedDataCache/Boot.ddc.
[2018.11.19-23.21.15:495][  0]LogInit: Texture streaming: Enabled
[2018.11.19-23.21.15:518][  0]LogEngineSessionManager: EngineSessionManager initialized
[2018.11.19-23.21.15:538][  0]LogInit: Transaction tracking system initialized
[2018.11.19-23.21.15:575][  0]BlueprintLog: New page: Editor Load
[2018.11.19-23.21.15:709][  0]LocalizationService: Localization service is disabled
[2018.11.19-23.21.15:974][  0]LogCook: Display: Max memory allowance for cook 16384mb min free memory 0mb
[2018.11.19-23.21.15:974][  0]LogCook: Display: Mobile HDR setting 1
[2018.11.19-23.21.15:974][  0]LogGameplayTags: Display: UGameplayTagsManager::DoneAddingNativeTags. DelegateIsBound: 0
[2018.11.19-23.21.15:974][  0]LogStats: UGameplayTagsManager::ConstructGameplayTagTree: ImportINI prefixes -  0.000 s
[2018.11.19-23.21.15:974][  0]LogStats: UGameplayTagsManager::ConstructGameplayTagTree: Construct from data asset -  0.000 s
[2018.11.19-23.21.15:974][  0]LogStats: UGameplayTagsManager::ConstructGameplayTagTree: ImportINI -  0.000 s
[2018.11.19-23.21.15:974][  0]LogStats: UGameplayTagsManager::ConstructGameplayTagTree: GameplayTagTreeChangedEvent.Broadcast -  0.000 s
[2018.11.19-23.21.16:168][  0]LogFileCache: Scanning file cache for directory 'C:/workspace/AlchemyUnreal/PlayerMovement/Content/' took 0.02s
[2018.11.19-23.21.16:168][  0]SourceControl: Source control is disabled
[2018.11.19-23.21.16:168][  0]Cmd: MAP LOAD FILE="../../../../../../workspace/AlchemyUnreal/PlayerMovement/Content/StarterContent/Maps/Minimal_Default.umap" TEMPLATE=0 SHOWPROGRESS=1 FEATURELEVEL=3
[2018.11.19-23.21.16:169][  0]LightingResults: New page: Lighting Build
[2018.11.19-23.21.16:172][  0]MapCheck: New page: Map Check
[2018.11.19-23.21.16:172][  0]LightingResults: New page: Lighting Build
[2018.11.19-23.21.16:590][  0]LogAIModule: Creating AISystem for world Minimal_Default
[2018.11.19-23.21.16:597][  0]LogEditorServer: Finished looking for orphan Actors (0.000 secs)
[2018.11.19-23.21.16:617][  0]Cmd: MAP CHECKDEP NOCLEARLOG
[2018.11.19-23.21.16:696][  0]MapCheck: Map check complete: 0 Error(s), 0 Warning(s), took 79.01ms to complete.
[2018.11.19-23.21.16:696][  0]LogFileHelpers: Loading map 'Minimal_Default' took 0.528
[2018.11.19-23.21.16:816][  0]LogSlate: Updating window title bar state: overlay mode, drag disabled, window buttons hidden, title bar hidden
[2018.11.19-23.21.16:824][  0]LogSlate: Updating window title bar state: overlay mode, drag disabled, window buttons hidden, title bar hidden
[2018.11.19-23.21.16:830][  0]LogSlate: Updating window title bar state: overlay mode, drag disabled, window buttons hidden, title bar hidden
[2018.11.19-23.21.16:836][  0]LogSlate: Updating window title bar state: overlay mode, drag disabled, window buttons hidden, title bar hidden
[2018.11.19-23.21.16:848][  0]LogCollectionManager: Loaded 0 collections in 0.002022 seconds
[2018.11.19-23.21.16:888][  0]LogFileCache: Scanning file cache for directory 'C:/workspace/AlchemyUnreal/PlayerMovement/Saved/Collections/' took 0.01s
[2018.11.19-23.21.16:888][  0]LogFileCache: Scanning file cache for directory 'C:/workspace/AlchemyUnreal/PlayerMovement/Content/Developers/tessolson/Collections/' took 0.01s
[2018.11.19-23.21.16:888][  0]LogFileCache: Scanning file cache for directory 'C:/workspace/AlchemyUnreal/PlayerMovement/Content/Collections/' took 0.01s
[2018.11.19-23.21.16:888][  0]LogCollectionManager: Rebuilt the GUID cache for 0 collections in 0.000000 seconds
[2018.11.19-23.21.16:897][  0]LogContentBrowser: Native class hierarchy populated in 0.0086 seconds. Added 2576 classes and 607 folders.
[2018.11.19-23.21.16:905][  0]LogContentBrowser: Native class hierarchy updated for 'WidgetCarousel' in 0.0003 seconds. Added 0 classes and 0 folders.
[2018.11.19-23.21.17:298][  0]LogContentBrowser: Native class hierarchy updated for 'AddContentDialog' in 0.0003 seconds. Added 0 classes and 0 folders.
[2018.11.19-23.21.17:304][  0]LogContentBrowser: Native class hierarchy updated for 'SceneOutliner' in 0.0003 seconds. Added 1 classes and 2 folders.
[2018.11.19-23.21.17:322][  0]LogSlate: Took 0.005659 seconds to synchronously load lazily loaded font '../../../Engine/Content/Slate/Fonts/Roboto-Regular.ttf' (155K)
[2018.11.19-23.21.17:329][  0]LogSlate: Took 0.004828 seconds to synchronously load lazily loaded font '../../../Engine/Content/Slate/Fonts/Roboto-Bold.ttf' (160K)
[2018.11.19-23.21.17:338][  0]LogSlate: Took 0.005238 seconds to synchronously load lazily loaded font '../../../Engine/Content/Editor/Slate/Fonts/FontAwesome.ttf' (139K)
[2018.11.19-23.21.17:421][  0]LogRenderer: Reallocating scene render targets to support 1004x460 Format 10 NumSamples 1 (Frame:1).
[2018.11.19-23.21.17:544][  0]LogContentBrowser: Native class hierarchy updated for 'HierarchicalLODOutliner' in 0.0003 seconds. Added 0 classes and 0 folders.
[2018.11.19-23.21.17:544][  0]LogLoad: (Engine Initialization) Total time: 15.02 seconds
[2018.11.19-23.21.17:544][  0]LogLoad: (Engine Initialization) Total Blueprint compile time: 0.00 seconds
[2018.11.19-23.21.17:583][  0]LogContentStreaming: Texture pool size now 1000 MB
[2018.11.19-23.21.17:631][  1]LogAssetRegistry: Asset discovery search completed in 7.0077 seconds
[2018.11.19-23.21.17:632][  1]LogCollectionManager: Rebuilt the object cache for 0 collections in 0.000000 seconds (found 0 objects)
[2018.11.19-23.21.17:632][  1]LogCollectionManager: Fixed up redirectors for 0 collections in 0.000034 seconds (updated 0 objects)
[2018.11.19-23.21.20:069][286]LogSlate: FSceneViewport::OnFocusLost() reason 0
[2018.11.19-23.21.24:202][775]MapCheck: New page: Map Check
[2018.11.19-23.21.24:219][775]Cmd: MAP REBUILD ALLVISIBLE
[2018.11.19-23.21.24:220][775]LogEditorServer: Rebuildmap Clear paths rebuilt
[2018.11.19-23.21.24:277][775]LogMaterial: Display: Missing cached shader map for material FDebugViewModeMaterialProxy M_Metal_Brushed_Nickel, compiling. 
[2018.11.19-23.21.24:291][775]LogMaterial: Display: Missing cached shader map for material FDebugViewModeMaterialProxy M_TableRound, compiling. 
[2018.11.19-23.21.24:296][775]LogMaterial: Display: Missing cached shader map for material FDebugViewModeMaterialProxy M_Chair, compiling. 
[2018.11.19-23.21.24:302][775]LogMaterial: Display: Missing cached shader map for material FDebugViewModeMaterialProxy M_Metal_Copper, compiling. 
[2018.11.19-23.21.24:308][775]LogMaterial: Display: Missing cached shader map for material FDebugViewModeMaterialProxy M_StatueGlass, compiling. 
[2018.11.19-23.21.24:315][775]LogMaterial: Display: Missing cached shader map for material FDebugViewModeMaterialProxy M_Metal_Burnished_Steel, compiling. 
[2018.11.19-23.21.24:324][775]LogMaterial: Display: Missing cached shader map for material FDebugViewModeMaterialProxy MaterialInstanceDynamic_0, compiling. 
[2018.11.19-23.21.28:428][775]TextureStreamingBuild: Display: Compiling optional shaders took 4.157 seconds.
[2018.11.19-23.21.28:550][775]LogLevel: Display: Export Material TexCoord Scales took 0.123 seconds.
[2018.11.19-23.21.28:560][775]TextureStreamingBuild: Display: Build Texture Streaming took 0.009 seconds.
[2018.11.19-23.21.28:578][775]LightingResults: New page: Lighting Build - Nov 19, 2018, 11:21:28 AM
[2018.11.19-23.21.28:689][775]LogSwarmInterface: [OpenConnection] Registering TCP channel ...
[2018.11.19-23.21.28:917][775]LogSwarmInterface: [OpenConnection] Connecting to agent ...
[2018.11.19-23.21.28:935][775]LogSwarmInterface: [TryOpenConnection] Testing the Agent
[2018.11.19-23.21.30:003][775]LogSwarmInterface: [TryOpenConnection] Opening Connection to Agent
[2018.11.19-23.21.30:003][775]LogSwarmInterface: [TryOpenConnection] Local Process ID is 1352
[2018.11.19-23.21.37:346][775]LogStaticLightingSystem: Warning: No importance volume found, so the scene bounding box was used.  You can optimize your scene's quality and lighting build times by adding importance volumes.
[2018.11.19-23.21.37:347][775]LogStaticLightingSystem: Running Lightmass w/ ImmediateImport mode ENABLED
[2018.11.19-23.21.37:347][775]LogStaticLightingSystem: Running Lightmass w/ ImmediateProcess mode ENABLED
[2018.11.19-23.21.37:347][775]LogStaticLightingSystem: Running Lightmass w/ Sorting mode ENABLED
[2018.11.19-23.21.37:347][775]LogStaticLightingSystem: Running Lightmass w/ Mapping paddings ENABLED
[2018.11.19-23.21.37:347][775]LogStaticLightingSystem: Running Lightmass w/ Mapping debug paddings DISABLED
[2018.11.19-23.21.37:559][775]Cmd: MAP CHECK DONTDISPLAYDIALOG
[2018.11.19-23.21.37:559][775]MapCheck: New page: Minimal_Default - Nov 19, 2018, 11:21:37 AM
[2018.11.19-23.21.37:663][775]MapCheck: Map check complete: 0 Error(s), 0 Warning(s), took 104.714ms to complete.
[2018.11.19-23.21.37:686][775]LogEditorBuildUtils: Build time 0:13
[2018.11.19-23.21.37:706][775]LogMaterial: Display: Missing cached shader map for material FLightmassMaterialRenderer M_Metal_Brushed_Nickel, compiling. 
[2018.11.19-23.21.37:715][775]LogMaterial: Display: Missing cached shader map for material FLightmassMaterialRenderer M_Metal_Brushed_Nickel, compiling. 
[2018.11.19-23.21.37:753][776]LogMaterial: Display: Missing cached shader map for material FLightmassMaterialRenderer M_TableRound, compiling. 
[2018.11.19-23.21.37:759][776]LogMaterial: Display: Missing cached shader map for material FLightmassMaterialRenderer M_TableRound, compiling. 
[2018.11.19-23.21.37:798][777]LogMaterial: Display: Missing cached shader map for material FLightmassMaterialRenderer M_Chair, compiling. 
[2018.11.19-23.21.37:804][777]LogMaterial: Display: Missing cached shader map for material FLightmassMaterialRenderer M_Chair, compiling. 
[2018.11.19-23.21.37:840][778]LogMaterial: Display: Missing cached shader map for material FLightmassMaterialRenderer M_Metal_Copper, compiling. 
[2018.11.19-23.21.37:845][778]LogMaterial: Display: Missing cached shader map for material FLightmassMaterialRenderer M_Metal_Copper, compiling. 
[2018.11.19-23.21.37:874][779]LogMaterial: Display: Missing cached shader map for material FLightmassMaterialRenderer M_StatueGlass, compiling. 
[2018.11.19-23.21.37:880][779]LogMaterial: Display: Missing cached shader map for material FLightmassMaterialRenderer M_StatueGlass, compiling. 
[2018.11.19-23.21.37:908][780]LogMaterial: Display: Missing cached shader map for material FLightmassMaterialRenderer M_Metal_Burnished_Steel, compiling. 
[2018.11.19-23.21.37:914][780]LogMaterial: Display: Missing cached shader map for material FLightmassMaterialRenderer M_Metal_Burnished_Steel, compiling. 
[2018.11.19-23.21.37:939][781]LogMaterial: Display: Missing cached shader map for material FLightmassMaterialRenderer MaterialInstanceDynamic_0, compiling. 
[2018.11.19-23.21.37:945][781]LogMaterial: Display: Missing cached shader map for material FLightmassMaterialRenderer MaterialInstanceDynamic_0, compiling. 
[2018.11.19-23.21.37:973][782]LogMaterial: Display: Missing cached shader map for material FLightmassMaterialRenderer WorldGridMaterial, compiling. Is special engine material.
[2018.11.19-23.21.37:980][782]LogMaterial: Display: Missing cached shader map for material FLightmassMaterialRenderer WorldGridMaterial, compiling. Is special engine material.
[2018.11.19-23.21.54:509][802]Job is a success!
[2018.11.19-23.21.54:862][803]LogSlate: Took 0.005814 seconds to synchronously load lazily loaded font '../../../Engine/Content/Slate/Fonts/Roboto-Light.ttf' (167K)
[2018.11.19-23.21.54:904][803]LogVolumetricLightmapImport: Imported Volumetric Lightmap in 0.012s
[2018.11.19-23.21.54:904][803]LogVolumetricLightmapImport:      Indirection Texture 16x16x16 = 0.0Mb
[2018.11.19-23.21.54:904][803]LogVolumetricLightmapImport:      BrickData 30x5x5 = 0.0Mb
[2018.11.19-23.21.54:904][803]LogVolumetricLightmapImport:      Bricks at Level
[2018.11.19-23.21.54:904][803]LogVolumetricLightmapImport:          0: 16.7% covering 100.0% of volume
[2018.11.19-23.21.54:904][803]LogVolumetricLightmapImport:          1: 16.7% covering 1.6% of volume
[2018.11.19-23.21.54:904][803]LogVolumetricLightmapImport:          2: 66.7% covering 0.1% of volume
[2018.11.19-23.21.55:098][803]LogTexture: Display: Building textures: SkyOcclusion1_1 (AutoDXT, 512X256)
[2018.11.19-23.21.55:098][803]LogTexture: Display: Building textures: LQ_Lightmap_1_1 (DXT1, 512X512)
[2018.11.19-23.21.55:098][803]LogTexture: Display: Building textures: HQ_Lightmap1_1 (AutoDXT, 512X512)
[2018.11.19-23.21.55:098][803]LogTexture: Display: Building textures: SkyOcclusion1_2 (AutoDXT, 64X32)
[2018.11.19-23.21.55:098][803]LogTexture: Display: Building textures: LQ_Lightmap_1_2 (DXT1, 64X64)
[2018.11.19-23.21.55:098][803]LogTexture: Display: Building textures: HQ_Lightmap1_2 (AutoDXT, 64X64)
[2018.11.19-23.21.55:098][803]LogTexture: Display: Building textures: ShadowMapTexture2D_1 (G8, 32X32)
[2018.11.19-23.21.55:098][803]LogTexture: Display: Building textures: ShadowMapTexture2D_0 (G8, 1024X128)
[2018.11.19-23.21.55:130][803]Lightmass on 916-IAM-B-LUPER: 1.89 sec total, 133 ms importing, 23 ms setup, 413 ms photons, 1.27 sec processing, 0 ms extra exporting [7/7 mappings]. Threads: 8.75 sec total, 1.55 sec processing.
[2018.11.19-23.21.55:155][803]LogStaticLightingSystem: Illumination: 26.2 sec (136 ms encoding lightmaps, 34 ms encoding shadowmaps)
[2018.11.19-23.21.55:155][803]LogStaticLightingSystem: Lightmap texture memory:  0.7 MB (0.7 MB streaming, 0.0 MB non-streaming), 4 textures
[2018.11.19-23.21.55:155][803]LogStaticLightingSystem: Shadowmap texture memory: 0.2 MB (0.2 MB streaming, 0.0 MB non-streaming), 2 textures
[2018.11.19-23.21.55:357][803]DumpUnbuiltLightIteractions
[2018.11.19-23.21.55:357][803]Lights with unbuilt interactions: 0
[2018.11.19-23.21.55:357][803]
[2018.11.19-23.21.55:357][803]Primitives with unbuilt interactions: 0
[2018.11.19-23.21.55:433][804]Cmd: MAP CHECK NOTIFYRESULTS
[2018.11.19-23.21.55:433][804]MapCheck: New page: Minimal_Default - Nov 19, 2018, 11:21:55 AM
[2018.11.19-23.21.55:524][804]MapCheck: Map check complete: 0 Error(s), 0 Warning(s), took 90.506ms to complete.
[2018.11.19-23.26.17:891][588]LogHotReload: New module detected: UE4Editor-PlayerMovement-2784.dll
[2018.11.19-23.26.19:238][593]LogHotReload: Starting Hot-Reload from IDE
[2018.11.19-23.26.19:286][593]LogClass: Could not find existing class BPTris in package /Script/PlayerMovement for HotReload, assuming new class
[2018.11.19-23.26.19:286][593]LogClass: Could not find existing class PawnPlayerMove in package /Script/PlayerMovement for HotReload, assuming new class
[2018.11.19-23.26.19:286][593]LogClass: Function EndInventory is new.
[2018.11.19-23.26.19:286][593]LogClass: Function StartInventory is new.
[2018.11.19-23.26.19:287][593]LogClass: Could not find existing class GenericHUD in package /Script/PlayerMovement for HotReload, assuming new class
[2018.11.19-23.26.19:287][593]LogClass: Function HideAllMenus is new.
[2018.11.19-23.26.19:287][593]LogClass: Could not find existing class Inventory in package /Script/PlayerMovement for HotReload, assuming new class
[2018.11.19-23.26.19:287][593]LogClass: Function OnResumeClicked is new.
[2018.11.19-23.26.19:293][593]LogHotReload: Re-instancing BPTris after hot-reload.
[2018.11.19-23.26.19:428][593]LogHotReload: Re-instancing Inventory after hot-reload.
[2018.11.19-23.26.19:471][593]LogHotReload: Re-instancing PawnPlayerMove after hot-reload.
[2018.11.19-23.26.19:513][593]LogContentBrowser: Native class hierarchy updated for 'PlayerMovement' in 0.0004 seconds. Added 5 classes and 4 folders.
[2018.11.19-23.26.19:515][593]Display: HotReload successful (0 functions remapped  0 scriptstructs remapped)
[2018.11.19-23.26.19:631][593]LogContentBrowser: Native class hierarchy populated in 0.0104 seconds. Added 2578 classes and 609 folders.
[2018.11.19-23.26.19:643][593]Display: HotReload took  0.4s.
[2018.11.19-23.26.29:566][793]LogSlate: Window 'Save Content' being destroyed
[2018.11.19-23.26.29:811][793]LogSavePackage: Moving '../../../../../../workspace/AlchemyUnreal/PlayerMovement/Saved/Minimal_Default2DE214C244FDC4489A6824B66B1A9CB9.tmp' to '../../../../../../workspace/AlchemyUnreal/PlayerMovement/Content/StarterContent/Maps/Minimal_Default.umap'
[2018.11.19-23.26.29:847][793]LogFileHelpers: Saving map 'Minimal_Default' took 0.261
[2018.11.19-23.26.29:916][793]LogSavePackage: Moving '../../../../../../workspace/AlchemyUnreal/PlayerMovement/Saved/Minimal_Default_BuiltData3D76E7264863B2A0EB3AE8B7E8D6CAF5.tmp' to '../../../../../../workspace/AlchemyUnreal/PlayerMovement/Content/StarterContent/Maps/Minimal_Default_BuiltData.uasset'
[2018.11.19-23.26.29:985][793]LogSlate: Window 'PlayerMovement - Unreal Editor' being destroyed
[2018.11.19-23.26.29:986][793]LogWindowsTextInputMethodSystem: Display: IME system now deactivated.
[2018.11.19-23.26.30:197][794]Cmd: QUIT_EDITOR
[2018.11.19-23.26.30:248][794]LogExit: Preparing to exit.
[2018.11.19-23.26.30:738][794]LogExit: Editor shut down
[2018.11.19-23.26.30:738][794]LogExit: Transaction tracking system shut down
[2018.11.19-23.26.31:390][794]LogExit: Object subsystem successfully closed.
[2018.11.19-23.26.31:416][794]LogShaderCompilers: Display: Shaders left to compile 0
[2018.11.19-23.26.31:420][794]LogD3D11RHI: Shutdown
[2018.11.19-23.26.31:420][794]LogD3D11RHI: CleanupD3DDevice
[2018.11.19-23.26.31:424][794]LogD3D11RHI: ~FD3D11DynamicRHI
[2018.11.19-23.26.31:485][794]LogModuleManager: Shutting down and abandoning module PlayerMovement (615)
[2018.11.19-23.26.31:485][794]LogModuleManager: Shutting down and abandoning module HierarchicalLODUtilities (614)
[2018.11.19-23.26.31:486][794]LogModuleManager: Shutting down and abandoning module HierarchicalLODOutliner (612)
[2018.11.19-23.26.31:486][794]LogModuleManager: Shutting down and abandoning module SceneOutliner (610)
[2018.11.19-23.26.31:486][794]LogModuleManager: Shutting down and abandoning module AddContentDialog (608)
[2018.11.19-23.26.31:487][794]LogModuleManager: Shutting down and abandoning module WidgetCarousel (607)
[2018.11.19-23.26.31:487][794]LogModuleManager: Shutting down and abandoning module EditorWidgets (604)
[2018.11.19-23.26.31:487][794]LogModuleManager: Shutting down and abandoning module CollectionManager (602)
[2018.11.19-23.26.31:488][794]LogModuleManager: Shutting down and abandoning module StatsViewer (600)
[2018.11.19-23.26.31:489][794]LogModuleManager: Shutting down and abandoning module FoliageEdit (598)
[2018.11.19-23.26.31:489][794]LogModuleManager: Shutting down and abandoning module LandscapeEditor (596)
[2018.11.19-23.26.31:491][794]LogModuleManager: Shutting down and abandoning module MeshPaintMode (594)
[2018.11.19-23.26.31:492][794]LogModuleManager: Shutting down and abandoning module SceneDepthPickerMode (592)
[2018.11.19-23.26.31:492][794]LogModuleManager: Shutting down and abandoning module ActorPickerMode (590)
[2018.11.19-23.26.31:492][794]LogModuleManager: Shutting down and abandoning module GeometryMode (588)
[2018.11.19-23.26.31:492][794]LogModuleManager: Shutting down and abandoning module TextureAlignMode (586)
[2018.11.19-23.26.31:492][794]LogModuleManager: Shutting down and abandoning module BspMode (584)
[2018.11.19-23.26.31:492][794]LogModuleManager: Shutting down and abandoning module PIEPreviewDeviceProfileSelector (582)
[2018.11.19-23.26.31:492][794]LogModuleManager: Shutting down and abandoning module SequenceRecorderSections (580)
[2018.11.19-23.26.31:492][794]LogModuleManager: Shutting down and abandoning module AutomationWorker (578)
[2018.11.19-23.26.31:492][794]LogModuleManager: Shutting down and abandoning module AudioCaptureEditor (576)
[2018.11.19-23.26.31:492][794]LogModuleManager: Shutting down and abandoning module SequenceRecorder (575)
[2018.11.19-23.26.31:493][794]LogModuleManager: Shutting down and abandoning module MatineeToLevelSequence (572)
[2018.11.19-23.26.31:494][794]LogModuleManager: Shutting down and abandoning module LevelSequenceEditor (570)
[2018.11.19-23.26.31:495][794]LogModuleManager: Shutting down and abandoning module PlacementMode (569)
[2018.11.19-23.26.31:495][794]LogModuleManager: Shutting down and abandoning module MaterialEditor (568)
[2018.11.19-23.26.31:497][794]LogModuleManager: Shutting down and abandoning module WmfMediaFactory (564)
[2018.11.19-23.26.31:497][794]LogModuleManager: Shutting down and abandoning module WmfMediaEditor (562)
[2018.11.19-23.26.31:497][794]LogModuleManager: Shutting down and abandoning module MediaPlayerEditor (560)
[2018.11.19-23.26.31:498][794]LogModuleManager: Shutting down and abandoning module OpenExrWrapper (558)
[2018.11.19-23.26.31:498][794]LogModuleManager: Shutting down and abandoning module ImgMediaFactory (556)
[2018.11.19-23.26.31:498][794]LogModuleManager: Shutting down and abandoning module ImgMediaEditor (554)
[2018.11.19-23.26.31:498][794]LogModuleManager: Shutting down and abandoning module AvfMediaFactory (552)
[2018.11.19-23.26.31:498][794]LogModuleManager: Shutting down and abandoning module AvfMediaEditor (550)
[2018.11.19-23.26.31:498][794]LogModuleManager: Shutting down and abandoning module AndroidMediaFactory (548)
[2018.11.19-23.26.31:498][794]LogModuleManager: Shutting down and abandoning module AndroidMediaEditor (546)
[2018.11.19-23.26.31:498][794]LogModuleManager: Shutting down and abandoning module MagicLeapCameraPreviewFactory (544)
[2018.11.19-23.26.31:498][794]LogModuleManager: Shutting down and abandoning module MagicLeapMediaFactory (542)
[2018.11.19-23.26.31:498][794]LogModuleManager: Shutting down and abandoning module MagicLeapMediaEditor (540)
[2018.11.19-23.26.31:498][794]LogModuleManager: Shutting down and abandoning module CharacterAI (538)
[2018.11.19-23.26.31:498][794]LogModuleManager: Shutting down and abandoning module SmartSnapping (536)
[2018.11.19-23.26.31:498][794]LogModuleManager: Shutting down and abandoning module SessionServices (534)
[2018.11.19-23.26.31:498][794]LogModuleManager: Shutting down and abandoning module ViewportSnapping (532)
[2018.11.19-23.26.31:498][794]LogModuleManager: Shutting down and abandoning module ViewportInteraction (530)
[2018.11.19-23.26.31:498][794]LogModuleManager: Shutting down and abandoning module ClothPainter (528)
[2018.11.19-23.26.31:499][794]LogModuleManager: Shutting down and abandoning module SkeletalMeshEditor (527)
[2018.11.19-23.26.31:501][794]LogModuleManager: Shutting down and abandoning module LogVisualizer (524)
[2018.11.19-23.26.31:502][794]LogModuleManager: Shutting down and abandoning module IntroTutorials (522)
[2018.11.19-23.26.31:504][794]LogModuleManager: Shutting down and abandoning module GameProjectGeneration (521)
[2018.11.19-23.26.31:504][794]LogModuleManager: Shutting down and abandoning module LuminPlatformEditor (518)
[2018.11.19-23.26.31:504][794]LogModuleManager: Shutting down and abandoning module IOSPlatformEditor (516)
[2018.11.19-23.26.31:505][794]LogModuleManager: Shutting down and abandoning module HTML5PlatformEditor (514)
[2018.11.19-23.26.31:505][794]LogModuleManager: Shutting down and abandoning module AndroidPlatformEditor (512)
[2018.11.19-23.26.31:505][794]LogModuleManager: Shutting down and abandoning module AndroidDeviceDetection (511)
[2018.11.19-23.26.31:896][794]LogModuleManager: Shutting down and abandoning module WindowsPlatformEditor (508)
[2018.11.19-23.26.31:896][794]LogModuleManager: Shutting down and abandoning module LuminRuntimeSettings (506)
[2018.11.19-23.26.31:896][794]LogModuleManager: Shutting down and abandoning module IOSRuntimeSettings (504)
[2018.11.19-23.26.31:896][794]LogModuleManager: Shutting down and abandoning module AndroidRuntimeSettings (502)
[2018.11.19-23.26.31:896][794]LogModuleManager: Shutting down and abandoning module InputBindingEditor (500)
[2018.11.19-23.26.31:897][794]LogModuleManager: Shutting down and abandoning module MergeActors (498)
[2018.11.19-23.26.31:898][794]LogModuleManager: Shutting down and abandoning module LocalizationDashboard (496)
[2018.11.19-23.26.31:899][794]LogModuleManager: Shutting down and abandoning module LocalizationService (495)
[2018.11.19-23.26.31:900][794]LogModuleManager: Shutting down and abandoning module HardwareTargeting (492)
[2018.11.19-23.26.31:900][794]LogModuleManager: Shutting down and abandoning module DeviceProfileEditor (490)
[2018.11.19-23.26.31:900][794]LogModuleManager: Shutting down and abandoning module UndoHistory (488)
[2018.11.19-23.26.31:900][794]LogModuleManager: Shutting down and abandoning module XmlParser (486)
[2018.11.19-23.26.31:900][794]LogModuleManager: Shutting down and abandoning module Blutility (484)
[2018.11.19-23.26.31:901][794]LogModuleManager: Shutting down and abandoning module ProjectSettingsViewer (482)
[2018.11.19-23.26.31:901][794]LogModuleManager: Shutting down and abandoning module ProjectTargetPlatformEditor (481)
[2018.11.19-23.26.31:901][794]LogModuleManager: Shutting down and abandoning module EditorSettingsViewer (478)
[2018.11.19-23.26.31:901][794]LogModuleManager: Shutting down and abandoning module SettingsEditor (476)
[2018.11.19-23.26.31:902][794]LogModuleManager: Shutting down and abandoning module ProjectLauncher (474)
[2018.11.19-23.26.31:903][794]LogModuleManager: Shutting down and abandoning module SessionFrontend (472)
[2018.11.19-23.26.31:904][794]LogModuleManager: Shutting down and abandoning module ProfilerClient (470)
[2018.11.19-23.26.31:904][794]LogModuleManager: Shutting down and abandoning module DeviceManager (468)
[2018.11.19-23.26.31:905][794]LogModuleManager: Shutting down and abandoning module TargetDeviceServices (467)
[2018.11.19-23.26.31:970][794]LogModuleManager: Shutting down and abandoning module AutomationController (464)
[2018.11.19-23.26.31:971][794]LogModuleManager: Shutting down and abandoning module AutomationWindow (462)
[2018.11.19-23.26.31:971][794]LogModuleManager: Shutting down and abandoning module Layers (460)
[2018.11.19-23.26.31:973][794]LogModuleManager: Shutting down and abandoning module ComponentVisualizers (458)
[2018.11.19-23.26.31:973][794]LogModuleManager: Shutting down and abandoning module DetailCustomizations (456)
[2018.11.19-23.26.31:975][794]LogModuleManager: Shutting down and abandoning module PackagesDialog (454)
[2018.11.19-23.26.31:975][794]LogModuleManager: Shutting down and abandoning module Persona (452)
[2018.11.19-23.26.31:976][794]LogModuleManager: Shutting down and abandoning module AdvancedPreviewScene (451)
[2018.11.19-23.26.31:976][794]LogModuleManager: Shutting down and abandoning module AnimGraph (449)
[2018.11.19-23.26.31:976][794]LogModuleManager: Shutting down and abandoning module Kismet (446)
[2018.11.19-23.26.31:979][794]LogModuleManager: Shutting down and abandoning module GraphEditor (444)
[2018.11.19-23.26.31:980][794]LogModuleManager: Shutting down and abandoning module ClassViewer (442)
[2018.11.19-23.26.31:980][794]LogModuleManager: Shutting down and abandoning module Toolbox (440)
[2018.11.19-23.26.31:981][794]LogModuleManager: Shutting down and abandoning module DesktopPlatform (439)
[2018.11.19-23.26.31:981][794]LogModuleManager: Shutting down and abandoning module ModuleUI (436)
[2018.11.19-23.26.31:981][794]LogModuleManager: Shutting down and abandoning module MovieSceneTools (434)
[2018.11.19-23.26.31:982][794]LogModuleManager: Shutting down and abandoning module OutputLog (432)
[2018.11.19-23.26.31:982][794]LogModuleManager: Shutting down and abandoning module GammaUI (430)
[2018.11.19-23.26.31:982][794]LogModuleManager: Shutting down and abandoning module Documentation (428)
[2018.11.19-23.26.31:982][794]LogModuleManager: Shutting down and abandoning module MovieSceneTracks (426)
[2018.11.19-23.26.31:982][794]LogModuleManager: Shutting down and abandoning module MovieScene (424)
[2018.11.19-23.26.31:982][794]LogModuleManager: Shutting down and abandoning module StreamingPauseRendering (422)
[2018.11.19-23.26.31:983][794]LogModuleManager: Shutting down and abandoning module LauncherPlatform (420)
[2018.11.19-23.26.31:983][794]LogModuleManager: Shutting down and abandoning module AnalyticsET (418)
[2018.11.19-23.26.31:983][794]LogModuleManager: Shutting down and abandoning module PortalServices (416)
[2018.11.19-23.26.31:983][794]LogModuleManager: Shutting down and abandoning module PortalRpc (414)
[2018.11.19-23.26.31:983][794]LogModuleManager: Shutting down and abandoning module MessagingRpc (412)
[2018.11.19-23.26.31:983][794]LogModuleManager: Shutting down and abandoning module AIModule (410)
[2018.11.19-23.26.31:983][794]LogModuleManager: Shutting down and abandoning module GameplayDebugger (409)
[2018.11.19-23.26.31:984][794]LogModuleManager: Shutting down and abandoning module AITestSuite (407)
[2018.11.19-23.26.31:984][794]LogModuleManager: Shutting down and abandoning module NavigationSystem (405)
[2018.11.19-23.26.31:984][794]LogModuleManager: Shutting down and abandoning module ProfilerService (402)
[2018.11.19-23.26.32:007][794]LogModuleManager: Shutting down and abandoning module TaskGraph (400)
[2018.11.19-23.26.32:008][794]LogModuleManager: Shutting down and abandoning module SteamVRController (398)
[2018.11.19-23.26.32:009][794]LogModuleManager: Shutting down and abandoning module ProceduralMeshComponentEditor (396)
[2018.11.19-23.26.32:009][794]LogModuleManager: Shutting down and abandoning module ProceduralMeshComponent (394)
[2018.11.19-23.26.32:009][794]LogModuleManager: Shutting down and abandoning module OculusInput (392)
[2018.11.19-23.26.32:009][794]LogModuleManager: Shutting down and abandoning module MobilePatchingUtils (390)
[2018.11.19-23.26.32:009][794]LogModuleManager: Shutting down and abandoning module EditableMesh (388)
[2018.11.19-23.26.32:009][794]LogModuleManager: Shutting down and abandoning module CustomMeshComponent (386)
[2018.11.19-23.26.32:009][794]LogModuleManager: Shutting down and abandoning module CableComponent (384)
[2018.11.19-23.26.32:009][794]LogModuleManager: Shutting down and abandoning module AudioCapture (382)
[2018.11.19-23.26.32:009][794]LogModuleManager: Shutting down and abandoning module ArchVisCharacter (380)
[2018.11.19-23.26.32:009][794]LogModuleManager: Shutting down and abandoning module AndroidPermission (378)
[2018.11.19-23.26.32:009][794]LogModuleManager: Shutting down and abandoning module NUTUnrealEngine4 (376)
[2018.11.19-23.26.32:009][794]LogModuleManager: Shutting down and abandoning module NetcodeUnitTest (374)
[2018.11.19-23.26.32:011][794]LogModuleManager: Shutting down and abandoning module MediaCompositingEditor (372)
[2018.11.19-23.26.32:011][794]LogModuleManager: Shutting down and abandoning module MediaCompositing (370)
[2018.11.19-23.26.32:011][794]LogModuleManager: Shutting down and abandoning module LinearTimecode (368)
[2018.11.19-23.26.32:011][794]LogModuleManager: Shutting down and abandoning module ImgMedia (366)
[2018.11.19-23.26.32:014][794]LogModuleManager: Shutting down and abandoning module HTML5Networking (364)
[2018.11.19-23.26.32:014][794]LogModuleManager: Shutting down and abandoning module GeometryCacheTracks (362)
[2018.11.19-23.26.32:014][794]LogModuleManager: Shutting down and abandoning module GeometryCacheSequencer (360)
[2018.11.19-23.26.32:015][794]LogModuleManager: Shutting down and abandoning module BackChannel (358)
[2018.11.19-23.26.32:015][794]LogModuleManager: Shutting down and abandoning module AppleVision (356)
[2018.11.19-23.26.32:015][794]LogModuleManager: Shutting down and abandoning module AppleImageUtils (354)
[2018.11.19-23.26.32:015][794]LogModuleManager: Shutting down and abandoning module AlembicImporter (352)
[2018.11.19-23.26.32:015][794]LogModuleManager: Shutting down and abandoning module AlembicLibrary (351)
[2018.11.19-23.26.32:015][794]LogModuleManager: Shutting down and abandoning module GeometryCache (350)
[2018.11.19-23.26.32:015][794]LogModuleManager: Shutting down and abandoning module GeometryCacheEd (349)
[2018.11.19-23.26.32:015][794]LogModuleManager: Shutting down and abandoning module DatasmithContentEditor (344)
[2018.11.19-23.26.32:016][794]LogModuleManager: Shutting down and abandoning module DatasmithContent (342)
[2018.11.19-23.26.32:016][794]LogModuleManager: Shutting down and abandoning module SpeedTreeImporter (340)
[2018.11.19-23.26.32:016][794]LogModuleManager: Shutting down and abandoning module PluginBrowser (338)
[2018.11.19-23.26.32:019][794]LogModuleManager: Shutting down and abandoning module MobileLauncherProfileWizard (336)
[2018.11.19-23.26.32:019][794]LogModuleManager: Shutting down and abandoning module PolygonModeling (334)
[2018.11.19-23.26.32:019][794]LogModuleManager: Shutting down and abandoning module MeshEditor (332)
[2018.11.19-23.26.32:020][794]LogModuleManager: Shutting down and abandoning module CryptoKeysOpenSSL (330)
[2018.11.19-23.26.32:020][794]LogModuleManager: Shutting down and abandoning module CryptoKeys (328)
[2018.11.19-23.26.32:020][794]LogModuleManager: Shutting down and abandoning module VisualStudioSourceCodeAccess (326)
[2018.11.19-23.26.32:020][794]LogModuleManager: Shutting down and abandoning module VisualStudioCodeSourceCodeAccess (324)
[2018.11.19-23.26.32:020][794]LogModuleManager: Shutting down and abandoning module UObjectPlugin (322)
[2018.11.19-23.26.32:020][794]LogModuleManager: Shutting down and abandoning module SubversionSourceControl (320)
[2018.11.19-23.26.32:021][794]LogModuleManager: Shutting down and abandoning module PerforceSourceControl (318)
[2018.11.19-23.26.32:022][794]LogModuleManager: Shutting down and abandoning module GitSourceControl (316)
[2018.11.19-23.26.32:023][794]LogModuleManager: Shutting down and abandoning module SourceControl (315)
[2018.11.19-23.26.32:024][794]LogModuleManager: Shutting down and abandoning module CLionSourceCodeAccess (312)
[2018.11.19-23.26.32:024][794]LogModuleManager: Shutting down and abandoning module LightPropagationVolumeEditor (310)
[2018.11.19-23.26.32:024][794]LogModuleManager: Shutting down and abandoning module PaperTiledImporter (308)
[2018.11.19-23.26.32:024][794]LogModuleManager: Shutting down and abandoning module PaperSpriteSheetImporter (306)
[2018.11.19-23.26.32:024][794]LogModuleManager: Shutting down and abandoning module Paper2DEditor (304)
[2018.11.19-23.26.32:026][794]LogModuleManager: Shutting down and abandoning module MeshPaint (303)
[2018.11.19-23.26.32:026][794]LogModuleManager: Shutting down and abandoning module RuntimePhysXCooking (298)
[2018.11.19-23.26.32:026][794]LogModuleManager: Shutting down and abandoning module PhysXVehiclesEditor (296)
[2018.11.19-23.26.32:026][794]LogModuleManager: Shutting down and abandoning module PhysXVehicles (294)
[2018.11.19-23.26.32:026][794]LogModuleManager: Shutting down and abandoning module OculusEditor (292)
[2018.11.19-23.26.32:027][794]LogModuleManager: Shutting down and abandoning module LocationServicesBPLibrary (290)
[2018.11.19-23.26.32:027][794]LogModuleManager: Shutting down and abandoning module ImmediatePhysicsEditor (288)
[2018.11.19-23.26.32:027][794]LogModuleManager: Shutting down and abandoning module ImmediatePhysics (286)
[2018.11.19-23.26.32:027][794]LogModuleManager: Shutting down and abandoning module ActorSequence (284)
[2018.11.19-23.26.32:027][794]LogModuleManager: Shutting down and abandoning module UdpMessaging (282)
[2018.11.19-23.26.32:127][794]LogModuleManager: Shutting down and abandoning module TcpMessaging (280)
[2018.11.19-23.26.32:229][794]LogModuleManager: Shutting down and abandoning module MagicLeapAudio (278)
[2018.11.19-23.26.32:229][794]LogModuleManager: Shutting down and abandoning module GameplayTagsEditor (276)
[2018.11.19-23.26.32:229][794]LogModuleManager: Shutting down and abandoning module FacialAnimationEditor (274)
[2018.11.19-23.26.32:229][794]LogModuleManager: Shutting down and abandoning module FacialAnimation (272)
[2018.11.19-23.26.32:229][794]LogModuleManager: Shutting down and abandoning module DataValidation (270)
[2018.11.19-23.26.32:229][794]LogModuleManager: Shutting down and abandoning module AssetManagerEditor (268)
[2018.11.19-23.26.32:230][794]LogModuleManager: Shutting down and abandoning module LevelEditor (267)
[2018.11.19-23.26.32:232][794]LogModuleManager: Shutting down and abandoning module PixelInspectorModule (266)
[2018.11.19-23.26.32:233][794]LogModuleManager: Shutting down and abandoning module CommonMenuExtensions (264)
[2018.11.19-23.26.32:233][794]LogModuleManager: Shutting down and abandoning module MainFrame (262)
[2018.11.19-23.26.32:233][794]LogModuleManager: Shutting down and abandoning module HotReload (261)
[2018.11.19-23.26.32:234][794]LogModuleManager: Shutting down and abandoning module ContentBrowser (257)
[2018.11.19-23.26.32:235][794]LogModuleManager: Shutting down and abandoning module TreeMap (255)
[2018.11.19-23.26.32:235][794]LogModuleManager: Shutting down and abandoning module LightPropagationVolumeRuntime (252)
[2018.11.19-23.26.32:235][794]LogModuleManager: Shutting down and abandoning module AISupportModule (250)
[2018.11.19-23.26.32:235][794]LogModuleManager: Shutting down and abandoning module Paper2D (248)
[2018.11.19-23.26.32:235][794]LogModuleManager: Shutting down and abandoning module WindowsMoviePlayer (246)
[2018.11.19-23.26.32:236][794]LogModuleManager: Shutting down and abandoning module WmfMedia (244)
[2018.11.19-23.26.32:238][794]LogModuleManager: Shutting down and abandoning module Media (243)
[2018.11.19-23.26.32:244][794]LogModuleManager: Shutting down and abandoning module PacketHandler (240)
[2018.11.19-23.26.32:244][794]LogModuleManager: Shutting down and abandoning module ClothingSystemEditor (238)
[2018.11.19-23.26.32:244][794]LogModuleManager: Shutting down and abandoning module ClothingSystemRuntime (236)
[2018.11.19-23.26.32:245][794]LogModuleManager: Shutting down and abandoning module MediaAssets (234)
[2018.11.19-23.26.32:245][794]LogModuleManager: Shutting down and abandoning module Overlay (232)
[2018.11.19-23.26.32:245][794]LogModuleManager: Shutting down and abandoning module OverlayEditor (231)
[2018.11.19-23.26.32:245][794]LogModuleManager: Shutting down and abandoning module VREditor (228)
[2018.11.19-23.26.32:245][794]LogModuleManager: Shutting down and abandoning module StringTableEditor (226)
[2018.11.19-23.26.32:246][794]LogModuleManager: Shutting down and abandoning module GameplayTasksEditor (224)
[2018.11.19-23.26.32:246][794]LogModuleManager: Shutting down and abandoning module BehaviorTreeEditor (222)
[2018.11.19-23.26.32:249][794]LogModuleManager: Shutting down and abandoning module FunctionalTesting (220)
[2018.11.19-23.26.32:249][794]LogModuleManager: Shutting down and abandoning module CollisionAnalyzer (218)
[2018.11.19-23.26.32:250][794]LogModuleManager: Shutting down and abandoning module WorkspaceMenuStructure (217)
[2018.11.19-23.26.32:250][794]LogModuleManager: Shutting down and abandoning module UMG (214)
[2018.11.19-23.26.32:251][794]LogModuleManager: Shutting down and abandoning module UMGEditor (213)
[2018.11.19-23.26.32:252][794]LogModuleManager: Shutting down and abandoning module Sequencer (212)
[2018.11.19-23.26.32:254][794]LogModuleManager: Shutting down and abandoning module MessageLog (209)
[2018.11.19-23.26.32:254][794]LogModuleManager: Shutting down and abandoning module SlateReflector (204)
[2018.11.19-23.26.32:256][794]LogModuleManager: Shutting down and abandoning module Slate (202)
[2018.11.19-23.26.32:256][794]LogModuleManager: Shutting down and abandoning module EditorStyle (200)
[2018.11.19-23.26.32:258][794]LogModuleManager: Shutting down and abandoning module MRMesh (198)
[2018.11.19-23.26.32:259][794]LogModuleManager: Shutting down and abandoning module SourceCodeAccess (196)
[2018.11.19-23.26.32:259][794]LogModuleManager: Shutting down and abandoning module HeadMountedDisplay (194)
[2018.11.19-23.26.32:259][794]LogModuleManager: Shutting down and abandoning module XAudio2 (192)
[2018.11.19-23.26.32:259][794]LogModuleManager: Shutting down and abandoning module Networking (190)
[2018.11.19-23.26.32:259][794]LogModuleManager: Shutting down and abandoning module Core (188)
[2018.11.19-23.26.32:259][794]LogModuleManager: Shutting down and abandoning module LevelSequence (186)
[2018.11.19-23.26.32:259][794]LogModuleManager: Shutting down and abandoning module KismetCompiler (184)
[2018.11.19-23.26.32:259][794]LogModuleManager: Shutting down and abandoning module MeshUtilities (182)
[2018.11.19-23.26.32:260][794]LogModuleManager: Shutting down and abandoning module MeshMergeUtilities (181)
[2018.11.19-23.26.32:260][794]LogModuleManager: Shutting down and abandoning module MeshReductionInterface (180)
[2018.11.19-23.26.32:260][794]LogModuleManager: Shutting down and abandoning module SimplygonSwarm (179)
[2018.11.19-23.26.32:261][794]LogModuleManager: Shutting down and abandoning module ProxyLODMeshReduction (177)
[2018.11.19-23.26.32:261][794]LogModuleManager: Shutting down and abandoning module SimplygonMeshReduction (175)
[2018.11.19-23.26.32:262][794]LogModuleManager: Shutting down and abandoning module QuadricMeshReduction (173)
[2018.11.19-23.26.32:262][794]LogModuleManager: Shutting down and abandoning module MaterialBaking (169)
[2018.11.19-23.26.32:263][794]LogModuleManager: Shutting down and abandoning module DirectoryWatcher (165)
[2018.11.19-23.26.32:263][794]LogModuleManager: Shutting down and abandoning module DerivedDataCache (162)
[2018.11.19-23.26.32:359][794]LogDerivedDataCache: Shutdown
[2018.11.19-23.26.32:360][794]LogModuleManager: Shutting down and abandoning module XGEController (160)
[2018.11.19-23.26.32:360][794]LogXGEController: Cleaning working directory: C:/Users/tess.olson/AppData/Local/Temp/UnrealXGEWorkingDir/
[2018.11.19-23.26.32:362][794]LogModuleManager: Shutting down and abandoning module TargetPlatform (158)
[2018.11.19-23.26.32:363][794]LogModuleManager: Shutting down and abandoning module VulkanShaderFormat (157)
[2018.11.19-23.26.32:363][794]LogModuleManager: Shutting down and abandoning module ShaderFormatVectorVM (155)
[2018.11.19-23.26.32:364][794]LogModuleManager: Shutting down and abandoning module ShaderFormatOpenGL (153)
[2018.11.19-23.26.32:364][794]LogModuleManager: Shutting down and abandoning module ShaderFormatD3D (151)
[2018.11.19-23.26.32:364][794]LogModuleManager: Shutting down and abandoning module MetalShaderFormat (149)
[2018.11.19-23.26.32:365][794]LogModuleManager: Shutting down and abandoning module TextureFormatUncompressed (147)
[2018.11.19-23.26.32:366][794]LogModuleManager: Shutting down and abandoning module TextureFormatPVR (145)
[2018.11.19-23.26.32:366][794]LogModuleManager: Shutting down and abandoning module TextureFormatDXT (143)
[2018.11.19-23.26.32:366][794]LogModuleManager: Shutting down and abandoning module TextureFormatIntelISPCTexComp (141)
[2018.11.19-23.26.32:367][794]LogModuleManager: Shutting down and abandoning module TextureFormatASTC (139)
[2018.11.19-23.26.32:367][794]LogModuleManager: Shutting down and abandoning module ImageWrapper (138)
[2018.11.19-23.26.32:367][794]LogModuleManager: Shutting down and abandoning module TextureFormatAndroid (135)
[2018.11.19-23.26.32:367][794]LogModuleManager: Shutting down and abandoning module AudioFormatOpus (133)
[2018.11.19-23.26.32:367][794]LogModuleManager: Shutting down and abandoning module AudioFormatOgg (131)
[2018.11.19-23.26.32:367][794]LogModuleManager: Shutting down and abandoning module AudioFormatADPCM (129)
[2018.11.19-23.26.32:367][794]LogModuleManager: Shutting down and abandoning module LuminTargetPlatform (127)
[2018.11.19-23.26.32:367][794]LogModuleManager: Shutting down and abandoning module LinuxTargetPlatform (125)
[2018.11.19-23.26.32:367][794]LogModuleManager: Shutting down and abandoning module LinuxServerTargetPlatform (123)
[2018.11.19-23.26.32:367][794]LogModuleManager: Shutting down and abandoning module LinuxNoEditorTargetPlatform (121)
[2018.11.19-23.26.32:368][794]LogModuleManager: Shutting down and abandoning module LinuxClientTargetPlatform (119)
[2018.11.19-23.26.32:368][794]LogModuleManager: Shutting down and abandoning module TVOSTargetPlatform (117)
[2018.11.19-23.26.32:371][794]LogModuleManager: Shutting down and abandoning module Messaging (115)
[2018.11.19-23.26.32:371][794]LogModuleManager: Shutting down and abandoning module IOSTargetPlatform (113)
[2018.11.19-23.26.32:373][794]LogModuleManager: Shutting down and abandoning module HTML5TargetPlatform (111)
[2018.11.19-23.26.32:373][794]LogModuleManager: Shutting down and abandoning module AndroidTargetPlatform (109)
[2018.11.19-23.26.32:393][794]LogModuleManager: Shutting down and abandoning module WindowsTargetPlatform (107)
[2018.11.19-23.26.32:393][794]LogModuleManager: Shutting down and abandoning module WindowsServerTargetPlatform (105)
[2018.11.19-23.26.32:393][794]LogModuleManager: Shutting down and abandoning module WindowsNoEditorTargetPlatform (103)
[2018.11.19-23.26.32:393][794]LogModuleManager: Shutting down and abandoning module WindowsClientTargetPlatform (101)
[2018.11.19-23.26.32:393][794]LogModuleManager: Shutting down and abandoning module MacTargetPlatform (99)
[2018.11.19-23.26.32:393][794]LogModuleManager: Shutting down and abandoning module MacServerTargetPlatform (97)
[2018.11.19-23.26.32:393][794]LogModuleManager: Shutting down and abandoning module MacNoEditorTargetPlatform (95)
[2018.11.19-23.26.32:393][794]LogModuleManager: Shutting down and abandoning module MacClientTargetPlatform (93)
[2018.11.19-23.26.32:394][794]LogModuleManager: Shutting down and abandoning module AllDesktopTargetPlatform (91)
[2018.11.19-23.26.32:394][794]LogModuleManager: Shutting down and abandoning module InputCore (88)
[2018.11.19-23.26.32:394][794]LogModuleManager: Shutting down and abandoning module Settings (86)
[2018.11.19-23.26.32:394][794]LogModuleManager: Shutting down and abandoning module PhysXCooking (84)
[2018.11.19-23.26.32:394][794]LogModuleManager: Shutting down and abandoning module SteamVR (82)
[2018.11.19-23.26.32:394][794]LogModuleManager: Shutting down and abandoning module OculusHMD (80)
[2018.11.19-23.26.32:395][794]LogModuleManager: Shutting down and abandoning module ExampleDeviceProfileSelector (78)
[2018.11.19-23.26.32:395][794]LogModuleManager: Shutting down and abandoning module LauncherChunkInstaller (76)
[2018.11.19-23.26.32:395][794]LogModuleManager: Shutting down and abandoning module OnlineBlueprintSupport (74)
[2018.11.19-23.26.32:395][794]LogModuleManager: Shutting down and abandoning module OnlineSubsystem (70)
[2018.11.19-23.26.32:400][794]LogModuleManager: Shutting down and abandoning module XMPP (65)
[2018.11.19-23.26.32:402][794]LogModuleManager: Shutting down and abandoning module WebSockets (64)
[2018.11.19-23.26.32:438][794]LogModuleManager: Shutting down and abandoning module HTTP (61)
[2018.11.19-23.26.32:439][794]LogHttp: Display: Http module shutting down, but needs to wait on 1 outstanding Http requests:
[2018.11.19-23.26.32:439][794]LogHttp: Display: 	verb=[POST] url=[https://datarouter.ol.epicgames.com/datarouter/api/v1/public/data?SessionID=%7BF14C792C-4D2E-C513-6004-61922149EB57%7D&AppID=UEEditor.Rocket.Release&AppVersion=4.20.3-4369336%2B%2B%2BUE4%2BRelease-4.20&UserID=f6fbd3a3403d7328111c67a34fc514f0%7Ccfbec505177c4eeeb608d0faf53c2ddd%7Cee473028-a611-4f90-9390-fbdb9ec1fdf0&AppEnvironment=datacollector-binary&UploadType=eteventstream] status=Processing
[2018.11.19-23.26.32:456][794]LogModuleManager: Shutting down and abandoning module SSL (60)
[2018.11.19-23.26.32:460][794]LogModuleManager: Shutting down and abandoning module MagicLeapEmulator (56)
[2018.11.19-23.26.32:461][794]LogModuleManager: Shutting down and abandoning module MagicLeapPrivileges (54)
[2018.11.19-23.26.32:461][794]LogModuleManager: Shutting down and abandoning module MagicLeapIdentity (52)
[2018.11.19-23.26.32:461][794]LogModuleManager: Shutting down and abandoning module MagicLeapHelperVulkan (50)
[2018.11.19-23.26.32:461][794]LogModuleManager: Shutting down and abandoning module MagicLeapHelperOpenGL (48)
[2018.11.19-23.26.32:461][794]LogModuleManager: Shutting down and abandoning module MagicLeapSecureStorage (46)
[2018.11.19-23.26.32:461][794]LogModuleManager: Shutting down and abandoning module MagicLeapGestures (44)
[2018.11.19-23.26.32:461][794]LogModuleManager: Shutting down and abandoning module MagicLeapEyeTracker (42)
[2018.11.19-23.26.32:461][794]LogModuleManager: Shutting down and abandoning module MagicLeapController (40)
[2018.11.19-23.26.32:462][794]LogSlate: Slate User Destroyed.  User Index 0, Is Virtual User: 0
[2018.11.19-23.26.32:462][794]LogModuleManager: Shutting down and abandoning module MagicLeap (38)
[2018.11.19-23.26.32:462][794]LogModuleManager: Shutting down and abandoning module AnimationModifiers (36)
[2018.11.19-23.26.32:464][794]LogModuleManager: Shutting down and abandoning module PropertyEditor (35)
[2018.11.19-23.26.32:465][794]LogModuleManager: Shutting down and abandoning module AudioEditor (32)
[2018.11.19-23.26.32:468][794]LogModuleManager: Shutting down and abandoning module TextureCompressor (30)
[2018.11.19-23.26.32:468][794]LogModuleManager: Shutting down and abandoning module ShaderCore (28)
[2018.11.19-23.26.32:468][794]LogModuleManager: Shutting down and abandoning module Landscape (26)
[2018.11.19-23.26.32:468][794]LogModuleManager: Shutting down and abandoning module SlateRHIRenderer (24)
[2018.11.19-23.26.32:470][794]LogModuleManager: Shutting down and abandoning module OpenGLDrv (22)
[2018.11.19-23.26.32:471][794]LogModuleManager: Shutting down and abandoning module D3D11RHI (20)
[2018.11.19-23.26.32:471][794]LogModuleManager: Shutting down and abandoning module AnimGraphRuntime (18)
[2018.11.19-23.26.32:472][794]LogModuleManager: Shutting down and abandoning module Renderer (16)
[2018.11.19-23.26.32:472][794]LogModuleManager: Shutting down and abandoning module Engine (14)
[2018.11.19-23.26.32:472][794]LogModuleManager: Shutting down and abandoning module CoreUObject (12)
[2018.11.19-23.26.32:472][794]LogModuleManager: Shutting down and abandoning module NetworkFile (10)
[2018.11.19-23.26.32:473][794]LogModuleManager: Shutting down and abandoning module CookedIterativeFile (8)
[2018.11.19-23.26.32:473][794]LogModuleManager: Shutting down and abandoning module StreamingFile (6)
[2018.11.19-23.26.32:473][794]LogModuleManager: Shutting down and abandoning module SandboxFile (4)
[2018.11.19-23.26.32:473][794]LogModuleManager: Shutting down and abandoning module PakFile (2)
[2018.11.19-23.26.32:499][794]LogExit: Exiting.
[2018.11.19-23.26.32:544][794]Log file closed, 11/19/18 17:26:32
