Log file open, 11/14/18 19:53:52
LogWindows: Failed to load 'aqProf.dll' (GetLastError=126)
LogWindows: File 'aqProf.dll' does not exist
LogWindows: Failed to load 'VtuneApi.dll' (GetLastError=126)
LogWindows: File 'VtuneApi.dll' does not exist
LogWindows: Failed to load 'VtuneApi32e.dll' (GetLastError=126)
LogWindows: File 'VtuneApi32e.dll' does not exist
LogInit: Display: Running engine for game: PlayerMovement
LogPlatformFile: Not using cached read wrapper
LogTaskGraph: Started task graph with 5 named threads and 23 total threads with 3 sets of task threads.
LogStats: Stats thread started at 3.430680
LogD3D11RHI: Loaded GFSDK_Aftermath_Lib.x64.dll
LogICUInternationalization: Display: ICU TimeZone Detection - Raw Offset: -6:00, Platform Override: ''
LogPluginManager: Mounting plugin Paper2D
LogPluginManager: Mounting plugin AISupport
LogPluginManager: Mounting plugin LightPropagationVolume
LogPluginManager: Mounting plugin CLionSourceCodeAccess
LogPluginManager: Mounting plugin CodeLiteSourceCodeAccess
LogPluginManager: Mounting plugin GitSourceControl
LogPluginManager: Mounting plugin KDevelopSourceCodeAccess
LogPluginManager: Mounting plugin NullSourceCodeAccess
LogPluginManager: Mounting plugin PerforceSourceControl
LogPluginManager: Mounting plugin SubversionSourceControl
LogPluginManager: Mounting plugin UObjectPlugin
LogPluginManager: Mounting plugin VisualStudioCodeSourceCodeAccess
LogPluginManager: Mounting plugin VisualStudioSourceCodeAccess
LogPluginManager: Mounting plugin XCodeSourceCodeAccess
LogPluginManager: Mounting plugin AssetManagerEditor
LogPluginManager: Mounting plugin CryptoKeys
LogPluginManager: Mounting plugin DataValidation
LogPluginManager: Mounting plugin FacialAnimation
LogPluginManager: Mounting plugin GameplayTagsEditor
LogPluginManager: Mounting plugin MacGraphicsSwitching
LogPluginManager: Mounting plugin MeshEditor
LogPluginManager: Mounting plugin MobileLauncherProfileWizard
LogPluginManager: Mounting plugin PluginBrowser
LogPluginManager: Mounting plugin SpeedTreeImporter
LogPluginManager: Mounting plugin DatasmithContent
LogPluginManager: Mounting plugin AlembicImporter
LogPluginManager: Mounting plugin AppleImageUtils
LogPluginManager: Mounting plugin AppleVision
LogPluginManager: Mounting plugin BackChannel
LogPluginManager: Mounting plugin CharacterAI
LogPluginManager: Mounting plugin GeometryCache
LogPluginManager: Mounting plugin HTML5Networking
LogPluginManager: Mounting plugin ProxyLODPlugin
LogPluginManager: Mounting plugin MagicLeap
LogPluginManager: Mounting plugin MagicLeapEmulator
LogPluginManager: Mounting plugin MagicLeapMedia
LogPluginManager: Mounting plugin AndroidMedia
LogPluginManager: Mounting plugin AvfMedia
LogPluginManager: Mounting plugin ImgMedia
LogPluginManager: Mounting plugin LinearTimecode
LogPluginManager: Mounting plugin MediaCompositing
LogPluginManager: Mounting plugin MediaPlayerEditor
LogPluginManager: Mounting plugin WmfMedia
LogPluginManager: Mounting plugin TcpMessaging
LogPluginManager: Mounting plugin UdpMessaging
LogPluginManager: Mounting plugin ActorSequence
LogPluginManager: Mounting plugin LevelSequenceEditor
LogPluginManager: Mounting plugin MatineeToLevelSequence
LogPluginManager: Mounting plugin NetcodeUnitTest
LogPluginManager: Mounting plugin NUTUnrealEngine4
LogPluginManager: Mounting plugin OnlineSubsystemGooglePlay
LogPluginManager: Mounting plugin OnlineSubsystemIOS
LogPluginManager: Mounting plugin OnlineSubsystem
LogPluginManager: Mounting plugin OnlineSubsystemNull
LogPluginManager: Mounting plugin OnlineSubsystemUtils
LogPluginManager: Mounting plugin LauncherChunkInstaller
LogPluginManager: Mounting plugin AndroidDeviceProfileSelector
LogPluginManager: Mounting plugin AndroidMoviePlayer
LogPluginManager: Mounting plugin AndroidPermission
LogPluginManager: Mounting plugin AppleMoviePlayer
LogPluginManager: Mounting plugin ArchVisCharacter
LogPluginManager: Mounting plugin AudioCapture
LogPluginManager: Mounting plugin CableComponent
LogPluginManager: Mounting plugin CustomMeshComponent
LogPluginManager: Mounting plugin EditableMesh
LogPluginManager: Mounting plugin ExampleDeviceProfileSelector
LogPluginManager: Mounting plugin GoogleCloudMessaging
LogPluginManager: Mounting plugin ImmediatePhysics
LogPluginManager: Mounting plugin IOSDeviceProfileSelector
LogPluginManager: Mounting plugin LinuxDeviceProfileSelector
LogPluginManager: Mounting plugin LocationServicesBPLibrary
LogPluginManager: Mounting plugin MobilePatchingUtils
LogPluginManager: Mounting plugin OculusVR
LogPluginManager: Plugin shader directory ../../../Engine/Plugins/Runtime/Oculus/OculusVR/Shaders found
LogPluginManager: Mapping shader source directory ../../../Engine/Plugins/Runtime/Oculus/OculusVR/Shaders to virtual directory /Plugin/OculusVR
LogPluginManager: Mounting plugin PhysXVehicles
LogPluginManager: Mounting plugin ProceduralMeshComponent
LogPluginManager: Mounting plugin RuntimePhysXCooking
LogPluginManager: Mounting plugin SteamVR
LogPluginManager: Mounting plugin WindowsMoviePlayer
LogStreaming: Display: Took  0.833s to configure plugins.
LogInit: Using libcurl 7.55.1-DEV
LogInit:  - built for x86_64-pc-win32
LogInit:  - supports SSL with OpenSSL/1.0.2h
LogInit:  - supports HTTP deflate (compression) using libz 1.2.8
LogInit:  - other features:
LogInit:      CURL_VERSION_SSL
LogInit:      CURL_VERSION_LIBZ
LogInit:      CURL_VERSION_IPV6
LogInit:      CURL_VERSION_ASYNCHDNS
LogInit:      CURL_VERSION_LARGEFILE
LogInit:      CURL_VERSION_IDN
LogInit:  CurlRequestOptions (configurable via config and command line):
LogInit:  - bVerifyPeer = false  - Libcurl will NOT verify peer certificate
LogInit:  - bUseHttpProxy = false  - Libcurl will NOT use HTTP proxy
LogInit:  - bDontReuseConnections = false  - Libcurl will reuse connections
LogInit:  - CertBundlePath = nullptr  - Libcurl will use whatever was configured at build time.
LogInit:  - MaxHostConnections = 16  - Libcurl will limit the number of connections to a host
LogInit:  - LocalHostAddr = Default
LogInit:  - BufferSize = 65536
LogInit: WinSock: version 1.1 (2.2), MaxSocks=32767, MaxUdp=65467
LogInit: Build: ++UE4+Release-4.20-CL-4369336
LogInit: Engine Version: 4.20.3-4369336+++UE4+Release-4.20
LogInit: Compatible Engine Version: 4.20.0-4212847+++UE4+Release-4.20
LogInit: Net CL: 4212847
LogInit: OS: Windows 10 (), CPU: Intel(R) Core(TM) i7-4720HQ CPU @ 2.60GHz, GPU: Intel(R) HD Graphics 4600
LogInit: Compiled (64-bit): Sep 17 2018 12:26:19
LogInit: Compiled with Visual C++: 19.13.26129.00
LogInit: Build Configuration: Development
LogInit: Branch Name: ++UE4+Release-4.20
LogInit: Command Line:  
LogInit: Base Directory: D:/Unreal/UE_4.20/Engine/Binaries/Win64/
LogInit: Installed Engine Build: 1
LogDevObjectVersion: Number of dev versions registered: 20
LogDevObjectVersion:   Dev-Blueprints (B0D832E4-1F89-4F0D-ACCF-7EB736FD4AA2): 10
LogDevObjectVersion:   Dev-Build (E1C64328-A22C-4D53-A36C-8E866417BD8C): 0
LogDevObjectVersion:   Dev-Core (375EC13C-06E4-48FB-B500-84F0262A717E): 2
LogDevObjectVersion:   Dev-Editor (E4B068ED-F494-42E9-A231-DA0B2E46BB41): 24
LogDevObjectVersion:   Dev-Framework (CFFC743F-43B0-4480-9391-14DF171D2073): 34
LogDevObjectVersion:   Dev-Mobile (B02B49B5-BB20-44E9-A304-32B752E40360): 2
LogDevObjectVersion:   Dev-Networking (A4E4105C-59A1-49B5-A7C5-40C4547EDFEE): 0
LogDevObjectVersion:   Dev-Online (39C831C9-5AE6-47DC-9A44-9C173E1C8E7C): 0
LogDevObjectVersion:   Dev-Physics (78F01B33-EBEA-4F98-B9B4-84EACCB95AA2): 0
LogDevObjectVersion:   Dev-Platform (6631380F-2D4D-43E0-8009-CF276956A95A): 0
LogDevObjectVersion:   Dev-Rendering (12F88B9F-8875-4AFC-A67C-D90C383ABD29): 26
LogDevObjectVersion:   Dev-Sequencer (7B5AE74C-D270-4C10-A958-57980B212A5A): 9
LogDevObjectVersion:   Dev-VR (D7296918-1DD6-4BDD-9DE2-64A83CC13884): 2
LogDevObjectVersion:   Dev-LoadTimes (C2A15278-BFE7-4AFE-6C17-90FF531DF755): 1
LogDevObjectVersion:   Private-Geometry (6EACA3D4-40EC-4CC1-B786-8BED09428FC5): 3
LogDevObjectVersion:   Dev-AnimPhys (29E575DD-E0A3-4627-9D10-D276232CDCEA): 17
LogDevObjectVersion:   Dev-ReflectionCapture (6B266CEC-1EC7-4B8F-A30B-E4D90942FC07): 1
LogDevObjectVersion:   Dev-Automation (0DF73D61-A23F-47EA-B727-89E90C41499A): 1
LogDevObjectVersion:   FortniteMain (601D1886-AC64-4F84-AA16-D3DE0DEAC7D6): 12
LogDevObjectVersion:   Dev-Enterprise (9DFFBCD6-494F-0158-E221-12823C92A888): 1
LogStreaming: Display: Took  0.014s to delete old logs.
LogInit: Presizing for max 8388607 objects, including 0 objects not considered by GC, pre-allocating 0 bytes for permanent pool.
LogInit: Object subsystem initialized
[2018.11.15-01.53.55:382][  0]LogInit: Selected Device Profile: [Windows]
[2018.11.15-01.53.55:382][  0]LogInit: Applying CVar settings loaded from the selected device profile: [Windows]
[2018.11.15-01.53.55:498][  0]LogHAL: Display: Platform has ~ 16 GB [17059753984 / 17179869184 / 16], which maps to Larger [LargestMinGB=32, LargerMinGB=12, DefaultMinGB=8, SmallerMinGB=6, SmallestMinGB=0)
[2018.11.15-01.53.55:512][  0]LogInit: Setting Device Profile CVar: [[r.Vulkan.UseRealUBs:1]]
[2018.11.15-01.53.55:523][  0]LogInit: Going up to parent DeviceProfile []
[2018.11.15-01.53.55:572][  0]LogInit: Computer: BRIEANNA-CHEEBS
[2018.11.15-01.53.55:572][  0]LogInit: User: BrieAnna
[2018.11.15-01.53.55:572][  0]LogInit: CPU Page size=4096, Cores=4
[2018.11.15-01.53.55:572][  0]LogInit: High frequency timer resolution =2.537597 MHz
[2018.11.15-01.53.55:573][  0]LogMemory: Memory total: Physical=15.9GB (16GB approx)
[2018.11.15-01.53.55:573][  0]LogMemory: Platform Memory Stats for Windows
[2018.11.15-01.53.55:573][  0]LogMemory: Process Physical Memory: 100.29 MB used, 100.29 MB peak
[2018.11.15-01.53.55:573][  0]LogMemory: Process Virtual Memory: 91.13 MB used, 91.13 MB peak
[2018.11.15-01.53.55:573][  0]LogMemory: Physical Memory: 8833.33 MB used,  7436.12 MB free, 16269.45 MB total
[2018.11.15-01.53.55:573][  0]LogMemory: Virtual Memory: 4645.21 MB used,  7436.12 MB free, 134217728.00 MB total
[2018.11.15-01.53.56:896][  0]LogInit: Using OS detected language (en-US).
[2018.11.15-01.53.56:896][  0]LogInit: Using OS detected locale (en-US).
[2018.11.15-01.53.56:977][  0]LogTextLocalizationManager: No specific localization for 'en-US' exists, so the 'en' localization will be used.
[2018.11.15-01.53.58:214][  0]LogStreaming: Display: Took  1.271s to InitEngineTextLocalization.
[2018.11.15-01.53.58:997][  0]LogSlate: New Slate User Created.  User Index 0, Is Virtual User: 0
[2018.11.15-01.53.58:998][  0]LogSlate: Slate User Registered.  User Index 0, Is Virtual User: 0
[2018.11.15-01.54.00:787][  0]LogHMD: Failed to initialize OpenVR with code 110
[2018.11.15-01.54.00:787][  0]LogD3D11RHI: D3D11 adapters:
[2018.11.15-01.54.00:899][  0]LogD3D11RHI:    0. 'NVIDIA GeForce GTX 970M' (Feature Level 11_0)
[2018.11.15-01.54.00:899][  0]LogD3D11RHI:       3040/0/8134 MB DedicatedVideo/DedicatedSystem/SharedSystem, Outputs:1, VendorId:0x10de
[2018.11.15-01.54.00:917][  0]LogD3D11RHI:    1. 'Intel(R) HD Graphics 4600' (Feature Level 11_0)
[2018.11.15-01.54.00:917][  0]LogD3D11RHI:       112/0/2048 MB DedicatedVideo/DedicatedSystem/SharedSystem, Outputs:0, VendorId:0x8086
[2018.11.15-01.54.00:921][  0]LogD3D11RHI:    2. 'Microsoft Basic Render Driver' (Feature Level 11_0)
[2018.11.15-01.54.00:921][  0]LogD3D11RHI:       0/0/8134 MB DedicatedVideo/DedicatedSystem/SharedSystem, Outputs:0, VendorId:0x1414
[2018.11.15-01.54.00:922][  0]LogD3D11RHI: Chosen D3D11 Adapter: 0
[2018.11.15-01.54.00:978][  0]LogD3D11RHI: Creating new Direct3DDevice
[2018.11.15-01.54.00:978][  0]LogD3D11RHI:     GPU DeviceId: 0x13d8 (for the marketing name, search the web for "GPU Device Id")
[2018.11.15-01.54.00:990][  0]LogWindows: EnumDisplayDevices:
[2018.11.15-01.54.00:990][  0]LogWindows:    0. 'Intel(R) HD Graphics 4600' (P:1 D:1)
[2018.11.15-01.54.00:991][  0]LogWindows:    1. 'Intel(R) HD Graphics 4600' (P:0 D:0)
[2018.11.15-01.54.00:992][  0]LogWindows:    2. 'Intel(R) HD Graphics 4600' (P:0 D:0)
[2018.11.15-01.54.00:992][  0]LogWindows: DebugString: PrimaryIsNotTheChoosenAdapter PrimaryIsNotTheChoosenAdapter PrimaryIsNotTheChoosenAdapter FoundDriverCount:0 
[2018.11.15-01.54.00:992][  0]LogD3D11RHI:     Adapter Name: NVIDIA GeForce GTX 970M
[2018.11.15-01.54.00:992][  0]LogD3D11RHI:   Driver Version: Unknown (internal:Unknown, unified:Unknown)
[2018.11.15-01.54.00:992][  0]LogD3D11RHI:      Driver Date: Unknown
[2018.11.15-01.54.00:992][  0]LogRHI: Texture pool is 2128 MB (70% of 3040 MB)
[2018.11.15-01.54.01:054][  0]LogD3D11RHI: Async texture creation enabled
[2018.11.15-01.54.01:348][  0]LogD3D11RHI: GPU Timing Frequency: 1000.000000 (Debug: 2 1)
[2018.11.15-01.54.01:406][  0]LogShaderCompilers: Guid format shader working directory is -27 characters bigger than the processId version (../../../../../Users/BrieAnna/Documents/GitHub/AlchemyUnreal/PlayerMovement/Intermediate/Shaders/WorkingDirectory/24280/).
[2018.11.15-01.54.01:406][  0]LogShaderCompilers: Cleaned the shader compiler working directory 'C:/Users/BrieAnna/AppData/Local/Temp/UnrealShaderWorkingDir/252D61FD4B5939345F8BB1AAEA002B5F/'.
[2018.11.15-01.54.02:969][  0]LogTemp: Display: Loaded TP AllDesktopTargetPlatform
[2018.11.15-01.54.03:030][  0]LogTemp: Display: Loaded TP MacClientTargetPlatform
[2018.11.15-01.54.03:082][  0]LogTemp: Display: Loaded TP MacNoEditorTargetPlatform
[2018.11.15-01.54.03:187][  0]LogTemp: Display: Loaded TP MacServerTargetPlatform
[2018.11.15-01.54.03:254][  0]LogTemp: Display: Loaded TP MacTargetPlatform
[2018.11.15-01.54.03:319][  0]LogTemp: Display: Loaded TP WindowsClientTargetPlatform
[2018.11.15-01.54.03:430][  0]LogTemp: Display: Loaded TP WindowsNoEditorTargetPlatform
[2018.11.15-01.54.03:494][  0]LogTemp: Display: Loaded TP WindowsServerTargetPlatform
[2018.11.15-01.54.03:541][  0]LogTemp: Display: Loaded TP WindowsTargetPlatform
[2018.11.15-01.54.03:738][  0]LogTemp: Display: Loaded TP AndroidTargetPlatform
[2018.11.15-01.54.03:738][  0]LogTemp: Display: Loaded TP AndroidTargetPlatform
[2018.11.15-01.54.03:738][  0]LogTemp: Display: Loaded TP AndroidTargetPlatform
[2018.11.15-01.54.03:738][  0]LogTemp: Display: Loaded TP AndroidTargetPlatform
[2018.11.15-01.54.03:738][  0]LogTemp: Display: Loaded TP AndroidTargetPlatform
[2018.11.15-01.54.03:738][  0]LogTemp: Display: Loaded TP AndroidTargetPlatform
[2018.11.15-01.54.03:738][  0]LogTemp: Display: Loaded TP AndroidTargetPlatform
[2018.11.15-01.54.03:738][  0]LogTemp: Display: Loaded TP AndroidTargetPlatform
[2018.11.15-01.54.03:738][  0]LogTemp: Display: Loaded TP AndroidTargetPlatform
[2018.11.15-01.54.03:738][  0]LogTemp: Display: Loaded TP AndroidTargetPlatform
[2018.11.15-01.54.03:738][  0]LogTemp: Display: Loaded TP AndroidTargetPlatform
[2018.11.15-01.54.03:738][  0]LogTemp: Display: Loaded TP AndroidTargetPlatform
[2018.11.15-01.54.03:738][  0]LogTemp: Display: Loaded TP AndroidTargetPlatform
[2018.11.15-01.54.03:738][  0]LogTemp: Display: Loaded TP AndroidTargetPlatform
[2018.11.15-01.54.03:738][  0]LogTemp: Display: Loaded TP AndroidTargetPlatform
[2018.11.15-01.54.03:738][  0]LogTemp: Display: Loaded TP AndroidTargetPlatform
[2018.11.15-01.54.03:738][  0]LogTemp: Display: Loaded TP AndroidTargetPlatform
[2018.11.15-01.54.03:738][  0]LogTemp: Display: Loaded TP AndroidTargetPlatform
[2018.11.15-01.54.03:773][  0]LogTemp: Display: Loaded TP HTML5TargetPlatform
[2018.11.15-01.54.04:008][  0]LogTemp: Display: Loaded TP IOSTargetPlatform
[2018.11.15-01.54.04:008][  0]LogTemp: Display: Loaded TP IOSTargetPlatform
[2018.11.15-01.54.04:074][  0]LogTemp: Display: Loaded TP TVOSTargetPlatform
[2018.11.15-01.54.04:074][  0]LogTemp: Display: Loaded TP TVOSTargetPlatform
[2018.11.15-01.54.04:128][  0]LogTemp: Display: Loaded TP LinuxClientTargetPlatform
[2018.11.15-01.54.04:208][  0]LogTemp: Display: Loaded TP LinuxNoEditorTargetPlatform
[2018.11.15-01.54.04:330][  0]LogTemp: Display: Loaded TP LinuxServerTargetPlatform
[2018.11.15-01.54.04:457][  0]LogTemp: Display: Loaded TP LinuxTargetPlatform
[2018.11.15-01.54.04:524][  0]LogTemp: Display: Loaded TP LuminTargetPlatform
[2018.11.15-01.54.04:524][  0]LogTargetPlatformManager: Display: Building Assets For Windows
[2018.11.15-01.54.05:848][  0]LogXGEController: Cleaning working directory: C:/Users/BrieAnna/AppData/Local/Temp/UnrealXGEWorkingDir/
[2018.11.15-01.54.05:848][  0]LogXGEController: Cannot use XGE Controller as Incredibuild is not installed on this machine.
[2018.11.15-01.54.05:848][  0]LogShaderCompilers: Cannot use XGE Shader Compiler as Incredibuild is not installed on this machine.
[2018.11.15-01.54.05:848][  0]LogShaderCompilers: Display: Using Local Shader Compiler.
[2018.11.15-01.54.08:379][  0]LogDerivedDataCache: Display: Max Cache Size: 512 MB
[2018.11.15-01.54.08:758][  0]LogDerivedDataCache: Loaded boot cache 0.38s 71MB C:/Users/BrieAnna/AppData/Local/UnrealEngine/4.20/DerivedDataCache/Boot.ddc.
[2018.11.15-01.54.08:759][  0]LogDerivedDataCache: Display: Loaded Boot cache: C:/Users/BrieAnna/AppData/Local/UnrealEngine/4.20/DerivedDataCache/Boot.ddc
[2018.11.15-01.54.08:760][  0]LogDerivedDataCache: FDerivedDataBackendGraph:  Pak pak cache file ../../../../../Users/BrieAnna/Documents/GitHub/AlchemyUnreal/PlayerMovement/DerivedDataCache/DDC.ddp not found, will not use a pak cache.
[2018.11.15-01.54.08:760][  0]LogDerivedDataCache: Unable to find inner node Pak for hierarchical cache Hierarchy.
[2018.11.15-01.54.08:760][  0]LogDerivedDataCache: FDerivedDataBackendGraph:  CompressedPak pak cache file ../../../../../Users/BrieAnna/Documents/GitHub/AlchemyUnreal/PlayerMovement/DerivedDataCache/Compressed.ddp not found, will not use a pak cache.
[2018.11.15-01.54.08:760][  0]LogDerivedDataCache: Unable to find inner node CompressedPak for hierarchical cache Hierarchy.
[2018.11.15-01.54.08:860][  0]LogDerivedDataCache: Display: Pak cache opened for reading ../../../Engine/DerivedDataCache/Compressed.ddp.
[2018.11.15-01.54.08:874][  0]LogDerivedDataCache: Using Local data cache path C:/Users/BrieAnna/AppData/Local/UnrealEngine/Common/DerivedDataCache: Writable
[2018.11.15-01.54.08:874][  0]LogDerivedDataCache: Shared data cache path not found in *engine.ini, will not use an Shared cache.
[2018.11.15-01.54.08:874][  0]LogDerivedDataCache: Unable to find inner node Shared for hierarchical cache Hierarchy.
[2018.11.15-01.54.08:984][  0]LogMaterial: Verifying Global Shaders for PCD3D_SM5
[2018.11.15-01.54.09:031][  0]LogSlate: Using FreeType 2.6.0
[2018.11.15-01.54.09:150][  0]LogSlate: SlateFontServices - WITH_FREETYPE: 1, WITH_HARFBUZZ: 1
[2018.11.15-01.54.10:208][  0]LogAssetRegistry: FAssetRegistry took 0.0478 seconds to start up
[2018.11.15-01.54.13:985][  0]LogInit: Selected Device Profile: [Windows]
[2018.11.15-01.54.16:760][  0]LogSimplygon: Simplygon DLL not present - disabling.
[2018.11.15-01.54.16:963][  0]LogMeshReduction: Using SimplygonSwarm for distributed automatic mesh merging
[2018.11.15-01.54.16:964][  0]LogMeshReduction: Using ProxyLODMeshReduction for automatic mesh merging
[2018.11.15-01.54.16:964][  0]LogMeshReduction: Using QuadricMeshReduction for automatic static mesh reduction
[2018.11.15-01.54.16:964][  0]LogMeshReduction: No automatic skeletal mesh reduction module available
[2018.11.15-01.54.17:457][  0]LogNetVersion: PlayerMovement 1.0.0, NetCL: 4212847, EngineNetVer: 5, GameNetVer: 0 (Checksum: 171376428)
[2018.11.15-01.54.23:305][  0]LogPackageLocalizationCache: Processed 11 localized package path(s) for 2 prioritized culture(s) in 0.338675 seconds
[2018.11.15-01.54.23:347][  0]LogUObjectArray: 38425 objects as part of root set at end of initial load.
[2018.11.15-01.54.23:347][  0]LogUObjectAllocator: 6690872 out of 0 bytes used by permanent object pool.
[2018.11.15-01.54.23:347][  0]LogUObjectArray: CloseDisregardForGC: 0/0 objects in disregard for GC pool
[2018.11.15-01.54.49:873][  0]LogTcpMessaging: Initializing TcpMessaging bridge
[2018.11.15-01.54.49:915][  0]LogUdpMessaging: Initializing bridge on interface 0.0.0.0:0 to multicast group 230.0.0.1:6666.
[2018.11.15-01.54.51:193][  0]SourceControl: Source control is disabled
[2018.11.15-01.54.51:193][  0]SourceControl: Source control is disabled
[2018.11.15-01.54.51:313][  0]SourceControl: Source control is disabled
[2018.11.15-01.54.51:326][  0]SourceControl: Source control is disabled
[2018.11.15-01.54.53:356][  0]LogAndroidPermission: UAndroidPermissionCallbackProxy::GetInstance
[2018.11.15-01.54.53:627][  0]LogOcInput: OculusInput pre-init called
[2018.11.15-01.54.54:496][  0]LogEngine: Initializing Engine...
[2018.11.15-01.54.54:501][  0]LogHMD: Failed to initialize OpenVR with code 110
[2018.11.15-01.54.54:522][  0]LogStats: UGameplayTagsManager::ConstructGameplayTagTree: ImportINI prefixes -  0.000 s
[2018.11.15-01.54.54:522][  0]LogStats: UGameplayTagsManager::ConstructGameplayTagTree: Construct from data asset -  0.000 s
[2018.11.15-01.54.54:523][  0]LogStats: UGameplayTagsManager::ConstructGameplayTagTree: ImportINI -  0.001 s
[2018.11.15-01.54.54:523][  0]LogStats: UGameplayTagsManager::ConstructGameplayTagTree: GameplayTagTreeChangedEvent.Broadcast -  0.000 s
[2018.11.15-01.54.55:519][  0]LogInit: Initializing FReadOnlyCVARCache
[2018.11.15-01.54.55:989][  0]LogAIModule: Creating AISystem for world Untitled
[2018.11.15-01.54.56:233][  0]LogInit: XAudio2 using 'Speakers (Sound Blaster Recon3Di)' : 2 channels at 48 kHz using 32 bits per sample (channel mask 0x3)
[2018.11.15-01.54.56:285][  0]LogInit: FAudioDevice initialized.
[2018.11.15-01.54.56:286][  0]LogNetVersion: Set ProjectVersion to 1.0.0.0. Version Checksum will be recalculated on next use.
[2018.11.15-01.54.56:421][  0]LogDerivedDataCache: Saved boot cache 0.14s 71MB C:/Users/BrieAnna/AppData/Local/UnrealEngine/4.20/DerivedDataCache/Boot.ddc.
[2018.11.15-01.54.56:436][  0]LogInit: Texture streaming: Enabled
[2018.11.15-01.54.56:572][  0]LogEngineSessionManager: EngineSessionManager initialized
[2018.11.15-01.54.56:719][  0]LogInit: Transaction tracking system initialized
[2018.11.15-01.54.57:379][  0]BlueprintLog: New page: Editor Load
[2018.11.15-01.54.59:157][  0]LocalizationService: Localization service is disabled
[2018.11.15-01.55.03:451][  0]LogFileCache: Scanning file cache for directory 'D:/Users/BrieAnna/Documents/GitHub/AlchemyUnreal/PlayerMovement/Content/' took 0.02s
[2018.11.15-01.55.03:451][  0]LogCook: Display: Max memory allowance for cook 16384mb min free memory 0mb
[2018.11.15-01.55.03:452][  0]LogCook: Display: Mobile HDR setting 1
[2018.11.15-01.55.03:577][  0]LogGameplayTags: Display: UGameplayTagsManager::DoneAddingNativeTags. DelegateIsBound: 0
[2018.11.15-01.55.03:577][  0]LogStats: UGameplayTagsManager::ConstructGameplayTagTree: ImportINI prefixes -  0.000 s
[2018.11.15-01.55.03:577][  0]LogStats: UGameplayTagsManager::ConstructGameplayTagTree: Construct from data asset -  0.000 s
[2018.11.15-01.55.03:578][  0]LogStats: UGameplayTagsManager::ConstructGameplayTagTree: ImportINI -  0.000 s
[2018.11.15-01.55.03:578][  0]LogStats: UGameplayTagsManager::ConstructGameplayTagTree: GameplayTagTreeChangedEvent.Broadcast -  0.000 s
[2018.11.15-01.55.06:404][  0]SourceControl: Source control is disabled
[2018.11.15-01.55.06:424][  0]Cmd: MAP LOAD FILE="../../../../../Users/BrieAnna/Documents/GitHub/AlchemyUnreal/PlayerMovement/Content/StarterContent/Maps/Minimal_Default.umap" TEMPLATE=0 SHOWPROGRESS=1 FEATURELEVEL=3
[2018.11.15-01.55.06:488][  0]LightingResults: New page: Lighting Build
[2018.11.15-01.55.06:656][  0]MapCheck: New page: Map Check
[2018.11.15-01.55.06:657][  0]LightingResults: New page: Lighting Build
[2018.11.15-01.55.11:245][  0]LogAIModule: Creating AISystem for world Minimal_Default
[2018.11.15-01.55.11:810][  0]LogEditorServer: Finished looking for orphan Actors (0.000 secs)
[2018.11.15-01.55.11:966][  0]Cmd: MAP CHECKDEP NOCLEARLOG
[2018.11.15-01.55.12:138][  0]MapCheck: Map check complete: 0 Error(s), 0 Warning(s), took 171.153ms to complete.
[2018.11.15-01.55.12:138][  0]LogFileHelpers: Loading map 'Minimal_Default' took 5.725
[2018.11.15-01.55.13:627][  0]LogSlate: Updating window title bar state: overlay mode, drag disabled, window buttons hidden, title bar hidden
[2018.11.15-01.55.13:653][  0]LogSlate: Updating window title bar state: overlay mode, drag disabled, window buttons hidden, title bar hidden
[2018.11.15-01.55.13:664][  0]LogSlate: Updating window title bar state: overlay mode, drag disabled, window buttons hidden, title bar hidden
[2018.11.15-01.55.13:679][  0]LogSlate: Updating window title bar state: overlay mode, drag disabled, window buttons hidden, title bar hidden
[2018.11.15-01.55.15:162][  0]LogCollectionManager: Loaded 0 collections in 0.003891 seconds
[2018.11.15-01.55.15:494][  0]LogFileCache: Scanning file cache for directory 'D:/Users/BrieAnna/Documents/GitHub/AlchemyUnreal/PlayerMovement/Saved/Collections/' took 0.01s
[2018.11.15-01.55.15:494][  0]LogFileCache: Scanning file cache for directory 'D:/Users/BrieAnna/Documents/GitHub/AlchemyUnreal/PlayerMovement/Content/Developers/BrieAnna/Collections/' took 0.01s
[2018.11.15-01.55.15:494][  0]LogFileCache: Scanning file cache for directory 'D:/Users/BrieAnna/Documents/GitHub/AlchemyUnreal/PlayerMovement/Content/Collections/' took 0.01s
[2018.11.15-01.55.15:494][  0]LogCollectionManager: Rebuilt the GUID cache for 0 collections in 0.000000 seconds
[2018.11.15-01.55.15:528][  0]LogContentBrowser: Native class hierarchy populated in 0.0323 seconds. Added 2575 classes and 605 folders.
[2018.11.15-01.55.15:574][  0]LogContentBrowser: Native class hierarchy updated for 'WidgetCarousel' in 0.0007 seconds. Added 0 classes and 0 folders.
[2018.11.15-01.55.16:741][  0]LogContentBrowser: Native class hierarchy updated for 'AddContentDialog' in 0.0007 seconds. Added 0 classes and 0 folders.
[2018.11.15-01.55.16:963][  0]LogContentBrowser: Native class hierarchy updated for 'SceneOutliner' in 0.0012 seconds. Added 1 classes and 2 folders.
[2018.11.15-01.55.17:679][  0]LogSlate: Took 0.040097 seconds to synchronously load lazily loaded font '../../../Engine/Content/Slate/Fonts/Roboto-Regular.ttf' (155K)
[2018.11.15-01.55.17:745][  0]LogSlate: Took 0.063525 seconds to synchronously load lazily loaded font '../../../Engine/Content/Slate/Fonts/Roboto-Bold.ttf' (160K)
[2018.11.15-01.55.17:949][  0]LogSlate: Took 0.088273 seconds to synchronously load lazily loaded font '../../../Engine/Content/Editor/Slate/Fonts/FontAwesome.ttf' (139K)
[2018.11.15-01.55.18:668][  0]LogRenderer: Reallocating scene render targets to support 900x436 Format 10 NumSamples 1 (Frame:1).
[2018.11.15-01.55.19:632][  0]LogContentBrowser: Native class hierarchy updated for 'HierarchicalLODOutliner' in 0.0015 seconds. Added 0 classes and 0 folders.
[2018.11.15-01.55.19:632][  0]LogLoad: (Engine Initialization) Total time: 105.58 seconds
[2018.11.15-01.55.19:632][  0]LogLoad: (Engine Initialization) Total Blueprint compile time: 0.00 seconds
[2018.11.15-01.55.19:779][  0]LogContentStreaming: Texture pool size now 1000 MB
[2018.11.15-01.55.19:959][  0]LogSlate: Took 0.018339 seconds to synchronously load lazily loaded font '../../../Engine/Content/Slate/Fonts/Roboto-Light.ttf' (167K)
[2018.11.15-01.55.20:305][  3]LogAssetRegistry: Asset discovery search completed in 70.1202 seconds
[2018.11.15-01.55.20:309][  3]LogCollectionManager: Rebuilt the object cache for 0 collections in 0.000000 seconds (found 0 objects)
[2018.11.15-01.55.20:309][  3]LogCollectionManager: Fixed up redirectors for 0 collections in 0.000156 seconds (updated 0 objects)
[2018.11.15-01.55.25:996][269]LogSlate: FSceneViewport::OnFocusLost() reason 0
[2018.11.15-01.55.27:523][395]LogSlate: Took 0.000492 seconds to synchronously load lazily loaded font '../../../Engine/Content/Slate/Fonts/Roboto-Light.ttf' (167K)
[2018.11.15-01.55.27:933][395]LogAIModule: Creating AISystem for world PlayerMovementTest
[2018.11.15-01.55.28:021][395]LogAssetEditorManager: Opening Asset editor for World /Game/Levels/PlayerMovementTest.PlayerMovementTest
[2018.11.15-01.55.28:086][395]Cmd: MAP LOAD FILE="../../../../../Users/BrieAnna/Documents/GitHub/AlchemyUnreal/PlayerMovement/Content/Levels/PlayerMovementTest.umap" TEMPLATE=0 SHOWPROGRESS=1 FEATURELEVEL=3
[2018.11.15-01.55.28:086][395]LightingResults: New page: Lighting Build
[2018.11.15-01.55.28:086][395]LoadErrors: New page: Loading map: PlayerMovementTest.umap
[2018.11.15-01.55.28:087][395]MapCheck: New page: Map Check
[2018.11.15-01.55.28:087][395]LightingResults: New page: Lighting Build
[2018.11.15-01.55.28:159][395]LogEditorServer: Finished looking for orphan Actors (0.000 secs)
[2018.11.15-01.55.28:229][395]Cmd: MAP CHECKDEP NOCLEARLOG
[2018.11.15-01.55.28:410][395]MapCheck: Map check complete: 0 Error(s), 0 Warning(s), took 181.021ms to complete.
[2018.11.15-01.55.28:410][395]LogFileHelpers: Loading map 'PlayerMovementTest' took 0.326
[2018.11.15-01.55.33:922][930]LogTemp: Repeating last play command: Selected Viewport
[2018.11.15-01.55.33:987][930]LogPlayLevel: PlayLevel: No blueprints needed recompiling
[2018.11.15-01.55.34:030][930]PIE: New page: PIE session: PlayerMovementTest (Nov 14, 2018, 1:55:34 PM)
[2018.11.15-01.55.34:030][930]LogPlayLevel: Creating play world package: /Game/Levels/UEDPIE_0_PlayerMovementTest
[2018.11.15-01.55.34:070][930]LogPlayLevel: PIE: StaticDuplicateObject took: (0.039912s)
[2018.11.15-01.55.34:077][930]LogAIModule: Creating AISystem for world PlayerMovementTest
[2018.11.15-01.55.34:078][930]LogPlayLevel: PIE: World Init took: (0.007019s)
[2018.11.15-01.55.34:078][930]LogPlayLevel: PIE: Created PIE world by copying editor world from /Game/Levels/PlayerMovementTest.PlayerMovementTest to /Game/Levels/UEDPIE_0_PlayerMovementTest.PlayerMovementTest (0.047880s)
[2018.11.15-01.55.34:134][930]LogInit: XAudio2 using 'Speakers (Sound Blaster Recon3Di)' : 2 channels at 48 kHz using 32 bits per sample (channel mask 0x3)
[2018.11.15-01.55.34:149][930]LogInit: FAudioDevice initialized.
[2018.11.15-01.55.34:203][930]LogUObjectGlobals: Warning: Failed to find object 'Class /Script/PlayerMovement.PlayerMovementGameMode'
[2018.11.15-01.55.34:203][930]LogLoad: Game class is 'GameModeBase'
[2018.11.15-01.55.34:205][930]LogWorld: Bringing World /Game/Levels/UEDPIE_0_PlayerMovementTest.PlayerMovementTest up for play (max tick rate 0) at 2018.11.14-19.55.34
[2018.11.15-01.55.34:217][930]LogWorld: Bringing up level for play took: 0.012684
[2018.11.15-01.55.34:239][930]LogOutputDevice: Warning: 

Script Stack:
PlayerController.ClientRestart

[2018.11.15-01.55.38:377][930]LogStats: FPlatformStackWalk::StackWalkAndDump -  4.137 s
[2018.11.15-01.55.38:377][930]LogOutputDevice: Error: === Handled ensure: ===
[2018.11.15-01.55.38:377][930]LogOutputDevice: Error: 
[2018.11.15-01.55.38:377][930]LogOutputDevice: Error: Ensure condition failed: AxisKey.IsFloatAxis() [File:D:\Build\++UE4\Sync\Engine\Source\Runtime\Engine\Classes\Components/InputComponent.h] [Line: 469]
[2018.11.15-01.55.38:377][930]LogOutputDevice: Error: 
[2018.11.15-01.55.38:377][930]LogOutputDevice: Error: Stack: 
[2018.11.15-01.55.38:377][930]LogOutputDevice: Error: [Callstack] 0x00007ffec19271f6 UE4Editor-Core.dll!UnknownFunction []
[2018.11.15-01.55.38:377][930]LogOutputDevice: Error: [Callstack] 0x00007ffec1660c92 UE4Editor-Core.dll!UnknownFunction []
[2018.11.15-01.55.38:377][930]LogOutputDevice: Error: [Callstack] 0x00007ffec167b356 UE4Editor-Core.dll!UnknownFunction []
[2018.11.15-01.55.38:377][930]LogOutputDevice: Error: [Callstack] 0x00007ffea098cd8c UE4Editor-Engine.dll!UnknownFunction []
[2018.11.15-01.55.38:377][930]LogOutputDevice: Error: [Callstack] 0x00007ffe950c3ac9 UE4Editor-PlayerMovement-8741.dll!APawnPlayerMove::SetupPlayerInputComponent() [d:\users\brieanna\documents\github\alchemyunreal\playermovement\source\playermovement\pawnplayermove.cpp:121]
[2018.11.15-01.55.38:377][930]LogOutputDevice: Error: [Callstack] 0x00007ffea1757bcc UE4Editor-Engine.dll!UnknownFunction []
[2018.11.15-01.55.38:377][930]LogOutputDevice: Error: [Callstack] 0x00007ffea17fd3af UE4Editor-Engine.dll!UnknownFunction []
[2018.11.15-01.55.38:377][930]LogOutputDevice: Error: [Callstack] 0x00007ffea09c36d6 UE4Editor-Engine.dll!UnknownFunction []
[2018.11.15-01.55.38:377][930]LogOutputDevice: Error: [Callstack] 0x00007ffec6546467 UE4Editor-CoreUObject.dll!UnknownFunction []
[2018.11.15-01.55.38:378][930]LogOutputDevice: Error: [Callstack] 0x00007ffec6771133 UE4Editor-CoreUObject.dll!UnknownFunction []
[2018.11.15-01.55.38:378][930]LogOutputDevice: Error: [Callstack] 0x00007ffea0a78033 UE4Editor-Engine.dll!UnknownFunction []
[2018.11.15-01.55.38:378][930]LogOutputDevice: Error: [Callstack] 0x00007ffea1f78dc9 UE4Editor-Engine.dll!UnknownFunction []
[2018.11.15-01.55.38:378][930]LogOutputDevice: Error: [Callstack] 0x00007ffea181e2c3 UE4Editor-Engine.dll!UnknownFunction []
[2018.11.15-01.55.38:378][930]LogOutputDevice: Error: [Callstack] 0x00007ffea13213c7 UE4Editor-Engine.dll!UnknownFunction []
[2018.11.15-01.55.38:378][930]LogOutputDevice: Error: [Callstack] 0x00007ffea18137b9 UE4Editor-Engine.dll!UnknownFunction []
[2018.11.15-01.55.38:378][930]LogOutputDevice: Error: [Callstack] 0x00007ffea182d33c UE4Editor-Engine.dll!UnknownFunction []
[2018.11.15-01.55.38:378][930]LogOutputDevice: Error: [Callstack] 0x00007ffea13c112e UE4Editor-Engine.dll!UnknownFunction []
[2018.11.15-01.55.38:378][930]LogOutputDevice: Error: [Callstack] 0x00007ffea13c08ac UE4Editor-Engine.dll!UnknownFunction []
[2018.11.15-01.55.38:378][930]LogOutputDevice: Error: [Callstack] 0x00007ffea1181ec5 UE4Editor-Engine.dll!UnknownFunction []
[2018.11.15-01.55.38:378][930]LogOutputDevice: Error: [Callstack] 0x00007ffebb69f989 UE4Editor-UnrealEd.dll!UnknownFunction []
[2018.11.15-01.55.38:378][930]LogOutputDevice: Error: [Callstack] 0x00007ffebb6c01ac UE4Editor-UnrealEd.dll!UnknownFunction []
[2018.11.15-01.55.38:378][930]LogOutputDevice: Error: [Callstack] 0x00007ffebb6de536 UE4Editor-UnrealEd.dll!UnknownFunction []
[2018.11.15-01.55.38:378][930]LogOutputDevice: Error: [Callstack] 0x00007ffebb0f6b41 UE4Editor-UnrealEd.dll!UnknownFunction []
[2018.11.15-01.55.38:378][930]LogOutputDevice: Error: [Callstack] 0x00007ffebb9ef666 UE4Editor-UnrealEd.dll!UnknownFunction []
[2018.11.15-01.55.38:378][930]LogOutputDevice: Error: [Callstack] 0x00007ff64fdf5cbd UE4Editor.exe!UnknownFunction []
[2018.11.15-01.55.38:379][930]LogOutputDevice: Error: [Callstack] 0x00007ff64fe05b3c UE4Editor.exe!UnknownFunction []
[2018.11.15-01.55.38:379][930]LogOutputDevice: Error: [Callstack] 0x00007ff64fe05bba UE4Editor.exe!UnknownFunction []
[2018.11.15-01.55.38:379][930]LogOutputDevice: Error: [Callstack] 0x00007ff64fe13dac UE4Editor.exe!UnknownFunction []
[2018.11.15-01.55.38:379][930]LogOutputDevice: Error: [Callstack] 0x00007ff64fe15aaa UE4Editor.exe!UnknownFunction []
[2018.11.15-01.55.38:379][930]LogOutputDevice: Error: [Callstack] 0x00007fff092c3034 KERNEL32.DLL!UnknownFunction []
[2018.11.15-01.55.38:379][930]LogOutputDevice: Error: [Callstack] 0x00007fff0b8e1461 ntdll.dll!UnknownFunction []
[2018.11.15-01.55.38:379][930]LogOutputDevice: Error: 
[2018.11.15-01.55.38:386][930]LogStats:                SubmitErrorReport -  0.000 s
[2018.11.15-01.55.39:839][930]LogStats:                    SendNewReport -  1.453 s
[2018.11.15-01.55.39:839][930]LogStats:             FDebug::EnsureFailed -  5.600 s
[2018.11.15-01.55.39:839][930]LogOutputDevice: Warning: 

Script Stack:
PlayerController.ClientRestart

[2018.11.15-01.55.40:618][930]LogStats: FPlatformStackWalk::StackWalkAndDump -  0.779 s
[2018.11.15-01.55.40:619][930]LogOutputDevice: Error: === Handled ensure: ===
[2018.11.15-01.55.40:619][930]LogOutputDevice: Error: 
[2018.11.15-01.55.40:619][930]LogOutputDevice: Error: Ensure condition failed: AxisKey.IsFloatAxis() [File:D:\Unreal\UE_4.20\Engine\Source\Runtime\Engine\Classes\Components/InputComponent.h] [Line: 469]
[2018.11.15-01.55.40:619][930]LogOutputDevice: Error: 
[2018.11.15-01.55.40:619][930]LogOutputDevice: Error: Stack: 
[2018.11.15-01.55.40:619][930]LogOutputDevice: Error: [Callstack] 0x00007ffec19271f6 UE4Editor-Core.dll!UnknownFunction []
[2018.11.15-01.55.40:619][930]LogOutputDevice: Error: [Callstack] 0x00007ffec1660c92 UE4Editor-Core.dll!UnknownFunction []
[2018.11.15-01.55.40:619][930]LogOutputDevice: Error: [Callstack] 0x00007ffec167b356 UE4Editor-Core.dll!UnknownFunction []
[2018.11.15-01.55.40:619][930]LogOutputDevice: Error: [Callstack] 0x00007ffe950c26af UE4Editor-PlayerMovement-8741.dll!FInputAxisKeyBinding::FInputAxisKeyBinding() [d:\unreal\ue_4.20\engine\source\runtime\engine\classes\components\inputcomponent.h:469]
[2018.11.15-01.55.40:619][930]LogOutputDevice: Error: [Callstack] 0x00007ffe950c1e00 UE4Editor-PlayerMovement-8741.dll!UInputComponent::BindAxisKey<APawnPlayerMove>() [d:\unreal\ue_4.20\engine\source\runtime\engine\classes\components\inputcomponent.h:816]
[2018.11.15-01.55.40:619][930]LogOutputDevice: Error: [Callstack] 0x00007ffe950c3c06 UE4Editor-PlayerMovement-8741.dll!APawnPlayerMove::SetupPlayerInputComponent() [d:\users\brieanna\documents\github\alchemyunreal\playermovement\source\playermovement\pawnplayermove.cpp:128]
[2018.11.15-01.55.40:619][930]LogOutputDevice: Error: [Callstack] 0x00007ffea1757bcc UE4Editor-Engine.dll!UnknownFunction []
[2018.11.15-01.55.40:619][930]LogOutputDevice: Error: [Callstack] 0x00007ffea17fd3af UE4Editor-Engine.dll!UnknownFunction []
[2018.11.15-01.55.40:620][930]LogOutputDevice: Error: [Callstack] 0x00007ffea09c36d6 UE4Editor-Engine.dll!UnknownFunction []
[2018.11.15-01.55.40:620][930]LogOutputDevice: Error: [Callstack] 0x00007ffec6546467 UE4Editor-CoreUObject.dll!UnknownFunction []
[2018.11.15-01.55.40:620][930]LogOutputDevice: Error: [Callstack] 0x00007ffec6771133 UE4Editor-CoreUObject.dll!UnknownFunction []
[2018.11.15-01.55.40:620][930]LogOutputDevice: Error: [Callstack] 0x00007ffea0a78033 UE4Editor-Engine.dll!UnknownFunction []
[2018.11.15-01.55.40:620][930]LogOutputDevice: Error: [Callstack] 0x00007ffea1f78dc9 UE4Editor-Engine.dll!UnknownFunction []
[2018.11.15-01.55.40:620][930]LogOutputDevice: Error: [Callstack] 0x00007ffea181e2c3 UE4Editor-Engine.dll!UnknownFunction []
[2018.11.15-01.55.40:620][930]LogOutputDevice: Error: [Callstack] 0x00007ffea13213c7 UE4Editor-Engine.dll!UnknownFunction []
[2018.11.15-01.55.40:620][930]LogOutputDevice: Error: [Callstack] 0x00007ffea18137b9 UE4Editor-Engine.dll!UnknownFunction []
[2018.11.15-01.55.40:620][930]LogOutputDevice: Error: [Callstack] 0x00007ffea182d33c UE4Editor-Engine.dll!UnknownFunction []
[2018.11.15-01.55.40:620][930]LogOutputDevice: Error: [Callstack] 0x00007ffea13c112e UE4Editor-Engine.dll!UnknownFunction []
[2018.11.15-01.55.40:620][930]LogOutputDevice: Error: [Callstack] 0x00007ffea13c08ac UE4Editor-Engine.dll!UnknownFunction []
[2018.11.15-01.55.40:620][930]LogOutputDevice: Error: [Callstack] 0x00007ffea1181ec5 UE4Editor-Engine.dll!UnknownFunction []
[2018.11.15-01.55.40:620][930]LogOutputDevice: Error: [Callstack] 0x00007ffebb69f989 UE4Editor-UnrealEd.dll!UnknownFunction []
[2018.11.15-01.55.40:620][930]LogOutputDevice: Error: [Callstack] 0x00007ffebb6c01ac UE4Editor-UnrealEd.dll!UnknownFunction []
[2018.11.15-01.55.40:620][930]LogOutputDevice: Error: [Callstack] 0x00007ffebb6de536 UE4Editor-UnrealEd.dll!UnknownFunction []
[2018.11.15-01.55.40:620][930]LogOutputDevice: Error: [Callstack] 0x00007ffebb0f6b41 UE4Editor-UnrealEd.dll!UnknownFunction []
[2018.11.15-01.55.40:621][930]LogOutputDevice: Error: [Callstack] 0x00007ffebb9ef666 UE4Editor-UnrealEd.dll!UnknownFunction []
[2018.11.15-01.55.40:621][930]LogOutputDevice: Error: [Callstack] 0x00007ff64fdf5cbd UE4Editor.exe!UnknownFunction []
[2018.11.15-01.55.40:621][930]LogOutputDevice: Error: [Callstack] 0x00007ff64fe05b3c UE4Editor.exe!UnknownFunction []
[2018.11.15-01.55.40:621][930]LogOutputDevice: Error: [Callstack] 0x00007ff64fe05bba UE4Editor.exe!UnknownFunction []
[2018.11.15-01.55.40:621][930]LogOutputDevice: Error: [Callstack] 0x00007ff64fe13dac UE4Editor.exe!UnknownFunction []
[2018.11.15-01.55.40:621][930]LogOutputDevice: Error: [Callstack] 0x00007ff64fe15aaa UE4Editor.exe!UnknownFunction []
[2018.11.15-01.55.40:621][930]LogOutputDevice: Error: [Callstack] 0x00007fff092c3034 KERNEL32.DLL!UnknownFunction []
[2018.11.15-01.55.40:621][930]LogOutputDevice: Error: [Callstack] 0x00007fff0b8e1461 ntdll.dll!UnknownFunction []
[2018.11.15-01.55.40:621][930]LogOutputDevice: Error: 
[2018.11.15-01.55.40:632][930]LogStats:                SubmitErrorReport -  0.000 s
[2018.11.15-01.55.41:666][930]LogStats:                    SendNewReport -  1.035 s
[2018.11.15-01.55.41:666][930]LogStats:             FDebug::EnsureFailed -  1.827 s
[2018.11.15-01.55.41:679][930]LogContentBrowser: Native class hierarchy updated for 'MovieSceneCapture' in 0.0008 seconds. Added 10 classes and 0 folders.
[2018.11.15-01.55.41:681][930]PIE: Play in editor start time for /Game/Levels/UEDPIE_0_PlayerMovementTest 8.002
[2018.11.15-01.56.02:624][ 90]LogSlate: Updating window title bar state: overlay mode, drag disabled, window buttons hidden, title bar hidden
[2018.11.15-01.56.02:678][ 90]LogPlayLevel: Display: Shutting down PIE online subsystems
[2018.11.15-01.56.02:734][ 90]LogSlate: Updating window title bar state: overlay mode, drag disabled, window buttons hidden, title bar hidden
[2018.11.15-01.56.02:775][ 91]LogPlayLevel: Display: Destroying online subsystem :Context_1
[2018.11.15-01.56.05:619][376]LogSlate: FSceneViewport::OnFocusLost() reason 0
[2018.11.15-01.56.20:969][891]LogEditorViewport: Clicking on Actor (LMB): PawnPlayerMove (PawnPlayerMove1)
[2018.11.15-01.56.23:858][ 81]LogSlate: FSceneViewport::OnFocusLost() reason 0
[2018.11.15-01.56.32:645][951]LogSlate: Took 0.017667 seconds to synchronously load lazily loaded font '../../../Engine/Content/Slate/Fonts/Roboto-Italic.ttf' (157K)
[2018.11.15-01.56.42:997][898]LogEditorViewport: Clicking on Actor (LMB): BP_Sky_Sphere_C (Sky Sphere)
[2018.11.15-01.56.45:208][106]LogSlate: FSceneViewport::OnFocusLost() reason 0
[2018.11.15-01.56.53:290][920]LogSlate: FSceneViewport::OnFocusLost() reason 0
[2018.11.15-01.57.37:337][405]LogTemp: Repeating last play command: Selected Viewport
[2018.11.15-01.57.37:354][405]LogPlayLevel: PlayLevel: No blueprints needed recompiling
[2018.11.15-01.57.37:354][405]PIE: New page: PIE session: PlayerMovementTest (Nov 14, 2018, 1:57:37 PM)
[2018.11.15-01.57.37:355][405]LogPlayLevel: Creating play world package: /Game/Levels/UEDPIE_0_PlayerMovementTest
[2018.11.15-01.57.37:359][405]LogPlayLevel: PIE: StaticDuplicateObject took: (0.004422s)
[2018.11.15-01.57.37:360][405]LogAIModule: Creating AISystem for world PlayerMovementTest
[2018.11.15-01.57.37:360][405]LogPlayLevel: PIE: World Init took: (0.001252s)
[2018.11.15-01.57.37:360][405]LogPlayLevel: PIE: Created PIE world by copying editor world from /Game/Levels/PlayerMovementTest.PlayerMovementTest to /Game/Levels/UEDPIE_0_PlayerMovementTest.PlayerMovementTest (0.005854s)
[2018.11.15-01.57.37:430][405]LogInit: XAudio2 using 'Speakers (Sound Blaster Recon3Di)' : 2 channels at 48 kHz using 32 bits per sample (channel mask 0x3)
[2018.11.15-01.57.37:447][405]LogInit: FAudioDevice initialized.
[2018.11.15-01.57.37:479][405]LogLoad: Game class is 'GameModeBase'
[2018.11.15-01.57.37:480][405]LogWorld: Bringing World /Game/Levels/UEDPIE_0_PlayerMovementTest.PlayerMovementTest up for play (max tick rate 0) at 2018.11.14-19.57.37
[2018.11.15-01.57.37:481][405]LogWorld: Bringing up level for play took: 0.001006
[2018.11.15-01.57.37:494][405]PIE: Play in editor start time for /Game/Levels/UEDPIE_0_PlayerMovementTest -0.186
[2018.11.15-01.57.39:976][651]LogSlate: Updating window title bar state: overlay mode, drag disabled, window buttons hidden, title bar hidden
[2018.11.15-01.57.40:017][651]LogPlayLevel: Display: Shutting down PIE online subsystems
[2018.11.15-01.57.40:069][651]LogSlate: Updating window title bar state: overlay mode, drag disabled, window buttons hidden, title bar hidden
[2018.11.15-01.57.40:086][652]LogPlayLevel: Display: Destroying online subsystem :Context_3
[2018.11.15-01.57.41:572][794]LogEditorViewport: Clicking on Actor (LMB): PawnPlayerMove (PawnPlayerMove1)
[2018.11.15-01.57.45:136][160]LogSlate: FSceneViewport::OnFocusLost() reason 0
[2018.11.15-01.57.54:294][176]LogTemp: Repeating last play command: Selected Viewport
[2018.11.15-01.57.54:308][176]LogPlayLevel: PlayLevel: No blueprints needed recompiling
[2018.11.15-01.57.54:309][176]PIE: New page: PIE session: PlayerMovementTest (Nov 14, 2018, 1:57:54 PM)
[2018.11.15-01.57.54:309][176]LogPlayLevel: Creating play world package: /Game/Levels/UEDPIE_0_PlayerMovementTest
[2018.11.15-01.57.54:312][176]LogPlayLevel: PIE: StaticDuplicateObject took: (0.002980s)
[2018.11.15-01.57.54:313][176]LogAIModule: Creating AISystem for world PlayerMovementTest
[2018.11.15-01.57.54:313][176]LogPlayLevel: PIE: World Init took: (0.001230s)
[2018.11.15-01.57.54:313][176]LogPlayLevel: PIE: Created PIE world by copying editor world from /Game/Levels/PlayerMovementTest.PlayerMovementTest to /Game/Levels/UEDPIE_0_PlayerMovementTest.PlayerMovementTest (0.004370s)
[2018.11.15-01.57.54:369][176]LogInit: XAudio2 using 'Speakers (Sound Blaster Recon3Di)' : 2 channels at 48 kHz using 32 bits per sample (channel mask 0x3)
[2018.11.15-01.57.54:382][176]LogInit: FAudioDevice initialized.
[2018.11.15-01.57.54:417][176]LogLoad: Game class is 'GameModeBase'
[2018.11.15-01.57.54:419][176]LogWorld: Bringing World /Game/Levels/UEDPIE_0_PlayerMovementTest.PlayerMovementTest up for play (max tick rate 0) at 2018.11.14-19.57.54
[2018.11.15-01.57.54:419][176]LogWorld: Bringing up level for play took: 0.000913
[2018.11.15-01.57.54:433][176]PIE: Play in editor start time for /Game/Levels/UEDPIE_0_PlayerMovementTest 0.753
[2018.11.15-01.58.09:966][889]LogSlate: Updating window title bar state: overlay mode, drag disabled, window buttons hidden, title bar hidden
[2018.11.15-01.58.10:008][889]LogPlayLevel: Display: Shutting down PIE online subsystems
[2018.11.15-01.58.10:035][889]LogSlate: Updating window title bar state: overlay mode, drag disabled, window buttons hidden, title bar hidden
[2018.11.15-01.58.10:065][891]LogPlayLevel: Display: Destroying online subsystem :Context_4
[2018.11.15-01.58.12:398][146]LogSlate: FSceneViewport::OnFocusLost() reason 0
[2018.11.15-01.58.12:450][152]LogTemp: Repeating last play command: Selected Viewport
[2018.11.15-01.58.12:466][152]LogPlayLevel: PlayLevel: No blueprints needed recompiling
[2018.11.15-01.58.12:466][152]PIE: New page: PIE session: PlayerMovementTest (Nov 14, 2018, 1:58:12 PM)
[2018.11.15-01.58.12:466][152]LogPlayLevel: Creating play world package: /Game/Levels/UEDPIE_0_PlayerMovementTest
[2018.11.15-01.58.12:470][152]LogPlayLevel: PIE: StaticDuplicateObject took: (0.003191s)
[2018.11.15-01.58.12:470][152]LogAIModule: Creating AISystem for world PlayerMovementTest
[2018.11.15-01.58.12:471][152]LogPlayLevel: PIE: World Init took: (0.001049s)
[2018.11.15-01.58.12:471][152]LogPlayLevel: PIE: Created PIE world by copying editor world from /Game/Levels/PlayerMovementTest.PlayerMovementTest to /Game/Levels/UEDPIE_0_PlayerMovementTest.PlayerMovementTest (0.004417s)
[2018.11.15-01.58.12:501][152]LogInit: XAudio2 using 'Speakers (Sound Blaster Recon3Di)' : 2 channels at 48 kHz using 32 bits per sample (channel mask 0x3)
[2018.11.15-01.58.12:514][152]LogInit: FAudioDevice initialized.
[2018.11.15-01.58.12:543][152]LogLoad: Game class is 'GameModeBase'
[2018.11.15-01.58.12:546][152]LogWorld: Bringing World /Game/Levels/UEDPIE_0_PlayerMovementTest.PlayerMovementTest up for play (max tick rate 0) at 2018.11.14-19.58.12
[2018.11.15-01.58.12:546][152]LogWorld: Bringing up level for play took: 0.000940
[2018.11.15-01.58.12:558][152]PIE: Play in editor start time for /Game/Levels/UEDPIE_0_PlayerMovementTest 0.879
[2018.11.15-01.58.35:246][672]LogSlate: Updating window title bar state: overlay mode, drag disabled, window buttons hidden, title bar hidden
[2018.11.15-01.58.35:283][672]LogPlayLevel: Display: Shutting down PIE online subsystems
[2018.11.15-01.58.35:313][672]LogSlate: Updating window title bar state: overlay mode, drag disabled, window buttons hidden, title bar hidden
[2018.11.15-01.58.35:347][675]LogPlayLevel: Display: Destroying online subsystem :Context_5
[2018.11.15-01.58.39:444][ 98]LogSlate: FSceneViewport::OnFocusLost() reason 2
[2018.11.15-01.58.40:957][250]LogSlate: FSceneViewport::OnFocusLost() reason 2
[2018.11.15-01.58.41:254][250]LogSavePackage: Moving '../../../../../Users/BrieAnna/Documents/GitHub/AlchemyUnreal/PlayerMovement/Saved/PlayerMovementTest704B53AC4D4C100104E5C4B627F9C2F2.tmp' to '../../../../../Users/BrieAnna/Documents/GitHub/AlchemyUnreal/PlayerMovement/Content/Levels/PlayerMovementTest.umap'
[2018.11.15-01.58.41:372][250]LogFileHelpers: Saving map 'PlayerMovementTest' took 0.394
[2018.11.15-01.58.42:978][389]LogSlate: FSceneViewport::OnFocusLost() reason 0
[2018.11.15-01.58.43:099][393]LogSlate: Window 'PlayerMovement - Unreal Editor' being destroyed
[2018.11.15-01.58.43:100][393]LogWindowsTextInputMethodSystem: Display: IME system now deactivated.
[2018.11.15-01.58.43:318][394]Cmd: QUIT_EDITOR
[2018.11.15-01.58.43:982][394]LogExit: Preparing to exit.
[2018.11.15-01.58.44:996][394]LogExit: Editor shut down
[2018.11.15-01.58.44:997][394]LogExit: Transaction tracking system shut down
[2018.11.15-01.58.45:462][394]LogExit: Object subsystem successfully closed.
[2018.11.15-01.58.45:486][394]LogShaderCompilers: Display: Shaders left to compile 0
[2018.11.15-01.58.45:492][394]LogD3D11RHI: Shutdown
[2018.11.15-01.58.45:492][394]LogD3D11RHI: CleanupD3DDevice
[2018.11.15-01.58.45:495][394]LogD3D11RHI: ~FD3D11DynamicRHI
[2018.11.15-01.58.45:524][394]LogModuleManager: Shutting down and abandoning module MovieSceneCapture (616)
[2018.11.15-01.58.45:524][394]LogModuleManager: Shutting down and abandoning module Voice (614)
[2018.11.15-01.58.45:524][394]LogModuleManager: Shutting down and abandoning module HierarchicalLODOutliner (612)
[2018.11.15-01.58.45:524][394]LogModuleManager: Shutting down and abandoning module SceneOutliner (610)
[2018.11.15-01.58.45:524][394]LogModuleManager: Shutting down and abandoning module AddContentDialog (608)
[2018.11.15-01.58.45:525][394]LogModuleManager: Shutting down and abandoning module WidgetCarousel (607)
[2018.11.15-01.58.45:525][394]LogModuleManager: Shutting down and abandoning module EditorWidgets (604)
[2018.11.15-01.58.45:525][394]LogModuleManager: Shutting down and abandoning module CollectionManager (602)
[2018.11.15-01.58.45:525][394]LogModuleManager: Shutting down and abandoning module StatsViewer (600)
[2018.11.15-01.58.45:525][394]LogModuleManager: Shutting down and abandoning module FoliageEdit (598)
[2018.11.15-01.58.45:525][394]LogModuleManager: Shutting down and abandoning module LandscapeEditor (596)
[2018.11.15-01.58.45:525][394]LogModuleManager: Shutting down and abandoning module MeshPaintMode (594)
[2018.11.15-01.58.45:526][394]LogModuleManager: Shutting down and abandoning module SceneDepthPickerMode (592)
[2018.11.15-01.58.45:526][394]LogModuleManager: Shutting down and abandoning module ActorPickerMode (590)
[2018.11.15-01.58.45:526][394]LogModuleManager: Shutting down and abandoning module GeometryMode (588)
[2018.11.15-01.58.45:526][394]LogModuleManager: Shutting down and abandoning module TextureAlignMode (586)
[2018.11.15-01.58.45:526][394]LogModuleManager: Shutting down and abandoning module BspMode (584)
[2018.11.15-01.58.45:526][394]LogModuleManager: Shutting down and abandoning module PIEPreviewDeviceProfileSelector (582)
[2018.11.15-01.58.45:526][394]LogModuleManager: Shutting down and abandoning module SequenceRecorderSections (580)
[2018.11.15-01.58.45:526][394]LogModuleManager: Shutting down and abandoning module AutomationWorker (578)
[2018.11.15-01.58.45:526][394]LogModuleManager: Shutting down and abandoning module AudioCaptureEditor (576)
[2018.11.15-01.58.45:526][394]LogModuleManager: Shutting down and abandoning module SequenceRecorder (575)
[2018.11.15-01.58.45:526][394]LogModuleManager: Shutting down and abandoning module MatineeToLevelSequence (572)
[2018.11.15-01.58.45:526][394]LogModuleManager: Shutting down and abandoning module LevelSequenceEditor (570)
[2018.11.15-01.58.45:526][394]LogModuleManager: Shutting down and abandoning module PlacementMode (569)
[2018.11.15-01.58.45:526][394]LogModuleManager: Shutting down and abandoning module MaterialEditor (568)
[2018.11.15-01.58.45:526][394]LogModuleManager: Shutting down and abandoning module WmfMediaFactory (564)
[2018.11.15-01.58.45:526][394]LogModuleManager: Shutting down and abandoning module WmfMediaEditor (562)
[2018.11.15-01.58.45:526][394]LogModuleManager: Shutting down and abandoning module MediaPlayerEditor (560)
[2018.11.15-01.58.45:527][394]LogModuleManager: Shutting down and abandoning module OpenExrWrapper (558)
[2018.11.15-01.58.45:527][394]LogModuleManager: Shutting down and abandoning module ImgMediaFactory (556)
[2018.11.15-01.58.45:527][394]LogModuleManager: Shutting down and abandoning module ImgMediaEditor (554)
[2018.11.15-01.58.45:527][394]LogModuleManager: Shutting down and abandoning module AvfMediaFactory (552)
[2018.11.15-01.58.45:527][394]LogModuleManager: Shutting down and abandoning module AvfMediaEditor (550)
[2018.11.15-01.58.45:527][394]LogModuleManager: Shutting down and abandoning module AndroidMediaFactory (548)
[2018.11.15-01.58.45:527][394]LogModuleManager: Shutting down and abandoning module AndroidMediaEditor (546)
[2018.11.15-01.58.45:527][394]LogModuleManager: Shutting down and abandoning module MagicLeapCameraPreviewFactory (544)
[2018.11.15-01.58.45:527][394]LogModuleManager: Shutting down and abandoning module MagicLeapMediaFactory (542)
[2018.11.15-01.58.45:527][394]LogModuleManager: Shutting down and abandoning module MagicLeapMediaEditor (540)
[2018.11.15-01.58.45:527][394]LogModuleManager: Shutting down and abandoning module CharacterAI (538)
[2018.11.15-01.58.45:527][394]LogModuleManager: Shutting down and abandoning module SmartSnapping (536)
[2018.11.15-01.58.45:527][394]LogModuleManager: Shutting down and abandoning module SessionServices (534)
[2018.11.15-01.58.45:527][394]LogModuleManager: Shutting down and abandoning module ViewportSnapping (532)
[2018.11.15-01.58.45:527][394]LogModuleManager: Shutting down and abandoning module ViewportInteraction (530)
[2018.11.15-01.58.45:527][394]LogModuleManager: Shutting down and abandoning module ClothPainter (528)
[2018.11.15-01.58.45:527][394]LogModuleManager: Shutting down and abandoning module SkeletalMeshEditor (527)
[2018.11.15-01.58.45:527][394]LogModuleManager: Shutting down and abandoning module LogVisualizer (524)
[2018.11.15-01.58.45:527][394]LogModuleManager: Shutting down and abandoning module IntroTutorials (522)
[2018.11.15-01.58.45:527][394]LogModuleManager: Shutting down and abandoning module GameProjectGeneration (521)
[2018.11.15-01.58.45:528][394]LogModuleManager: Shutting down and abandoning module LuminPlatformEditor (518)
[2018.11.15-01.58.45:528][394]LogModuleManager: Shutting down and abandoning module IOSPlatformEditor (516)
[2018.11.15-01.58.45:528][394]LogModuleManager: Shutting down and abandoning module HTML5PlatformEditor (514)
[2018.11.15-01.58.45:528][394]LogModuleManager: Shutting down and abandoning module AndroidPlatformEditor (512)
[2018.11.15-01.58.45:528][394]LogModuleManager: Shutting down and abandoning module AndroidDeviceDetection (511)
[2018.11.15-01.58.46:941][394]LogModuleManager: Shutting down and abandoning module WindowsPlatformEditor (508)
[2018.11.15-01.58.46:941][394]LogModuleManager: Shutting down and abandoning module LuminRuntimeSettings (506)
[2018.11.15-01.58.46:941][394]LogModuleManager: Shutting down and abandoning module IOSRuntimeSettings (504)
[2018.11.15-01.58.46:941][394]LogModuleManager: Shutting down and abandoning module AndroidRuntimeSettings (502)
[2018.11.15-01.58.46:941][394]LogModuleManager: Shutting down and abandoning module InputBindingEditor (500)
[2018.11.15-01.58.46:941][394]LogModuleManager: Shutting down and abandoning module MergeActors (498)
[2018.11.15-01.58.46:941][394]LogModuleManager: Shutting down and abandoning module LocalizationDashboard (496)
[2018.11.15-01.58.46:941][394]LogModuleManager: Shutting down and abandoning module LocalizationService (495)
[2018.11.15-01.58.46:941][394]LogModuleManager: Shutting down and abandoning module HardwareTargeting (492)
[2018.11.15-01.58.46:942][394]LogModuleManager: Shutting down and abandoning module DeviceProfileEditor (490)
[2018.11.15-01.58.46:942][394]LogModuleManager: Shutting down and abandoning module UndoHistory (488)
[2018.11.15-01.58.46:942][394]LogModuleManager: Shutting down and abandoning module XmlParser (486)
[2018.11.15-01.58.46:942][394]LogModuleManager: Shutting down and abandoning module Blutility (484)
[2018.11.15-01.58.46:942][394]LogModuleManager: Shutting down and abandoning module ProjectSettingsViewer (482)
[2018.11.15-01.58.46:942][394]LogModuleManager: Shutting down and abandoning module ProjectTargetPlatformEditor (481)
[2018.11.15-01.58.46:942][394]LogModuleManager: Shutting down and abandoning module EditorSettingsViewer (478)
[2018.11.15-01.58.46:943][394]LogModuleManager: Shutting down and abandoning module SettingsEditor (476)
[2018.11.15-01.58.46:943][394]LogModuleManager: Shutting down and abandoning module ProjectLauncher (474)
[2018.11.15-01.58.46:943][394]LogModuleManager: Shutting down and abandoning module SessionFrontend (472)
[2018.11.15-01.58.46:943][394]LogModuleManager: Shutting down and abandoning module ProfilerClient (470)
[2018.11.15-01.58.46:943][394]LogModuleManager: Shutting down and abandoning module DeviceManager (468)
[2018.11.15-01.58.46:943][394]LogModuleManager: Shutting down and abandoning module TargetDeviceServices (467)
[2018.11.15-01.58.47:008][394]LogModuleManager: Shutting down and abandoning module AutomationController (464)
[2018.11.15-01.58.47:008][394]LogModuleManager: Shutting down and abandoning module AutomationWindow (462)
[2018.11.15-01.58.47:008][394]LogModuleManager: Shutting down and abandoning module Layers (460)
[2018.11.15-01.58.47:008][394]LogModuleManager: Shutting down and abandoning module ComponentVisualizers (458)
[2018.11.15-01.58.47:008][394]LogModuleManager: Shutting down and abandoning module DetailCustomizations (456)
[2018.11.15-01.58.47:009][394]LogModuleManager: Shutting down and abandoning module PackagesDialog (454)
[2018.11.15-01.58.47:009][394]LogModuleManager: Shutting down and abandoning module Persona (452)
[2018.11.15-01.58.47:009][394]LogModuleManager: Shutting down and abandoning module AdvancedPreviewScene (451)
[2018.11.15-01.58.47:009][394]LogModuleManager: Shutting down and abandoning module AnimGraph (449)
[2018.11.15-01.58.47:009][394]LogModuleManager: Shutting down and abandoning module Kismet (446)
[2018.11.15-01.58.47:010][394]LogModuleManager: Shutting down and abandoning module GraphEditor (444)
[2018.11.15-01.58.47:010][394]LogModuleManager: Shutting down and abandoning module ClassViewer (442)
[2018.11.15-01.58.47:011][394]LogModuleManager: Shutting down and abandoning module Toolbox (440)
[2018.11.15-01.58.47:011][394]LogModuleManager: Shutting down and abandoning module DesktopPlatform (439)
[2018.11.15-01.58.47:011][394]LogModuleManager: Shutting down and abandoning module ModuleUI (436)
[2018.11.15-01.58.47:011][394]LogModuleManager: Shutting down and abandoning module MovieSceneTools (434)
[2018.11.15-01.58.47:011][394]LogModuleManager: Shutting down and abandoning module OutputLog (432)
[2018.11.15-01.58.47:011][394]LogModuleManager: Shutting down and abandoning module GammaUI (430)
[2018.11.15-01.58.47:011][394]LogModuleManager: Shutting down and abandoning module Documentation (428)
[2018.11.15-01.58.47:011][394]LogModuleManager: Shutting down and abandoning module MovieSceneTracks (426)
[2018.11.15-01.58.47:011][394]LogModuleManager: Shutting down and abandoning module MovieScene (424)
[2018.11.15-01.58.47:012][394]LogModuleManager: Shutting down and abandoning module StreamingPauseRendering (422)
[2018.11.15-01.58.47:012][394]LogModuleManager: Shutting down and abandoning module LauncherPlatform (420)
[2018.11.15-01.58.47:012][394]LogModuleManager: Shutting down and abandoning module AnalyticsET (418)
[2018.11.15-01.58.47:012][394]LogModuleManager: Shutting down and abandoning module PortalServices (416)
[2018.11.15-01.58.47:012][394]LogModuleManager: Shutting down and abandoning module PortalRpc (414)
[2018.11.15-01.58.47:012][394]LogModuleManager: Shutting down and abandoning module MessagingRpc (412)
[2018.11.15-01.58.47:012][394]LogModuleManager: Shutting down and abandoning module AIModule (410)
[2018.11.15-01.58.47:012][394]LogModuleManager: Shutting down and abandoning module GameplayDebugger (409)
[2018.11.15-01.58.47:012][394]LogModuleManager: Shutting down and abandoning module AITestSuite (407)
[2018.11.15-01.58.47:012][394]LogModuleManager: Shutting down and abandoning module NavigationSystem (405)
[2018.11.15-01.58.47:012][394]LogModuleManager: Shutting down and abandoning module ProfilerService (402)
[2018.11.15-01.58.47:167][394]LogModuleManager: Shutting down and abandoning module TaskGraph (400)
[2018.11.15-01.58.47:167][394]LogModuleManager: Shutting down and abandoning module SteamVRController (398)
[2018.11.15-01.58.47:167][394]LogModuleManager: Shutting down and abandoning module ProceduralMeshComponentEditor (396)
[2018.11.15-01.58.47:167][394]LogModuleManager: Shutting down and abandoning module ProceduralMeshComponent (394)
[2018.11.15-01.58.47:167][394]LogModuleManager: Shutting down and abandoning module OculusInput (392)
[2018.11.15-01.58.47:167][394]LogModuleManager: Shutting down and abandoning module MobilePatchingUtils (390)
[2018.11.15-01.58.47:167][394]LogModuleManager: Shutting down and abandoning module EditableMesh (388)
[2018.11.15-01.58.47:167][394]LogModuleManager: Shutting down and abandoning module CustomMeshComponent (386)
[2018.11.15-01.58.47:167][394]LogModuleManager: Shutting down and abandoning module CableComponent (384)
[2018.11.15-01.58.47:167][394]LogModuleManager: Shutting down and abandoning module AudioCapture (382)
[2018.11.15-01.58.47:167][394]LogModuleManager: Shutting down and abandoning module ArchVisCharacter (380)
[2018.11.15-01.58.47:167][394]LogModuleManager: Shutting down and abandoning module AndroidPermission (378)
[2018.11.15-01.58.47:169][394]LogModuleManager: Shutting down and abandoning module NUTUnrealEngine4 (376)
[2018.11.15-01.58.47:169][394]LogModuleManager: Shutting down and abandoning module NetcodeUnitTest (374)
[2018.11.15-01.58.47:169][394]LogModuleManager: Shutting down and abandoning module MediaCompositingEditor (372)
[2018.11.15-01.58.47:169][394]LogModuleManager: Shutting down and abandoning module MediaCompositing (370)
[2018.11.15-01.58.47:169][394]LogModuleManager: Shutting down and abandoning module LinearTimecode (368)
[2018.11.15-01.58.47:169][394]LogModuleManager: Shutting down and abandoning module ImgMedia (366)
[2018.11.15-01.58.47:179][394]LogModuleManager: Shutting down and abandoning module HTML5Networking (364)
[2018.11.15-01.58.47:179][394]LogModuleManager: Shutting down and abandoning module GeometryCacheTracks (362)
[2018.11.15-01.58.47:179][394]LogModuleManager: Shutting down and abandoning module GeometryCacheSequencer (360)
[2018.11.15-01.58.47:179][394]LogModuleManager: Shutting down and abandoning module BackChannel (358)
[2018.11.15-01.58.47:179][394]LogModuleManager: Shutting down and abandoning module AppleVision (356)
[2018.11.15-01.58.47:179][394]LogModuleManager: Shutting down and abandoning module AppleImageUtils (354)
[2018.11.15-01.58.47:179][394]LogModuleManager: Shutting down and abandoning module AlembicImporter (352)
[2018.11.15-01.58.47:179][394]LogModuleManager: Shutting down and abandoning module AlembicLibrary (351)
[2018.11.15-01.58.47:180][394]LogModuleManager: Shutting down and abandoning module GeometryCache (350)
[2018.11.15-01.58.47:180][394]LogModuleManager: Shutting down and abandoning module GeometryCacheEd (349)
[2018.11.15-01.58.47:180][394]LogModuleManager: Shutting down and abandoning module DatasmithContentEditor (344)
[2018.11.15-01.58.47:180][394]LogModuleManager: Shutting down and abandoning module DatasmithContent (342)
[2018.11.15-01.58.47:181][394]LogModuleManager: Shutting down and abandoning module SpeedTreeImporter (340)
[2018.11.15-01.58.47:181][394]LogModuleManager: Shutting down and abandoning module PluginBrowser (338)
[2018.11.15-01.58.47:181][394]LogModuleManager: Shutting down and abandoning module MobileLauncherProfileWizard (336)
[2018.11.15-01.58.47:181][394]LogModuleManager: Shutting down and abandoning module PolygonModeling (334)
[2018.11.15-01.58.47:182][394]LogModuleManager: Shutting down and abandoning module MeshEditor (332)
[2018.11.15-01.58.47:182][394]LogModuleManager: Shutting down and abandoning module CryptoKeysOpenSSL (330)
[2018.11.15-01.58.47:182][394]LogModuleManager: Shutting down and abandoning module CryptoKeys (328)
[2018.11.15-01.58.47:182][394]LogModuleManager: Shutting down and abandoning module VisualStudioSourceCodeAccess (326)
[2018.11.15-01.58.47:182][394]LogModuleManager: Shutting down and abandoning module VisualStudioCodeSourceCodeAccess (324)
[2018.11.15-01.58.47:182][394]LogModuleManager: Shutting down and abandoning module UObjectPlugin (322)
[2018.11.15-01.58.47:182][394]LogModuleManager: Shutting down and abandoning module SubversionSourceControl (320)
[2018.11.15-01.58.47:182][394]LogModuleManager: Shutting down and abandoning module PerforceSourceControl (318)
[2018.11.15-01.58.47:183][394]LogModuleManager: Shutting down and abandoning module GitSourceControl (316)
[2018.11.15-01.58.47:183][394]LogModuleManager: Shutting down and abandoning module SourceControl (315)
[2018.11.15-01.58.47:183][394]LogModuleManager: Shutting down and abandoning module CLionSourceCodeAccess (312)
[2018.11.15-01.58.47:183][394]LogModuleManager: Shutting down and abandoning module LightPropagationVolumeEditor (310)
[2018.11.15-01.58.47:183][394]LogModuleManager: Shutting down and abandoning module PaperTiledImporter (308)
[2018.11.15-01.58.47:183][394]LogModuleManager: Shutting down and abandoning module PaperSpriteSheetImporter (306)
[2018.11.15-01.58.47:183][394]LogModuleManager: Shutting down and abandoning module Paper2DEditor (304)
[2018.11.15-01.58.47:183][394]LogModuleManager: Shutting down and abandoning module MeshPaint (303)
[2018.11.15-01.58.47:184][394]LogModuleManager: Shutting down and abandoning module PlayerMovement (300)
[2018.11.15-01.58.47:184][394]LogModuleManager: Shutting down and abandoning module RuntimePhysXCooking (298)
[2018.11.15-01.58.47:184][394]LogModuleManager: Shutting down and abandoning module PhysXVehiclesEditor (296)
[2018.11.15-01.58.47:184][394]LogModuleManager: Shutting down and abandoning module PhysXVehicles (294)
[2018.11.15-01.58.47:184][394]LogModuleManager: Shutting down and abandoning module OculusEditor (292)
[2018.11.15-01.58.47:184][394]LogModuleManager: Shutting down and abandoning module LocationServicesBPLibrary (290)
[2018.11.15-01.58.47:184][394]LogModuleManager: Shutting down and abandoning module ImmediatePhysicsEditor (288)
[2018.11.15-01.58.47:184][394]LogModuleManager: Shutting down and abandoning module ImmediatePhysics (286)
[2018.11.15-01.58.47:184][394]LogModuleManager: Shutting down and abandoning module ActorSequence (284)
[2018.11.15-01.58.47:184][394]LogModuleManager: Shutting down and abandoning module UdpMessaging (282)
[2018.11.15-01.58.47:286][394]LogModuleManager: Shutting down and abandoning module TcpMessaging (280)
[2018.11.15-01.58.47:387][394]LogModuleManager: Shutting down and abandoning module MagicLeapAudio (278)
[2018.11.15-01.58.47:387][394]LogModuleManager: Shutting down and abandoning module GameplayTagsEditor (276)
[2018.11.15-01.58.47:387][394]LogModuleManager: Shutting down and abandoning module FacialAnimationEditor (274)
[2018.11.15-01.58.47:387][394]LogModuleManager: Shutting down and abandoning module FacialAnimation (272)
[2018.11.15-01.58.47:387][394]LogModuleManager: Shutting down and abandoning module DataValidation (270)
[2018.11.15-01.58.47:387][394]LogModuleManager: Shutting down and abandoning module AssetManagerEditor (268)
[2018.11.15-01.58.47:388][394]LogModuleManager: Shutting down and abandoning module LevelEditor (267)
[2018.11.15-01.58.47:390][394]LogModuleManager: Shutting down and abandoning module PixelInspectorModule (266)
[2018.11.15-01.58.47:390][394]LogModuleManager: Shutting down and abandoning module CommonMenuExtensions (264)
[2018.11.15-01.58.47:391][394]LogModuleManager: Shutting down and abandoning module MainFrame (262)
[2018.11.15-01.58.47:391][394]LogModuleManager: Shutting down and abandoning module HotReload (261)
[2018.11.15-01.58.47:393][394]LogModuleManager: Shutting down and abandoning module ContentBrowser (257)
[2018.11.15-01.58.47:396][394]LogModuleManager: Shutting down and abandoning module TreeMap (255)
[2018.11.15-01.58.47:396][394]LogModuleManager: Shutting down and abandoning module LightPropagationVolumeRuntime (252)
[2018.11.15-01.58.47:396][394]LogModuleManager: Shutting down and abandoning module AISupportModule (250)
[2018.11.15-01.58.47:396][394]LogModuleManager: Shutting down and abandoning module Paper2D (248)
[2018.11.15-01.58.47:396][394]LogModuleManager: Shutting down and abandoning module WindowsMoviePlayer (246)
[2018.11.15-01.58.47:396][394]LogModuleManager: Shutting down and abandoning module WmfMedia (244)
[2018.11.15-01.58.47:400][394]LogModuleManager: Shutting down and abandoning module Media (243)
[2018.11.15-01.58.47:409][394]LogModuleManager: Shutting down and abandoning module PacketHandler (240)
[2018.11.15-01.58.47:409][394]LogModuleManager: Shutting down and abandoning module ClothingSystemEditor (238)
[2018.11.15-01.58.47:409][394]LogModuleManager: Shutting down and abandoning module ClothingSystemRuntime (236)
[2018.11.15-01.58.47:409][394]LogModuleManager: Shutting down and abandoning module MediaAssets (234)
[2018.11.15-01.58.47:409][394]LogModuleManager: Shutting down and abandoning module Overlay (232)
[2018.11.15-01.58.47:409][394]LogModuleManager: Shutting down and abandoning module OverlayEditor (231)
[2018.11.15-01.58.47:409][394]LogModuleManager: Shutting down and abandoning module VREditor (228)
[2018.11.15-01.58.47:409][394]LogModuleManager: Shutting down and abandoning module StringTableEditor (226)
[2018.11.15-01.58.47:409][394]LogModuleManager: Shutting down and abandoning module GameplayTasksEditor (224)
[2018.11.15-01.58.47:409][394]LogModuleManager: Shutting down and abandoning module BehaviorTreeEditor (222)
[2018.11.15-01.58.47:410][394]LogModuleManager: Shutting down and abandoning module FunctionalTesting (220)
[2018.11.15-01.58.47:410][394]LogModuleManager: Shutting down and abandoning module CollisionAnalyzer (218)
[2018.11.15-01.58.47:410][394]LogModuleManager: Shutting down and abandoning module WorkspaceMenuStructure (217)
[2018.11.15-01.58.47:410][394]LogModuleManager: Shutting down and abandoning module UMG (214)
[2018.11.15-01.58.47:410][394]LogModuleManager: Shutting down and abandoning module UMGEditor (213)
[2018.11.15-01.58.47:410][394]LogModuleManager: Shutting down and abandoning module Sequencer (212)
[2018.11.15-01.58.47:411][394]LogModuleManager: Shutting down and abandoning module MessageLog (209)
[2018.11.15-01.58.47:411][394]LogModuleManager: Shutting down and abandoning module SlateReflector (204)
[2018.11.15-01.58.47:411][394]LogModuleManager: Shutting down and abandoning module Slate (202)
[2018.11.15-01.58.47:411][394]LogModuleManager: Shutting down and abandoning module EditorStyle (200)
[2018.11.15-01.58.47:416][394]LogModuleManager: Shutting down and abandoning module MRMesh (198)
[2018.11.15-01.58.47:417][394]LogModuleManager: Shutting down and abandoning module SourceCodeAccess (196)
[2018.11.15-01.58.47:417][394]LogModuleManager: Shutting down and abandoning module HeadMountedDisplay (194)
[2018.11.15-01.58.47:417][394]LogModuleManager: Shutting down and abandoning module XAudio2 (192)
[2018.11.15-01.58.47:417][394]LogModuleManager: Shutting down and abandoning module Networking (190)
[2018.11.15-01.58.47:417][394]LogModuleManager: Shutting down and abandoning module Core (188)
[2018.11.15-01.58.47:417][394]LogModuleManager: Shutting down and abandoning module LevelSequence (186)
[2018.11.15-01.58.47:417][394]LogModuleManager: Shutting down and abandoning module KismetCompiler (184)
[2018.11.15-01.58.47:417][394]LogModuleManager: Shutting down and abandoning module MeshUtilities (182)
[2018.11.15-01.58.47:417][394]LogModuleManager: Shutting down and abandoning module MeshMergeUtilities (181)
[2018.11.15-01.58.47:417][394]LogModuleManager: Shutting down and abandoning module MeshReductionInterface (180)
[2018.11.15-01.58.47:417][394]LogModuleManager: Shutting down and abandoning module SimplygonSwarm (179)
[2018.11.15-01.58.47:417][394]LogModuleManager: Shutting down and abandoning module ProxyLODMeshReduction (177)
[2018.11.15-01.58.47:418][394]LogModuleManager: Shutting down and abandoning module SimplygonMeshReduction (175)
[2018.11.15-01.58.47:418][394]LogModuleManager: Shutting down and abandoning module QuadricMeshReduction (173)
[2018.11.15-01.58.47:418][394]LogModuleManager: Shutting down and abandoning module MaterialBaking (169)
[2018.11.15-01.58.47:418][394]LogModuleManager: Shutting down and abandoning module DirectoryWatcher (165)
[2018.11.15-01.58.47:418][394]LogModuleManager: Shutting down and abandoning module DerivedDataCache (162)
[2018.11.15-01.58.47:464][394]LogDerivedDataCache: Shutdown
[2018.11.15-01.58.47:464][394]LogModuleManager: Shutting down and abandoning module XGEController (160)
[2018.11.15-01.58.47:464][394]LogXGEController: Cleaning working directory: C:/Users/BrieAnna/AppData/Local/Temp/UnrealXGEWorkingDir/
[2018.11.15-01.58.47:465][394]LogModuleManager: Shutting down and abandoning module TargetPlatform (158)
[2018.11.15-01.58.47:465][394]LogModuleManager: Shutting down and abandoning module VulkanShaderFormat (157)
[2018.11.15-01.58.47:465][394]LogModuleManager: Shutting down and abandoning module ShaderFormatVectorVM (155)
[2018.11.15-01.58.47:465][394]LogModuleManager: Shutting down and abandoning module ShaderFormatOpenGL (153)
[2018.11.15-01.58.47:465][394]LogModuleManager: Shutting down and abandoning module ShaderFormatD3D (151)
[2018.11.15-01.58.47:465][394]LogModuleManager: Shutting down and abandoning module MetalShaderFormat (149)
[2018.11.15-01.58.47:465][394]LogModuleManager: Shutting down and abandoning module TextureFormatUncompressed (147)
[2018.11.15-01.58.47:465][394]LogModuleManager: Shutting down and abandoning module TextureFormatPVR (145)
[2018.11.15-01.58.47:465][394]LogModuleManager: Shutting down and abandoning module TextureFormatDXT (143)
[2018.11.15-01.58.47:465][394]LogModuleManager: Shutting down and abandoning module TextureFormatIntelISPCTexComp (141)
[2018.11.15-01.58.47:466][394]LogModuleManager: Shutting down and abandoning module TextureFormatASTC (139)
[2018.11.15-01.58.47:466][394]LogModuleManager: Shutting down and abandoning module ImageWrapper (138)
[2018.11.15-01.58.47:466][394]LogModuleManager: Shutting down and abandoning module TextureFormatAndroid (135)
[2018.11.15-01.58.47:466][394]LogModuleManager: Shutting down and abandoning module AudioFormatOpus (133)
[2018.11.15-01.58.47:466][394]LogModuleManager: Shutting down and abandoning module AudioFormatOgg (131)
[2018.11.15-01.58.47:466][394]LogModuleManager: Shutting down and abandoning module AudioFormatADPCM (129)
[2018.11.15-01.58.47:466][394]LogModuleManager: Shutting down and abandoning module LuminTargetPlatform (127)
[2018.11.15-01.58.47:466][394]LogModuleManager: Shutting down and abandoning module LinuxTargetPlatform (125)
[2018.11.15-01.58.47:467][394]LogModuleManager: Shutting down and abandoning module LinuxServerTargetPlatform (123)
[2018.11.15-01.58.47:467][394]LogModuleManager: Shutting down and abandoning module LinuxNoEditorTargetPlatform (121)
[2018.11.15-01.58.47:467][394]LogModuleManager: Shutting down and abandoning module LinuxClientTargetPlatform (119)
[2018.11.15-01.58.47:467][394]LogModuleManager: Shutting down and abandoning module TVOSTargetPlatform (117)
[2018.11.15-01.58.47:469][394]LogModuleManager: Shutting down and abandoning module Messaging (115)
[2018.11.15-01.58.47:469][394]LogModuleManager: Shutting down and abandoning module IOSTargetPlatform (113)
[2018.11.15-01.58.47:472][394]LogModuleManager: Shutting down and abandoning module HTML5TargetPlatform (111)
[2018.11.15-01.58.47:472][394]LogModuleManager: Shutting down and abandoning module AndroidTargetPlatform (109)
[2018.11.15-01.58.47:490][394]LogModuleManager: Shutting down and abandoning module WindowsTargetPlatform (107)
[2018.11.15-01.58.47:490][394]LogModuleManager: Shutting down and abandoning module WindowsServerTargetPlatform (105)
[2018.11.15-01.58.47:490][394]LogModuleManager: Shutting down and abandoning module WindowsNoEditorTargetPlatform (103)
[2018.11.15-01.58.47:490][394]LogModuleManager: Shutting down and abandoning module WindowsClientTargetPlatform (101)
[2018.11.15-01.58.47:490][394]LogModuleManager: Shutting down and abandoning module MacTargetPlatform (99)
[2018.11.15-01.58.47:490][394]LogModuleManager: Shutting down and abandoning module MacServerTargetPlatform (97)
[2018.11.15-01.58.47:490][394]LogModuleManager: Shutting down and abandoning module MacNoEditorTargetPlatform (95)
[2018.11.15-01.58.47:490][394]LogModuleManager: Shutting down and abandoning module MacClientTargetPlatform (93)
[2018.11.15-01.58.47:490][394]LogModuleManager: Shutting down and abandoning module AllDesktopTargetPlatform (91)
[2018.11.15-01.58.47:490][394]LogModuleManager: Shutting down and abandoning module InputCore (88)
[2018.11.15-01.58.47:490][394]LogModuleManager: Shutting down and abandoning module Settings (86)
[2018.11.15-01.58.47:490][394]LogModuleManager: Shutting down and abandoning module PhysXCooking (84)
[2018.11.15-01.58.47:490][394]LogModuleManager: Shutting down and abandoning module SteamVR (82)
[2018.11.15-01.58.47:490][394]LogModuleManager: Shutting down and abandoning module OculusHMD (80)
[2018.11.15-01.58.47:490][394]LogModuleManager: Shutting down and abandoning module ExampleDeviceProfileSelector (78)
[2018.11.15-01.58.47:491][394]LogModuleManager: Shutting down and abandoning module LauncherChunkInstaller (76)
[2018.11.15-01.58.47:491][394]LogModuleManager: Shutting down and abandoning module OnlineBlueprintSupport (74)
[2018.11.15-01.58.47:491][394]LogModuleManager: Shutting down and abandoning module OnlineSubsystem (70)
[2018.11.15-01.58.47:492][394]LogModuleManager: Shutting down and abandoning module XMPP (65)
[2018.11.15-01.58.47:492][394]LogModuleManager: Shutting down and abandoning module WebSockets (64)
[2018.11.15-01.58.47:507][394]LogModuleManager: Shutting down and abandoning module HTTP (61)
[2018.11.15-01.58.47:507][394]LogHttp: Display: Http module shutting down, but needs to wait on 1 outstanding Http requests:
[2018.11.15-01.58.47:507][394]LogHttp: Display: 	verb=[POST] url=[https://datarouter.ol.epicgames.com/datarouter/api/v1/public/data?SessionID=%7BD352B3C6-4398-1DD1-C329-05A6449C691E%7D&AppID=UEEditor.Rocket.Release&AppVersion=4.20.3-4369336%2B%2B%2BUE4%2BRelease-4.20&UserID=9556cc154714501b863c40bdfe2c8e07%7C1a8f9984db4c4353a49fb71223dcd704%7Cf38051cd-6b46-484a-9985-d4971c83e6e5&AppEnvironment=datacollector-binary&UploadType=eteventstream] status=Processing
[2018.11.15-01.58.47:533][394]LogModuleManager: Shutting down and abandoning module SSL (60)
[2018.11.15-01.58.47:536][394]LogModuleManager: Shutting down and abandoning module MagicLeapEmulator (56)
[2018.11.15-01.58.47:536][394]LogModuleManager: Shutting down and abandoning module MagicLeapPrivileges (54)
[2018.11.15-01.58.47:536][394]LogModuleManager: Shutting down and abandoning module MagicLeapIdentity (52)
[2018.11.15-01.58.47:536][394]LogModuleManager: Shutting down and abandoning module MagicLeapHelperVulkan (50)
[2018.11.15-01.58.47:536][394]LogModuleManager: Shutting down and abandoning module MagicLeapHelperOpenGL (48)
[2018.11.15-01.58.47:536][394]LogModuleManager: Shutting down and abandoning module MagicLeapSecureStorage (46)
[2018.11.15-01.58.47:536][394]LogModuleManager: Shutting down and abandoning module MagicLeapGestures (44)
[2018.11.15-01.58.47:537][394]LogModuleManager: Shutting down and abandoning module MagicLeapEyeTracker (42)
[2018.11.15-01.58.47:537][394]LogModuleManager: Shutting down and abandoning module MagicLeapController (40)
[2018.11.15-01.58.47:537][394]LogSlate: Slate User Destroyed.  User Index 0, Is Virtual User: 0
[2018.11.15-01.58.47:537][394]LogModuleManager: Shutting down and abandoning module MagicLeap (38)
[2018.11.15-01.58.47:537][394]LogModuleManager: Shutting down and abandoning module AnimationModifiers (36)
[2018.11.15-01.58.47:537][394]LogModuleManager: Shutting down and abandoning module PropertyEditor (35)
[2018.11.15-01.58.47:538][394]LogModuleManager: Shutting down and abandoning module AudioEditor (32)
[2018.11.15-01.58.47:538][394]LogModuleManager: Shutting down and abandoning module TextureCompressor (30)
[2018.11.15-01.58.47:539][394]LogModuleManager: Shutting down and abandoning module ShaderCore (28)
[2018.11.15-01.58.47:539][394]LogModuleManager: Shutting down and abandoning module Landscape (26)
[2018.11.15-01.58.47:539][394]LogModuleManager: Shutting down and abandoning module SlateRHIRenderer (24)
[2018.11.15-01.58.47:540][394]LogModuleManager: Shutting down and abandoning module OpenGLDrv (22)
[2018.11.15-01.58.47:540][394]LogModuleManager: Shutting down and abandoning module D3D11RHI (20)
[2018.11.15-01.58.47:540][394]LogModuleManager: Shutting down and abandoning module AnimGraphRuntime (18)
[2018.11.15-01.58.47:540][394]LogModuleManager: Shutting down and abandoning module Renderer (16)
[2018.11.15-01.58.47:540][394]LogModuleManager: Shutting down and abandoning module Engine (14)
[2018.11.15-01.58.47:540][394]LogModuleManager: Shutting down and abandoning module CoreUObject (12)
[2018.11.15-01.58.47:540][394]LogModuleManager: Shutting down and abandoning module NetworkFile (10)
[2018.11.15-01.58.47:540][394]LogModuleManager: Shutting down and abandoning module CookedIterativeFile (8)
[2018.11.15-01.58.47:540][394]LogModuleManager: Shutting down and abandoning module StreamingFile (6)
[2018.11.15-01.58.47:541][394]LogModuleManager: Shutting down and abandoning module SandboxFile (4)
[2018.11.15-01.58.47:541][394]LogModuleManager: Shutting down and abandoning module PakFile (2)
[2018.11.15-01.58.47:562][394]LogExit: Exiting.
[2018.11.15-01.58.47:571][394]Log file closed, 11/14/18 19:58:47
