Log file open, 12/04/18 07:37:39
LogWindows: Failed to load 'aqProf.dll' (GetLastError=126)
LogWindows: File 'aqProf.dll' does not exist
LogWindows: Failed to load 'VSPerf140.dll' (GetLastError=126)
LogWindows: File 'VSPerf140.dll' does not exist
LogWindows: Failed to load 'VtuneApi.dll' (GetLastError=126)
LogWindows: File 'VtuneApi.dll' does not exist
LogWindows: Failed to load 'VtuneApi32e.dll' (GetLastError=126)
LogWindows: File 'VtuneApi32e.dll' does not exist
LogInit: Display: Running engine for game: PlayerMovement
LogPlatformFile: Not using cached read wrapper
LogTaskGraph: Started task graph with 5 named threads and 23 total threads with 3 sets of task threads.
LogStats: Stats thread started at 0.310026
LogD3D11RHI: Loaded GFSDK_Aftermath_Lib.x64.dll
LogICUInternationalization: Display: ICU TimeZone Detection - Raw Offset: -6:00, Platform Override: ''
LogPluginManager: Mounting plugin Paper2D
LogPluginManager: Mounting plugin AISupport
LogPluginManager: Mounting plugin LightPropagationVolume
LogPluginManager: Mounting plugin CLionSourceCodeAccess
LogPluginManager: Mounting plugin CodeLiteSourceCodeAccess
LogPluginManager: Mounting plugin GitSourceControl
LogPluginManager: Mounting plugin KDevelopSourceCodeAccess
LogPluginManager: Mounting plugin NullSourceCodeAccess
LogPluginManager: Mounting plugin PerforceSourceControl
LogPluginManager: Mounting plugin SubversionSourceControl
LogPluginManager: Mounting plugin UObjectPlugin
LogPluginManager: Mounting plugin VisualStudioCodeSourceCodeAccess
LogPluginManager: Mounting plugin VisualStudioSourceCodeAccess
LogPluginManager: Mounting plugin XCodeSourceCodeAccess
LogPluginManager: Mounting plugin AssetManagerEditor
LogPluginManager: Mounting plugin CryptoKeys
LogPluginManager: Mounting plugin DataValidation
LogPluginManager: Mounting plugin FacialAnimation
LogPluginManager: Mounting plugin GameplayTagsEditor
LogPluginManager: Mounting plugin MacGraphicsSwitching
LogPluginManager: Mounting plugin MeshEditor
LogPluginManager: Mounting plugin MobileLauncherProfileWizard
LogPluginManager: Mounting plugin PluginBrowser
LogPluginManager: Mounting plugin SpeedTreeImporter
LogPluginManager: Mounting plugin DatasmithContent
LogPluginManager: Mounting plugin AlembicImporter
LogPluginManager: Mounting plugin AppleImageUtils
LogPluginManager: Mounting plugin AppleVision
LogPluginManager: Mounting plugin BackChannel
LogPluginManager: Mounting plugin CharacterAI
LogPluginManager: Mounting plugin GeometryCache
LogPluginManager: Mounting plugin HTML5Networking
LogPluginManager: Mounting plugin ProxyLODPlugin
LogPluginManager: Mounting plugin MagicLeap
LogPluginManager: Mounting plugin MagicLeapEmulator
LogPluginManager: Mounting plugin MagicLeapMedia
LogPluginManager: Mounting plugin AndroidMedia
LogPluginManager: Mounting plugin AvfMedia
LogPluginManager: Mounting plugin ImgMedia
LogPluginManager: Mounting plugin LinearTimecode
LogPluginManager: Mounting plugin MediaCompositing
LogPluginManager: Mounting plugin MediaPlayerEditor
LogPluginManager: Mounting plugin WmfMedia
LogPluginManager: Mounting plugin TcpMessaging
LogPluginManager: Mounting plugin UdpMessaging
LogPluginManager: Mounting plugin ActorSequence
LogPluginManager: Mounting plugin LevelSequenceEditor
LogPluginManager: Mounting plugin MatineeToLevelSequence
LogPluginManager: Mounting plugin NetcodeUnitTest
LogPluginManager: Mounting plugin NUTUnrealEngine4
LogPluginManager: Mounting plugin OnlineSubsystemGooglePlay
LogPluginManager: Mounting plugin OnlineSubsystemIOS
LogPluginManager: Mounting plugin OnlineSubsystem
LogPluginManager: Mounting plugin OnlineSubsystemNull
LogPluginManager: Mounting plugin OnlineSubsystemUtils
LogPluginManager: Mounting plugin LauncherChunkInstaller
LogPluginManager: Mounting plugin AndroidDeviceProfileSelector
LogPluginManager: Mounting plugin AndroidMoviePlayer
LogPluginManager: Mounting plugin AndroidPermission
LogPluginManager: Mounting plugin AppleMoviePlayer
LogPluginManager: Mounting plugin ArchVisCharacter
LogPluginManager: Mounting plugin AudioCapture
LogPluginManager: Mounting plugin CableComponent
LogPluginManager: Mounting plugin CustomMeshComponent
LogPluginManager: Mounting plugin EditableMesh
LogPluginManager: Mounting plugin ExampleDeviceProfileSelector
LogPluginManager: Mounting plugin GoogleCloudMessaging
LogPluginManager: Mounting plugin ImmediatePhysics
LogPluginManager: Mounting plugin IOSDeviceProfileSelector
LogPluginManager: Mounting plugin LinuxDeviceProfileSelector
LogPluginManager: Mounting plugin LocationServicesBPLibrary
LogPluginManager: Mounting plugin MobilePatchingUtils
LogPluginManager: Mounting plugin OculusVR
LogPluginManager: Plugin shader directory ../../../Engine/Plugins/Runtime/Oculus/OculusVR/Shaders found
LogPluginManager: Mapping shader source directory ../../../Engine/Plugins/Runtime/Oculus/OculusVR/Shaders to virtual directory /Plugin/OculusVR
LogPluginManager: Mounting plugin PhysXVehicles
LogPluginManager: Mounting plugin ProceduralMeshComponent
LogPluginManager: Mounting plugin RuntimePhysXCooking
LogPluginManager: Mounting plugin SteamVR
LogPluginManager: Mounting plugin WindowsMoviePlayer
LogStreaming: Display: Took  0.204s to configure plugins.
LogInit: Using libcurl 7.55.1-DEV
LogInit:  - built for x86_64-pc-win32
LogInit:  - supports SSL with OpenSSL/1.0.2h
LogInit:  - supports HTTP deflate (compression) using libz 1.2.8
LogInit:  - other features:
LogInit:      CURL_VERSION_SSL
LogInit:      CURL_VERSION_LIBZ
LogInit:      CURL_VERSION_IPV6
LogInit:      CURL_VERSION_ASYNCHDNS
LogInit:      CURL_VERSION_LARGEFILE
LogInit:      CURL_VERSION_IDN
LogInit:  CurlRequestOptions (configurable via config and command line):
LogInit:  - bVerifyPeer = false  - Libcurl will NOT verify peer certificate
LogInit:  - bUseHttpProxy = false  - Libcurl will NOT use HTTP proxy
LogInit:  - bDontReuseConnections = false  - Libcurl will reuse connections
LogInit:  - CertBundlePath = nullptr  - Libcurl will use whatever was configured at build time.
LogInit:  - MaxHostConnections = 16  - Libcurl will limit the number of connections to a host
LogInit:  - LocalHostAddr = Default
LogInit:  - BufferSize = 65536
LogInit: WinSock: version 1.1 (2.2), MaxSocks=32767, MaxUdp=65467
LogInit: Build: ++UE4+Release-4.20-CL-4369336
LogInit: Engine Version: 4.20.3-4369336+++UE4+Release-4.20
LogInit: Compatible Engine Version: 4.20.0-4212847+++UE4+Release-4.20
LogInit: Net CL: 4212847
LogInit: OS: Windows 10 (), CPU:         Intel(R) Core(TM) i7-3770 CPU @ 3.40GHz, GPU: AMD Radeon HD 7000 series
LogInit: Compiled (64-bit): Sep 17 2018 12:26:19
LogInit: Compiled with Visual C++: 19.13.26129.00
LogInit: Build Configuration: Development
LogInit: Branch Name: ++UE4+Release-4.20
LogInit: Command Line: 
LogInit: Base Directory: C:/Program Files/Epic Games/UE_4.20/Engine/Binaries/Win64/
LogInit: Installed Engine Build: 1
LogDevObjectVersion: Number of dev versions registered: 20
LogDevObjectVersion:   Dev-Blueprints (B0D832E4-1F89-4F0D-ACCF-7EB736FD4AA2): 10
LogDevObjectVersion:   Dev-Build (E1C64328-A22C-4D53-A36C-8E866417BD8C): 0
LogDevObjectVersion:   Dev-Core (375EC13C-06E4-48FB-B500-84F0262A717E): 2
LogDevObjectVersion:   Dev-Editor (E4B068ED-F494-42E9-A231-DA0B2E46BB41): 24
LogDevObjectVersion:   Dev-Framework (CFFC743F-43B0-4480-9391-14DF171D2073): 34
LogDevObjectVersion:   Dev-Mobile (B02B49B5-BB20-44E9-A304-32B752E40360): 2
LogDevObjectVersion:   Dev-Networking (A4E4105C-59A1-49B5-A7C5-40C4547EDFEE): 0
LogDevObjectVersion:   Dev-Online (39C831C9-5AE6-47DC-9A44-9C173E1C8E7C): 0
LogDevObjectVersion:   Dev-Physics (78F01B33-EBEA-4F98-B9B4-84EACCB95AA2): 0
LogDevObjectVersion:   Dev-Platform (6631380F-2D4D-43E0-8009-CF276956A95A): 0
LogDevObjectVersion:   Dev-Rendering (12F88B9F-8875-4AFC-A67C-D90C383ABD29): 26
LogDevObjectVersion:   Dev-Sequencer (7B5AE74C-D270-4C10-A958-57980B212A5A): 9
LogDevObjectVersion:   Dev-VR (D7296918-1DD6-4BDD-9DE2-64A83CC13884): 2
LogDevObjectVersion:   Dev-LoadTimes (C2A15278-BFE7-4AFE-6C17-90FF531DF755): 1
LogDevObjectVersion:   Private-Geometry (6EACA3D4-40EC-4CC1-B786-8BED09428FC5): 3
LogDevObjectVersion:   Dev-AnimPhys (29E575DD-E0A3-4627-9D10-D276232CDCEA): 17
LogDevObjectVersion:   Dev-ReflectionCapture (6B266CEC-1EC7-4B8F-A30B-E4D90942FC07): 1
LogDevObjectVersion:   Dev-Automation (0DF73D61-A23F-47EA-B727-89E90C41499A): 1
LogDevObjectVersion:   FortniteMain (601D1886-AC64-4F84-AA16-D3DE0DEAC7D6): 12
LogDevObjectVersion:   Dev-Enterprise (9DFFBCD6-494F-0158-E221-12823C92A888): 1
LogStreaming: Display: Took  0.012s to delete old logs.
LogInit: Presizing for max 8388607 objects, including 0 objects not considered by GC, pre-allocating 0 bytes for permanent pool.
LogInit: Object subsystem initialized
[2018.12.04-13.37.40:197][  0]LogInit: Selected Device Profile: [Windows]
[2018.12.04-13.37.40:197][  0]LogInit: Applying CVar settings loaded from the selected device profile: [Windows]
[2018.12.04-13.37.40:265][  0]LogHAL: Display: Platform has ~ 8 GB [8542158848 / 8589934592 / 8], which maps to Default [LargestMinGB=32, LargerMinGB=12, DefaultMinGB=8, SmallerMinGB=6, SmallestMinGB=0)
[2018.12.04-13.37.40:265][  0]LogInit: Setting Device Profile CVar: [[r.Vulkan.UseRealUBs:1]]
[2018.12.04-13.37.40:265][  0]LogInit: Going up to parent DeviceProfile []
[2018.12.04-13.37.40:267][  0]LogInit: Computer: DESKTOP-T8CS1KL
[2018.12.04-13.37.40:267][  0]LogInit: User: tolso
[2018.12.04-13.37.40:267][  0]LogInit: CPU Page size=4096, Cores=4
[2018.12.04-13.37.40:267][  0]LogInit: High frequency timer resolution =3.312806 MHz
[2018.12.04-13.37.40:267][  0]LogMemory: Memory total: Physical=8.0GB (8GB approx)
[2018.12.04-13.37.40:267][  0]LogMemory: Platform Memory Stats for Windows
[2018.12.04-13.37.40:267][  0]LogMemory: Process Physical Memory: 99.65 MB used, 99.65 MB peak
[2018.12.04-13.37.40:267][  0]LogMemory: Process Virtual Memory: 90.94 MB used, 90.94 MB peak
[2018.12.04-13.37.40:267][  0]LogMemory: Physical Memory: 3755.77 MB used,  4390.67 MB free, 8146.44 MB total
[2018.12.04-13.37.40:267][  0]LogMemory: Virtual Memory: 4640.04 MB used,  4390.67 MB free, 134217728.00 MB total
[2018.12.04-13.37.40:421][  0]LogInit: Using OS detected language (en-US).
[2018.12.04-13.37.40:421][  0]LogInit: Using OS detected locale (en-US).
[2018.12.04-13.37.40:424][  0]LogTextLocalizationManager: No specific localization for 'en-US' exists, so the 'en' localization will be used.
[2018.12.04-13.37.41:146][  0]LogStreaming: Display: Took  0.725s to InitEngineTextLocalization.
[2018.12.04-13.37.41:146][  0]LogInit: Setting process to per monitor DPI aware
[2018.12.04-13.37.41:333][  0]LogSlate: New Slate User Created.  User Index 0, Is Virtual User: 0
[2018.12.04-13.37.41:333][  0]LogSlate: Slate User Registered.  User Index 0, Is Virtual User: 0
[2018.12.04-13.37.47:683][  0]LogHMD: Failed to initialize OpenVR with code 110
[2018.12.04-13.37.47:683][  0]LogD3D11RHI: D3D11 adapters:
[2018.12.04-13.37.47:694][  0]LogD3D11RHI:    0. 'AMD Radeon HD 7000 series' (Feature Level 11_0)
[2018.12.04-13.37.47:694][  0]LogD3D11RHI:       1008/0/3840 MB DedicatedVideo/DedicatedSystem/SharedSystem, Outputs:1, VendorId:0x1002
[2018.12.04-13.37.47:697][  0]LogD3D11RHI:    1. 'Microsoft Basic Render Driver' (Feature Level 11_0)
[2018.12.04-13.37.47:697][  0]LogD3D11RHI:       0/0/4073 MB DedicatedVideo/DedicatedSystem/SharedSystem, Outputs:0, VendorId:0x1414
[2018.12.04-13.37.47:697][  0]LogD3D11RHI: Chosen D3D11 Adapter: 0
[2018.12.04-13.37.47:704][  0]LogD3D11RHI: Creating new Direct3DDevice
[2018.12.04-13.37.47:704][  0]LogD3D11RHI:     GPU DeviceId: 0x6778 (for the marketing name, search the web for "GPU Device Id")
[2018.12.04-13.37.47:704][  0]LogWindows: EnumDisplayDevices:
[2018.12.04-13.37.47:704][  0]LogWindows:    0. 'AMD Radeon HD 7000 series' (P:1 D:1)
[2018.12.04-13.37.47:704][  0]LogWindows:    1. 'AMD Radeon HD 7000 series' (P:0 D:0)
[2018.12.04-13.37.47:705][  0]LogWindows:    2. 'AMD Radeon HD 7000 series' (P:0 D:0)
[2018.12.04-13.37.47:705][  0]LogWindows:    3. 'AMD Radeon HD 7000 series' (P:0 D:0)
[2018.12.04-13.37.47:706][  0]LogWindows: DebugString: FoundDriverCount:4 
[2018.12.04-13.37.47:706][  0]LogD3D11RHI:     Adapter Name: AMD Radeon HD 7000 series
[2018.12.04-13.37.47:706][  0]LogD3D11RHI:   Driver Version: 15.201.1151.1008 (internal:15.201.1151.1008, unified:15.201.1151.1008)
[2018.12.04-13.37.47:706][  0]LogD3D11RHI:      Driver Date: 11-4-2015
[2018.12.04-13.37.47:706][  0]LogRHI: Texture pool is 706 MB (70% of 1008 MB)
[2018.12.04-13.37.47:742][  0]LogD3D11RHI: AMD Pre GCN architecture detected, some driver workarounds will be in place
[2018.12.04-13.37.47:752][  0]LogD3D11RHI: Async texture creation enabled
[2018.12.04-13.37.47:765][  0]LogD3D11RHI: GPU Timing Frequency: 27.000000 (Debug: 2 1)
[2018.12.04-13.37.47:766][  0]LogShaderCompilers: Guid format shader working directory is -118 characters bigger than the processId version (../../../../../../Users/tolso/Downloads/AlchemyUnreal-b2989dcfba84c7ffa77c055d3cc94a80156a3fba/AlchemyUnreal-b2989dcfba84c7ffa77c055d3cc94a80156a3fba/PlayerMovement/Intermediate/Shaders/WorkingDirectory/4392/).
[2018.12.04-13.37.47:766][  0]LogShaderCompilers: Cleaned the shader compiler working directory 'C:/Users/tolso/AppData/Local/Temp/UnrealShaderWorkingDir/90DB76684E4703594A1359AA3BEDB356/'.
[2018.12.04-13.37.48:514][  0]LogTemp: Display: Loaded TP AllDesktopTargetPlatform
[2018.12.04-13.37.48:569][  0]LogTemp: Display: Loaded TP MacClientTargetPlatform
[2018.12.04-13.37.48:598][  0]LogTemp: Display: Loaded TP MacNoEditorTargetPlatform
[2018.12.04-13.37.48:628][  0]LogTemp: Display: Loaded TP MacServerTargetPlatform
[2018.12.04-13.37.48:667][  0]LogTemp: Display: Loaded TP MacTargetPlatform
[2018.12.04-13.37.48:694][  0]LogTemp: Display: Loaded TP WindowsClientTargetPlatform
[2018.12.04-13.37.48:723][  0]LogTemp: Display: Loaded TP WindowsNoEditorTargetPlatform
[2018.12.04-13.37.48:762][  0]LogTemp: Display: Loaded TP WindowsServerTargetPlatform
[2018.12.04-13.37.48:796][  0]LogTemp: Display: Loaded TP WindowsTargetPlatform
[2018.12.04-13.37.48:901][  0]LogTemp: Display: Loaded TP AndroidTargetPlatform
[2018.12.04-13.37.48:901][  0]LogTemp: Display: Loaded TP AndroidTargetPlatform
[2018.12.04-13.37.48:901][  0]LogTemp: Display: Loaded TP AndroidTargetPlatform
[2018.12.04-13.37.48:901][  0]LogTemp: Display: Loaded TP AndroidTargetPlatform
[2018.12.04-13.37.48:901][  0]LogTemp: Display: Loaded TP AndroidTargetPlatform
[2018.12.04-13.37.48:901][  0]LogTemp: Display: Loaded TP AndroidTargetPlatform
[2018.12.04-13.37.48:901][  0]LogTemp: Display: Loaded TP AndroidTargetPlatform
[2018.12.04-13.37.48:901][  0]LogTemp: Display: Loaded TP AndroidTargetPlatform
[2018.12.04-13.37.48:901][  0]LogTemp: Display: Loaded TP AndroidTargetPlatform
[2018.12.04-13.37.48:901][  0]LogTemp: Display: Loaded TP AndroidTargetPlatform
[2018.12.04-13.37.48:901][  0]LogTemp: Display: Loaded TP AndroidTargetPlatform
[2018.12.04-13.37.48:901][  0]LogTemp: Display: Loaded TP AndroidTargetPlatform
[2018.12.04-13.37.48:901][  0]LogTemp: Display: Loaded TP AndroidTargetPlatform
[2018.12.04-13.37.48:901][  0]LogTemp: Display: Loaded TP AndroidTargetPlatform
[2018.12.04-13.37.48:901][  0]LogTemp: Display: Loaded TP AndroidTargetPlatform
[2018.12.04-13.37.48:901][  0]LogTemp: Display: Loaded TP AndroidTargetPlatform
[2018.12.04-13.37.48:901][  0]LogTemp: Display: Loaded TP AndroidTargetPlatform
[2018.12.04-13.37.48:901][  0]LogTemp: Display: Loaded TP AndroidTargetPlatform
[2018.12.04-13.37.48:918][  0]LogTemp: Display: Loaded TP HTML5TargetPlatform
[2018.12.04-13.37.49:023][  0]LogTemp: Display: Loaded TP IOSTargetPlatform
[2018.12.04-13.37.49:023][  0]LogTemp: Display: Loaded TP IOSTargetPlatform
[2018.12.04-13.37.49:047][  0]LogTemp: Display: Loaded TP TVOSTargetPlatform
[2018.12.04-13.37.49:047][  0]LogTemp: Display: Loaded TP TVOSTargetPlatform
[2018.12.04-13.37.49:061][  0]LogTemp: Display: Loaded TP LinuxClientTargetPlatform
[2018.12.04-13.37.49:074][  0]LogTemp: Display: Loaded TP LinuxNoEditorTargetPlatform
[2018.12.04-13.37.49:088][  0]LogTemp: Display: Loaded TP LinuxServerTargetPlatform
[2018.12.04-13.37.49:129][  0]LogTemp: Display: Loaded TP LinuxTargetPlatform
[2018.12.04-13.37.49:140][  0]LogTemp: Display: Loaded TP LuminTargetPlatform
[2018.12.04-13.37.49:140][  0]LogTargetPlatformManager: Display: Building Assets For Windows
[2018.12.04-13.37.49:278][  0]LogXGEController: Cleaning working directory: C:/Users/tolso/AppData/Local/Temp/UnrealXGEWorkingDir/
[2018.12.04-13.37.49:278][  0]LogXGEController: Cannot use XGE Controller as Incredibuild is not installed on this machine.
[2018.12.04-13.37.49:278][  0]LogShaderCompilers: Cannot use XGE Shader Compiler as Incredibuild is not installed on this machine.
[2018.12.04-13.37.49:278][  0]LogShaderCompilers: Display: Using Local Shader Compiler.
[2018.12.04-13.37.52:896][  0]LogDerivedDataCache: Display: Max Cache Size: 512 MB
[2018.12.04-13.37.53:548][  0]LogDerivedDataCache: Loaded boot cache 0.65s 71MB C:/Users/tolso/AppData/Local/UnrealEngine/4.20/DerivedDataCache/Boot.ddc.
[2018.12.04-13.37.53:549][  0]LogDerivedDataCache: Display: Loaded Boot cache: C:/Users/tolso/AppData/Local/UnrealEngine/4.20/DerivedDataCache/Boot.ddc
[2018.12.04-13.37.53:549][  0]LogDerivedDataCache: FDerivedDataBackendGraph:  Pak pak cache file ../../../../../../Users/tolso/Downloads/AlchemyUnreal-b2989dcfba84c7ffa77c055d3cc94a80156a3fba/AlchemyUnreal-b2989dcfba84c7ffa77c055d3cc94a80156a3fba/PlayerMovement/DerivedDataCache/DDC.ddp not found, will not use a pak cache.
[2018.12.04-13.37.53:549][  0]LogDerivedDataCache: Unable to find inner node Pak for hierarchical cache Hierarchy.
[2018.12.04-13.37.53:549][  0]LogDerivedDataCache: FDerivedDataBackendGraph:  CompressedPak pak cache file ../../../../../../Users/tolso/Downloads/AlchemyUnreal-b2989dcfba84c7ffa77c055d3cc94a80156a3fba/AlchemyUnreal-b2989dcfba84c7ffa77c055d3cc94a80156a3fba/PlayerMovement/DerivedDataCache/Compressed.ddp not found, will not use a pak cache.
[2018.12.04-13.37.53:549][  0]LogDerivedDataCache: Unable to find inner node CompressedPak for hierarchical cache Hierarchy.
[2018.12.04-13.37.53:589][  0]LogDerivedDataCache: Display: Pak cache opened for reading ../../../Engine/DerivedDataCache/Compressed.ddp.
[2018.12.04-13.37.53:602][  0]LogDerivedDataCache: Using Local data cache path C:/Users/tolso/AppData/Local/UnrealEngine/Common/DerivedDataCache: Writable
[2018.12.04-13.37.53:602][  0]LogDerivedDataCache: Shared data cache path not found in *engine.ini, will not use an Shared cache.
[2018.12.04-13.37.53:602][  0]LogDerivedDataCache: Unable to find inner node Shared for hierarchical cache Hierarchy.
[2018.12.04-13.37.53:622][  0]LogMaterial: Verifying Global Shaders for PCD3D_SM5
[2018.12.04-13.37.53:623][  0]LogSlate: Using FreeType 2.6.0
[2018.12.04-13.37.53:675][  0]LogSlate: SlateFontServices - WITH_FREETYPE: 1, WITH_HARFBUZZ: 1
[2018.12.04-13.37.54:221][  0]LogAssetRegistry: FAssetRegistry took 0.0262 seconds to start up
[2018.12.04-13.37.54:601][  0]LogInit: Selected Device Profile: [Windows]
[2018.12.04-13.37.54:877][  0]LogSimplygon: Simplygon DLL not present - disabling.
[2018.12.04-13.37.54:881][  0]LogMeshReduction: Using SimplygonSwarm for distributed automatic mesh merging
[2018.12.04-13.37.54:881][  0]LogMeshReduction: Using ProxyLODMeshReduction for automatic mesh merging
[2018.12.04-13.37.54:881][  0]LogMeshReduction: Using QuadricMeshReduction for automatic static mesh reduction
[2018.12.04-13.37.54:881][  0]LogMeshReduction: No automatic skeletal mesh reduction module available
[2018.12.04-13.37.54:895][  0]LogNetVersion: PlayerMovement 1.0.0, NetCL: 4212847, EngineNetVer: 5, GameNetVer: 0 (Checksum: 171376428)
[2018.12.04-13.37.55:570][  0]LogPackageLocalizationCache: Processed 11 localized package path(s) for 2 prioritized culture(s) in 0.141684 seconds
[2018.12.04-13.37.55:579][  0]LogUObjectArray: 38425 objects as part of root set at end of initial load.
[2018.12.04-13.37.55:579][  0]LogUObjectAllocator: 6690864 out of 0 bytes used by permanent object pool.
[2018.12.04-13.37.55:579][  0]LogUObjectArray: CloseDisregardForGC: 0/0 objects in disregard for GC pool
[2018.12.04-13.38.09:306][  0]LogTcpMessaging: Initializing TcpMessaging bridge
[2018.12.04-13.38.09:335][  0]LogUdpMessaging: Initializing bridge on interface 0.0.0.0:0 to multicast group 230.0.0.1:6666.
[2018.12.04-13.38.10:075][  0]SourceControl: Source control is disabled
[2018.12.04-13.38.10:075][  0]SourceControl: Source control is disabled
[2018.12.04-13.38.10:101][  0]SourceControl: Source control is disabled
[2018.12.04-13.38.10:116][  0]SourceControl: Source control is disabled
[2018.12.04-13.38.10:978][  0]LogAndroidPermission: UAndroidPermissionCallbackProxy::GetInstance
[2018.12.04-13.38.11:104][  0]LogOcInput: OculusInput pre-init called
[2018.12.04-13.38.11:289][  0]LogEngine: Initializing Engine...
[2018.12.04-13.38.11:291][  0]LogHMD: Failed to initialize OpenVR with code 110
[2018.12.04-13.38.11:293][  0]LogStats: UGameplayTagsManager::ConstructGameplayTagTree: ImportINI prefixes -  0.000 s
[2018.12.04-13.38.11:293][  0]LogStats: UGameplayTagsManager::ConstructGameplayTagTree: Construct from data asset -  0.000 s
[2018.12.04-13.38.11:293][  0]LogStats: UGameplayTagsManager::ConstructGameplayTagTree: ImportINI -  0.000 s
[2018.12.04-13.38.11:293][  0]LogStats: UGameplayTagsManager::ConstructGameplayTagTree: GameplayTagTreeChangedEvent.Broadcast -  0.000 s
[2018.12.04-13.38.11:530][  0]LogInit: Initializing FReadOnlyCVARCache
[2018.12.04-13.38.11:593][  0]LogAIModule: Creating AISystem for world Untitled
[2018.12.04-13.38.11:599][  0]LogInit: XAudio2 using 'Speakers / Headphones (Realtek High Definition Audio)' : 2 channels at 48 kHz using 32 bits per sample (channel mask 0x3)
[2018.12.04-13.38.11:636][  0]LogInit: FAudioDevice initialized.
[2018.12.04-13.38.11:636][  0]LogNetVersion: Set ProjectVersion to 1.0.0.0. Version Checksum will be recalculated on next use.
[2018.12.04-13.38.11:878][  0]LogDerivedDataCache: Saved boot cache 0.24s 71MB C:/Users/tolso/AppData/Local/UnrealEngine/4.20/DerivedDataCache/Boot.ddc.
[2018.12.04-13.38.11:889][  0]LogInit: Texture streaming: Enabled
[2018.12.04-13.38.11:950][  0]LogEngineSessionManager: EngineSessionManager initialized
[2018.12.04-13.38.12:022][  0]LogInit: Transaction tracking system initialized
[2018.12.04-13.38.12:118][  0]BlueprintLog: New page: Editor Load
[2018.12.04-13.38.12:519][  0]LocalizationService: Localization service is disabled
[2018.12.04-13.38.13:658][  0]LogCook: Display: Max memory allowance for cook 16384mb min free memory 0mb
[2018.12.04-13.38.13:658][  0]LogCook: Display: Mobile HDR setting 1
[2018.12.04-13.38.13:658][  0]LogGameplayTags: Display: UGameplayTagsManager::DoneAddingNativeTags. DelegateIsBound: 0
[2018.12.04-13.38.13:658][  0]LogStats: UGameplayTagsManager::ConstructGameplayTagTree: ImportINI prefixes -  0.000 s
[2018.12.04-13.38.13:658][  0]LogStats: UGameplayTagsManager::ConstructGameplayTagTree: Construct from data asset -  0.000 s
[2018.12.04-13.38.13:658][  0]LogStats: UGameplayTagsManager::ConstructGameplayTagTree: ImportINI -  0.000 s
[2018.12.04-13.38.13:658][  0]LogStats: UGameplayTagsManager::ConstructGameplayTagTree: GameplayTagTreeChangedEvent.Broadcast -  0.000 s
[2018.12.04-13.38.14:350][  0]LogFileCache: Scanning file cache for directory 'C:/Users/tolso/Downloads/AlchemyUnreal-b2989dcfba84c7ffa77c055d3cc94a80156a3fba/AlchemyUnreal-b2989dcfba84c7ffa77c055d3cc94a80156a3fba/PlayerMovement/Content/' took 0.02s
[2018.12.04-13.38.14:375][  0]SourceControl: Source control is disabled
[2018.12.04-13.38.14:376][  0]LightingResults: New page: Lighting Build
[2018.12.04-13.38.14:455][  0]MapCheck: New page: Map Check
[2018.12.04-13.38.14:455][  0]LightingResults: New page: Lighting Build
[2018.12.04-13.38.14:611][  0]LogLinker: Warning: Can't find file '/Game/StarterContent/Maps/Minimal_Default_BuiltData'
[2018.12.04-13.38.14:611][  0]LogLinker: Warning: Can't find file for asset '/Game/StarterContent/Maps/Minimal_Default_BuiltData' while loading ../../../../../../Users/tolso/Downloads/AlchemyUnreal-b2989dcfba84c7ffa77c055d3cc94a80156a3fba/AlchemyUnreal-b2989dcfba84c7ffa77c055d3cc94a80156a3fba/PlayerMovement/Content/StarterContent/Maps/Minimal_Default.umap.
[2018.12.04-13.38.14:611][  0]LoadErrors: Error: /Game/StarterContent/Maps/Minimal_Default : Can't find file for asset. /Game/StarterContent/Maps/Minimal_Default_BuiltData
[2018.12.04-13.38.14:651][  0]LogLinker: Warning: Can't find file '/Game/StarterContent/Architecture/Floor_400x400'
[2018.12.04-13.38.14:652][  0]LogLinker: Warning: Can't find file for asset '/Game/StarterContent/Architecture/Floor_400x400' while loading ../../../../../../Users/tolso/Downloads/AlchemyUnreal-b2989dcfba84c7ffa77c055d3cc94a80156a3fba/AlchemyUnreal-b2989dcfba84c7ffa77c055d3cc94a80156a3fba/PlayerMovement/Content/StarterContent/Maps/Minimal_Default.umap.
[2018.12.04-13.38.14:652][  0]LoadErrors: Error: /Game/StarterContent/Maps/Minimal_Default : Can't find file for asset. /Game/StarterContent/Architecture/Floor_400x400
[2018.12.04-13.38.14:654][  0]LogLinker: Warning: Can't find file '/Game/StarterContent/Maps/Minimal_Default_BuiltData'
[2018.12.04-13.38.14:654][  0]LogLinker: Warning: Can't find file for asset '/Game/StarterContent/Maps/Minimal_Default_BuiltData' while loading ../../../../../../Users/tolso/Downloads/AlchemyUnreal-b2989dcfba84c7ffa77c055d3cc94a80156a3fba/AlchemyUnreal-b2989dcfba84c7ffa77c055d3cc94a80156a3fba/PlayerMovement/Content/StarterContent/Maps/Minimal_Default.umap.
[2018.12.04-13.38.14:654][  0]LoadErrors: Error: /Game/StarterContent/Maps/Minimal_Default : Can't find file for asset. /Game/StarterContent/Maps/Minimal_Default_BuiltData
[2018.12.04-13.38.14:680][  0]LogLinker: Warning: Can't find file '/Game/StarterContent/Architecture/Floor_400x400'
[2018.12.04-13.38.14:680][  0]LogLinker: Warning: Can't find file for asset '/Game/StarterContent/Architecture/Floor_400x400' while loading ../../../../../../Users/tolso/Downloads/AlchemyUnreal-b2989dcfba84c7ffa77c055d3cc94a80156a3fba/AlchemyUnreal-b2989dcfba84c7ffa77c055d3cc94a80156a3fba/PlayerMovement/Content/StarterContent/Maps/Minimal_Default.umap.
[2018.12.04-13.38.14:680][  0]LoadErrors: Error: /Game/StarterContent/Maps/Minimal_Default : Can't find file for asset. /Game/StarterContent/Architecture/Floor_400x400
[2018.12.04-13.38.14:682][  0]LogLinker: Warning: Can't find file '/Game/StarterContent/Maps/Minimal_Default_BuiltData'
[2018.12.04-13.38.14:682][  0]LogLinker: Warning: Can't find file for asset '/Game/StarterContent/Maps/Minimal_Default_BuiltData' while loading NULL.
[2018.12.04-13.38.14:682][  0]LogLinker: Warning: Can't find file '/Game/StarterContent/Architecture/Floor_400x400'
[2018.12.04-13.38.14:682][  0]LogLinker: Warning: Can't find file for asset '/Game/StarterContent/Architecture/Floor_400x400' while loading NULL.
[2018.12.04-13.38.14:682][  0]LogLinker: Warning: Can't find file '/Game/StarterContent/Maps/Minimal_Default_BuiltData'
[2018.12.04-13.38.14:683][  0]LogLinker: Warning: Can't find file for asset '/Game/StarterContent/Maps/Minimal_Default_BuiltData' while loading NULL.
[2018.12.04-13.38.14:683][  0]LogLinker: Warning: Can't find file '/Game/StarterContent/Architecture/Floor_400x400'
[2018.12.04-13.38.14:683][  0]LogLinker: Warning: Can't find file for asset '/Game/StarterContent/Architecture/Floor_400x400' while loading NULL.
[2018.12.04-13.38.14:707][  0]LogLinker: Warning: Can't find file '/Game/StarterContent/Maps/Minimal_Default_BuiltData'
[2018.12.04-13.38.14:707][  0]LoadErrors: Failed to load /Game/StarterContent/Maps/Minimal_Default_BuiltData.Minimal_Default_BuiltData Referenced by PersistentLevel
[2018.12.04-13.38.14:707][  0]LogLinker: Warning: Can't find file for asset '/Game/StarterContent/Maps/Minimal_Default_BuiltData' while loading NULL.
[2018.12.04-13.38.14:707][  0]LoadErrors: Failed to load /Game/StarterContent/Maps/Minimal_Default_BuiltData.Minimal_Default_BuiltData Referenced by PersistentLevel
[2018.12.04-13.38.14:708][  0]LogLinker: Warning: Can't find file '/Game/StarterContent/Architecture/Floor_400x400'
[2018.12.04-13.38.14:708][  0]LoadErrors: Failed to load /Game/StarterContent/Architecture/Floor_400x400.Floor_400x400 Referenced by StaticMeshComponent0
[2018.12.04-13.38.14:709][  0]LogLinker: Warning: Can't find file for asset '/Game/StarterContent/Architecture/Floor_400x400' while loading NULL.
[2018.12.04-13.38.14:709][  0]LoadErrors: Failed to load /Game/StarterContent/Architecture/Floor_400x400.Floor_400x400 Referenced by StaticMeshComponent0
[2018.12.04-13.38.14:709][  0]LogLinker: Warning: Can't find file '/Game/StarterContent/Architecture/Floor_400x400'
[2018.12.04-13.38.14:709][  0]LoadErrors: Failed to load /Game/StarterContent/Architecture/Floor_400x400.Floor_400x400 Referenced by StaticMeshComponent0
[2018.12.04-13.38.14:709][  0]LogLinker: Warning: Can't find file for asset '/Game/StarterContent/Architecture/Floor_400x400' while loading NULL.
[2018.12.04-13.38.14:709][  0]LoadErrors: Failed to load /Game/StarterContent/Architecture/Floor_400x400.Floor_400x400 Referenced by StaticMeshComponent0
[2018.12.04-13.38.15:013][  0]LogAIModule: Creating AISystem for world Minimal_Default
[2018.12.04-13.38.15:020][  0]LogEditorServer: Finished looking for orphan Actors (0.000 secs)
[2018.12.04-13.38.15:059][  0]Cmd: MAP CHECKDEP NOCLEARLOG
[2018.12.04-13.38.15:140][  0]MapCheck: Map check complete: 0 Error(s), 0 Warning(s), took 81.282ms to complete.
[2018.12.04-13.38.15:140][  0]LogFileHelpers: Loading map 'Minimal_Default' took 0.765
[2018.12.04-13.38.15:377][  0]LogSlate: Updating window title bar state: overlay mode, drag disabled, window buttons hidden, title bar hidden
[2018.12.04-13.38.15:394][  0]LogSlate: Updating window title bar state: overlay mode, drag disabled, window buttons hidden, title bar hidden
[2018.12.04-13.38.15:402][  0]LogSlate: Updating window title bar state: overlay mode, drag disabled, window buttons hidden, title bar hidden
[2018.12.04-13.38.15:410][  0]LogSlate: Updating window title bar state: overlay mode, drag disabled, window buttons hidden, title bar hidden
[2018.12.04-13.38.15:460][  0]LogCollectionManager: Loaded 0 collections in 0.004785 seconds
[2018.12.04-13.38.15:525][  0]LogFileCache: Scanning file cache for directory 'C:/Users/tolso/Downloads/AlchemyUnreal-b2989dcfba84c7ffa77c055d3cc94a80156a3fba/AlchemyUnreal-b2989dcfba84c7ffa77c055d3cc94a80156a3fba/PlayerMovement/Saved/Collections/' took 0.01s
[2018.12.04-13.38.15:525][  0]LogFileCache: Scanning file cache for directory 'C:/Users/tolso/Downloads/AlchemyUnreal-b2989dcfba84c7ffa77c055d3cc94a80156a3fba/AlchemyUnreal-b2989dcfba84c7ffa77c055d3cc94a80156a3fba/PlayerMovement/Content/Developers/tolso/Collections/' took 0.01s
[2018.12.04-13.38.15:525][  0]LogFileCache: Scanning file cache for directory 'C:/Users/tolso/Downloads/AlchemyUnreal-b2989dcfba84c7ffa77c055d3cc94a80156a3fba/AlchemyUnreal-b2989dcfba84c7ffa77c055d3cc94a80156a3fba/PlayerMovement/Content/Collections/' took 0.01s
[2018.12.04-13.38.15:525][  0]LogCollectionManager: Rebuilt the GUID cache for 0 collections in 0.000001 seconds
[2018.12.04-13.38.15:546][  0]LogContentBrowser: Native class hierarchy populated in 0.0206 seconds. Added 2577 classes and 607 folders.
[2018.12.04-13.38.15:581][  0]LogContentBrowser: Native class hierarchy updated for 'WidgetCarousel' in 0.0009 seconds. Added 0 classes and 0 folders.
[2018.12.04-13.38.16:923][  0]LogContentBrowser: Native class hierarchy updated for 'AddContentDialog' in 0.0006 seconds. Added 0 classes and 0 folders.
[2018.12.04-13.38.16:954][  0]LogContentBrowser: Native class hierarchy updated for 'SceneOutliner' in 0.0010 seconds. Added 1 classes and 2 folders.
[2018.12.04-13.38.17:065][  0]LogContentBrowser: Native class hierarchy updated for 'HierarchicalLODOutliner' in 0.0009 seconds. Added 0 classes and 0 folders.
[2018.12.04-13.38.17:065][  0]LogLoad: (Engine Initialization) Total time: 41.13 seconds
[2018.12.04-13.38.17:065][  0]LogLoad: (Engine Initialization) Total Blueprint compile time: 0.00 seconds
[2018.12.04-13.38.17:105][  0]LogContentStreaming: Texture pool size now 400 MB
[2018.12.04-13.38.17:109][  0]LogSlate: FSceneViewport::OnFocusLost() reason 2
[2018.12.04-13.38.17:248][  0]LogSlate: Took 0.133855 seconds to synchronously load lazily loaded font '../../../Engine/Content/Slate/Fonts/Roboto-Regular.ttf' (155K)
[2018.12.04-13.38.17:307][  0]LogSlate: Took 0.054352 seconds to synchronously load lazily loaded font '../../../Engine/Content/Slate/Fonts/Roboto-Bold.ttf' (160K)
[2018.12.04-13.38.17:364][  0]LogSlate: Took 0.045727 seconds to synchronously load lazily loaded font '../../../Engine/Content/Editor/Slate/Fonts/FontAwesome.ttf' (139K)
[2018.12.04-13.38.17:637][  0]LogRenderer: Reallocating scene render targets to support 804x360 Format 9 NumSamples 1 (Frame:1).
[2018.12.04-13.38.17:637][  0]LogSlate: Took 0.018927 seconds to synchronously load lazily loaded font '../../../Engine/Content/Slate/Fonts/Roboto-Light.ttf' (167K)
[2018.12.04-13.38.18:183][  2]LogAssetRegistry: Asset discovery search completed in 23.9839 seconds
[2018.12.04-13.38.18:185][  2]LogCollectionManager: Rebuilt the object cache for 0 collections in 0.000001 seconds (found 0 objects)
[2018.12.04-13.38.18:185][  2]LogCollectionManager: Fixed up redirectors for 0 collections in 0.000083 seconds (updated 0 objects)
[2018.12.04-13.38.22:190][ 14]LogSlate: Window 'Message Log' being destroyed
[2018.12.04-13.38.22:196][ 14]LogSlate: Window 'Message Log' being destroyed
[2018.12.04-13.38.23:607][ 81]LogSlate: FSceneViewport::OnFocusLost() reason 0
[2018.12.04-13.40.13:579][ 95]LogSlate: Took 0.000248 seconds to synchronously load lazily loaded font '../../../Engine/Content/Slate/Fonts/Roboto-Light.ttf' (167K)
[2018.12.04-13.40.13:694][ 95]LogSlate: Took 0.060410 seconds to synchronously load lazily loaded font '../../../Engine/Content/Slate/Fonts/Roboto-BoldCondensed.ttf' (158K)
[2018.12.04-13.40.47:533][497]Running C:/Program Files/Epic Games/UE_4.20/Engine/Binaries/DotNET/UnrealBuildTool.exe Win64 Development -TargetType=Editor -Project="C:/Users/tolso/Downloads/AlchemyUnreal-b2989dcfba84c7ffa77c055d3cc94a80156a3fba/AlchemyUnreal-b2989dcfba84c7ffa77c055d3cc94a80156a3fba/PlayerMovement/PlayerMovement.uproject" -invalidatemakefilesonly
[2018.12.04-13.40.49:654][497]Invalidating makefiles only in this run.
[2018.12.04-13.40.49:998][497]Candidate modules for hot reload:
[2018.12.04-13.40.49:999][497]  PlayerMovement
[2018.12.04-13.40.49:999][497]Launching UnrealBuildTool... [C:/Program Files/Epic Games/UE_4.20/Engine/Binaries/DotNET/UnrealBuildTool.exe  -ModuleWithSuffix=PlayerMovement,7029 Win64 Development -TargetType=Editor -Project="../../../../../../Users/tolso/Downloads/AlchemyUnreal-b2989dcfba84c7ffa77c055d3cc94a80156a3fba/AlchemyUnreal-b2989dcfba84c7ffa77c055d3cc94a80156a3fba/PlayerMovement/PlayerMovement.uproject" -canskiplink "C:/Users/tolso/Downloads/AlchemyUnreal-b2989dcfba84c7ffa77c055d3cc94a80156a3fba/AlchemyUnreal-b2989dcfba84c7ffa77c055d3cc94a80156a3fba/PlayerMovement/PlayerMovement.uproject" ]
[2018.12.04-13.45.00:701][497]CompilerResultsLog: New page: Compilation - Dec 4, 2018, 1:45:00 AM
[2018.12.04-13.45.00:702][497]CompilerResultsLog: Using 'git status' to determine working set for adaptive non-unity build.
[2018.12.04-13.45.00:702][497]CompilerResultsLog: Creating makefile for hot reloading PlayerMovementEditor (no existing makefile)
[2018.12.04-13.45.00:702][497]CompilerResultsLog: Compiling game modules for hot reload
[2018.12.04-13.45.00:702][497]CompilerResultsLog: Using Visual Studio 2017 14.15.26726 toolchain (C:\Program Files (x86)\Microsoft Visual Studio\2017\Community\VC\Tools\MSVC\14.15.26726) and Windows 10.0.17134.0 SDK (C:\Program Files (x86)\Windows Kits\10).
[2018.12.04-13.45.00:702][497]CompilerResultsLog: Parsing headers for PlayerMovementEditor
[2018.12.04-13.45.00:702][497]CompilerResultsLog:   Running UnrealHeaderTool "C:\Users\tolso\Downloads\AlchemyUnreal-b2989dcfba84c7ffa77c055d3cc94a80156a3fba\AlchemyUnreal-b2989dcfba84c7ffa77c055d3cc94a80156a3fba\PlayerMovement\PlayerMovement.uproject" "C:\Users\tolso\Downloads\AlchemyUnreal-b2989dcfba84c7ffa77c055d3cc94a80156a3fba\AlchemyUnreal-b2989dcfba84c7ffa77c055d3cc94a80156a3fba\PlayerMovement\Intermediate\Build\Win64\PlayerMovementEditor\Development\PlayerMovementEditor.uhtmanifest" -LogCmds="loginit warning, logexit warning, logdatabase error" -Unattended -WarningsAsErrors -installed
[2018.12.04-13.45.00:702][497]CompilerResultsLog: Reflection code generated for PlayerMovementEditor in 25.7028087 seconds
[2018.12.04-13.45.00:702][497]CompilerResultsLog: Building 7 actions with 8 processes...
[2018.12.04-13.45.00:702][497]CompilerResultsLog:   [1/7] Interaction_Interface.cpp
[2018.12.04-13.45.00:702][497]CompilerResultsLog:   [2/7] PlayerMovement.init.gen.cpp
[2018.12.04-13.45.00:702][497]CompilerResultsLog:   [3/7] Interaction_Interface.gen.cpp
[2018.12.04-13.45.00:702][497]CompilerResultsLog:   [4/7] Inventory.gen.cpp
[2018.12.04-13.45.00:702][497]CompilerResultsLog:   [5/7] Inventory.cpp
[2018.12.04-13.45.00:702][497]CompilerResultsLog:   [6/7] UE4Editor-PlayerMovement-7029.lib
[2018.12.04-13.45.00:702][497]CompilerResultsLog:      Creating library C:\Users\tolso\Downloads\AlchemyUnreal-b2989dcfba84c7ffa77c055d3cc94a80156a3fba\AlchemyUnreal-b2989dcfba84c7ffa77c055d3cc94a80156a3fba\PlayerMovement\Intermediate\Build\Win64\UE4Editor\Development\PlayerMovement\UE4Editor-PlayerMovement-7029.lib and object C:\Users\tolso\Downloads\AlchemyUnreal-b2989dcfba84c7ffa77c055d3cc94a80156a3fba\AlchemyUnreal-b2989dcfba84c7ffa77c055d3cc94a80156a3fba\PlayerMovement\Intermediate\Build\Win64\UE4Editor\Development\PlayerMovement\UE4Editor-PlayerMovement-7029.exp
[2018.12.04-13.45.00:702][497]CompilerResultsLog:   [7/7] UE4Editor-PlayerMovement-7029.dll
[2018.12.04-13.45.00:702][497]CompilerResultsLog:      Creating library C:\Users\tolso\Downloads\AlchemyUnreal-b2989dcfba84c7ffa77c055d3cc94a80156a3fba\AlchemyUnreal-b2989dcfba84c7ffa77c055d3cc94a80156a3fba\PlayerMovement\Intermediate\Build\Win64\UE4Editor\Development\PlayerMovement\UE4Editor-PlayerMovement-7029.suppressed.lib and object C:\Users\tolso\Downloads\AlchemyUnreal-b2989dcfba84c7ffa77c055d3cc94a80156a3fba\AlchemyUnreal-b2989dcfba84c7ffa77c055d3cc94a80156a3fba\PlayerMovement\Intermediate\Build\Win64\UE4Editor\Development\PlayerMovement\UE4Editor-PlayerMovement-7029.suppressed.exp
[2018.12.04-13.45.00:702][497]CompilerResultsLog: Total build time: 250.34 seconds (Parallel executor: 151.86 seconds)
[2018.12.04-13.45.00:702][497]LogMainFrame: MainFrame: Module compiling took 250.734 seconds
[2018.12.04-13.45.00:806][497]LogClass: Could not find existing class Interaction_Interface in package /Script/PlayerMovement for HotReload, assuming new class
[2018.12.04-13.45.00:806][497]LogClass: Function OnInteract is new.
[2018.12.04-13.45.00:806][497]LogClass: Could not find existing class Inventory in package /Script/PlayerMovement for HotReload, assuming new class
[2018.12.04-13.45.00:808][497]LogClass: Subtitle HotReload.
[2018.12.04-13.45.00:817][497]LogHotReload: Re-instancing Interaction_Interface after hot-reload.
[2018.12.04-13.45.01:029][497]LogContentBrowser: Native class hierarchy updated for 'PlayerMovement' in 0.0012 seconds. Added 6 classes and 4 folders.
[2018.12.04-13.45.01:033][497]Display: HotReload successful (1 functions remapped  1 scriptstructs remapped)
[2018.12.04-13.45.01:178][497]LogContentBrowser: Native class hierarchy populated in 0.0099 seconds. Added 2579 classes and 609 folders.
[2018.12.04-13.45.01:192][497]Display: HotReload took 251.3s.
[2018.12.04-13.45.01:193][497]Warning: HotReload operation took 251.3s.
[2018.12.04-13.45.01:625][497]LogSlate: Window 'Add C++ Class' being destroyed
[2018.12.04-13.45.01:665][497]LogHotReload: New module detected: UE4Editor-PlayerMovement-7029.dll
[2018.12.04-13.45.01:957][498]LogHotReload: Starting Hot-Reload from IDE
[2018.12.04-13.45.02:028][498]LogContentBrowser: Native class hierarchy updated for 'PlayerMovement' in 0.0005 seconds. Added 6 classes and 4 folders.
[2018.12.04-13.45.02:030][498]Display: HotReload successful (0 functions remapped  1 scriptstructs remapped)
[2018.12.04-13.45.02:061][498]LogContentBrowser: Native class hierarchy populated in 0.0101 seconds. Added 2579 classes and 609 folders.
[2018.12.04-13.45.02:064][498]Display: HotReload took  0.1s.
[2018.12.04-13.47.30:001][977]Running C:/Program Files/Epic Games/UE_4.20/Engine/Binaries/DotNET/UnrealBuildTool.exe Win64 Development -TargetType=Editor -Project="C:/Users/tolso/Downloads/AlchemyUnreal-b2989dcfba84c7ffa77c055d3cc94a80156a3fba/AlchemyUnreal-b2989dcfba84c7ffa77c055d3cc94a80156a3fba/PlayerMovement/PlayerMovement.uproject" -invalidatemakefilesonly
[2018.12.04-13.47.32:323][977]Invalidating makefiles only in this run.
[2018.12.04-13.47.32:439][977]Candidate modules for hot reload:
[2018.12.04-13.47.32:439][977]  PlayerMovement
[2018.12.04-13.47.32:439][977]Launching UnrealBuildTool... [C:/Program Files/Epic Games/UE_4.20/Engine/Binaries/DotNET/UnrealBuildTool.exe  -ModuleWithSuffix=PlayerMovement,6898 Win64 Development -TargetType=Editor -Project="../../../../../../Users/tolso/Downloads/AlchemyUnreal-b2989dcfba84c7ffa77c055d3cc94a80156a3fba/AlchemyUnreal-b2989dcfba84c7ffa77c055d3cc94a80156a3fba/PlayerMovement/PlayerMovement.uproject" -canskiplink "C:/Users/tolso/Downloads/AlchemyUnreal-b2989dcfba84c7ffa77c055d3cc94a80156a3fba/AlchemyUnreal-b2989dcfba84c7ffa77c055d3cc94a80156a3fba/PlayerMovement/PlayerMovement.uproject" ]
[2018.12.04-13.49.02:038][977]CompilerResultsLog: New page: Compilation - Dec 4, 2018, 1:49:02 AM
[2018.12.04-13.49.02:038][977]CompilerResultsLog: Using 'git status' to determine working set for adaptive non-unity build.
[2018.12.04-13.49.02:038][977]CompilerResultsLog: Creating makefile for hot reloading PlayerMovementEditor (no existing makefile)
[2018.12.04-13.49.02:038][977]CompilerResultsLog: Compiling game modules for hot reload
[2018.12.04-13.49.02:038][977]CompilerResultsLog: Using Visual Studio 2017 14.15.26726 toolchain (C:\Program Files (x86)\Microsoft Visual Studio\2017\Community\VC\Tools\MSVC\14.15.26726) and Windows 10.0.17134.0 SDK (C:\Program Files (x86)\Windows Kits\10).
[2018.12.04-13.49.02:038][977]CompilerResultsLog: Parsing headers for PlayerMovementEditor
[2018.12.04-13.49.02:038][977]CompilerResultsLog:   Running UnrealHeaderTool "C:\Users\tolso\Downloads\AlchemyUnreal-b2989dcfba84c7ffa77c055d3cc94a80156a3fba\AlchemyUnreal-b2989dcfba84c7ffa77c055d3cc94a80156a3fba\PlayerMovement\PlayerMovement.uproject" "C:\Users\tolso\Downloads\AlchemyUnreal-b2989dcfba84c7ffa77c055d3cc94a80156a3fba\AlchemyUnreal-b2989dcfba84c7ffa77c055d3cc94a80156a3fba\PlayerMovement\Intermediate\Build\Win64\PlayerMovementEditor\Development\PlayerMovementEditor.uhtmanifest" -LogCmds="loginit warning, logexit warning, logdatabase error" -Unattended -WarningsAsErrors -installed
[2018.12.04-13.49.02:038][977]CompilerResultsLog: Reflection code generated for PlayerMovementEditor in 12.5124534 seconds
[2018.12.04-13.49.02:038][977]CompilerResultsLog: Building 7 actions with 8 processes...
[2018.12.04-13.49.02:038][977]CompilerResultsLog:   [1/7] PlayerMovement.init.gen.cpp
[2018.12.04-13.49.02:038][977]CompilerResultsLog:   [2/7] Pickup_Actor.cpp
[2018.12.04-13.49.02:038][977]CompilerResultsLog:   [3/7] Pickup_Actor.gen.cpp
[2018.12.04-13.49.02:038][977]CompilerResultsLog:   [4/7] Inventory.gen.cpp
[2018.12.04-13.49.02:039][977]CompilerResultsLog:   [5/7] Inventory.cpp
[2018.12.04-13.49.02:039][977]CompilerResultsLog:    C:\Users\tolso\Downloads\AlchemyUnreal-b2989dcfba84c7ffa77c055d3cc94a80156a3fba\AlchemyUnreal-b2989dcfba84c7ffa77c055d3cc94a80156a3fba\PlayerMovement\Source\PlayerMovement\Private\UI\Inventory.cpp(33) : error C2039: 'EndInventory': is not a member of 'APawnPlayerMove'
[2018.12.04-13.49.02:039][977]CompilerResultsLog:   C:\Users\tolso\Downloads\AlchemyUnreal-b2989dcfba84c7ffa77c055d3cc94a80156a3fba\AlchemyUnreal-b2989dcfba84c7ffa77c055d3cc94a80156a3fba\PlayerMovement\Source\PlayerMovement\PawnPlayerMove.h(10): note: see declaration of 'APawnPlayerMove'
[2018.12.04-13.49.02:039][977]CompilerResultsLog: ERROR: UBT ERROR: Failed to produce item: C:\Users\tolso\Downloads\AlchemyUnreal-b2989dcfba84c7ffa77c055d3cc94a80156a3fba\AlchemyUnreal-b2989dcfba84c7ffa77c055d3cc94a80156a3fba\PlayerMovement\Binaries\Win64\UE4Editor-PlayerMovement-6898.dll
[2018.12.04-13.49.02:039][977]CompilerResultsLog:        (see ../Programs/UnrealBuildTool/Log.txt for full exception trace)
[2018.12.04-13.49.02:039][977]CompilerResultsLog: Total build time: 89.34 seconds (Parallel executor: 0.00 seconds)
[2018.12.04-13.49.02:039][977]LogMainFrame: MainFrame: Module compiling took 89.603 seconds
[2018.12.04-13.49.02:039][977]Warning: HotReload failed, recompile failed
[2018.12.04-13.49.02:044][977]Warning: RebindPackages failed because compilation failed.
[2018.12.04-13.49.55:003][977]LogSlate: Window 'Message' being destroyed
[2018.12.04-13.49.55:009][977]LogSlate: Window 'Add C++ Class' being destroyed
[2018.12.04-13.55.41:807][250]Candidate modules for hot reload:
[2018.12.04-13.55.41:807][250]  PlayerMovement
[2018.12.04-13.55.41:807][250]Launching UnrealBuildTool... [C:/Program Files/Epic Games/UE_4.20/Engine/Binaries/DotNET/UnrealBuildTool.exe  -ModuleWithSuffix=PlayerMovement,4298 Win64 Development -TargetType=Editor -Project="../../../../../../Users/tolso/Downloads/AlchemyUnreal-b2989dcfba84c7ffa77c055d3cc94a80156a3fba/AlchemyUnreal-b2989dcfba84c7ffa77c055d3cc94a80156a3fba/PlayerMovement/PlayerMovement.uproject" -canskiplink "C:/Users/tolso/Downloads/AlchemyUnreal-b2989dcfba84c7ffa77c055d3cc94a80156a3fba/AlchemyUnreal-b2989dcfba84c7ffa77c055d3cc94a80156a3fba/PlayerMovement/PlayerMovement.uproject" ]
[2018.12.04-13.55.41:808][250]Warning: Starting HotReload took  0.0s.
[2018.12.04-13.56.13:427][655]CompilerResultsLog: New page: Compilation - Dec 4, 2018, 1:56:13 AM
[2018.12.04-13.56.13:427][655]CompilerResultsLog: Using 'git status' to determine working set for adaptive non-unity build.
[2018.12.04-13.56.13:427][655]CompilerResultsLog: Compiling game modules for hot reload
[2018.12.04-13.56.13:427][655]CompilerResultsLog: Parsing headers for PlayerMovementEditor
[2018.12.04-13.56.13:427][655]CompilerResultsLog:   Running UnrealHeaderTool "C:\Users\tolso\Downloads\AlchemyUnreal-b2989dcfba84c7ffa77c055d3cc94a80156a3fba\AlchemyUnreal-b2989dcfba84c7ffa77c055d3cc94a80156a3fba\PlayerMovement\PlayerMovement.uproject" "C:\Users\tolso\Downloads\AlchemyUnreal-b2989dcfba84c7ffa77c055d3cc94a80156a3fba\AlchemyUnreal-b2989dcfba84c7ffa77c055d3cc94a80156a3fba\PlayerMovement\Intermediate\Build\Win64\PlayerMovementEditor\Development\PlayerMovementEditor.uhtmanifest" -LogCmds="loginit warning, logexit warning, logdatabase error" -Unattended -WarningsAsErrors -installed
[2018.12.04-13.56.13:427][655]CompilerResultsLog: Error: C:/Users/tolso/Downloads/AlchemyUnreal-b2989dcfba84c7ffa77c055d3cc94a80156a3fba/AlchemyUnreal-b2989dcfba84c7ffa77c055d3cc94a80156a3fba/PlayerMovement/Source/PlayerMovement/Public/UI/Pickup_Actor.h(24)  : Error: Unrecognized type 'APlayer_Character' - type must be a UCLASS, USTRUCT or UENUM
[2018.12.04-13.56.13:427][655]CompilerResultsLog: UnrealHeaderTool failed for target 'PlayerMovementEditor' (platform: Win64, module info: C:\Users\tolso\Downloads\AlchemyUnreal-b2989dcfba84c7ffa77c055d3cc94a80156a3fba\AlchemyUnreal-b2989dcfba84c7ffa77c055d3cc94a80156a3fba\PlayerMovement\Intermediate\Build\Win64\PlayerMovementEditor\Development\PlayerMovementEditor.uhtmanifest).
[2018.12.04-13.56.13:428][655]LogMainFrame: MainFrame: Module compiling took 31.624 seconds
[2018.12.04-13.56.13:428][655]Warning: HotReload failed, recompile failed
[2018.12.04-13.56.28:447][488]LogSlate: Window 'Message Log' being destroyed
[2018.12.04-13.56.28:457][488]LogSlate: Window 'Message Log' being destroyed
[2018.12.04-13.56.30:360][564]LogSlate: Window 'PlayerMovement - Unreal Editor' being destroyed
[2018.12.04-13.56.30:361][564]LogWindowsTextInputMethodSystem: Display: IME system now deactivated.
[2018.12.04-13.56.30:955][565]Cmd: QUIT_EDITOR
[2018.12.04-13.56.31:384][565]LogExit: Preparing to exit.
[2018.12.04-13.56.32:338][565]LogExit: Editor shut down
[2018.12.04-13.56.32:338][565]LogExit: Transaction tracking system shut down
[2018.12.04-13.56.33:615][565]LogExit: Object subsystem successfully closed.
[2018.12.04-13.56.33:909][565]LogShaderCompilers: Display: Shaders left to compile 0
[2018.12.04-13.56.33:935][565]LogD3D11RHI: Shutdown
[2018.12.04-13.56.33:935][565]LogD3D11RHI: CleanupD3DDevice
[2018.12.04-13.56.34:380][565]LogD3D11RHI: ~FD3D11DynamicRHI
[2018.12.04-13.56.35:356][565]LogModuleManager: Shutting down and abandoning module PlayerMovement (614)
[2018.12.04-13.56.35:356][565]LogModuleManager: Shutting down and abandoning module HierarchicalLODOutliner (612)
[2018.12.04-13.56.35:357][565]LogModuleManager: Shutting down and abandoning module SceneOutliner (610)
[2018.12.04-13.56.35:357][565]LogModuleManager: Shutting down and abandoning module AddContentDialog (608)
[2018.12.04-13.56.35:363][565]LogModuleManager: Shutting down and abandoning module WidgetCarousel (607)
[2018.12.04-13.56.35:363][565]LogModuleManager: Shutting down and abandoning module EditorWidgets (604)
[2018.12.04-13.56.35:363][565]LogModuleManager: Shutting down and abandoning module CollectionManager (602)
[2018.12.04-13.56.35:364][565]LogModuleManager: Shutting down and abandoning module StatsViewer (600)
[2018.12.04-13.56.35:379][565]LogModuleManager: Shutting down and abandoning module FoliageEdit (598)
[2018.12.04-13.56.35:379][565]LogModuleManager: Shutting down and abandoning module LandscapeEditor (596)
[2018.12.04-13.56.35:386][565]LogModuleManager: Shutting down and abandoning module MeshPaintMode (594)
[2018.12.04-13.56.35:386][565]LogModuleManager: Shutting down and abandoning module SceneDepthPickerMode (592)
[2018.12.04-13.56.35:386][565]LogModuleManager: Shutting down and abandoning module ActorPickerMode (590)
[2018.12.04-13.56.35:386][565]LogModuleManager: Shutting down and abandoning module GeometryMode (588)
[2018.12.04-13.56.35:386][565]LogModuleManager: Shutting down and abandoning module TextureAlignMode (586)
[2018.12.04-13.56.35:386][565]LogModuleManager: Shutting down and abandoning module BspMode (584)
[2018.12.04-13.56.35:386][565]LogModuleManager: Shutting down and abandoning module PIEPreviewDeviceProfileSelector (582)
[2018.12.04-13.56.35:394][565]LogModuleManager: Shutting down and abandoning module SequenceRecorderSections (580)
[2018.12.04-13.56.35:394][565]LogModuleManager: Shutting down and abandoning module AutomationWorker (578)
[2018.12.04-13.56.35:394][565]LogModuleManager: Shutting down and abandoning module AudioCaptureEditor (576)
[2018.12.04-13.56.35:394][565]LogModuleManager: Shutting down and abandoning module SequenceRecorder (575)
[2018.12.04-13.56.35:394][565]LogModuleManager: Shutting down and abandoning module MatineeToLevelSequence (572)
[2018.12.04-13.56.35:394][565]LogModuleManager: Shutting down and abandoning module LevelSequenceEditor (570)
[2018.12.04-13.56.35:394][565]LogModuleManager: Shutting down and abandoning module PlacementMode (569)
[2018.12.04-13.56.35:394][565]LogModuleManager: Shutting down and abandoning module MaterialEditor (568)
[2018.12.04-13.56.35:434][565]LogModuleManager: Shutting down and abandoning module WmfMediaFactory (564)
[2018.12.04-13.56.35:435][565]LogModuleManager: Shutting down and abandoning module WmfMediaEditor (562)
[2018.12.04-13.56.35:435][565]LogModuleManager: Shutting down and abandoning module MediaPlayerEditor (560)
[2018.12.04-13.56.35:435][565]LogModuleManager: Shutting down and abandoning module OpenExrWrapper (558)
[2018.12.04-13.56.35:435][565]LogModuleManager: Shutting down and abandoning module ImgMediaFactory (556)
[2018.12.04-13.56.35:435][565]LogModuleManager: Shutting down and abandoning module ImgMediaEditor (554)
[2018.12.04-13.56.35:435][565]LogModuleManager: Shutting down and abandoning module AvfMediaFactory (552)
[2018.12.04-13.56.35:435][565]LogModuleManager: Shutting down and abandoning module AvfMediaEditor (550)
[2018.12.04-13.56.35:435][565]LogModuleManager: Shutting down and abandoning module AndroidMediaFactory (548)
[2018.12.04-13.56.35:435][565]LogModuleManager: Shutting down and abandoning module AndroidMediaEditor (546)
[2018.12.04-13.56.35:435][565]LogModuleManager: Shutting down and abandoning module MagicLeapCameraPreviewFactory (544)
[2018.12.04-13.56.35:435][565]LogModuleManager: Shutting down and abandoning module MagicLeapMediaFactory (542)
[2018.12.04-13.56.35:435][565]LogModuleManager: Shutting down and abandoning module MagicLeapMediaEditor (540)
[2018.12.04-13.56.35:435][565]LogModuleManager: Shutting down and abandoning module CharacterAI (538)
[2018.12.04-13.56.35:435][565]LogModuleManager: Shutting down and abandoning module SmartSnapping (536)
[2018.12.04-13.56.35:435][565]LogModuleManager: Shutting down and abandoning module SessionServices (534)
[2018.12.04-13.56.35:435][565]LogModuleManager: Shutting down and abandoning module ViewportSnapping (532)
[2018.12.04-13.56.35:435][565]LogModuleManager: Shutting down and abandoning module ViewportInteraction (530)
[2018.12.04-13.56.35:435][565]LogModuleManager: Shutting down and abandoning module ClothPainter (528)
[2018.12.04-13.56.35:440][565]LogModuleManager: Shutting down and abandoning module SkeletalMeshEditor (527)
[2018.12.04-13.56.35:440][565]LogModuleManager: Shutting down and abandoning module LogVisualizer (524)
[2018.12.04-13.56.35:440][565]LogModuleManager: Shutting down and abandoning module IntroTutorials (522)
[2018.12.04-13.56.35:448][565]LogModuleManager: Shutting down and abandoning module GameProjectGeneration (521)
[2018.12.04-13.56.35:448][565]LogModuleManager: Shutting down and abandoning module LuminPlatformEditor (518)
[2018.12.04-13.56.35:448][565]LogModuleManager: Shutting down and abandoning module IOSPlatformEditor (516)
[2018.12.04-13.56.35:448][565]LogModuleManager: Shutting down and abandoning module HTML5PlatformEditor (514)
[2018.12.04-13.56.35:448][565]LogModuleManager: Shutting down and abandoning module AndroidPlatformEditor (512)
[2018.12.04-13.56.35:448][565]LogModuleManager: Shutting down and abandoning module AndroidDeviceDetection (511)
[2018.12.04-13.56.36:234][565]LogModuleManager: Shutting down and abandoning module WindowsPlatformEditor (508)
[2018.12.04-13.56.36:234][565]LogModuleManager: Shutting down and abandoning module LuminRuntimeSettings (506)
[2018.12.04-13.56.36:234][565]LogModuleManager: Shutting down and abandoning module IOSRuntimeSettings (504)
[2018.12.04-13.56.36:234][565]LogModuleManager: Shutting down and abandoning module AndroidRuntimeSettings (502)
[2018.12.04-13.56.36:234][565]LogModuleManager: Shutting down and abandoning module InputBindingEditor (500)
[2018.12.04-13.56.36:234][565]LogModuleManager: Shutting down and abandoning module MergeActors (498)
[2018.12.04-13.56.36:234][565]LogModuleManager: Shutting down and abandoning module LocalizationDashboard (496)
[2018.12.04-13.56.36:238][565]LogModuleManager: Shutting down and abandoning module LocalizationService (495)
[2018.12.04-13.56.36:238][565]LogModuleManager: Shutting down and abandoning module HardwareTargeting (492)
[2018.12.04-13.56.36:239][565]LogModuleManager: Shutting down and abandoning module DeviceProfileEditor (490)
[2018.12.04-13.56.36:239][565]LogModuleManager: Shutting down and abandoning module UndoHistory (488)
[2018.12.04-13.56.36:248][565]LogModuleManager: Shutting down and abandoning module XmlParser (486)
[2018.12.04-13.56.36:248][565]LogModuleManager: Shutting down and abandoning module Blutility (484)
[2018.12.04-13.56.36:255][565]LogModuleManager: Shutting down and abandoning module ProjectSettingsViewer (482)
[2018.12.04-13.56.36:255][565]LogModuleManager: Shutting down and abandoning module ProjectTargetPlatformEditor (481)
[2018.12.04-13.56.36:256][565]LogModuleManager: Shutting down and abandoning module EditorSettingsViewer (478)
[2018.12.04-13.56.36:256][565]LogModuleManager: Shutting down and abandoning module SettingsEditor (476)
[2018.12.04-13.56.36:284][565]LogModuleManager: Shutting down and abandoning module ProjectLauncher (474)
[2018.12.04-13.56.36:307][565]LogModuleManager: Shutting down and abandoning module SessionFrontend (472)
[2018.12.04-13.56.36:312][565]LogModuleManager: Shutting down and abandoning module ProfilerClient (470)
[2018.12.04-13.56.36:327][565]LogModuleManager: Shutting down and abandoning module DeviceManager (468)
[2018.12.04-13.56.36:340][565]LogModuleManager: Shutting down and abandoning module TargetDeviceServices (467)
[2018.12.04-13.56.36:404][565]LogModuleManager: Shutting down and abandoning module AutomationController (464)
[2018.12.04-13.56.36:413][565]LogModuleManager: Shutting down and abandoning module AutomationWindow (462)
[2018.12.04-13.56.36:417][565]LogModuleManager: Shutting down and abandoning module Layers (460)
[2018.12.04-13.56.36:443][565]LogModuleManager: Shutting down and abandoning module ComponentVisualizers (458)
[2018.12.04-13.56.36:443][565]LogModuleManager: Shutting down and abandoning module DetailCustomizations (456)
[2018.12.04-13.56.36:456][565]LogModuleManager: Shutting down and abandoning module PackagesDialog (454)
[2018.12.04-13.56.36:456][565]LogModuleManager: Shutting down and abandoning module Persona (452)
[2018.12.04-13.56.36:484][565]LogModuleManager: Shutting down and abandoning module AdvancedPreviewScene (451)
[2018.12.04-13.56.36:484][565]LogModuleManager: Shutting down and abandoning module AnimGraph (449)
[2018.12.04-13.56.36:494][565]LogModuleManager: Shutting down and abandoning module Kismet (446)
[2018.12.04-13.56.36:513][565]LogModuleManager: Shutting down and abandoning module GraphEditor (444)
[2018.12.04-13.56.36:542][565]LogModuleManager: Shutting down and abandoning module ClassViewer (442)
[2018.12.04-13.56.36:543][565]LogModuleManager: Shutting down and abandoning module Toolbox (440)
[2018.12.04-13.56.36:543][565]LogModuleManager: Shutting down and abandoning module DesktopPlatform (439)
[2018.12.04-13.56.36:543][565]LogModuleManager: Shutting down and abandoning module ModuleUI (436)
[2018.12.04-13.56.36:552][565]LogModuleManager: Shutting down and abandoning module MovieSceneTools (434)
[2018.12.04-13.56.36:568][565]LogModuleManager: Shutting down and abandoning module OutputLog (432)
[2018.12.04-13.56.36:568][565]LogModuleManager: Shutting down and abandoning module GammaUI (430)
[2018.12.04-13.56.36:575][565]LogModuleManager: Shutting down and abandoning module Documentation (428)
[2018.12.04-13.56.36:576][565]LogModuleManager: Shutting down and abandoning module MovieSceneTracks (426)
[2018.12.04-13.56.36:576][565]LogModuleManager: Shutting down and abandoning module MovieScene (424)
[2018.12.04-13.56.36:580][565]LogModuleManager: Shutting down and abandoning module StreamingPauseRendering (422)
[2018.12.04-13.56.36:591][565]LogModuleManager: Shutting down and abandoning module LauncherPlatform (420)
[2018.12.04-13.56.36:591][565]LogModuleManager: Shutting down and abandoning module AnalyticsET (418)
[2018.12.04-13.56.36:591][565]LogModuleManager: Shutting down and abandoning module PortalServices (416)
[2018.12.04-13.56.36:591][565]LogModuleManager: Shutting down and abandoning module PortalRpc (414)
[2018.12.04-13.56.36:591][565]LogModuleManager: Shutting down and abandoning module MessagingRpc (412)
[2018.12.04-13.56.36:591][565]LogModuleManager: Shutting down and abandoning module AIModule (410)
[2018.12.04-13.56.36:605][565]LogModuleManager: Shutting down and abandoning module GameplayDebugger (409)
[2018.12.04-13.56.36:612][565]LogModuleManager: Shutting down and abandoning module AITestSuite (407)
[2018.12.04-13.56.36:615][565]LogModuleManager: Shutting down and abandoning module NavigationSystem (405)
[2018.12.04-13.56.36:615][565]LogModuleManager: Shutting down and abandoning module ProfilerService (402)
[2018.12.04-13.56.36:705][565]LogModuleManager: Shutting down and abandoning module TaskGraph (400)
[2018.12.04-13.56.36:711][565]LogModuleManager: Shutting down and abandoning module SteamVRController (398)
[2018.12.04-13.56.36:711][565]LogModuleManager: Shutting down and abandoning module ProceduralMeshComponentEditor (396)
[2018.12.04-13.56.36:711][565]LogModuleManager: Shutting down and abandoning module ProceduralMeshComponent (394)
[2018.12.04-13.56.36:718][565]LogModuleManager: Shutting down and abandoning module OculusInput (392)
[2018.12.04-13.56.36:718][565]LogModuleManager: Shutting down and abandoning module MobilePatchingUtils (390)
[2018.12.04-13.56.36:718][565]LogModuleManager: Shutting down and abandoning module EditableMesh (388)
[2018.12.04-13.56.36:726][565]LogModuleManager: Shutting down and abandoning module CustomMeshComponent (386)
[2018.12.04-13.56.36:726][565]LogModuleManager: Shutting down and abandoning module CableComponent (384)
[2018.12.04-13.56.36:726][565]LogModuleManager: Shutting down and abandoning module AudioCapture (382)
[2018.12.04-13.56.36:726][565]LogModuleManager: Shutting down and abandoning module ArchVisCharacter (380)
[2018.12.04-13.56.36:726][565]LogModuleManager: Shutting down and abandoning module AndroidPermission (378)
[2018.12.04-13.56.36:726][565]LogModuleManager: Shutting down and abandoning module NUTUnrealEngine4 (376)
[2018.12.04-13.56.36:726][565]LogModuleManager: Shutting down and abandoning module NetcodeUnitTest (374)
[2018.12.04-13.56.36:754][565]LogModuleManager: Shutting down and abandoning module MediaCompositingEditor (372)
[2018.12.04-13.56.36:754][565]LogModuleManager: Shutting down and abandoning module MediaCompositing (370)
[2018.12.04-13.56.36:754][565]LogModuleManager: Shutting down and abandoning module LinearTimecode (368)
[2018.12.04-13.56.36:754][565]LogModuleManager: Shutting down and abandoning module ImgMedia (366)
[2018.12.04-13.56.36:765][565]LogModuleManager: Shutting down and abandoning module HTML5Networking (364)
[2018.12.04-13.56.36:765][565]LogModuleManager: Shutting down and abandoning module GeometryCacheTracks (362)
[2018.12.04-13.56.36:765][565]LogModuleManager: Shutting down and abandoning module GeometryCacheSequencer (360)
[2018.12.04-13.56.36:765][565]LogModuleManager: Shutting down and abandoning module BackChannel (358)
[2018.12.04-13.56.36:772][565]LogModuleManager: Shutting down and abandoning module AppleVision (356)
[2018.12.04-13.56.36:773][565]LogModuleManager: Shutting down and abandoning module AppleImageUtils (354)
[2018.12.04-13.56.36:773][565]LogModuleManager: Shutting down and abandoning module AlembicImporter (352)
[2018.12.04-13.56.36:773][565]LogModuleManager: Shutting down and abandoning module AlembicLibrary (351)
[2018.12.04-13.56.36:773][565]LogModuleManager: Shutting down and abandoning module GeometryCache (350)
[2018.12.04-13.56.36:773][565]LogModuleManager: Shutting down and abandoning module GeometryCacheEd (349)
[2018.12.04-13.56.36:773][565]LogModuleManager: Shutting down and abandoning module DatasmithContentEditor (344)
[2018.12.04-13.56.36:781][565]LogModuleManager: Shutting down and abandoning module DatasmithContent (342)
[2018.12.04-13.56.36:781][565]LogModuleManager: Shutting down and abandoning module SpeedTreeImporter (340)
[2018.12.04-13.56.36:781][565]LogModuleManager: Shutting down and abandoning module PluginBrowser (338)
[2018.12.04-13.56.36:793][565]LogModuleManager: Shutting down and abandoning module MobileLauncherProfileWizard (336)
[2018.12.04-13.56.36:810][565]LogModuleManager: Shutting down and abandoning module PolygonModeling (334)
[2018.12.04-13.56.36:810][565]LogModuleManager: Shutting down and abandoning module MeshEditor (332)
[2018.12.04-13.56.36:825][565]LogModuleManager: Shutting down and abandoning module CryptoKeysOpenSSL (330)
[2018.12.04-13.56.36:831][565]LogModuleManager: Shutting down and abandoning module CryptoKeys (328)
[2018.12.04-13.56.36:831][565]LogModuleManager: Shutting down and abandoning module VisualStudioSourceCodeAccess (326)
[2018.12.04-13.56.36:831][565]LogModuleManager: Shutting down and abandoning module VisualStudioCodeSourceCodeAccess (324)
[2018.12.04-13.56.36:831][565]LogModuleManager: Shutting down and abandoning module UObjectPlugin (322)
[2018.12.04-13.56.36:831][565]LogModuleManager: Shutting down and abandoning module SubversionSourceControl (320)
[2018.12.04-13.56.36:836][565]LogModuleManager: Shutting down and abandoning module PerforceSourceControl (318)
[2018.12.04-13.56.36:842][565]LogModuleManager: Shutting down and abandoning module GitSourceControl (316)
[2018.12.04-13.56.36:854][565]LogModuleManager: Shutting down and abandoning module SourceControl (315)
[2018.12.04-13.56.36:860][565]LogModuleManager: Shutting down and abandoning module CLionSourceCodeAccess (312)
[2018.12.04-13.56.36:860][565]LogModuleManager: Shutting down and abandoning module LightPropagationVolumeEditor (310)
[2018.12.04-13.56.36:860][565]LogModuleManager: Shutting down and abandoning module PaperTiledImporter (308)
[2018.12.04-13.56.36:860][565]LogModuleManager: Shutting down and abandoning module PaperSpriteSheetImporter (306)
[2018.12.04-13.56.36:860][565]LogModuleManager: Shutting down and abandoning module Paper2DEditor (304)
[2018.12.04-13.56.36:873][565]LogModuleManager: Shutting down and abandoning module MeshPaint (303)
[2018.12.04-13.56.36:883][565]LogModuleManager: Shutting down and abandoning module RuntimePhysXCooking (298)
[2018.12.04-13.56.36:883][565]LogModuleManager: Shutting down and abandoning module PhysXVehiclesEditor (296)
[2018.12.04-13.56.36:883][565]LogModuleManager: Shutting down and abandoning module PhysXVehicles (294)
[2018.12.04-13.56.36:883][565]LogModuleManager: Shutting down and abandoning module OculusEditor (292)
[2018.12.04-13.56.36:887][565]LogModuleManager: Shutting down and abandoning module LocationServicesBPLibrary (290)
[2018.12.04-13.56.36:887][565]LogModuleManager: Shutting down and abandoning module ImmediatePhysicsEditor (288)
[2018.12.04-13.56.36:887][565]LogModuleManager: Shutting down and abandoning module ImmediatePhysics (286)
[2018.12.04-13.56.36:895][565]LogModuleManager: Shutting down and abandoning module ActorSequence (284)
[2018.12.04-13.56.36:895][565]LogModuleManager: Shutting down and abandoning module UdpMessaging (282)
[2018.12.04-13.56.36:997][565]LogModuleManager: Shutting down and abandoning module TcpMessaging (280)
[2018.12.04-13.56.37:107][565]LogModuleManager: Shutting down and abandoning module MagicLeapAudio (278)
[2018.12.04-13.56.37:107][565]LogModuleManager: Shutting down and abandoning module GameplayTagsEditor (276)
[2018.12.04-13.56.37:119][565]LogModuleManager: Shutting down and abandoning module FacialAnimationEditor (274)
[2018.12.04-13.56.37:119][565]LogModuleManager: Shutting down and abandoning module FacialAnimation (272)
[2018.12.04-13.56.37:119][565]LogModuleManager: Shutting down and abandoning module DataValidation (270)
[2018.12.04-13.56.37:119][565]LogModuleManager: Shutting down and abandoning module AssetManagerEditor (268)
[2018.12.04-13.56.37:127][565]LogModuleManager: Shutting down and abandoning module LevelEditor (267)
[2018.12.04-13.56.37:146][565]LogModuleManager: Shutting down and abandoning module PixelInspectorModule (266)
[2018.12.04-13.56.37:150][565]LogModuleManager: Shutting down and abandoning module CommonMenuExtensions (264)
[2018.12.04-13.56.37:150][565]LogModuleManager: Shutting down and abandoning module MainFrame (262)
[2018.12.04-13.56.37:157][565]LogModuleManager: Shutting down and abandoning module HotReload (261)
[2018.12.04-13.56.37:158][565]LogModuleManager: Shutting down and abandoning module ContentBrowser (257)
[2018.12.04-13.56.37:159][565]LogModuleManager: Shutting down and abandoning module TreeMap (255)
[2018.12.04-13.56.37:162][565]LogModuleManager: Shutting down and abandoning module LightPropagationVolumeRuntime (252)
[2018.12.04-13.56.37:162][565]LogModuleManager: Shutting down and abandoning module AISupportModule (250)
[2018.12.04-13.56.37:162][565]LogModuleManager: Shutting down and abandoning module Paper2D (248)
[2018.12.04-13.56.37:167][565]LogModuleManager: Shutting down and abandoning module WindowsMoviePlayer (246)
[2018.12.04-13.56.37:175][565]LogModuleManager: Shutting down and abandoning module WmfMedia (244)
[2018.12.04-13.56.37:184][565]LogModuleManager: Shutting down and abandoning module Media (243)
[2018.12.04-13.56.37:190][565]LogModuleManager: Shutting down and abandoning module PacketHandler (240)
[2018.12.04-13.56.37:190][565]LogModuleManager: Shutting down and abandoning module ClothingSystemEditor (238)
[2018.12.04-13.56.37:190][565]LogModuleManager: Shutting down and abandoning module ClothingSystemRuntime (236)
[2018.12.04-13.56.37:194][565]LogModuleManager: Shutting down and abandoning module MediaAssets (234)
[2018.12.04-13.56.37:195][565]LogModuleManager: Shutting down and abandoning module Overlay (232)
[2018.12.04-13.56.37:195][565]LogModuleManager: Shutting down and abandoning module OverlayEditor (231)
[2018.12.04-13.56.37:195][565]LogModuleManager: Shutting down and abandoning module VREditor (228)
[2018.12.04-13.56.37:203][565]LogModuleManager: Shutting down and abandoning module StringTableEditor (226)
[2018.12.04-13.56.37:211][565]LogModuleManager: Shutting down and abandoning module GameplayTasksEditor (224)
[2018.12.04-13.56.37:211][565]LogModuleManager: Shutting down and abandoning module BehaviorTreeEditor (222)
[2018.12.04-13.56.37:230][565]LogModuleManager: Shutting down and abandoning module FunctionalTesting (220)
[2018.12.04-13.56.37:233][565]LogModuleManager: Shutting down and abandoning module CollisionAnalyzer (218)
[2018.12.04-13.56.37:242][565]LogModuleManager: Shutting down and abandoning module WorkspaceMenuStructure (217)
[2018.12.04-13.56.37:242][565]LogModuleManager: Shutting down and abandoning module UMG (214)
[2018.12.04-13.56.37:258][565]LogModuleManager: Shutting down and abandoning module UMGEditor (213)
[2018.12.04-13.56.37:273][565]LogModuleManager: Shutting down and abandoning module Sequencer (212)
[2018.12.04-13.56.37:296][565]LogModuleManager: Shutting down and abandoning module MessageLog (209)
[2018.12.04-13.56.37:296][565]LogModuleManager: Shutting down and abandoning module SlateReflector (204)
[2018.12.04-13.56.37:325][565]LogModuleManager: Shutting down and abandoning module Slate (202)
[2018.12.04-13.56.37:325][565]LogModuleManager: Shutting down and abandoning module EditorStyle (200)
[2018.12.04-13.56.37:327][565]LogModuleManager: Shutting down and abandoning module MRMesh (198)
[2018.12.04-13.56.37:327][565]LogModuleManager: Shutting down and abandoning module SourceCodeAccess (196)
[2018.12.04-13.56.37:327][565]LogModuleManager: Shutting down and abandoning module HeadMountedDisplay (194)
[2018.12.04-13.56.37:327][565]LogModuleManager: Shutting down and abandoning module XAudio2 (192)
[2018.12.04-13.56.37:327][565]LogModuleManager: Shutting down and abandoning module Networking (190)
[2018.12.04-13.56.37:327][565]LogModuleManager: Shutting down and abandoning module Core (188)
[2018.12.04-13.56.37:327][565]LogModuleManager: Shutting down and abandoning module LevelSequence (186)
[2018.12.04-13.56.37:327][565]LogModuleManager: Shutting down and abandoning module KismetCompiler (184)
[2018.12.04-13.56.37:327][565]LogModuleManager: Shutting down and abandoning module MeshUtilities (182)
[2018.12.04-13.56.37:332][565]LogModuleManager: Shutting down and abandoning module MeshMergeUtilities (181)
[2018.12.04-13.56.37:337][565]LogModuleManager: Shutting down and abandoning module MeshReductionInterface (180)
[2018.12.04-13.56.37:337][565]LogModuleManager: Shutting down and abandoning module SimplygonSwarm (179)
[2018.12.04-13.56.37:342][565]LogModuleManager: Shutting down and abandoning module ProxyLODMeshReduction (177)
[2018.12.04-13.56.37:353][565]LogModuleManager: Shutting down and abandoning module SimplygonMeshReduction (175)
[2018.12.04-13.56.37:353][565]LogModuleManager: Shutting down and abandoning module QuadricMeshReduction (173)
[2018.12.04-13.56.37:364][565]LogModuleManager: Shutting down and abandoning module MaterialBaking (169)
[2018.12.04-13.56.37:374][565]LogModuleManager: Shutting down and abandoning module DirectoryWatcher (165)
[2018.12.04-13.56.37:374][565]LogModuleManager: Shutting down and abandoning module DerivedDataCache (162)
[2018.12.04-13.56.37:430][565]LogDerivedDataCache: Shutdown
[2018.12.04-13.56.37:430][565]LogModuleManager: Shutting down and abandoning module XGEController (160)
[2018.12.04-13.56.37:430][565]LogXGEController: Cleaning working directory: C:/Users/tolso/AppData/Local/Temp/UnrealXGEWorkingDir/
[2018.12.04-13.56.37:433][565]LogModuleManager: Shutting down and abandoning module TargetPlatform (158)
[2018.12.04-13.56.37:433][565]LogModuleManager: Shutting down and abandoning module VulkanShaderFormat (157)
[2018.12.04-13.56.37:442][565]LogModuleManager: Shutting down and abandoning module ShaderFormatVectorVM (155)
[2018.12.04-13.56.37:453][565]LogModuleManager: Shutting down and abandoning module ShaderFormatOpenGL (153)
[2018.12.04-13.56.37:464][565]LogModuleManager: Shutting down and abandoning module ShaderFormatD3D (151)
[2018.12.04-13.56.37:464][565]LogModuleManager: Shutting down and abandoning module MetalShaderFormat (149)
[2018.12.04-13.56.37:468][565]LogModuleManager: Shutting down and abandoning module TextureFormatUncompressed (147)
[2018.12.04-13.56.37:468][565]LogModuleManager: Shutting down and abandoning module TextureFormatPVR (145)
[2018.12.04-13.56.37:468][565]LogModuleManager: Shutting down and abandoning module TextureFormatDXT (143)
[2018.12.04-13.56.37:482][565]LogModuleManager: Shutting down and abandoning module TextureFormatIntelISPCTexComp (141)
[2018.12.04-13.56.37:488][565]LogModuleManager: Shutting down and abandoning module TextureFormatASTC (139)
[2018.12.04-13.56.37:488][565]LogModuleManager: Shutting down and abandoning module ImageWrapper (138)
[2018.12.04-13.56.37:488][565]LogModuleManager: Shutting down and abandoning module TextureFormatAndroid (135)
[2018.12.04-13.56.37:488][565]LogModuleManager: Shutting down and abandoning module AudioFormatOpus (133)
[2018.12.04-13.56.37:488][565]LogModuleManager: Shutting down and abandoning module AudioFormatOgg (131)
[2018.12.04-13.56.37:488][565]LogModuleManager: Shutting down and abandoning module AudioFormatADPCM (129)
[2018.12.04-13.56.37:488][565]LogModuleManager: Shutting down and abandoning module LuminTargetPlatform (127)
[2018.12.04-13.56.37:488][565]LogModuleManager: Shutting down and abandoning module LinuxTargetPlatform (125)
[2018.12.04-13.56.37:488][565]LogModuleManager: Shutting down and abandoning module LinuxServerTargetPlatform (123)
[2018.12.04-13.56.37:488][565]LogModuleManager: Shutting down and abandoning module LinuxNoEditorTargetPlatform (121)
[2018.12.04-13.56.37:491][565]LogModuleManager: Shutting down and abandoning module LinuxClientTargetPlatform (119)
[2018.12.04-13.56.37:493][565]LogModuleManager: Shutting down and abandoning module TVOSTargetPlatform (117)
[2018.12.04-13.56.37:494][565]LogModuleManager: Shutting down and abandoning module Messaging (115)
[2018.12.04-13.56.37:494][565]LogModuleManager: Shutting down and abandoning module IOSTargetPlatform (113)
[2018.12.04-13.56.37:495][565]LogModuleManager: Shutting down and abandoning module HTML5TargetPlatform (111)
[2018.12.04-13.56.37:495][565]LogModuleManager: Shutting down and abandoning module AndroidTargetPlatform (109)
[2018.12.04-13.56.37:507][565]LogModuleManager: Shutting down and abandoning module WindowsTargetPlatform (107)
[2018.12.04-13.56.37:507][565]LogModuleManager: Shutting down and abandoning module WindowsServerTargetPlatform (105)
[2018.12.04-13.56.37:507][565]LogModuleManager: Shutting down and abandoning module WindowsNoEditorTargetPlatform (103)
[2018.12.04-13.56.37:507][565]LogModuleManager: Shutting down and abandoning module WindowsClientTargetPlatform (101)
[2018.12.04-13.56.37:507][565]LogModuleManager: Shutting down and abandoning module MacTargetPlatform (99)
[2018.12.04-13.56.37:507][565]LogModuleManager: Shutting down and abandoning module MacServerTargetPlatform (97)
[2018.12.04-13.56.37:507][565]LogModuleManager: Shutting down and abandoning module MacNoEditorTargetPlatform (95)
[2018.12.04-13.56.37:507][565]LogModuleManager: Shutting down and abandoning module MacClientTargetPlatform (93)
[2018.12.04-13.56.37:507][565]LogModuleManager: Shutting down and abandoning module AllDesktopTargetPlatform (91)
[2018.12.04-13.56.37:507][565]LogModuleManager: Shutting down and abandoning module InputCore (88)
[2018.12.04-13.56.37:507][565]LogModuleManager: Shutting down and abandoning module Settings (86)
[2018.12.04-13.56.37:507][565]LogModuleManager: Shutting down and abandoning module PhysXCooking (84)
[2018.12.04-13.56.37:507][565]LogModuleManager: Shutting down and abandoning module SteamVR (82)
[2018.12.04-13.56.37:507][565]LogModuleManager: Shutting down and abandoning module OculusHMD (80)
[2018.12.04-13.56.37:507][565]LogModuleManager: Shutting down and abandoning module ExampleDeviceProfileSelector (78)
[2018.12.04-13.56.37:507][565]LogModuleManager: Shutting down and abandoning module LauncherChunkInstaller (76)
[2018.12.04-13.56.37:507][565]LogModuleManager: Shutting down and abandoning module OnlineBlueprintSupport (74)
[2018.12.04-13.56.37:507][565]LogModuleManager: Shutting down and abandoning module OnlineSubsystem (70)
[2018.12.04-13.56.37:517][565]LogModuleManager: Shutting down and abandoning module XMPP (65)
[2018.12.04-13.56.37:526][565]LogModuleManager: Shutting down and abandoning module WebSockets (64)
[2018.12.04-13.56.37:550][565]LogModuleManager: Shutting down and abandoning module HTTP (61)
[2018.12.04-13.56.37:558][565]LogHttp: Display: Http module shutting down, but needs to wait on 1 outstanding Http requests:
[2018.12.04-13.56.37:558][565]LogHttp: Display: 	verb=[POST] url=[https://datarouter.ol.epicgames.com/datarouter/api/v1/public/data?SessionID=%7B9B633B65-43BD-E8C8-5146-0E9716F35C97%7D&AppID=UEEditor.Rocket.Release&AppVersion=4.20.3-4369336%2B%2B%2BUE4%2BRelease-4.20&UserID=524e9778438d1b65f382148220c127ed%7Ccfbec505177c4eeeb608d0faf53c2ddd%7C05dc3bb9-e9d5-470e-8fb6-9b5959941b24&AppEnvironment=datacollector-binary&UploadType=eteventstream] status=Processing
[2018.12.04-13.56.37:572][565]LogModuleManager: Shutting down and abandoning module SSL (60)
[2018.12.04-13.56.37:580][565]LogModuleManager: Shutting down and abandoning module MagicLeapEmulator (56)
[2018.12.04-13.56.37:581][565]LogModuleManager: Shutting down and abandoning module MagicLeapPrivileges (54)
[2018.12.04-13.56.37:581][565]LogModuleManager: Shutting down and abandoning module MagicLeapIdentity (52)
[2018.12.04-13.56.37:581][565]LogModuleManager: Shutting down and abandoning module MagicLeapHelperVulkan (50)
[2018.12.04-13.56.37:581][565]LogModuleManager: Shutting down and abandoning module MagicLeapHelperOpenGL (48)
[2018.12.04-13.56.37:581][565]LogModuleManager: Shutting down and abandoning module MagicLeapSecureStorage (46)
[2018.12.04-13.56.37:581][565]LogModuleManager: Shutting down and abandoning module MagicLeapGestures (44)
[2018.12.04-13.56.37:581][565]LogModuleManager: Shutting down and abandoning module MagicLeapEyeTracker (42)
[2018.12.04-13.56.37:581][565]LogModuleManager: Shutting down and abandoning module MagicLeapController (40)
[2018.12.04-13.56.37:581][565]LogSlate: Slate User Destroyed.  User Index 0, Is Virtual User: 0
[2018.12.04-13.56.37:581][565]LogModuleManager: Shutting down and abandoning module MagicLeap (38)
[2018.12.04-13.56.37:581][565]LogModuleManager: Shutting down and abandoning module AnimationModifiers (36)
[2018.12.04-13.56.37:598][565]LogModuleManager: Shutting down and abandoning module PropertyEditor (35)
[2018.12.04-13.56.37:607][565]LogModuleManager: Shutting down and abandoning module AudioEditor (32)
[2018.12.04-13.56.37:618][565]LogModuleManager: Shutting down and abandoning module TextureCompressor (30)
[2018.12.04-13.56.37:664][565]LogModuleManager: Shutting down and abandoning module ShaderCore (28)
[2018.12.04-13.56.37:664][565]LogModuleManager: Shutting down and abandoning module Landscape (26)
[2018.12.04-13.56.37:664][565]LogModuleManager: Shutting down and abandoning module SlateRHIRenderer (24)
[2018.12.04-13.56.37:669][565]LogModuleManager: Shutting down and abandoning module OpenGLDrv (22)
[2018.12.04-13.56.37:675][565]LogModuleManager: Shutting down and abandoning module D3D11RHI (20)
[2018.12.04-13.56.37:675][565]LogModuleManager: Shutting down and abandoning module AnimGraphRuntime (18)
[2018.12.04-13.56.37:683][565]LogModuleManager: Shutting down and abandoning module Renderer (16)
[2018.12.04-13.56.37:683][565]LogModuleManager: Shutting down and abandoning module Engine (14)
[2018.12.04-13.56.37:683][565]LogModuleManager: Shutting down and abandoning module CoreUObject (12)
[2018.12.04-13.56.37:683][565]LogModuleManager: Shutting down and abandoning module NetworkFile (10)
[2018.12.04-13.56.37:691][565]LogModuleManager: Shutting down and abandoning module CookedIterativeFile (8)
[2018.12.04-13.56.37:691][565]LogModuleManager: Shutting down and abandoning module StreamingFile (6)
[2018.12.04-13.56.37:694][565]LogModuleManager: Shutting down and abandoning module SandboxFile (4)
[2018.12.04-13.56.37:694][565]LogModuleManager: Shutting down and abandoning module PakFile (2)
[2018.12.04-13.56.37:713][565]LogExit: Exiting.
[2018.12.04-13.56.37:733][565]Log file closed, 12/04/18 07:56:37
