Log file open, 11/27/18 07:33:08
LogWindows: Failed to load 'aqProf.dll' (GetLastError=126)
LogWindows: File 'aqProf.dll' does not exist
LogWindows: Failed to load 'VtuneApi.dll' (GetLastError=126)
LogWindows: File 'VtuneApi.dll' does not exist
LogWindows: Failed to load 'VtuneApi32e.dll' (GetLastError=126)
LogWindows: File 'VtuneApi32e.dll' does not exist
LogInit: Display: Running engine for game: PlayerMovement
LogPlatformFile: Not using cached read wrapper
LogTaskGraph: Started task graph with 5 named threads and 23 total threads with 3 sets of task threads.
LogStats: Stats thread started at 0.798263
LogD3D11RHI: Loaded GFSDK_Aftermath_Lib.x64.dll
LogICUInternationalization: Display: ICU TimeZone Detection - Raw Offset: -6:00, Platform Override: ''
LogPluginManager: Mounting plugin Paper2D
LogPluginManager: Mounting plugin AISupport
LogPluginManager: Mounting plugin LightPropagationVolume
LogPluginManager: Mounting plugin CLionSourceCodeAccess
LogPluginManager: Mounting plugin CodeLiteSourceCodeAccess
LogPluginManager: Mounting plugin GitSourceControl
LogPluginManager: Mounting plugin KDevelopSourceCodeAccess
LogPluginManager: Mounting plugin NullSourceCodeAccess
LogPluginManager: Mounting plugin PerforceSourceControl
LogPluginManager: Mounting plugin SubversionSourceControl
LogPluginManager: Mounting plugin UObjectPlugin
LogPluginManager: Mounting plugin VisualStudioCodeSourceCodeAccess
LogPluginManager: Mounting plugin VisualStudioSourceCodeAccess
LogPluginManager: Mounting plugin XCodeSourceCodeAccess
LogPluginManager: Mounting plugin AssetManagerEditor
LogPluginManager: Mounting plugin CryptoKeys
LogPluginManager: Mounting plugin DataValidation
LogPluginManager: Mounting plugin FacialAnimation
LogPluginManager: Mounting plugin GameplayTagsEditor
LogPluginManager: Mounting plugin MacGraphicsSwitching
LogPluginManager: Mounting plugin MeshEditor
LogPluginManager: Mounting plugin MobileLauncherProfileWizard
LogPluginManager: Mounting plugin PluginBrowser
LogPluginManager: Mounting plugin SpeedTreeImporter
LogPluginManager: Mounting plugin DatasmithContent
LogPluginManager: Mounting plugin AlembicImporter
LogPluginManager: Mounting plugin AppleImageUtils
LogPluginManager: Mounting plugin AppleVision
LogPluginManager: Mounting plugin BackChannel
LogPluginManager: Mounting plugin CharacterAI
LogPluginManager: Mounting plugin GeometryCache
LogPluginManager: Mounting plugin HTML5Networking
LogPluginManager: Mounting plugin ProxyLODPlugin
LogPluginManager: Mounting plugin MagicLeap
LogPluginManager: Mounting plugin MagicLeapEmulator
LogPluginManager: Mounting plugin MagicLeapMedia
LogPluginManager: Mounting plugin AndroidMedia
LogPluginManager: Mounting plugin AvfMedia
LogPluginManager: Mounting plugin ImgMedia
LogPluginManager: Mounting plugin LinearTimecode
LogPluginManager: Mounting plugin MediaCompositing
LogPluginManager: Mounting plugin MediaPlayerEditor
LogPluginManager: Mounting plugin WmfMedia
LogPluginManager: Mounting plugin TcpMessaging
LogPluginManager: Mounting plugin UdpMessaging
LogPluginManager: Mounting plugin ActorSequence
LogPluginManager: Mounting plugin LevelSequenceEditor
LogPluginManager: Mounting plugin MatineeToLevelSequence
LogPluginManager: Mounting plugin NetcodeUnitTest
LogPluginManager: Mounting plugin NUTUnrealEngine4
LogPluginManager: Mounting plugin OnlineSubsystemGooglePlay
LogPluginManager: Mounting plugin OnlineSubsystemIOS
LogPluginManager: Mounting plugin OnlineSubsystem
LogPluginManager: Mounting plugin OnlineSubsystemNull
LogPluginManager: Mounting plugin OnlineSubsystemUtils
LogPluginManager: Mounting plugin LauncherChunkInstaller
LogPluginManager: Mounting plugin AndroidDeviceProfileSelector
LogPluginManager: Mounting plugin AndroidMoviePlayer
LogPluginManager: Mounting plugin AndroidPermission
LogPluginManager: Mounting plugin AppleMoviePlayer
LogPluginManager: Mounting plugin ArchVisCharacter
LogPluginManager: Mounting plugin AudioCapture
LogPluginManager: Mounting plugin CableComponent
LogPluginManager: Mounting plugin CustomMeshComponent
LogPluginManager: Mounting plugin EditableMesh
LogPluginManager: Mounting plugin ExampleDeviceProfileSelector
LogPluginManager: Mounting plugin GoogleCloudMessaging
LogPluginManager: Mounting plugin ImmediatePhysics
LogPluginManager: Mounting plugin IOSDeviceProfileSelector
LogPluginManager: Mounting plugin LinuxDeviceProfileSelector
LogPluginManager: Mounting plugin LocationServicesBPLibrary
LogPluginManager: Mounting plugin MobilePatchingUtils
LogPluginManager: Mounting plugin OculusVR
LogPluginManager: Plugin shader directory ../../../Engine/Plugins/Runtime/Oculus/OculusVR/Shaders found
LogPluginManager: Mapping shader source directory ../../../Engine/Plugins/Runtime/Oculus/OculusVR/Shaders to virtual directory /Plugin/OculusVR
LogPluginManager: Mounting plugin PhysXVehicles
LogPluginManager: Mounting plugin ProceduralMeshComponent
LogPluginManager: Mounting plugin RuntimePhysXCooking
LogPluginManager: Mounting plugin SteamVR
LogPluginManager: Mounting plugin WindowsMoviePlayer
LogStreaming: Display: Took  0.417s to configure plugins.
LogInit: Using libcurl 7.55.1-DEV
LogInit:  - built for x86_64-pc-win32
LogInit:  - supports SSL with OpenSSL/1.0.2h
LogInit:  - supports HTTP deflate (compression) using libz 1.2.8
LogInit:  - other features:
LogInit:      CURL_VERSION_SSL
LogInit:      CURL_VERSION_LIBZ
LogInit:      CURL_VERSION_IPV6
LogInit:      CURL_VERSION_ASYNCHDNS
LogInit:      CURL_VERSION_LARGEFILE
LogInit:      CURL_VERSION_IDN
LogInit:  CurlRequestOptions (configurable via config and command line):
LogInit:  - bVerifyPeer = false  - Libcurl will NOT verify peer certificate
LogInit:  - bUseHttpProxy = false  - Libcurl will NOT use HTTP proxy
LogInit:  - bDontReuseConnections = false  - Libcurl will reuse connections
LogInit:  - CertBundlePath = nullptr  - Libcurl will use whatever was configured at build time.
LogInit:  - MaxHostConnections = 16  - Libcurl will limit the number of connections to a host
LogInit:  - LocalHostAddr = Default
LogInit:  - BufferSize = 65536
LogInit: WinSock: version 1.1 (2.2), MaxSocks=32767, MaxUdp=65467
LogInit: Build: ++UE4+Release-4.20-CL-4369336
LogInit: Engine Version: 4.20.3-4369336+++UE4+Release-4.20
LogInit: Compatible Engine Version: 4.20.0-4212847+++UE4+Release-4.20
LogInit: Net CL: 4212847
LogInit: OS: Windows 10 (), CPU: Intel(R) Core(TM) i7-4720HQ CPU @ 2.60GHz, GPU: Intel(R) HD Graphics 4600
LogInit: Compiled (64-bit): Sep 17 2018 12:26:19
LogInit: Compiled with Visual C++: 19.13.26129.00
LogInit: Build Configuration: Development
LogInit: Branch Name: ++UE4+Release-4.20
LogInit: Command Line:  -skipcompile
LogInit: Base Directory: D:/Unreal/UE_4.20/Engine/Binaries/Win64/
LogInit: Installed Engine Build: 1
LogDevObjectVersion: Number of dev versions registered: 20
LogDevObjectVersion:   Dev-Blueprints (B0D832E4-1F89-4F0D-ACCF-7EB736FD4AA2): 10
LogDevObjectVersion:   Dev-Build (E1C64328-A22C-4D53-A36C-8E866417BD8C): 0
LogDevObjectVersion:   Dev-Core (375EC13C-06E4-48FB-B500-84F0262A717E): 2
LogDevObjectVersion:   Dev-Editor (E4B068ED-F494-42E9-A231-DA0B2E46BB41): 24
LogDevObjectVersion:   Dev-Framework (CFFC743F-43B0-4480-9391-14DF171D2073): 34
LogDevObjectVersion:   Dev-Mobile (B02B49B5-BB20-44E9-A304-32B752E40360): 2
LogDevObjectVersion:   Dev-Networking (A4E4105C-59A1-49B5-A7C5-40C4547EDFEE): 0
LogDevObjectVersion:   Dev-Online (39C831C9-5AE6-47DC-9A44-9C173E1C8E7C): 0
LogDevObjectVersion:   Dev-Physics (78F01B33-EBEA-4F98-B9B4-84EACCB95AA2): 0
LogDevObjectVersion:   Dev-Platform (6631380F-2D4D-43E0-8009-CF276956A95A): 0
LogDevObjectVersion:   Dev-Rendering (12F88B9F-8875-4AFC-A67C-D90C383ABD29): 26
LogDevObjectVersion:   Dev-Sequencer (7B5AE74C-D270-4C10-A958-57980B212A5A): 9
LogDevObjectVersion:   Dev-VR (D7296918-1DD6-4BDD-9DE2-64A83CC13884): 2
LogDevObjectVersion:   Dev-LoadTimes (C2A15278-BFE7-4AFE-6C17-90FF531DF755): 1
LogDevObjectVersion:   Private-Geometry (6EACA3D4-40EC-4CC1-B786-8BED09428FC5): 3
LogDevObjectVersion:   Dev-AnimPhys (29E575DD-E0A3-4627-9D10-D276232CDCEA): 17
LogDevObjectVersion:   Dev-ReflectionCapture (6B266CEC-1EC7-4B8F-A30B-E4D90942FC07): 1
LogDevObjectVersion:   Dev-Automation (0DF73D61-A23F-47EA-B727-89E90C41499A): 1
LogDevObjectVersion:   FortniteMain (601D1886-AC64-4F84-AA16-D3DE0DEAC7D6): 12
LogDevObjectVersion:   Dev-Enterprise (9DFFBCD6-494F-0158-E221-12823C92A888): 1
LogStreaming: Display: Took  0.003s to delete old logs.
LogInit: Presizing for max 8388607 objects, including 0 objects not considered by GC, pre-allocating 0 bytes for permanent pool.
LogInit: Object subsystem initialized
[2018.11.27-13.33.09:410][  0]LogInit: Selected Device Profile: [Windows]
[2018.11.27-13.33.09:410][  0]LogInit: Applying CVar settings loaded from the selected device profile: [Windows]
[2018.11.27-13.33.09:428][  0]LogHAL: Display: Platform has ~ 16 GB [17059753984 / 17179869184 / 16], which maps to Larger [LargestMinGB=32, LargerMinGB=12, DefaultMinGB=8, SmallerMinGB=6, SmallestMinGB=0)
[2018.11.27-13.33.09:428][  0]LogInit: Setting Device Profile CVar: [[r.Vulkan.UseRealUBs:1]]
[2018.11.27-13.33.09:428][  0]LogInit: Going up to parent DeviceProfile []
[2018.11.27-13.33.09:429][  0]LogInit: Computer: BRIEANNA-CHEEBS
[2018.11.27-13.33.09:429][  0]LogInit: User: BrieAnna
[2018.11.27-13.33.09:429][  0]LogInit: CPU Page size=4096, Cores=4
[2018.11.27-13.33.09:429][  0]LogInit: High frequency timer resolution =2.537589 MHz
[2018.11.27-13.33.09:430][  0]LogMemory: Memory total: Physical=15.9GB (16GB approx)
[2018.11.27-13.33.09:430][  0]LogMemory: Platform Memory Stats for Windows
[2018.11.27-13.33.09:430][  0]LogMemory: Process Physical Memory: 100.71 MB used, 100.71 MB peak
[2018.11.27-13.33.09:430][  0]LogMemory: Process Virtual Memory: 91.01 MB used, 91.01 MB peak
[2018.11.27-13.33.09:430][  0]LogMemory: Physical Memory: 9474.71 MB used,  6794.74 MB free, 16269.45 MB total
[2018.11.27-13.33.09:431][  0]LogMemory: Virtual Memory: 4645.21 MB used,  6794.74 MB free, 134217728.00 MB total
[2018.11.27-13.33.09:986][  0]LogInit: Using OS detected language (en-US).
[2018.11.27-13.33.09:986][  0]LogInit: Using OS detected locale (en-US).
[2018.11.27-13.33.09:990][  0]LogTextLocalizationManager: No specific localization for 'en-US' exists, so the 'en' localization will be used.
[2018.11.27-13.33.10:609][  0]LogStreaming: Display: Took  0.624s to InitEngineTextLocalization.
[2018.11.27-13.33.10:740][  0]LogSlate: New Slate User Created.  User Index 0, Is Virtual User: 0
[2018.11.27-13.33.10:740][  0]LogSlate: Slate User Registered.  User Index 0, Is Virtual User: 0
[2018.11.27-13.33.11:418][  0]LogHMD: Failed to initialize OpenVR with code 110
[2018.11.27-13.33.11:418][  0]LogD3D11RHI: D3D11 adapters:
[2018.11.27-13.33.11:533][  0]LogD3D11RHI:    0. 'NVIDIA GeForce GTX 970M' (Feature Level 11_0)
[2018.11.27-13.33.11:533][  0]LogD3D11RHI:       3040/0/8134 MB DedicatedVideo/DedicatedSystem/SharedSystem, Outputs:1, VendorId:0x10de
[2018.11.27-13.33.11:562][  0]LogD3D11RHI:    1. 'Intel(R) HD Graphics 4600' (Feature Level 11_0)
[2018.11.27-13.33.11:562][  0]LogD3D11RHI:       112/0/2048 MB DedicatedVideo/DedicatedSystem/SharedSystem, Outputs:0, VendorId:0x8086
[2018.11.27-13.33.11:571][  0]LogD3D11RHI:    2. 'Microsoft Basic Render Driver' (Feature Level 11_0)
[2018.11.27-13.33.11:571][  0]LogD3D11RHI:       0/0/8134 MB DedicatedVideo/DedicatedSystem/SharedSystem, Outputs:0, VendorId:0x1414
[2018.11.27-13.33.11:572][  0]LogD3D11RHI: Chosen D3D11 Adapter: 0
[2018.11.27-13.33.11:630][  0]LogD3D11RHI: Creating new Direct3DDevice
[2018.11.27-13.33.11:630][  0]LogD3D11RHI:     GPU DeviceId: 0x13d8 (for the marketing name, search the web for "GPU Device Id")
[2018.11.27-13.33.11:630][  0]LogWindows: EnumDisplayDevices:
[2018.11.27-13.33.11:631][  0]LogWindows:    0. 'Intel(R) HD Graphics 4600' (P:1 D:1)
[2018.11.27-13.33.11:632][  0]LogWindows:    1. 'Intel(R) HD Graphics 4600' (P:0 D:0)
[2018.11.27-13.33.11:632][  0]LogWindows:    2. 'Intel(R) HD Graphics 4600' (P:0 D:0)
[2018.11.27-13.33.11:633][  0]LogWindows: DebugString: PrimaryIsNotTheChoosenAdapter PrimaryIsNotTheChoosenAdapter PrimaryIsNotTheChoosenAdapter FoundDriverCount:0 
[2018.11.27-13.33.11:633][  0]LogD3D11RHI:     Adapter Name: NVIDIA GeForce GTX 970M
[2018.11.27-13.33.11:633][  0]LogD3D11RHI:   Driver Version: Unknown (internal:Unknown, unified:Unknown)
[2018.11.27-13.33.11:633][  0]LogD3D11RHI:      Driver Date: Unknown
[2018.11.27-13.33.11:633][  0]LogRHI: Texture pool is 2128 MB (70% of 3040 MB)
[2018.11.27-13.33.11:696][  0]LogD3D11RHI: Async texture creation enabled
[2018.11.27-13.33.11:710][  0]LogD3D11RHI: GPU Timing Frequency: 1000.000000 (Debug: 2 1)
[2018.11.27-13.33.11:711][  0]LogShaderCompilers: Guid format shader working directory is -27 characters bigger than the processId version (../../../../../Users/BrieAnna/Documents/GitHub/AlchemyUnreal/PlayerMovement/Intermediate/Shaders/WorkingDirectory/21740/).
[2018.11.27-13.33.11:712][  0]LogShaderCompilers: Cleaned the shader compiler working directory 'C:/Users/BrieAnna/AppData/Local/Temp/UnrealShaderWorkingDir/06A5733245376B4D2B18E687A1D9B96E/'.
[2018.11.27-13.33.12:297][  0]LogTemp: Display: Loaded TP AllDesktopTargetPlatform
[2018.11.27-13.33.12:322][  0]LogTemp: Display: Loaded TP MacClientTargetPlatform
[2018.11.27-13.33.12:350][  0]LogTemp: Display: Loaded TP MacNoEditorTargetPlatform
[2018.11.27-13.33.12:378][  0]LogTemp: Display: Loaded TP MacServerTargetPlatform
[2018.11.27-13.33.12:403][  0]LogTemp: Display: Loaded TP MacTargetPlatform
[2018.11.27-13.33.12:434][  0]LogTemp: Display: Loaded TP WindowsClientTargetPlatform
[2018.11.27-13.33.12:462][  0]LogTemp: Display: Loaded TP WindowsNoEditorTargetPlatform
[2018.11.27-13.33.12:492][  0]LogTemp: Display: Loaded TP WindowsServerTargetPlatform
[2018.11.27-13.33.12:506][  0]LogTemp: Display: Loaded TP WindowsTargetPlatform
[2018.11.27-13.33.12:640][  0]LogTemp: Display: Loaded TP AndroidTargetPlatform
[2018.11.27-13.33.12:640][  0]LogTemp: Display: Loaded TP AndroidTargetPlatform
[2018.11.27-13.33.12:641][  0]LogTemp: Display: Loaded TP AndroidTargetPlatform
[2018.11.27-13.33.12:641][  0]LogTemp: Display: Loaded TP AndroidTargetPlatform
[2018.11.27-13.33.12:641][  0]LogTemp: Display: Loaded TP AndroidTargetPlatform
[2018.11.27-13.33.12:641][  0]LogTemp: Display: Loaded TP AndroidTargetPlatform
[2018.11.27-13.33.12:641][  0]LogTemp: Display: Loaded TP AndroidTargetPlatform
[2018.11.27-13.33.12:641][  0]LogTemp: Display: Loaded TP AndroidTargetPlatform
[2018.11.27-13.33.12:641][  0]LogTemp: Display: Loaded TP AndroidTargetPlatform
[2018.11.27-13.33.12:641][  0]LogTemp: Display: Loaded TP AndroidTargetPlatform
[2018.11.27-13.33.12:641][  0]LogTemp: Display: Loaded TP AndroidTargetPlatform
[2018.11.27-13.33.12:641][  0]LogTemp: Display: Loaded TP AndroidTargetPlatform
[2018.11.27-13.33.12:641][  0]LogTemp: Display: Loaded TP AndroidTargetPlatform
[2018.11.27-13.33.12:641][  0]LogTemp: Display: Loaded TP AndroidTargetPlatform
[2018.11.27-13.33.12:642][  0]LogTemp: Display: Loaded TP AndroidTargetPlatform
[2018.11.27-13.33.12:642][  0]LogTemp: Display: Loaded TP AndroidTargetPlatform
[2018.11.27-13.33.12:642][  0]LogTemp: Display: Loaded TP AndroidTargetPlatform
[2018.11.27-13.33.12:642][  0]LogTemp: Display: Loaded TP AndroidTargetPlatform
[2018.11.27-13.33.12:648][  0]LogTemp: Display: Loaded TP HTML5TargetPlatform
[2018.11.27-13.33.12:739][  0]LogTemp: Display: Loaded TP IOSTargetPlatform
[2018.11.27-13.33.12:739][  0]LogTemp: Display: Loaded TP IOSTargetPlatform
[2018.11.27-13.33.12:784][  0]LogTemp: Display: Loaded TP TVOSTargetPlatform
[2018.11.27-13.33.12:784][  0]LogTemp: Display: Loaded TP TVOSTargetPlatform
[2018.11.27-13.33.12:814][  0]LogTemp: Display: Loaded TP LinuxClientTargetPlatform
[2018.11.27-13.33.12:839][  0]LogTemp: Display: Loaded TP LinuxNoEditorTargetPlatform
[2018.11.27-13.33.12:862][  0]LogTemp: Display: Loaded TP LinuxServerTargetPlatform
[2018.11.27-13.33.12:888][  0]LogTemp: Display: Loaded TP LinuxTargetPlatform
[2018.11.27-13.33.12:906][  0]LogTemp: Display: Loaded TP LuminTargetPlatform
[2018.11.27-13.33.12:906][  0]LogTargetPlatformManager: Display: Building Assets For Windows
[2018.11.27-13.33.13:134][  0]LogXGEController: Cleaning working directory: C:/Users/BrieAnna/AppData/Local/Temp/UnrealXGEWorkingDir/
[2018.11.27-13.33.13:135][  0]LogXGEController: Cannot use XGE Controller as Incredibuild is not installed on this machine.
[2018.11.27-13.33.13:135][  0]LogShaderCompilers: Cannot use XGE Shader Compiler as Incredibuild is not installed on this machine.
[2018.11.27-13.33.13:135][  0]LogShaderCompilers: Display: Using Local Shader Compiler.
[2018.11.27-13.33.14:397][  0]LogDerivedDataCache: Display: Max Cache Size: 512 MB
[2018.11.27-13.33.14:519][  0]LogDerivedDataCache: Loaded boot cache 0.12s 74MB C:/Users/BrieAnna/AppData/Local/UnrealEngine/4.20/DerivedDataCache/Boot.ddc.
[2018.11.27-13.33.14:521][  0]LogDerivedDataCache: Display: Loaded Boot cache: C:/Users/BrieAnna/AppData/Local/UnrealEngine/4.20/DerivedDataCache/Boot.ddc
[2018.11.27-13.33.14:521][  0]LogDerivedDataCache: FDerivedDataBackendGraph:  Pak pak cache file ../../../../../Users/BrieAnna/Documents/GitHub/AlchemyUnreal/PlayerMovement/DerivedDataCache/DDC.ddp not found, will not use a pak cache.
[2018.11.27-13.33.14:521][  0]LogDerivedDataCache: Unable to find inner node Pak for hierarchical cache Hierarchy.
[2018.11.27-13.33.14:521][  0]LogDerivedDataCache: FDerivedDataBackendGraph:  CompressedPak pak cache file ../../../../../Users/BrieAnna/Documents/GitHub/AlchemyUnreal/PlayerMovement/DerivedDataCache/Compressed.ddp not found, will not use a pak cache.
[2018.11.27-13.33.14:521][  0]LogDerivedDataCache: Unable to find inner node CompressedPak for hierarchical cache Hierarchy.
[2018.11.27-13.33.14:542][  0]LogDerivedDataCache: Display: Pak cache opened for reading ../../../Engine/DerivedDataCache/Compressed.ddp.
[2018.11.27-13.33.14:557][  0]LogDerivedDataCache: Using Local data cache path C:/Users/BrieAnna/AppData/Local/UnrealEngine/Common/DerivedDataCache: Writable
[2018.11.27-13.33.14:557][  0]LogDerivedDataCache: Shared data cache path not found in *engine.ini, will not use an Shared cache.
[2018.11.27-13.33.14:557][  0]LogDerivedDataCache: Unable to find inner node Shared for hierarchical cache Hierarchy.
[2018.11.27-13.33.14:585][  0]LogMaterial: Verifying Global Shaders for PCD3D_SM5
[2018.11.27-13.33.14:589][  0]LogSlate: Using FreeType 2.6.0
[2018.11.27-13.33.14:591][  0]LogSlate: SlateFontServices - WITH_FREETYPE: 1, WITH_HARFBUZZ: 1
[2018.11.27-13.33.14:731][  0]LogAssetRegistry: FAssetRegistry took 0.0324 seconds to start up
[2018.11.27-13.33.15:321][  0]LogInit: Selected Device Profile: [Windows]
[2018.11.27-13.33.15:588][  0]LogSimplygon: Simplygon DLL not present - disabling.
[2018.11.27-13.33.15:608][  0]LogMeshReduction: Using SimplygonSwarm for distributed automatic mesh merging
[2018.11.27-13.33.15:608][  0]LogMeshReduction: Using ProxyLODMeshReduction for automatic mesh merging
[2018.11.27-13.33.15:608][  0]LogMeshReduction: Using QuadricMeshReduction for automatic static mesh reduction
[2018.11.27-13.33.15:608][  0]LogMeshReduction: No automatic skeletal mesh reduction module available
[2018.11.27-13.33.15:634][  0]LogNetVersion: PlayerMovement 1.0.0, NetCL: 4212847, EngineNetVer: 5, GameNetVer: 0 (Checksum: 171376428)
[2018.11.27-13.33.16:581][  0]LogPackageLocalizationCache: Processed 11 localized package path(s) for 2 prioritized culture(s) in 0.298567 seconds
[2018.11.27-13.33.16:592][  0]LogUObjectArray: 38425 objects as part of root set at end of initial load.
[2018.11.27-13.33.16:593][  0]LogUObjectAllocator: 6690872 out of 0 bytes used by permanent object pool.
[2018.11.27-13.33.16:593][  0]LogUObjectArray: CloseDisregardForGC: 0/0 objects in disregard for GC pool
[2018.11.27-13.33.18:553][  0]LogTcpMessaging: Initializing TcpMessaging bridge
[2018.11.27-13.33.18:572][  0]LogUdpMessaging: Initializing bridge on interface 0.0.0.0:0 to multicast group 230.0.0.1:6666.
[2018.11.27-13.33.18:980][  0]SourceControl: Source control is disabled
[2018.11.27-13.33.18:980][  0]SourceControl: Source control is disabled
[2018.11.27-13.33.19:001][  0]SourceControl: Source control is disabled
[2018.11.27-13.33.19:011][  0]SourceControl: Source control is disabled
[2018.11.27-13.33.19:727][  0]LogAndroidPermission: UAndroidPermissionCallbackProxy::GetInstance
[2018.11.27-13.33.19:935][  0]LogOcInput: OculusInput pre-init called
[2018.11.27-13.33.20:100][  0]LogEngine: Initializing Engine...
[2018.11.27-13.33.20:101][  0]LogHMD: Failed to initialize OpenVR with code 110
[2018.11.27-13.33.20:103][  0]LogStats: UGameplayTagsManager::ConstructGameplayTagTree: ImportINI prefixes -  0.000 s
[2018.11.27-13.33.20:103][  0]LogStats: UGameplayTagsManager::ConstructGameplayTagTree: Construct from data asset -  0.000 s
[2018.11.27-13.33.20:104][  0]LogStats: UGameplayTagsManager::ConstructGameplayTagTree: ImportINI -  0.000 s
[2018.11.27-13.33.20:104][  0]LogStats: UGameplayTagsManager::ConstructGameplayTagTree: GameplayTagTreeChangedEvent.Broadcast -  0.000 s
[2018.11.27-13.33.20:434][  0]LogInit: Initializing FReadOnlyCVARCache
[2018.11.27-13.33.20:480][  0]LogAIModule: Creating AISystem for world Untitled
[2018.11.27-13.33.20:510][  0]LogInit: XAudio2 using 'Speakers (Sound Blaster Recon3Di)' : 2 channels at 48 kHz using 32 bits per sample (channel mask 0x3)
[2018.11.27-13.33.20:570][  0]LogInit: FAudioDevice initialized.
[2018.11.27-13.33.20:570][  0]LogNetVersion: Set ProjectVersion to 1.0.0.0. Version Checksum will be recalculated on next use.
[2018.11.27-13.33.20:696][  0]LogDerivedDataCache: Saved boot cache 0.13s 71MB C:/Users/BrieAnna/AppData/Local/UnrealEngine/4.20/DerivedDataCache/Boot.ddc.
[2018.11.27-13.33.20:711][  0]LogInit: Texture streaming: Enabled
[2018.11.27-13.33.20:824][  0]LogEngineSessionManager: EngineSessionManager initialized
[2018.11.27-13.33.20:861][  0]LogInit: Transaction tracking system initialized
[2018.11.27-13.33.21:025][  0]BlueprintLog: New page: Editor Load
[2018.11.27-13.33.21:958][  0]LocalizationService: Localization service is disabled
[2018.11.27-13.33.22:720][  0]LogCook: Display: Max memory allowance for cook 16384mb min free memory 0mb
[2018.11.27-13.33.22:720][  0]LogCook: Display: Mobile HDR setting 1
[2018.11.27-13.33.22:720][  0]LogGameplayTags: Display: UGameplayTagsManager::DoneAddingNativeTags. DelegateIsBound: 0
[2018.11.27-13.33.22:720][  0]LogStats: UGameplayTagsManager::ConstructGameplayTagTree: ImportINI prefixes -  0.000 s
[2018.11.27-13.33.22:721][  0]LogStats: UGameplayTagsManager::ConstructGameplayTagTree: Construct from data asset -  0.000 s
[2018.11.27-13.33.22:721][  0]LogStats: UGameplayTagsManager::ConstructGameplayTagTree: ImportINI -  0.000 s
[2018.11.27-13.33.22:721][  0]LogStats: UGameplayTagsManager::ConstructGameplayTagTree: GameplayTagTreeChangedEvent.Broadcast -  0.000 s
[2018.11.27-13.33.23:476][  0]LogFileCache: Scanning file cache for directory 'D:/Users/BrieAnna/Documents/GitHub/AlchemyUnreal/PlayerMovement/Content/' took 0.03s
[2018.11.27-13.33.23:970][  0]SourceControl: Source control is disabled
[2018.11.27-13.33.23:970][  0]Cmd: MAP LOAD FILE="../../../../../Users/BrieAnna/Documents/GitHub/AlchemyUnreal/PlayerMovement/Content/StarterContent/Maps/Minimal_Default.umap" TEMPLATE=0 SHOWPROGRESS=1 FEATURELEVEL=3
[2018.11.27-13.33.23:971][  0]LightingResults: New page: Lighting Build
[2018.11.27-13.33.23:978][  0]MapCheck: New page: Map Check
[2018.11.27-13.33.23:978][  0]LightingResults: New page: Lighting Build
[2018.11.27-13.33.24:211][  0]LogLinker: Warning: Can't find file '/Game/StarterContent/Maps/Minimal_Default_BuiltData'
[2018.11.27-13.33.24:211][  0]LogLinker: Warning: Can't find file for asset '/Game/StarterContent/Maps/Minimal_Default_BuiltData' while loading ../../../../../Users/BrieAnna/Documents/GitHub/AlchemyUnreal/PlayerMovement/Content/StarterContent/Maps/Minimal_Default.umap.
[2018.11.27-13.33.24:212][  0]LoadErrors: Error: /Game/StarterContent/Maps/Minimal_Default : Can't find file for asset. /Game/StarterContent/Maps/Minimal_Default_BuiltData
[2018.11.27-13.33.24:266][  0]LogLinker: Warning: Can't find file '/Game/StarterContent/Maps/Minimal_Default_BuiltData'
[2018.11.27-13.33.24:266][  0]LogLinker: Warning: Can't find file for asset '/Game/StarterContent/Maps/Minimal_Default_BuiltData' while loading ../../../../../Users/BrieAnna/Documents/GitHub/AlchemyUnreal/PlayerMovement/Content/StarterContent/Maps/Minimal_Default.umap.
[2018.11.27-13.33.24:266][  0]LoadErrors: Error: /Game/StarterContent/Maps/Minimal_Default : Can't find file for asset. /Game/StarterContent/Maps/Minimal_Default_BuiltData
[2018.11.27-13.33.24:295][  0]LogLinker: Warning: Can't find file '/Game/StarterContent/Maps/Minimal_Default_BuiltData'
[2018.11.27-13.33.24:295][  0]LogLinker: Warning: Can't find file for asset '/Game/StarterContent/Maps/Minimal_Default_BuiltData' while loading NULL.
[2018.11.27-13.33.24:296][  0]LogLinker: Warning: Can't find file '/Game/StarterContent/Maps/Minimal_Default_BuiltData'
[2018.11.27-13.33.24:296][  0]LogLinker: Warning: Can't find file for asset '/Game/StarterContent/Maps/Minimal_Default_BuiltData' while loading NULL.
[2018.11.27-13.33.24:325][  0]LogLinker: Warning: Can't find file '/Game/StarterContent/Maps/Minimal_Default_BuiltData'
[2018.11.27-13.33.24:325][  0]LoadErrors: Failed to load /Game/StarterContent/Maps/Minimal_Default_BuiltData.Minimal_Default_BuiltData Referenced by PersistentLevel
[2018.11.27-13.33.24:326][  0]LogLinker: Warning: Can't find file for asset '/Game/StarterContent/Maps/Minimal_Default_BuiltData' while loading NULL.
[2018.11.27-13.33.24:326][  0]LoadErrors: Failed to load /Game/StarterContent/Maps/Minimal_Default_BuiltData.Minimal_Default_BuiltData Referenced by PersistentLevel
[2018.11.27-13.33.24:604][  0]LogAIModule: Creating AISystem for world Minimal_Default
[2018.11.27-13.33.24:620][  0]LogEditorServer: Finished looking for orphan Actors (0.000 secs)
[2018.11.27-13.33.24:655][  0]Cmd: MAP CHECKDEP NOCLEARLOG
[2018.11.27-13.33.24:813][  0]MapCheck: Map check complete: 0 Error(s), 0 Warning(s), took 155.912ms to complete.
[2018.11.27-13.33.24:813][  0]LogFileHelpers: Loading map 'Minimal_Default' took 0.843
[2018.11.27-13.33.25:019][  0]LogSlate: Updating window title bar state: overlay mode, drag disabled, window buttons hidden, title bar hidden
[2018.11.27-13.33.25:031][  0]LogSlate: Updating window title bar state: overlay mode, drag disabled, window buttons hidden, title bar hidden
[2018.11.27-13.33.25:045][  0]LogSlate: Updating window title bar state: overlay mode, drag disabled, window buttons hidden, title bar hidden
[2018.11.27-13.33.25:057][  0]LogSlate: Updating window title bar state: overlay mode, drag disabled, window buttons hidden, title bar hidden
[2018.11.27-13.33.25:092][  0]LogCollectionManager: Loaded 0 collections in 0.004609 seconds
[2018.11.27-13.33.25:174][  0]LogFileCache: Scanning file cache for directory 'D:/Users/BrieAnna/Documents/GitHub/AlchemyUnreal/PlayerMovement/Saved/Collections/' took 0.01s
[2018.11.27-13.33.25:175][  0]LogFileCache: Scanning file cache for directory 'D:/Users/BrieAnna/Documents/GitHub/AlchemyUnreal/PlayerMovement/Content/Developers/BrieAnna/Collections/' took 0.01s
[2018.11.27-13.33.25:175][  0]LogFileCache: Scanning file cache for directory 'D:/Users/BrieAnna/Documents/GitHub/AlchemyUnreal/PlayerMovement/Content/Collections/' took 0.01s
[2018.11.27-13.33.25:175][  0]LogCollectionManager: Rebuilt the GUID cache for 0 collections in 0.000000 seconds
[2018.11.27-13.33.25:192][  0]LogContentBrowser: Native class hierarchy populated in 0.0170 seconds. Added 2575 classes and 605 folders.
[2018.11.27-13.33.25:206][  0]LogContentBrowser: Native class hierarchy updated for 'WidgetCarousel' in 0.0007 seconds. Added 0 classes and 0 folders.
[2018.11.27-13.33.25:364][  0]LogContentBrowser: Native class hierarchy updated for 'AddContentDialog' in 0.0008 seconds. Added 0 classes and 0 folders.
[2018.11.27-13.33.25:419][  0]LogContentBrowser: Native class hierarchy updated for 'SceneOutliner' in 0.0008 seconds. Added 1 classes and 2 folders.
[2018.11.27-13.33.25:445][  0]LogSlate: Took 0.000584 seconds to synchronously load lazily loaded font '../../../Engine/Content/Slate/Fonts/Roboto-Regular.ttf' (155K)
[2018.11.27-13.33.25:451][  0]LogSlate: Took 0.000508 seconds to synchronously load lazily loaded font '../../../Engine/Content/Slate/Fonts/Roboto-Bold.ttf' (160K)
[2018.11.27-13.33.25:464][  0]LogSlate: Took 0.000637 seconds to synchronously load lazily loaded font '../../../Engine/Content/Editor/Slate/Fonts/FontAwesome.ttf' (139K)
[2018.11.27-13.33.25:607][  0]LogRenderer: Reallocating scene render targets to support 900x436 Format 10 NumSamples 1 (Frame:1).
[2018.11.27-13.33.25:686][  0]LogSlate: Took 0.000439 seconds to synchronously load lazily loaded font '../../../Engine/Content/Slate/Fonts/Roboto-Light.ttf' (167K)
[2018.11.27-13.33.25:835][  0]LogContentBrowser: Native class hierarchy updated for 'HierarchicalLODOutliner' in 0.0013 seconds. Added 0 classes and 0 folders.
[2018.11.27-13.33.25:835][  0]LogLoad: (Engine Initialization) Total time: 21.60 seconds
[2018.11.27-13.33.25:835][  0]LogLoad: (Engine Initialization) Total Blueprint compile time: 0.00 seconds
[2018.11.27-13.33.25:855][  0]LogWindowsTextInputMethodSystem: Display: IME system now deactivated.
[2018.11.27-13.33.25:885][  0]LogContentStreaming: Texture pool size now 1000 MB
[2018.11.27-13.33.25:891][  0]LogSlate: FSceneViewport::OnFocusLost() reason 2
[2018.11.27-13.33.26:223][  2]LogAssetRegistry: Asset discovery search completed in 11.5182 seconds
[2018.11.27-13.33.26:226][  2]LogCollectionManager: Rebuilt the object cache for 0 collections in 0.000001 seconds (found 0 objects)
[2018.11.27-13.33.26:226][  2]LogCollectionManager: Fixed up redirectors for 0 collections in 0.000202 seconds (updated 0 objects)
[2018.11.27-13.33.39:339][776]LogSlate: FSceneViewport::OnFocusLost() reason 2
[2018.11.27-13.33.42:771][982]LogSlate: Window 'Message Log' being destroyed
[2018.11.27-13.33.42:780][982]LogSlate: Window 'Message Log' being destroyed
[2018.11.27-13.33.49:886][403]LogSlate: Took 0.000461 seconds to synchronously load lazily loaded font '../../../Engine/Content/Slate/Fonts/Roboto-Light.ttf' (167K)
[2018.11.27-13.33.50:238][403]LogAIModule: Creating AISystem for world PlayerMovementTest
[2018.11.27-13.33.50:384][403]LogAssetEditorManager: Opening Asset editor for World /Game/Levels/PlayerMovementTest.PlayerMovementTest
[2018.11.27-13.33.50:414][403]Cmd: MAP LOAD FILE="../../../../../Users/BrieAnna/Documents/GitHub/AlchemyUnreal/PlayerMovement/Content/Levels/PlayerMovementTest.umap" TEMPLATE=0 SHOWPROGRESS=1 FEATURELEVEL=3
[2018.11.27-13.33.50:415][403]LightingResults: New page: Lighting Build
[2018.11.27-13.33.50:416][403]LoadErrors: New page: Loading map: PlayerMovementTest.umap
[2018.11.27-13.33.50:417][403]MapCheck: New page: Map Check
[2018.11.27-13.33.50:417][403]LightingResults: New page: Lighting Build
[2018.11.27-13.33.50:608][403]LogEditorServer: Finished looking for orphan Actors (0.000 secs)
[2018.11.27-13.33.50:669][403]Cmd: MAP CHECKDEP NOCLEARLOG
[2018.11.27-13.33.50:860][403]MapCheck: Map check complete: 0 Error(s), 0 Warning(s), took 189.401ms to complete.
[2018.11.27-13.33.50:862][403]LogFileHelpers: Loading map 'PlayerMovementTest' took 0.448
[2018.11.27-13.33.52:199][475]LogEditorViewport: Clicking on Actor (LMB): StaticMeshActor (Floor)
[2018.11.27-13.33.57:366][731]LogSlate: FSceneViewport::OnFocusLost() reason 0
[2018.11.27-13.33.57:898][763]LogTemp: Repeating last play command: Selected Viewport
[2018.11.27-13.33.57:914][763]LogPlayLevel: PlayLevel: No blueprints needed recompiling
[2018.11.27-13.33.58:043][763]PIE: New page: PIE session: PlayerMovementTest (Nov 27, 2018, 1:33:57 AM)
[2018.11.27-13.33.58:058][763]LogPlayLevel: Creating play world package: /Game/Levels/UEDPIE_0_PlayerMovementTest
[2018.11.27-13.33.58:126][763]LogPlayLevel: PIE: StaticDuplicateObject took: (0.067979s)
[2018.11.27-13.33.58:128][763]LogAIModule: Creating AISystem for world PlayerMovementTest
[2018.11.27-13.33.58:138][763]LogPlayLevel: PIE: World Init took: (0.011114s)
[2018.11.27-13.33.58:138][763]LogPlayLevel: PIE: Created PIE world by copying editor world from /Game/Levels/PlayerMovementTest.PlayerMovementTest to /Game/Levels/UEDPIE_0_PlayerMovementTest.PlayerMovementTest (0.080078s)
[2018.11.27-13.33.58:235][763]LogInit: XAudio2 using 'Speakers (Sound Blaster Recon3Di)' : 2 channels at 48 kHz using 32 bits per sample (channel mask 0x3)
[2018.11.27-13.33.58:254][763]LogInit: FAudioDevice initialized.
[2018.11.27-13.33.58:339][763]LogUObjectGlobals: Warning: Failed to find object 'Class /Script/PlayerMovement.PlayerMovementGameMode'
[2018.11.27-13.33.58:339][763]LogLoad: Game class is 'GameModeBase'
[2018.11.27-13.33.58:467][763]LogWorld: Bringing World /Game/Levels/UEDPIE_0_PlayerMovementTest.PlayerMovementTest up for play (max tick rate 60) at 2018.11.27-07.33.58
[2018.11.27-13.33.58:535][763]LogWorld: Bringing up level for play took: 0.069479
