Log file open, 11/26/18 16:44:39
LogWindows: Failed to load 'aqProf.dll' (GetLastError=126)
LogWindows: File 'aqProf.dll' does not exist
LogWindows: Failed to load 'VSPerf140.dll' (GetLastError=126)
LogWindows: File 'VSPerf140.dll' does not exist
LogWindows: Failed to load 'VtuneApi.dll' (GetLastError=126)
LogWindows: File 'VtuneApi.dll' does not exist
LogWindows: Failed to load 'VtuneApi32e.dll' (GetLastError=126)
LogWindows: File 'VtuneApi32e.dll' does not exist
LogInit: Display: Running engine for game: PlayerMovement
LogPlatformFile: Not using cached read wrapper
LogTaskGraph: Started task graph with 5 named threads and 23 total threads with 3 sets of task threads.
LogStats: Stats thread started at 0.285333
LogD3D11RHI: Loaded GFSDK_Aftermath_Lib.x64.dll
LogICUInternationalization: Display: ICU TimeZone Detection - Raw Offset: -6:00, Platform Override: ''
LogPluginManager: Mounting plugin Paper2D
LogPluginManager: Mounting plugin AISupport
LogPluginManager: Mounting plugin LightPropagationVolume
LogPluginManager: Mounting plugin CLionSourceCodeAccess
LogPluginManager: Mounting plugin CodeLiteSourceCodeAccess
LogPluginManager: Mounting plugin GitSourceControl
LogPluginManager: Mounting plugin KDevelopSourceCodeAccess
LogPluginManager: Mounting plugin NullSourceCodeAccess
LogPluginManager: Mounting plugin PerforceSourceControl
LogPluginManager: Mounting plugin SubversionSourceControl
LogPluginManager: Mounting plugin UObjectPlugin
LogPluginManager: Mounting plugin VisualStudioCodeSourceCodeAccess
LogPluginManager: Mounting plugin VisualStudioSourceCodeAccess
LogPluginManager: Mounting plugin XCodeSourceCodeAccess
LogPluginManager: Mounting plugin AssetManagerEditor
LogPluginManager: Mounting plugin CryptoKeys
LogPluginManager: Mounting plugin DataValidation
LogPluginManager: Mounting plugin FacialAnimation
LogPluginManager: Mounting plugin GameplayTagsEditor
LogPluginManager: Mounting plugin MacGraphicsSwitching
LogPluginManager: Mounting plugin MeshEditor
LogPluginManager: Mounting plugin MobileLauncherProfileWizard
LogPluginManager: Mounting plugin PluginBrowser
LogPluginManager: Mounting plugin SpeedTreeImporter
LogPluginManager: Mounting plugin DatasmithContent
LogPluginManager: Mounting plugin AlembicImporter
LogPluginManager: Mounting plugin AppleImageUtils
LogPluginManager: Mounting plugin AppleVision
LogPluginManager: Mounting plugin BackChannel
LogPluginManager: Mounting plugin CharacterAI
LogPluginManager: Mounting plugin GeometryCache
LogPluginManager: Mounting plugin HTML5Networking
LogPluginManager: Mounting plugin ProxyLODPlugin
LogPluginManager: Mounting plugin MagicLeap
LogPluginManager: Mounting plugin MagicLeapEmulator
LogPluginManager: Mounting plugin MagicLeapMedia
LogPluginManager: Mounting plugin AndroidMedia
LogPluginManager: Mounting plugin AvfMedia
LogPluginManager: Mounting plugin ImgMedia
LogPluginManager: Mounting plugin LinearTimecode
LogPluginManager: Mounting plugin MediaCompositing
LogPluginManager: Mounting plugin MediaPlayerEditor
LogPluginManager: Mounting plugin WmfMedia
LogPluginManager: Mounting plugin TcpMessaging
LogPluginManager: Mounting plugin UdpMessaging
LogPluginManager: Mounting plugin ActorSequence
LogPluginManager: Mounting plugin LevelSequenceEditor
LogPluginManager: Mounting plugin MatineeToLevelSequence
LogPluginManager: Mounting plugin NetcodeUnitTest
LogPluginManager: Mounting plugin NUTUnrealEngine4
LogPluginManager: Mounting plugin OnlineSubsystemGooglePlay
LogPluginManager: Mounting plugin OnlineSubsystemIOS
LogPluginManager: Mounting plugin OnlineSubsystem
LogPluginManager: Mounting plugin OnlineSubsystemNull
LogPluginManager: Mounting plugin OnlineSubsystemUtils
LogPluginManager: Mounting plugin LauncherChunkInstaller
LogPluginManager: Mounting plugin AndroidDeviceProfileSelector
LogPluginManager: Mounting plugin AndroidMoviePlayer
LogPluginManager: Mounting plugin AndroidPermission
LogPluginManager: Mounting plugin AppleMoviePlayer
LogPluginManager: Mounting plugin ArchVisCharacter
LogPluginManager: Mounting plugin AudioCapture
LogPluginManager: Mounting plugin CableComponent
LogPluginManager: Mounting plugin CustomMeshComponent
LogPluginManager: Mounting plugin EditableMesh
LogPluginManager: Mounting plugin ExampleDeviceProfileSelector
LogPluginManager: Mounting plugin GoogleCloudMessaging
LogPluginManager: Mounting plugin ImmediatePhysics
LogPluginManager: Mounting plugin IOSDeviceProfileSelector
LogPluginManager: Mounting plugin LinuxDeviceProfileSelector
LogPluginManager: Mounting plugin LocationServicesBPLibrary
LogPluginManager: Mounting plugin MobilePatchingUtils
LogPluginManager: Mounting plugin OculusVR
LogPluginManager: Plugin shader directory ../../../Engine/Plugins/Runtime/Oculus/OculusVR/Shaders found
LogPluginManager: Mapping shader source directory ../../../Engine/Plugins/Runtime/Oculus/OculusVR/Shaders to virtual directory /Plugin/OculusVR
LogPluginManager: Mounting plugin PhysXVehicles
LogPluginManager: Mounting plugin ProceduralMeshComponent
LogPluginManager: Mounting plugin RuntimePhysXCooking
LogPluginManager: Mounting plugin SteamVR
LogPluginManager: Mounting plugin WindowsMoviePlayer
LogStreaming: Display: Took  0.186s to configure plugins.
LogInit: Warning: Incompatible or missing module: PlayerMovement
Running C:/Program Files/Epic Games/UE_4.20/Engine/Binaries/DotNET/UnrealBuildTool.exe Development Win64 -Project="C:/workspace/AlchemyUnreal/PlayerMovement/PlayerMovement.uproject" -TargetType=Editor -Progress -NoHotReloadFromIDE
Using 'git status' to determine working set for adaptive non-unity build.
Creating makefile for PlayerMovementEditor (no existing makefile)
Performing full C++ include scan (no include cache file)
Using Visual Studio 2017 14.14.26428 toolchain (C:\Program Files (x86)\Microsoft Visual Studio\2017\Enterprise\VC\Tools\MSVC\14.14.26428) and Windows 10.0.16299.0 SDK (C:\Program Files (x86)\Windows Kits\10).
@progress push 5%
Parsing headers for PlayerMovementEditor
  Running UnrealHeaderTool "C:\workspace\AlchemyUnreal\PlayerMovement\PlayerMovement.uproject" "C:\workspace\AlchemyUnreal\PlayerMovement\Intermediate\Build\Win64\PlayerMovementEditor\Development\PlayerMovementEditor.uhtmanifest" -LogCmds="loginit warning, logexit warning, logdatabase error" -Unattended -WarningsAsErrors -installed
Reflection code generated for PlayerMovementEditor in 8.1253608 seconds
@progress pop
Building 16 actions with 8 processes...
  @progress 'Compiling C++ source code...' 0%
  @progress 'Compiling C++ source code...' 6%
  [1/16] PCLaunch.rc
  @progress 'Compiling C++ source code...' 12%
  [2/16] SharedPCH.Engine.cpp
  @progress 'Compiling C++ source code...' 19%
  [3/16] PlayerMovement.cpp
  @progress 'Compiling C++ source code...' 25%
  [4/16] BPTris.gen.cpp
  @progress 'Compiling C++ source code...' 31%
  [5/16] PlayerMovementGameModeBase.cpp
  @progress 'Compiling C++ source code...' 38%
  [6/16] GenericHUD.gen.cpp
  @progress 'Compiling C++ source code...' 44%
  [7/16] PawnPlayerMove.gen.cpp
  @progress 'Compiling C++ source code...' 50%
  [8/16] PlayerMovement.init.gen.cpp
  @progress 'Compiling C++ source code...' 56%
  [9/16] BPTris.cpp
  @progress 'Compiling C++ source code...' 62%
  [10/16] PlayerMovementGameModeBase.gen.cpp
  @progress 'Compiling C++ source code...' 69%
  [11/16] Inventory.gen.cpp
  @progress 'Compiling C++ source code...' 75%
  [12/16] GenericHUD.cpp
  @progress 'Compiling C++ source code...' 81%
  [13/16] Inventory.cpp
  @progress 'Compiling C++ source code...' 88%
  [14/16] PawnPlayerMove.cpp
  @progress 'Compiling C++ source code...' 94%
  [15/16] UE4Editor-PlayerMovement.lib
     Creating library C:\workspace\AlchemyUnreal\PlayerMovement\Intermediate\Build\Win64\UE4Editor\Development\PlayerMovement\UE4Editor-PlayerMovement.lib and object C:\workspace\AlchemyUnreal\PlayerMovement\Intermediate\Build\Win64\UE4Editor\Development\PlayerMovement\UE4Editor-PlayerMovement.exp
  @progress 'Compiling C++ source code...' 100%
  [16/16] UE4Editor-PlayerMovement.dll
     Creating library C:\workspace\AlchemyUnreal\PlayerMovement\Intermediate\Build\Win64\UE4Editor\Development\PlayerMovement\UE4Editor-PlayerMovement.suppressed.lib and object C:\workspace\AlchemyUnreal\PlayerMovement\Intermediate\Build\Win64\UE4Editor\Development\PlayerMovement\UE4Editor-PlayerMovement.suppressed.exp
Total build time: 47.39 seconds (Parallel executor: 32.48 seconds)
LogInit: Using libcurl 7.55.1-DEV
LogInit:  - built for x86_64-pc-win32
LogInit:  - supports SSL with OpenSSL/1.0.2h
LogInit:  - supports HTTP deflate (compression) using libz 1.2.8
LogInit:  - other features:
LogInit:      CURL_VERSION_SSL
LogInit:      CURL_VERSION_LIBZ
LogInit:      CURL_VERSION_IPV6
LogInit:      CURL_VERSION_ASYNCHDNS
LogInit:      CURL_VERSION_LARGEFILE
LogInit:      CURL_VERSION_IDN
LogInit:  CurlRequestOptions (configurable via config and command line):
LogInit:  - bVerifyPeer = false  - Libcurl will NOT verify peer certificate
LogInit:  - bUseHttpProxy = false  - Libcurl will NOT use HTTP proxy
LogInit:  - bDontReuseConnections = false  - Libcurl will reuse connections
LogInit:  - CertBundlePath = nullptr  - Libcurl will use whatever was configured at build time.
LogInit:  - MaxHostConnections = 16  - Libcurl will limit the number of connections to a host
LogInit:  - LocalHostAddr = Default
LogInit:  - BufferSize = 65536
LogInit: WinSock: version 1.1 (2.2), MaxSocks=32767, MaxUdp=65467
LogInit: Build: ++UE4+Release-4.20-CL-4369336
LogInit: Engine Version: 4.20.3-4369336+++UE4+Release-4.20
LogInit: Compatible Engine Version: 4.20.0-4212847+++UE4+Release-4.20
LogInit: Net CL: 4212847
LogInit: OS: Windows 10 (), CPU: Intel(R) Core(TM) i7-4790K CPU @ 4.00GHz, GPU: AMD RADEON R9 M290X
LogInit: Compiled (64-bit): Sep 17 2018 12:26:19
LogInit: Compiled with Visual C++: 19.13.26129.00
LogInit: Build Configuration: Development
LogInit: Branch Name: ++UE4+Release-4.20
LogInit: Command Line: 
LogInit: Base Directory: C:/Program Files/Epic Games/UE_4.20/Engine/Binaries/Win64/
LogInit: Installed Engine Build: 1
LogDevObjectVersion: Number of dev versions registered: 20
LogDevObjectVersion:   Dev-Blueprints (B0D832E4-1F89-4F0D-ACCF-7EB736FD4AA2): 10
LogDevObjectVersion:   Dev-Build (E1C64328-A22C-4D53-A36C-8E866417BD8C): 0
LogDevObjectVersion:   Dev-Core (375EC13C-06E4-48FB-B500-84F0262A717E): 2
LogDevObjectVersion:   Dev-Editor (E4B068ED-F494-42E9-A231-DA0B2E46BB41): 24
LogDevObjectVersion:   Dev-Framework (CFFC743F-43B0-4480-9391-14DF171D2073): 34
LogDevObjectVersion:   Dev-Mobile (B02B49B5-BB20-44E9-A304-32B752E40360): 2
LogDevObjectVersion:   Dev-Networking (A4E4105C-59A1-49B5-A7C5-40C4547EDFEE): 0
LogDevObjectVersion:   Dev-Online (39C831C9-5AE6-47DC-9A44-9C173E1C8E7C): 0
LogDevObjectVersion:   Dev-Physics (78F01B33-EBEA-4F98-B9B4-84EACCB95AA2): 0
LogDevObjectVersion:   Dev-Platform (6631380F-2D4D-43E0-8009-CF276956A95A): 0
LogDevObjectVersion:   Dev-Rendering (12F88B9F-8875-4AFC-A67C-D90C383ABD29): 26
LogDevObjectVersion:   Dev-Sequencer (7B5AE74C-D270-4C10-A958-57980B212A5A): 9
LogDevObjectVersion:   Dev-VR (D7296918-1DD6-4BDD-9DE2-64A83CC13884): 2
LogDevObjectVersion:   Dev-LoadTimes (C2A15278-BFE7-4AFE-6C17-90FF531DF755): 1
LogDevObjectVersion:   Private-Geometry (6EACA3D4-40EC-4CC1-B786-8BED09428FC5): 3
LogDevObjectVersion:   Dev-AnimPhys (29E575DD-E0A3-4627-9D10-D276232CDCEA): 17
LogDevObjectVersion:   Dev-ReflectionCapture (6B266CEC-1EC7-4B8F-A30B-E4D90942FC07): 1
LogDevObjectVersion:   Dev-Automation (0DF73D61-A23F-47EA-B727-89E90C41499A): 1
LogDevObjectVersion:   FortniteMain (601D1886-AC64-4F84-AA16-D3DE0DEAC7D6): 12
LogDevObjectVersion:   Dev-Enterprise (9DFFBCD6-494F-0158-E221-12823C92A888): 1
LogStreaming: Display: Took  0.001s to delete old logs.
LogInit: Presizing for max 8388607 objects, including 0 objects not considered by GC, pre-allocating 0 bytes for permanent pool.
LogInit: Object subsystem initialized
[2018.11.26-22.45.38:961][  0]LogInit: Selected Device Profile: [Windows]
[2018.11.26-22.45.38:961][  0]LogInit: Applying CVar settings loaded from the selected device profile: [Windows]
[2018.11.26-22.45.38:973][  0]LogHAL: Display: Platform has ~ 8 GB [8527163392 / 8589934592 / 8], which maps to Default [LargestMinGB=32, LargerMinGB=12, DefaultMinGB=8, SmallerMinGB=6, SmallestMinGB=0)
[2018.11.26-22.45.38:973][  0]LogInit: Setting Device Profile CVar: [[r.Vulkan.UseRealUBs:1]]
[2018.11.26-22.45.38:973][  0]LogInit: Going up to parent DeviceProfile []
[2018.11.26-22.45.38:974][  0]LogInit: Computer: 916-IAM-B-KING
[2018.11.26-22.45.38:974][  0]LogInit: User: tessolson
[2018.11.26-22.45.38:974][  0]LogInit: CPU Page size=4096, Cores=4
[2018.11.26-22.45.38:974][  0]LogInit: High frequency timer resolution =3.897252 MHz
[2018.11.26-22.45.38:974][  0]LogMemory: Memory total: Physical=7.9GB (8GB approx)
[2018.11.26-22.45.38:974][  0]LogMemory: Platform Memory Stats for Windows
[2018.11.26-22.45.38:974][  0]LogMemory: Process Physical Memory: 104.92 MB used, 104.92 MB peak
[2018.11.26-22.45.38:974][  0]LogMemory: Process Virtual Memory: 89.97 MB used, 89.97 MB peak
[2018.11.26-22.45.38:974][  0]LogMemory: Physical Memory: 3432.69 MB used,  4699.45 MB free, 8132.14 MB total
[2018.11.26-22.45.38:974][  0]LogMemory: Virtual Memory: 4684.38 MB used,  4699.45 MB free, 134217728.00 MB total
[2018.11.26-22.45.38:993][  0]LogInit: Using OS detected language (en-US).
[2018.11.26-22.45.38:993][  0]LogInit: Using OS detected locale (en-US).
[2018.11.26-22.45.38:994][  0]LogTextLocalizationManager: No specific localization for 'en-US' exists, so the 'en' localization will be used.
[2018.11.26-22.45.39:348][  0]LogStreaming: Display: Took  0.355s to InitEngineTextLocalization.
[2018.11.26-22.45.39:348][  0]LogInit: Setting process to per monitor DPI aware
[2018.11.26-22.45.39:375][  0]LogSlate: New Slate User Created.  User Index 0, Is Virtual User: 0
[2018.11.26-22.45.39:375][  0]LogSlate: Slate User Registered.  User Index 0, Is Virtual User: 0
[2018.11.26-22.45.39:572][  0]LogHMD: Failed to initialize OpenVR with code 110
[2018.11.26-22.45.39:572][  0]LogD3D11RHI: D3D11 adapters:
[2018.11.26-22.45.39:590][  0]LogD3D11RHI:    0. 'AMD RADEON R9 M290X' (Feature Level 11_0)
[2018.11.26-22.45.39:590][  0]LogD3D11RHI:       2029/0/4066 MB DedicatedVideo/DedicatedSystem/SharedSystem, Outputs:1, VendorId:0x1002
[2018.11.26-22.45.39:592][  0]LogD3D11RHI:    1. 'Microsoft Basic Render Driver' (Feature Level 11_0)
[2018.11.26-22.45.39:592][  0]LogD3D11RHI:       0/0/4066 MB DedicatedVideo/DedicatedSystem/SharedSystem, Outputs:0, VendorId:0x1414
[2018.11.26-22.45.39:592][  0]LogD3D11RHI: Chosen D3D11 Adapter: 0
[2018.11.26-22.45.39:598][  0]LogD3D11RHI: Creating new Direct3DDevice
[2018.11.26-22.45.39:598][  0]LogD3D11RHI:     GPU DeviceId: 0x6810 (for the marketing name, search the web for "GPU Device Id")
[2018.11.26-22.45.39:598][  0]LogWindows: EnumDisplayDevices:
[2018.11.26-22.45.39:598][  0]LogWindows:    0. 'AMD RADEON R9 M290X' (P:1 D:1)
[2018.11.26-22.45.39:599][  0]LogWindows:    1. 'AMD RADEON R9 M290X' (P:0 D:0)
[2018.11.26-22.45.39:599][  0]LogWindows:    2. 'AMD RADEON R9 M290X' (P:0 D:0)
[2018.11.26-22.45.39:599][  0]LogWindows:    3. 'AMD RADEON R9 M290X' (P:0 D:0)
[2018.11.26-22.45.39:600][  0]LogWindows:    4. 'AMD RADEON R9 M290X' (P:0 D:0)
[2018.11.26-22.45.39:600][  0]LogWindows:    5. 'AMD RADEON R9 M290X' (P:0 D:0)
[2018.11.26-22.45.39:600][  0]LogWindows: DebugString: FoundDriverCount:6 
[2018.11.26-22.45.39:600][  0]LogD3D11RHI:     Adapter Name: AMD RADEON R9 M290X
[2018.11.26-22.45.39:600][  0]LogD3D11RHI:   Driver Version: Crimson ReLive 17.6 (internal:22.19.170.1536, unified:22.19.170.1536)
[2018.11.26-22.45.39:600][  0]LogD3D11RHI:      Driver Date: 7-20-2017
[2018.11.26-22.45.39:600][  0]LogRHI: Texture pool is 1420 MB (70% of 2029 MB)
[2018.11.26-22.45.39:675][  0]LogD3D11RHI: Async texture creation enabled
[2018.11.26-22.45.39:686][  0]LogD3D11RHI: GPU Timing Frequency: 27.000000 (Debug: 2 1)
[2018.11.26-22.45.39:688][  0]LogShaderCompilers: Guid format shader working directory is -6 characters bigger than the processId version (../../../../../../workspace/AlchemyUnreal/PlayerMovement/Intermediate/Shaders/WorkingDirectory/11272/).
[2018.11.26-22.45.39:688][  0]LogShaderCompilers: Cleaned the shader compiler working directory 'C:/Users/tess.olson/AppData/Local/Temp/UnrealShaderWorkingDir/2658E6434E553653EE216DAB7AAE5AD2/'.
[2018.11.26-22.45.39:950][  0]LogTemp: Display: Loaded TP AllDesktopTargetPlatform
[2018.11.26-22.45.39:963][  0]LogTemp: Display: Loaded TP MacClientTargetPlatform
[2018.11.26-22.45.39:979][  0]LogTemp: Display: Loaded TP MacNoEditorTargetPlatform
[2018.11.26-22.45.39:993][  0]LogTemp: Display: Loaded TP MacServerTargetPlatform
[2018.11.26-22.45.40:007][  0]LogTemp: Display: Loaded TP MacTargetPlatform
[2018.11.26-22.45.40:020][  0]LogTemp: Display: Loaded TP WindowsClientTargetPlatform
[2018.11.26-22.45.40:039][  0]LogTemp: Display: Loaded TP WindowsNoEditorTargetPlatform
[2018.11.26-22.45.40:053][  0]LogTemp: Display: Loaded TP WindowsServerTargetPlatform
[2018.11.26-22.45.40:059][  0]LogTemp: Display: Loaded TP WindowsTargetPlatform
[2018.11.26-22.45.40:131][  0]LogTemp: Display: Loaded TP AndroidTargetPlatform
[2018.11.26-22.45.40:131][  0]LogTemp: Display: Loaded TP AndroidTargetPlatform
[2018.11.26-22.45.40:131][  0]LogTemp: Display: Loaded TP AndroidTargetPlatform
[2018.11.26-22.45.40:131][  0]LogTemp: Display: Loaded TP AndroidTargetPlatform
[2018.11.26-22.45.40:131][  0]LogTemp: Display: Loaded TP AndroidTargetPlatform
[2018.11.26-22.45.40:131][  0]LogTemp: Display: Loaded TP AndroidTargetPlatform
[2018.11.26-22.45.40:131][  0]LogTemp: Display: Loaded TP AndroidTargetPlatform
[2018.11.26-22.45.40:131][  0]LogTemp: Display: Loaded TP AndroidTargetPlatform
[2018.11.26-22.45.40:131][  0]LogTemp: Display: Loaded TP AndroidTargetPlatform
[2018.11.26-22.45.40:131][  0]LogTemp: Display: Loaded TP AndroidTargetPlatform
[2018.11.26-22.45.40:131][  0]LogTemp: Display: Loaded TP AndroidTargetPlatform
[2018.11.26-22.45.40:131][  0]LogTemp: Display: Loaded TP AndroidTargetPlatform
[2018.11.26-22.45.40:131][  0]LogTemp: Display: Loaded TP AndroidTargetPlatform
[2018.11.26-22.45.40:131][  0]LogTemp: Display: Loaded TP AndroidTargetPlatform
[2018.11.26-22.45.40:131][  0]LogTemp: Display: Loaded TP AndroidTargetPlatform
[2018.11.26-22.45.40:131][  0]LogTemp: Display: Loaded TP AndroidTargetPlatform
[2018.11.26-22.45.40:131][  0]LogTemp: Display: Loaded TP AndroidTargetPlatform
[2018.11.26-22.45.40:131][  0]LogTemp: Display: Loaded TP AndroidTargetPlatform
[2018.11.26-22.45.40:132][  0]LogTemp: Display: Loaded TP HTML5TargetPlatform
[2018.11.26-22.45.40:194][  0]LogTemp: Display: Loaded TP IOSTargetPlatform
[2018.11.26-22.45.40:194][  0]LogTemp: Display: Loaded TP IOSTargetPlatform
[2018.11.26-22.45.40:244][  0]LogTemp: Display: Loaded TP TVOSTargetPlatform
[2018.11.26-22.45.40:244][  0]LogTemp: Display: Loaded TP TVOSTargetPlatform
[2018.11.26-22.45.40:256][  0]LogTemp: Display: Loaded TP LinuxClientTargetPlatform
[2018.11.26-22.45.40:267][  0]LogTemp: Display: Loaded TP LinuxNoEditorTargetPlatform
[2018.11.26-22.45.40:280][  0]LogTemp: Display: Loaded TP LinuxServerTargetPlatform
[2018.11.26-22.45.40:292][  0]LogTemp: Display: Loaded TP LinuxTargetPlatform
[2018.11.26-22.45.40:301][  0]LogTemp: Display: Loaded TP LuminTargetPlatform
[2018.11.26-22.45.40:301][  0]LogTargetPlatformManager: Display: Building Assets For Windows
[2018.11.26-22.45.40:369][  0]LogXGEController: Cleaning working directory: C:/Users/tess.olson/AppData/Local/Temp/UnrealXGEWorkingDir/
[2018.11.26-22.45.40:380][  0]LogShaderCompilers: Display: Using XGE Shader Compiler (Interception Interface).
[2018.11.26-22.45.41:076][  0]LogDerivedDataCache: Display: Max Cache Size: 512 MB
[2018.11.26-22.45.41:152][  0]LogDerivedDataCache: Loaded boot cache 0.08s 71MB C:/Users/tess.olson/AppData/Local/UnrealEngine/4.20/DerivedDataCache/Boot.ddc.
[2018.11.26-22.45.41:152][  0]LogDerivedDataCache: Display: Loaded Boot cache: C:/Users/tess.olson/AppData/Local/UnrealEngine/4.20/DerivedDataCache/Boot.ddc
[2018.11.26-22.45.41:152][  0]LogDerivedDataCache: FDerivedDataBackendGraph:  Pak pak cache file ../../../../../../workspace/AlchemyUnreal/PlayerMovement/DerivedDataCache/DDC.ddp not found, will not use a pak cache.
[2018.11.26-22.45.41:152][  0]LogDerivedDataCache: Unable to find inner node Pak for hierarchical cache Hierarchy.
[2018.11.26-22.45.41:152][  0]LogDerivedDataCache: FDerivedDataBackendGraph:  CompressedPak pak cache file ../../../../../../workspace/AlchemyUnreal/PlayerMovement/DerivedDataCache/Compressed.ddp not found, will not use a pak cache.
[2018.11.26-22.45.41:153][  0]LogDerivedDataCache: Unable to find inner node CompressedPak for hierarchical cache Hierarchy.
[2018.11.26-22.45.41:164][  0]LogDerivedDataCache: Display: Pak cache opened for reading ../../../Engine/DerivedDataCache/Compressed.ddp.
[2018.11.26-22.45.41:176][  0]LogDerivedDataCache: Using Local data cache path C:/Users/tess.olson/AppData/Local/UnrealEngine/Common/DerivedDataCache: Writable
[2018.11.26-22.45.41:176][  0]LogDerivedDataCache: Shared data cache path not found in *engine.ini, will not use an Shared cache.
[2018.11.26-22.45.41:176][  0]LogDerivedDataCache: Unable to find inner node Shared for hierarchical cache Hierarchy.
[2018.11.26-22.45.41:193][  0]LogMaterial: Verifying Global Shaders for PCD3D_SM5
[2018.11.26-22.45.41:194][  0]LogSlate: Using FreeType 2.6.0
[2018.11.26-22.45.41:195][  0]LogSlate: SlateFontServices - WITH_FREETYPE: 1, WITH_HARFBUZZ: 1
[2018.11.26-22.45.41:264][  0]LogAssetRegistry: FAssetRegistry took 0.0261 seconds to start up
[2018.11.26-22.45.41:583][  0]LogInit: Selected Device Profile: [Windows]
[2018.11.26-22.45.41:704][  0]LogSimplygon: Simplygon DLL not present - disabling.
[2018.11.26-22.45.41:709][  0]LogMeshReduction: Using SimplygonSwarm for distributed automatic mesh merging
[2018.11.26-22.45.41:709][  0]LogMeshReduction: Using ProxyLODMeshReduction for automatic mesh merging
[2018.11.26-22.45.41:709][  0]LogMeshReduction: Using QuadricMeshReduction for automatic static mesh reduction
[2018.11.26-22.45.41:709][  0]LogMeshReduction: No automatic skeletal mesh reduction module available
[2018.11.26-22.45.41:725][  0]LogNetVersion: PlayerMovement 1.0.0, NetCL: 4212847, EngineNetVer: 5, GameNetVer: 0 (Checksum: 171376428)
[2018.11.26-22.45.42:240][  0]LogPackageLocalizationCache: Processed 11 localized package path(s) for 2 prioritized culture(s) in 0.108256 seconds
[2018.11.26-22.45.42:246][  0]LogUObjectArray: 38425 objects as part of root set at end of initial load.
[2018.11.26-22.45.42:247][  0]LogUObjectAllocator: 6690872 out of 0 bytes used by permanent object pool.
[2018.11.26-22.45.42:247][  0]LogUObjectArray: CloseDisregardForGC: 0/0 objects in disregard for GC pool
[2018.11.26-22.45.43:177][  0]LogTcpMessaging: Initializing TcpMessaging bridge
[2018.11.26-22.45.43:191][  0]LogUdpMessaging: Initializing bridge on interface 0.0.0.0:0 to multicast group 230.0.0.1:6666.
[2018.11.26-22.45.43:367][  0]SourceControl: Source control is disabled
[2018.11.26-22.45.43:368][  0]SourceControl: Source control is disabled
[2018.11.26-22.45.43:369][  0]SourceControl: Source control is disabled
[2018.11.26-22.45.43:370][  0]SourceControl: Source control is disabled
[2018.11.26-22.45.43:547][  0]LogAndroidPermission: UAndroidPermissionCallbackProxy::GetInstance
[2018.11.26-22.45.43:623][  0]LogOcInput: OculusInput pre-init called
[2018.11.26-22.45.43:676][  0]LogEngine: Initializing Engine...
[2018.11.26-22.45.43:677][  0]LogHMD: Failed to initialize OpenVR with code 110
[2018.11.26-22.45.43:678][  0]LogStats: UGameplayTagsManager::ConstructGameplayTagTree: ImportINI prefixes -  0.000 s
[2018.11.26-22.45.43:678][  0]LogStats: UGameplayTagsManager::ConstructGameplayTagTree: Construct from data asset -  0.000 s
[2018.11.26-22.45.43:678][  0]LogStats: UGameplayTagsManager::ConstructGameplayTagTree: ImportINI -  0.000 s
[2018.11.26-22.45.43:678][  0]LogStats: UGameplayTagsManager::ConstructGameplayTagTree: GameplayTagTreeChangedEvent.Broadcast -  0.000 s
[2018.11.26-22.45.43:864][  0]LogInit: Initializing FReadOnlyCVARCache
[2018.11.26-22.45.43:879][  0]LogAIModule: Creating AISystem for world Untitled
[2018.11.26-22.45.43:907][  0]LogInit: XAudio2 using 'Speakers (Cirrus Logic CS4206B (AB 122))' : 2 channels at 48 kHz using 32 bits per sample (channel mask 0x3)
[2018.11.26-22.45.43:943][  0]LogInit: FAudioDevice initialized.
[2018.11.26-22.45.43:943][  0]LogNetVersion: Set ProjectVersion to 1.0.0.0. Version Checksum will be recalculated on next use.
[2018.11.26-22.45.44:036][  0]LogDerivedDataCache: Saved boot cache 0.09s 71MB C:/Users/tess.olson/AppData/Local/UnrealEngine/4.20/DerivedDataCache/Boot.ddc.
[2018.11.26-22.45.44:054][  0]LogInit: Texture streaming: Enabled
[2018.11.26-22.45.44:082][  0]LogEngineSessionManager: EngineSessionManager initialized
[2018.11.26-22.45.44:100][  0]LogInit: Transaction tracking system initialized
[2018.11.26-22.45.44:125][  0]BlueprintLog: New page: Editor Load
[2018.11.26-22.45.44:242][  0]LocalizationService: Localization service is disabled
[2018.11.26-22.45.44:507][  0]LogCook: Display: Max memory allowance for cook 16384mb min free memory 0mb
[2018.11.26-22.45.44:507][  0]LogCook: Display: Mobile HDR setting 1
[2018.11.26-22.45.44:507][  0]LogGameplayTags: Display: UGameplayTagsManager::DoneAddingNativeTags. DelegateIsBound: 0
[2018.11.26-22.45.44:507][  0]LogStats: UGameplayTagsManager::ConstructGameplayTagTree: ImportINI prefixes -  0.000 s
[2018.11.26-22.45.44:507][  0]LogStats: UGameplayTagsManager::ConstructGameplayTagTree: Construct from data asset -  0.000 s
[2018.11.26-22.45.44:507][  0]LogStats: UGameplayTagsManager::ConstructGameplayTagTree: ImportINI -  0.000 s
[2018.11.26-22.45.44:507][  0]LogStats: UGameplayTagsManager::ConstructGameplayTagTree: GameplayTagTreeChangedEvent.Broadcast -  0.000 s
[2018.11.26-22.45.44:625][  0]LogFileCache: Scanning file cache for directory 'C:/workspace/AlchemyUnreal/PlayerMovement/Content/' took 0.02s
[2018.11.26-22.45.44:625][  0]SourceControl: Source control is disabled
[2018.11.26-22.45.44:626][  0]Cmd: MAP LOAD FILE="../../../../../../workspace/AlchemyUnreal/PlayerMovement/Content/StarterContent/Maps/Minimal_Default.umap" TEMPLATE=0 SHOWPROGRESS=1 FEATURELEVEL=3
[2018.11.26-22.45.44:626][  0]LightingResults: New page: Lighting Build
[2018.11.26-22.45.44:631][  0]MapCheck: New page: Map Check
[2018.11.26-22.45.44:631][  0]LightingResults: New page: Lighting Build
[2018.11.26-22.45.44:729][  0]LogLinker: Warning: Can't find file '/Game/StarterContent/Maps/Minimal_Default_BuiltData'
[2018.11.26-22.45.44:729][  0]LogLinker: Warning: Can't find file for asset '/Game/StarterContent/Maps/Minimal_Default_BuiltData' while loading ../../../../../../workspace/AlchemyUnreal/PlayerMovement/Content/StarterContent/Maps/Minimal_Default.umap.
[2018.11.26-22.45.44:729][  0]LoadErrors: Error: /Game/StarterContent/Maps/Minimal_Default : Can't find file for asset. /Game/StarterContent/Maps/Minimal_Default_BuiltData
[2018.11.26-22.45.44:756][  0]LogLinker: Warning: Can't find file '/Game/StarterContent/Maps/Minimal_Default_BuiltData'
[2018.11.26-22.45.44:756][  0]LogLinker: Warning: Can't find file for asset '/Game/StarterContent/Maps/Minimal_Default_BuiltData' while loading ../../../../../../workspace/AlchemyUnreal/PlayerMovement/Content/StarterContent/Maps/Minimal_Default.umap.
[2018.11.26-22.45.44:756][  0]LoadErrors: Error: /Game/StarterContent/Maps/Minimal_Default : Can't find file for asset. /Game/StarterContent/Maps/Minimal_Default_BuiltData
[2018.11.26-22.45.44:770][  0]LogLinker: Warning: Can't find file '/Game/StarterContent/Maps/Minimal_Default_BuiltData'
[2018.11.26-22.45.44:770][  0]LogLinker: Warning: Can't find file for asset '/Game/StarterContent/Maps/Minimal_Default_BuiltData' while loading NULL.
[2018.11.26-22.45.44:770][  0]LogLinker: Warning: Can't find file '/Game/StarterContent/Maps/Minimal_Default_BuiltData'
[2018.11.26-22.45.44:770][  0]LogLinker: Warning: Can't find file for asset '/Game/StarterContent/Maps/Minimal_Default_BuiltData' while loading NULL.
[2018.11.26-22.45.44:777][  0]LogLinker: Warning: Can't find file '/Game/StarterContent/Maps/Minimal_Default_BuiltData'
[2018.11.26-22.45.44:777][  0]LoadErrors: Failed to load /Game/StarterContent/Maps/Minimal_Default_BuiltData.Minimal_Default_BuiltData Referenced by PersistentLevel
[2018.11.26-22.45.44:777][  0]LogLinker: Warning: Can't find file for asset '/Game/StarterContent/Maps/Minimal_Default_BuiltData' while loading NULL.
[2018.11.26-22.45.44:777][  0]LoadErrors: Failed to load /Game/StarterContent/Maps/Minimal_Default_BuiltData.Minimal_Default_BuiltData Referenced by PersistentLevel
[2018.11.26-22.45.44:916][  0]LogAIModule: Creating AISystem for world Minimal_Default
[2018.11.26-22.45.44:923][  0]LogEditorServer: Finished looking for orphan Actors (0.000 secs)
[2018.11.26-22.45.44:942][  0]Cmd: MAP CHECKDEP NOCLEARLOG
[2018.11.26-22.45.45:020][  0]MapCheck: Map check complete: 0 Error(s), 0 Warning(s), took 77.766ms to complete.
[2018.11.26-22.45.45:020][  0]LogFileHelpers: Loading map 'Minimal_Default' took 0.394
[2018.11.26-22.45.45:120][  0]LogSlate: Updating window title bar state: overlay mode, drag disabled, window buttons hidden, title bar hidden
[2018.11.26-22.45.45:126][  0]LogSlate: Updating window title bar state: overlay mode, drag disabled, window buttons hidden, title bar hidden
[2018.11.26-22.45.45:133][  0]LogSlate: Updating window title bar state: overlay mode, drag disabled, window buttons hidden, title bar hidden
[2018.11.26-22.45.45:139][  0]LogSlate: Updating window title bar state: overlay mode, drag disabled, window buttons hidden, title bar hidden
[2018.11.26-22.45.45:155][  0]LogCollectionManager: Loaded 0 collections in 0.001823 seconds
[2018.11.26-22.45.45:197][  0]LogFileCache: Scanning file cache for directory 'C:/workspace/AlchemyUnreal/PlayerMovement/Saved/Collections/' took 0.01s
[2018.11.26-22.45.45:197][  0]LogFileCache: Scanning file cache for directory 'C:/workspace/AlchemyUnreal/PlayerMovement/Content/Developers/tessolson/Collections/' took 0.01s
[2018.11.26-22.45.45:197][  0]LogFileCache: Scanning file cache for directory 'C:/workspace/AlchemyUnreal/PlayerMovement/Content/Collections/' took 0.01s
[2018.11.26-22.45.45:197][  0]LogCollectionManager: Rebuilt the GUID cache for 0 collections in 0.000000 seconds
[2018.11.26-22.45.45:206][  0]LogContentBrowser: Native class hierarchy populated in 0.0088 seconds. Added 2577 classes and 607 folders.
[2018.11.26-22.45.45:213][  0]LogContentBrowser: Native class hierarchy updated for 'WidgetCarousel' in 0.0003 seconds. Added 0 classes and 0 folders.
[2018.11.26-22.45.45:259][  0]LogContentBrowser: Native class hierarchy updated for 'AddContentDialog' in 0.0003 seconds. Added 0 classes and 0 folders.
[2018.11.26-22.45.45:264][  0]LogContentBrowser: Native class hierarchy updated for 'SceneOutliner' in 0.0003 seconds. Added 1 classes and 2 folders.
[2018.11.26-22.45.45:277][  0]LogSlate: Took 0.000210 seconds to synchronously load lazily loaded font '../../../Engine/Content/Slate/Fonts/Roboto-Regular.ttf' (155K)
[2018.11.26-22.45.45:279][  0]LogSlate: Took 0.000168 seconds to synchronously load lazily loaded font '../../../Engine/Content/Slate/Fonts/Roboto-Bold.ttf' (160K)
[2018.11.26-22.45.45:287][  0]LogSlate: Took 0.000298 seconds to synchronously load lazily loaded font '../../../Engine/Content/Editor/Slate/Fonts/FontAwesome.ttf' (139K)
[2018.11.26-22.45.45:361][  0]LogRenderer: Reallocating scene render targets to support 1208x576 Format 10 NumSamples 1 (Frame:1).
[2018.11.26-22.45.45:492][  0]LogContentBrowser: Native class hierarchy updated for 'HierarchicalLODOutliner' in 0.0003 seconds. Added 0 classes and 0 folders.
[2018.11.26-22.45.45:492][  0]LogLoad: (Engine Initialization) Total time: 67.80 seconds
[2018.11.26-22.45.45:492][  0]LogLoad: (Engine Initialization) Total Blueprint compile time: 0.00 seconds
[2018.11.26-22.45.45:502][  0]LogWindowsTextInputMethodSystem: Display: IME system now deactivated.
[2018.11.26-22.45.45:528][  0]LogContentStreaming: Texture pool size now 1000 MB
[2018.11.26-22.45.45:533][  0]LogSlate: FSceneViewport::OnFocusLost() reason 2
[2018.11.26-22.45.45:577][  1]LogAssetRegistry: Asset discovery search completed in 4.3357 seconds
[2018.11.26-22.45.45:579][  1]LogCollectionManager: Rebuilt the object cache for 0 collections in 0.000001 seconds (found 0 objects)
[2018.11.26-22.45.45:579][  1]LogCollectionManager: Fixed up redirectors for 0 collections in 0.000049 seconds (updated 0 objects)
[2018.11.26-22.45.51:081][440]LogSlate: Window 'Message Log' being destroyed
[2018.11.26-22.45.51:085][440]LogSlate: Window 'Message Log' being destroyed
[2018.11.26-22.45.53:743][685]LogSlate: FSceneViewport::OnFocusLost() reason 0
[2018.11.26-22.46.01:413][273]LogEditorViewport: Clicking on Actor (LMB): BP_Sky_Sphere_C (BP_Sky_Sphere)
[2018.11.26-22.46.02:358][341]LogSlate: FSceneViewport::OnFocusLost() reason 2
[2018.11.26-22.46.07:243][906]LogSlate: Took 0.000190 seconds to synchronously load lazily loaded font '../../../Engine/Content/Slate/Fonts/Roboto-Light.ttf' (167K)
[2018.11.26-22.46.07:247][906]LogSlate: FSceneViewport::OnFocusLost() reason 2
[2018.11.26-22.46.07:255][906]Running C:/Program Files/Epic Games/UE_4.20/Engine/Binaries/DotNET/UnrealBuildTool.exe  -projectfiles -project="C:/workspace/AlchemyUnreal/PlayerMovement/PlayerMovement.uproject" -game -rocket -progress
[2018.11.26-22.46.07:564][906]Discovering modules, targets and source code for project...
[2018.11.26-22.46.09:684][906]C:\Program Files\Epic Games\UE_4.20\Engine\Source\ThirdParty\Expat\Expat.Build.cs: warning: Referenced directory 'C:\Program Files\Epic Games\UE_4.20\Engine\Source\ThirdParty\Expat\expat-2.2.0\Win64\VS2015\Release' does not exist.
[2018.11.26-22.46.20:791][597]LogAIModule: Creating AISystem for world InventoryTest
[2018.11.26-22.46.20:793][597]LogAssetEditorManager: Opening Asset editor for World /Game/Levels/InventoryTest.InventoryTest
[2018.11.26-22.46.20:811][597]Cmd: MAP LOAD FILE="../../../../../../workspace/AlchemyUnreal/PlayerMovement/Content/Levels/InventoryTest.umap" TEMPLATE=0 SHOWPROGRESS=1 FEATURELEVEL=3
[2018.11.26-22.46.20:811][597]LightingResults: New page: Lighting Build
[2018.11.26-22.46.20:812][597]LoadErrors: New page: Loading map: InventoryTest.umap
[2018.11.26-22.46.20:812][597]MapCheck: New page: Map Check
[2018.11.26-22.46.20:812][597]LightingResults: New page: Lighting Build
[2018.11.26-22.46.20:831][597]LogEditorServer: Finished looking for orphan Actors (0.000 secs)
[2018.11.26-22.46.20:868][597]Cmd: MAP CHECKDEP NOCLEARLOG
[2018.11.26-22.46.20:947][597]MapCheck: Map check complete: 0 Error(s), 0 Warning(s), took 79.019ms to complete.
[2018.11.26-22.46.20:947][597]LogFileHelpers: Loading map 'InventoryTest' took 0.137
[2018.11.26-22.46.23:645][882]LogSlate: FSceneViewport::OnFocusLost() reason 0
[2018.11.26-22.46.27:107][205]LogAssetEditorManager: Opening Asset editor for Class /Script/PlayerMovement.Inventory
[2018.11.26-22.49.11:094][ 95]LogSlate: FSceneViewport::OnFocusLost() reason 0
[2018.11.26-22.49.12:213][217]LogSlate: Took 0.006605 seconds to synchronously load lazily loaded font '../../../Engine/Content/Slate/Fonts/Roboto-BoldCondensed.ttf' (158K)
[2018.11.26-22.49.51:838][141]Running C:/Program Files/Epic Games/UE_4.20/Engine/Binaries/DotNET/UnrealBuildTool.exe Win64 Development -TargetType=Editor -Project="C:/workspace/AlchemyUnreal/PlayerMovement/PlayerMovement.uproject" -invalidatemakefilesonly
[2018.11.26-22.49.52:753][141]Invalidating makefiles only in this run.
[2018.11.26-22.49.52:876][141]Candidate modules for hot reload:
[2018.11.26-22.49.52:876][141]  PlayerMovement
[2018.11.26-22.49.52:876][141]Launching UnrealBuildTool... [C:/Program Files/Epic Games/UE_4.20/Engine/Binaries/DotNET/UnrealBuildTool.exe  -ModuleWithSuffix=PlayerMovement,9298 Win64 Development -TargetType=Editor -Project="../../../../../../workspace/AlchemyUnreal/PlayerMovement/PlayerMovement.uproject" -canskiplink "C:/workspace/AlchemyUnreal/PlayerMovement/PlayerMovement.uproject" ]
[2018.11.26-22.50.35:342][141]CompilerResultsLog: New page: Compilation - Nov 26, 2018, 10:50:35 AM
[2018.11.26-22.50.35:343][141]CompilerResultsLog: Performing full C++ include scan (hot reloading a new target)
[2018.11.26-22.50.35:343][141]CompilerResultsLog: Using 'git status' to determine working set for adaptive non-unity build.
[2018.11.26-22.50.35:343][141]CompilerResultsLog: Creating makefile for hot reloading PlayerMovementEditor (no existing makefile)
[2018.11.26-22.50.35:343][141]CompilerResultsLog: Compiling game modules for hot reload
[2018.11.26-22.50.35:343][141]CompilerResultsLog: Using Visual Studio 2017 14.14.26428 toolchain (C:\Program Files (x86)\Microsoft Visual Studio\2017\Enterprise\VC\Tools\MSVC\14.14.26428) and Windows 10.0.16299.0 SDK (C:\Program Files (x86)\Windows Kits\10).
[2018.11.26-22.50.35:343][141]CompilerResultsLog: Parsing headers for PlayerMovementEditor
[2018.11.26-22.50.35:344][141]CompilerResultsLog:   Running UnrealHeaderTool "C:\workspace\AlchemyUnreal\PlayerMovement\PlayerMovement.uproject" "C:\workspace\AlchemyUnreal\PlayerMovement\Intermediate\Build\Win64\PlayerMovementEditor\Development\PlayerMovementEditor.uhtmanifest" -LogCmds="loginit warning, logexit warning, logdatabase error" -Unattended -WarningsAsErrors -installed
[2018.11.26-22.50.35:344][141]CompilerResultsLog: Reflection code generated for PlayerMovementEditor in 10.3981143 seconds
[2018.11.26-22.50.35:344][141]CompilerResultsLog: Building 10 actions with 8 processes...
[2018.11.26-22.50.35:344][141]CompilerResultsLog:   [1/10] PlayerMovement.init.gen.cpp
[2018.11.26-22.50.35:344][141]CompilerResultsLog:   [2/10] BPTris.cpp
[2018.11.26-22.50.35:344][141]CompilerResultsLog:   [3/10] Interaction_Interface.cpp
[2018.11.26-22.50.35:344][141]CompilerResultsLog:   [4/10] BPTris.gen.cpp
[2018.11.26-22.50.35:344][141]CompilerResultsLog:   [5/10] PawnPlayerMove.gen.cpp
[2018.11.26-22.50.35:344][141]CompilerResultsLog:   [6/10] Interaction_Interface.gen.cpp
[2018.11.26-22.50.35:344][141]CompilerResultsLog:   [7/10] Inventory.cpp
[2018.11.26-22.50.35:344][141]CompilerResultsLog:   [8/10] PawnPlayerMove.cpp
[2018.11.26-22.50.35:344][141]CompilerResultsLog:    C:\workspace\AlchemyUnreal\PlayerMovement\Source\PlayerMovement\PawnPlayerMove.cpp(197) : error C2065: 'InteractionDistance': undeclared identifier
[2018.11.26-22.50.35:344][141]CompilerResultsLog:    C:\workspace\AlchemyUnreal\PlayerMovement\Source\PlayerMovement\PawnPlayerMove.cpp(212) : error C2653: 'UInteraction_Interface': is not a class or namespace name
[2018.11.26-22.50.35:344][141]CompilerResultsLog:    C:\workspace\AlchemyUnreal\PlayerMovement\Source\PlayerMovement\PawnPlayerMove.cpp(215) : error C2065: 'IInteraction_Interface': undeclared identifier
[2018.11.26-22.50.35:344][141]CompilerResultsLog:    C:\workspace\AlchemyUnreal\PlayerMovement\Source\PlayerMovement\PawnPlayerMove.cpp(215) : error C2065: 'Interface': undeclared identifier
[2018.11.26-22.50.35:344][141]CompilerResultsLog:    C:\workspace\AlchemyUnreal\PlayerMovement\Source\PlayerMovement\PawnPlayerMove.cpp(215) : error C2672: 'Cast': no matching overloaded function found
[2018.11.26-22.50.35:344][141]CompilerResultsLog:    C:\workspace\AlchemyUnreal\PlayerMovement\Source\PlayerMovement\PawnPlayerMove.cpp(215) : error C2974: 'Cast': invalid template argument for 'T', type expected
[2018.11.26-22.50.35:345][141]CompilerResultsLog:   C:\Program Files\Epic Games\UE_4.20\Engine\Source\Runtime\CoreUObject\Public\UObject/Linker.h(513): note: see declaration of 'Cast'
[2018.11.26-22.50.35:345][141]CompilerResultsLog:    C:\workspace\AlchemyUnreal\PlayerMovement\Source\PlayerMovement\PawnPlayerMove.cpp(215) : error C2974: 'Cast': invalid template argument for 'To', type expected
[2018.11.26-22.50.35:345][141]CompilerResultsLog:   C:\Program Files\Epic Games\UE_4.20\Engine\Source\Runtime\CoreUObject\Public\Templates/Casts.h(107): note: see declaration of 'Cast'
[2018.11.26-22.50.35:345][141]CompilerResultsLog:    C:\workspace\AlchemyUnreal\PlayerMovement\Source\PlayerMovement\PawnPlayerMove.cpp(218) : error C2065: 'Interface': undeclared identifier
[2018.11.26-22.50.35:345][141]CompilerResultsLog:    C:\workspace\AlchemyUnreal\PlayerMovement\Source\PlayerMovement\PawnPlayerMove.cpp(218) : error C2227: left of '->Execute_OnInteract' must point to class/struct/union/generic type
[2018.11.26-22.50.35:345][141]CompilerResultsLog:   C:\workspace\AlchemyUnreal\PlayerMovement\Source\PlayerMovement\PawnPlayerMove.cpp(218): note: type is 'unknown-type'
[2018.11.26-22.50.35:345][141]CompilerResultsLog:    C:\workspace\AlchemyUnreal\PlayerMovement\Source\PlayerMovement\PawnPlayerMove.cpp(223) : error C2653: 'IInteraction_Interface': is not a class or namespace name
[2018.11.26-22.50.35:345][141]CompilerResultsLog:    C:\workspace\AlchemyUnreal\PlayerMovement\Source\PlayerMovement\PawnPlayerMove.cpp(223) : error C3861: 'Execute_OnInteract': identifier not found
[2018.11.26-22.50.35:345][141]CompilerResultsLog: ERROR: UBT ERROR: Failed to produce item: C:\workspace\AlchemyUnreal\PlayerMovement\Binaries\Win64\UE4Editor-PlayerMovement-9298.dll
[2018.11.26-22.50.35:345][141]CompilerResultsLog:        (see ../Programs/UnrealBuildTool/Log.txt for full exception trace)
[2018.11.26-22.50.35:345][141]CompilerResultsLog: Total build time: 42.20 seconds (Parallel executor: 0.00 seconds)
[2018.11.26-22.50.35:345][141]LogMainFrame: MainFrame: Module compiling took 42.476 seconds
[2018.11.26-22.50.35:345][141]Warning: HotReload failed, recompile failed
[2018.11.26-22.50.35:350][141]Warning: RebindPackages failed because compilation failed.
[2018.11.26-22.51.57:594][141]LogSlate: Window 'Message' being destroyed
[2018.11.26-22.51.57:602][141]LogSlate: Window 'Add C++ Class' being destroyed
[2018.11.26-22.52.08:284][259]Running C:/Program Files/Epic Games/UE_4.20/Engine/Binaries/DotNET/UnrealBuildTool.exe  -projectfiles -project="C:/workspace/AlchemyUnreal/PlayerMovement/PlayerMovement.uproject" -game -rocket -progress
[2018.11.26-22.52.08:592][259]Discovering modules, targets and source code for project...
[2018.11.26-22.52.11:011][259]C:\Program Files\Epic Games\UE_4.20\Engine\Source\ThirdParty\Expat\Expat.Build.cs: warning: Referenced directory 'C:\Program Files\Epic Games\UE_4.20\Engine\Source\ThirdParty\Expat\expat-2.2.0\Win64\VS2015\Release' does not exist.
[2018.11.26-22.52.40:878][285]LogSlate: Window 'PlayerMovement - Unreal Editor' being destroyed
[2018.11.26-22.52.40:879][285]LogWindowsTextInputMethodSystem: Display: IME system now deactivated.
[2018.11.26-22.52.41:120][286]Cmd: QUIT_EDITOR
[2018.11.26-22.52.41:161][286]LogExit: Preparing to exit.
[2018.11.26-22.52.41:453][286]LogExit: Editor shut down
[2018.11.26-22.52.41:454][286]LogExit: Transaction tracking system shut down
[2018.11.26-22.52.42:207][286]LogExit: Object subsystem successfully closed.
[2018.11.26-22.52.42:233][286]LogShaderCompilers: Display: Shaders left to compile 0
[2018.11.26-22.52.42:239][286]LogD3D11RHI: Shutdown
[2018.11.26-22.52.42:240][286]LogD3D11RHI: CleanupD3DDevice
[2018.11.26-22.52.42:252][286]LogD3D11RHI: ~FD3D11DynamicRHI
[2018.11.26-22.52.42:295][286]LogModuleManager: Shutting down and abandoning module HierarchicalLODOutliner (612)
[2018.11.26-22.52.42:296][286]LogModuleManager: Shutting down and abandoning module SceneOutliner (610)
[2018.11.26-22.52.42:296][286]LogModuleManager: Shutting down and abandoning module AddContentDialog (608)
[2018.11.26-22.52.42:296][286]LogModuleManager: Shutting down and abandoning module WidgetCarousel (607)
[2018.11.26-22.52.42:296][286]LogModuleManager: Shutting down and abandoning module EditorWidgets (604)
[2018.11.26-22.52.42:296][286]LogModuleManager: Shutting down and abandoning module CollectionManager (602)
[2018.11.26-22.52.42:297][286]LogModuleManager: Shutting down and abandoning module StatsViewer (600)
[2018.11.26-22.52.42:297][286]LogModuleManager: Shutting down and abandoning module FoliageEdit (598)
[2018.11.26-22.52.42:297][286]LogModuleManager: Shutting down and abandoning module LandscapeEditor (596)
[2018.11.26-22.52.42:298][286]LogModuleManager: Shutting down and abandoning module MeshPaintMode (594)
[2018.11.26-22.52.42:298][286]LogModuleManager: Shutting down and abandoning module SceneDepthPickerMode (592)
[2018.11.26-22.52.42:298][286]LogModuleManager: Shutting down and abandoning module ActorPickerMode (590)
[2018.11.26-22.52.42:298][286]LogModuleManager: Shutting down and abandoning module GeometryMode (588)
[2018.11.26-22.52.42:298][286]LogModuleManager: Shutting down and abandoning module TextureAlignMode (586)
[2018.11.26-22.52.42:298][286]LogModuleManager: Shutting down and abandoning module BspMode (584)
[2018.11.26-22.52.42:298][286]LogModuleManager: Shutting down and abandoning module PIEPreviewDeviceProfileSelector (582)
[2018.11.26-22.52.42:298][286]LogModuleManager: Shutting down and abandoning module SequenceRecorderSections (580)
[2018.11.26-22.52.42:298][286]LogModuleManager: Shutting down and abandoning module AutomationWorker (578)
[2018.11.26-22.52.42:298][286]LogModuleManager: Shutting down and abandoning module AudioCaptureEditor (576)
[2018.11.26-22.52.42:298][286]LogModuleManager: Shutting down and abandoning module SequenceRecorder (575)
[2018.11.26-22.52.42:298][286]LogModuleManager: Shutting down and abandoning module MatineeToLevelSequence (572)
[2018.11.26-22.52.42:298][286]LogModuleManager: Shutting down and abandoning module LevelSequenceEditor (570)
[2018.11.26-22.52.42:298][286]LogModuleManager: Shutting down and abandoning module PlacementMode (569)
[2018.11.26-22.52.42:298][286]LogModuleManager: Shutting down and abandoning module MaterialEditor (568)
[2018.11.26-22.52.42:299][286]LogModuleManager: Shutting down and abandoning module WmfMediaFactory (564)
[2018.11.26-22.52.42:299][286]LogModuleManager: Shutting down and abandoning module WmfMediaEditor (562)
[2018.11.26-22.52.42:299][286]LogModuleManager: Shutting down and abandoning module MediaPlayerEditor (560)
[2018.11.26-22.52.42:300][286]LogModuleManager: Shutting down and abandoning module OpenExrWrapper (558)
[2018.11.26-22.52.42:300][286]LogModuleManager: Shutting down and abandoning module ImgMediaFactory (556)
[2018.11.26-22.52.42:300][286]LogModuleManager: Shutting down and abandoning module ImgMediaEditor (554)
[2018.11.26-22.52.42:300][286]LogModuleManager: Shutting down and abandoning module AvfMediaFactory (552)
[2018.11.26-22.52.42:300][286]LogModuleManager: Shutting down and abandoning module AvfMediaEditor (550)
[2018.11.26-22.52.42:300][286]LogModuleManager: Shutting down and abandoning module AndroidMediaFactory (548)
[2018.11.26-22.52.42:300][286]LogModuleManager: Shutting down and abandoning module AndroidMediaEditor (546)
[2018.11.26-22.52.42:300][286]LogModuleManager: Shutting down and abandoning module MagicLeapCameraPreviewFactory (544)
[2018.11.26-22.52.42:300][286]LogModuleManager: Shutting down and abandoning module MagicLeapMediaFactory (542)
[2018.11.26-22.52.42:300][286]LogModuleManager: Shutting down and abandoning module MagicLeapMediaEditor (540)
[2018.11.26-22.52.42:300][286]LogModuleManager: Shutting down and abandoning module CharacterAI (538)
[2018.11.26-22.52.42:300][286]LogModuleManager: Shutting down and abandoning module SmartSnapping (536)
[2018.11.26-22.52.42:300][286]LogModuleManager: Shutting down and abandoning module SessionServices (534)
[2018.11.26-22.52.42:300][286]LogModuleManager: Shutting down and abandoning module ViewportSnapping (532)
[2018.11.26-22.52.42:300][286]LogModuleManager: Shutting down and abandoning module ViewportInteraction (530)
[2018.11.26-22.52.42:300][286]LogModuleManager: Shutting down and abandoning module ClothPainter (528)
[2018.11.26-22.52.42:300][286]LogModuleManager: Shutting down and abandoning module SkeletalMeshEditor (527)
[2018.11.26-22.52.42:300][286]LogModuleManager: Shutting down and abandoning module LogVisualizer (524)
[2018.11.26-22.52.42:300][286]LogModuleManager: Shutting down and abandoning module IntroTutorials (522)
[2018.11.26-22.52.42:300][286]LogModuleManager: Shutting down and abandoning module GameProjectGeneration (521)
[2018.11.26-22.52.42:301][286]LogModuleManager: Shutting down and abandoning module LuminPlatformEditor (518)
[2018.11.26-22.52.42:301][286]LogModuleManager: Shutting down and abandoning module IOSPlatformEditor (516)
[2018.11.26-22.52.42:301][286]LogModuleManager: Shutting down and abandoning module HTML5PlatformEditor (514)
[2018.11.26-22.52.42:301][286]LogModuleManager: Shutting down and abandoning module AndroidPlatformEditor (512)
[2018.11.26-22.52.42:301][286]LogModuleManager: Shutting down and abandoning module AndroidDeviceDetection (511)
[2018.11.26-22.52.42:491][286]LogModuleManager: Shutting down and abandoning module WindowsPlatformEditor (508)
[2018.11.26-22.52.42:491][286]LogModuleManager: Shutting down and abandoning module LuminRuntimeSettings (506)
[2018.11.26-22.52.42:491][286]LogModuleManager: Shutting down and abandoning module IOSRuntimeSettings (504)
[2018.11.26-22.52.42:491][286]LogModuleManager: Shutting down and abandoning module AndroidRuntimeSettings (502)
[2018.11.26-22.52.42:491][286]LogModuleManager: Shutting down and abandoning module InputBindingEditor (500)
[2018.11.26-22.52.42:491][286]LogModuleManager: Shutting down and abandoning module MergeActors (498)
[2018.11.26-22.52.42:491][286]LogModuleManager: Shutting down and abandoning module LocalizationDashboard (496)
[2018.11.26-22.52.42:491][286]LogModuleManager: Shutting down and abandoning module LocalizationService (495)
[2018.11.26-22.52.42:491][286]LogModuleManager: Shutting down and abandoning module HardwareTargeting (492)
[2018.11.26-22.52.42:491][286]LogModuleManager: Shutting down and abandoning module DeviceProfileEditor (490)
[2018.11.26-22.52.42:491][286]LogModuleManager: Shutting down and abandoning module UndoHistory (488)
[2018.11.26-22.52.42:491][286]LogModuleManager: Shutting down and abandoning module XmlParser (486)
[2018.11.26-22.52.42:491][286]LogModuleManager: Shutting down and abandoning module Blutility (484)
[2018.11.26-22.52.42:491][286]LogModuleManager: Shutting down and abandoning module ProjectSettingsViewer (482)
[2018.11.26-22.52.42:492][286]LogModuleManager: Shutting down and abandoning module ProjectTargetPlatformEditor (481)
[2018.11.26-22.52.42:492][286]LogModuleManager: Shutting down and abandoning module EditorSettingsViewer (478)
[2018.11.26-22.52.42:492][286]LogModuleManager: Shutting down and abandoning module SettingsEditor (476)
[2018.11.26-22.52.42:492][286]LogModuleManager: Shutting down and abandoning module ProjectLauncher (474)
[2018.11.26-22.52.42:493][286]LogModuleManager: Shutting down and abandoning module SessionFrontend (472)
[2018.11.26-22.52.42:493][286]LogModuleManager: Shutting down and abandoning module ProfilerClient (470)
[2018.11.26-22.52.42:493][286]LogModuleManager: Shutting down and abandoning module DeviceManager (468)
[2018.11.26-22.52.42:493][286]LogModuleManager: Shutting down and abandoning module TargetDeviceServices (467)
[2018.11.26-22.52.42:559][286]LogModuleManager: Shutting down and abandoning module AutomationController (464)
[2018.11.26-22.52.42:559][286]LogModuleManager: Shutting down and abandoning module AutomationWindow (462)
[2018.11.26-22.52.42:559][286]LogModuleManager: Shutting down and abandoning module Layers (460)
[2018.11.26-22.52.42:559][286]LogModuleManager: Shutting down and abandoning module ComponentVisualizers (458)
[2018.11.26-22.52.42:559][286]LogModuleManager: Shutting down and abandoning module DetailCustomizations (456)
[2018.11.26-22.52.42:559][286]LogModuleManager: Shutting down and abandoning module PackagesDialog (454)
[2018.11.26-22.52.42:559][286]LogModuleManager: Shutting down and abandoning module Persona (452)
[2018.11.26-22.52.42:560][286]LogModuleManager: Shutting down and abandoning module AdvancedPreviewScene (451)
[2018.11.26-22.52.42:560][286]LogModuleManager: Shutting down and abandoning module AnimGraph (449)
[2018.11.26-22.52.42:561][286]LogModuleManager: Shutting down and abandoning module Kismet (446)
[2018.11.26-22.52.42:562][286]LogModuleManager: Shutting down and abandoning module GraphEditor (444)
[2018.11.26-22.52.42:564][286]LogModuleManager: Shutting down and abandoning module ClassViewer (442)
[2018.11.26-22.52.42:565][286]LogModuleManager: Shutting down and abandoning module Toolbox (440)
[2018.11.26-22.52.42:565][286]LogModuleManager: Shutting down and abandoning module ModuleUI (438)
[2018.11.26-22.52.42:565][286]LogModuleManager: Shutting down and abandoning module MovieSceneTools (436)
[2018.11.26-22.52.42:566][286]LogModuleManager: Shutting down and abandoning module OutputLog (434)
[2018.11.26-22.52.42:566][286]LogModuleManager: Shutting down and abandoning module GammaUI (432)
[2018.11.26-22.52.42:566][286]LogModuleManager: Shutting down and abandoning module Documentation (430)
[2018.11.26-22.52.42:566][286]LogModuleManager: Shutting down and abandoning module MovieSceneTracks (428)
[2018.11.26-22.52.42:566][286]LogModuleManager: Shutting down and abandoning module MovieScene (426)
[2018.11.26-22.52.42:566][286]LogModuleManager: Shutting down and abandoning module StreamingPauseRendering (424)
[2018.11.26-22.52.42:566][286]LogModuleManager: Shutting down and abandoning module LauncherPlatform (422)
[2018.11.26-22.52.42:566][286]LogModuleManager: Shutting down and abandoning module AnalyticsET (420)
[2018.11.26-22.52.42:566][286]LogModuleManager: Shutting down and abandoning module PortalServices (418)
[2018.11.26-22.52.42:566][286]LogModuleManager: Shutting down and abandoning module PortalRpc (416)
[2018.11.26-22.52.42:566][286]LogModuleManager: Shutting down and abandoning module MessagingRpc (414)
[2018.11.26-22.52.42:566][286]LogModuleManager: Shutting down and abandoning module AIModule (412)
[2018.11.26-22.52.42:567][286]LogModuleManager: Shutting down and abandoning module GameplayDebugger (411)
[2018.11.26-22.52.42:567][286]LogModuleManager: Shutting down and abandoning module AITestSuite (409)
[2018.11.26-22.52.42:567][286]LogModuleManager: Shutting down and abandoning module NavigationSystem (407)
[2018.11.26-22.52.42:567][286]LogModuleManager: Shutting down and abandoning module ProfilerService (404)
[2018.11.26-22.52.42:599][286]LogModuleManager: Shutting down and abandoning module TaskGraph (402)
[2018.11.26-22.52.42:599][286]LogModuleManager: Shutting down and abandoning module SteamVRController (400)
[2018.11.26-22.52.42:599][286]LogModuleManager: Shutting down and abandoning module ProceduralMeshComponentEditor (398)
[2018.11.26-22.52.42:599][286]LogModuleManager: Shutting down and abandoning module ProceduralMeshComponent (396)
[2018.11.26-22.52.42:600][286]LogModuleManager: Shutting down and abandoning module OculusInput (394)
[2018.11.26-22.52.42:600][286]LogModuleManager: Shutting down and abandoning module MobilePatchingUtils (392)
[2018.11.26-22.52.42:600][286]LogModuleManager: Shutting down and abandoning module EditableMesh (390)
[2018.11.26-22.52.42:600][286]LogModuleManager: Shutting down and abandoning module CustomMeshComponent (388)
[2018.11.26-22.52.42:600][286]LogModuleManager: Shutting down and abandoning module CableComponent (386)
[2018.11.26-22.52.42:600][286]LogModuleManager: Shutting down and abandoning module AudioCapture (384)
[2018.11.26-22.52.42:600][286]LogModuleManager: Shutting down and abandoning module ArchVisCharacter (382)
[2018.11.26-22.52.42:600][286]LogModuleManager: Shutting down and abandoning module AndroidPermission (380)
[2018.11.26-22.52.42:600][286]LogModuleManager: Shutting down and abandoning module NUTUnrealEngine4 (378)
[2018.11.26-22.52.42:600][286]LogModuleManager: Shutting down and abandoning module NetcodeUnitTest (376)
[2018.11.26-22.52.42:600][286]LogModuleManager: Shutting down and abandoning module MediaCompositingEditor (374)
[2018.11.26-22.52.42:600][286]LogModuleManager: Shutting down and abandoning module MediaCompositing (372)
[2018.11.26-22.52.42:600][286]LogModuleManager: Shutting down and abandoning module LinearTimecode (370)
[2018.11.26-22.52.42:600][286]LogModuleManager: Shutting down and abandoning module ImgMedia (368)
[2018.11.26-22.52.42:602][286]LogModuleManager: Shutting down and abandoning module HTML5Networking (366)
[2018.11.26-22.52.42:602][286]LogModuleManager: Shutting down and abandoning module GeometryCacheTracks (364)
[2018.11.26-22.52.42:602][286]LogModuleManager: Shutting down and abandoning module GeometryCacheSequencer (362)
[2018.11.26-22.52.42:602][286]LogModuleManager: Shutting down and abandoning module BackChannel (360)
[2018.11.26-22.52.42:602][286]LogModuleManager: Shutting down and abandoning module AppleVision (358)
[2018.11.26-22.52.42:602][286]LogModuleManager: Shutting down and abandoning module AppleImageUtils (356)
[2018.11.26-22.52.42:602][286]LogModuleManager: Shutting down and abandoning module AlembicImporter (354)
[2018.11.26-22.52.42:602][286]LogModuleManager: Shutting down and abandoning module AlembicLibrary (353)
[2018.11.26-22.52.42:602][286]LogModuleManager: Shutting down and abandoning module GeometryCache (352)
[2018.11.26-22.52.42:602][286]LogModuleManager: Shutting down and abandoning module GeometryCacheEd (351)
[2018.11.26-22.52.42:602][286]LogModuleManager: Shutting down and abandoning module DatasmithContentEditor (346)
[2018.11.26-22.52.42:602][286]LogModuleManager: Shutting down and abandoning module DatasmithContent (344)
[2018.11.26-22.52.42:602][286]LogModuleManager: Shutting down and abandoning module SpeedTreeImporter (342)
[2018.11.26-22.52.42:602][286]LogModuleManager: Shutting down and abandoning module PluginBrowser (340)
[2018.11.26-22.52.42:604][286]LogModuleManager: Shutting down and abandoning module MobileLauncherProfileWizard (338)
[2018.11.26-22.52.42:604][286]LogModuleManager: Shutting down and abandoning module PolygonModeling (336)
[2018.11.26-22.52.42:605][286]LogModuleManager: Shutting down and abandoning module MeshEditor (334)
[2018.11.26-22.52.42:605][286]LogModuleManager: Shutting down and abandoning module CryptoKeysOpenSSL (332)
[2018.11.26-22.52.42:605][286]LogModuleManager: Shutting down and abandoning module CryptoKeys (330)
[2018.11.26-22.52.42:605][286]LogModuleManager: Shutting down and abandoning module VisualStudioSourceCodeAccess (328)
[2018.11.26-22.52.42:605][286]LogModuleManager: Shutting down and abandoning module VisualStudioCodeSourceCodeAccess (326)
[2018.11.26-22.52.42:605][286]LogModuleManager: Shutting down and abandoning module UObjectPlugin (324)
[2018.11.26-22.52.42:605][286]LogModuleManager: Shutting down and abandoning module SubversionSourceControl (322)
[2018.11.26-22.52.42:605][286]LogModuleManager: Shutting down and abandoning module PerforceSourceControl (320)
[2018.11.26-22.52.42:605][286]LogModuleManager: Shutting down and abandoning module GitSourceControl (318)
[2018.11.26-22.52.42:605][286]LogModuleManager: Shutting down and abandoning module SourceControl (317)
[2018.11.26-22.52.42:605][286]LogModuleManager: Shutting down and abandoning module CLionSourceCodeAccess (314)
[2018.11.26-22.52.42:605][286]LogModuleManager: Shutting down and abandoning module LightPropagationVolumeEditor (312)
[2018.11.26-22.52.42:605][286]LogModuleManager: Shutting down and abandoning module PaperTiledImporter (310)
[2018.11.26-22.52.42:605][286]LogModuleManager: Shutting down and abandoning module PaperSpriteSheetImporter (308)
[2018.11.26-22.52.42:605][286]LogModuleManager: Shutting down and abandoning module Paper2DEditor (306)
[2018.11.26-22.52.42:605][286]LogModuleManager: Shutting down and abandoning module MeshPaint (305)
[2018.11.26-22.52.42:605][286]LogModuleManager: Shutting down and abandoning module PlayerMovement (302)
[2018.11.26-22.52.42:605][286]LogModuleManager: Shutting down and abandoning module RuntimePhysXCooking (300)
[2018.11.26-22.52.42:605][286]LogModuleManager: Shutting down and abandoning module PhysXVehiclesEditor (298)
[2018.11.26-22.52.42:605][286]LogModuleManager: Shutting down and abandoning module PhysXVehicles (296)
[2018.11.26-22.52.42:605][286]LogModuleManager: Shutting down and abandoning module OculusEditor (294)
[2018.11.26-22.52.42:606][286]LogModuleManager: Shutting down and abandoning module LocationServicesBPLibrary (292)
[2018.11.26-22.52.42:606][286]LogModuleManager: Shutting down and abandoning module ImmediatePhysicsEditor (290)
[2018.11.26-22.52.42:606][286]LogModuleManager: Shutting down and abandoning module ImmediatePhysics (288)
[2018.11.26-22.52.42:606][286]LogModuleManager: Shutting down and abandoning module ActorSequence (286)
[2018.11.26-22.52.42:606][286]LogModuleManager: Shutting down and abandoning module UdpMessaging (284)
[2018.11.26-22.52.42:707][286]LogModuleManager: Shutting down and abandoning module TcpMessaging (282)
[2018.11.26-22.52.42:808][286]LogModuleManager: Shutting down and abandoning module MagicLeapAudio (280)
[2018.11.26-22.52.42:808][286]LogModuleManager: Shutting down and abandoning module GameplayTagsEditor (278)
[2018.11.26-22.52.42:808][286]LogModuleManager: Shutting down and abandoning module FacialAnimationEditor (276)
[2018.11.26-22.52.42:808][286]LogModuleManager: Shutting down and abandoning module FacialAnimation (274)
[2018.11.26-22.52.42:808][286]LogModuleManager: Shutting down and abandoning module DataValidation (272)
[2018.11.26-22.52.42:808][286]LogModuleManager: Shutting down and abandoning module AssetManagerEditor (270)
[2018.11.26-22.52.42:808][286]LogModuleManager: Shutting down and abandoning module LevelEditor (269)
[2018.11.26-22.52.42:809][286]LogModuleManager: Shutting down and abandoning module PixelInspectorModule (268)
[2018.11.26-22.52.42:809][286]LogModuleManager: Shutting down and abandoning module CommonMenuExtensions (266)
[2018.11.26-22.52.42:810][286]LogModuleManager: Shutting down and abandoning module MainFrame (264)
[2018.11.26-22.52.42:810][286]LogModuleManager: Shutting down and abandoning module HotReload (263)
[2018.11.26-22.52.42:810][286]LogModuleManager: Shutting down and abandoning module ContentBrowser (259)
[2018.11.26-22.52.42:811][286]LogModuleManager: Shutting down and abandoning module TreeMap (257)
[2018.11.26-22.52.42:811][286]LogModuleManager: Shutting down and abandoning module LightPropagationVolumeRuntime (254)
[2018.11.26-22.52.42:811][286]LogModuleManager: Shutting down and abandoning module AISupportModule (252)
[2018.11.26-22.52.42:811][286]LogModuleManager: Shutting down and abandoning module Paper2D (250)
[2018.11.26-22.52.42:811][286]LogModuleManager: Shutting down and abandoning module WindowsMoviePlayer (248)
[2018.11.26-22.52.42:811][286]LogModuleManager: Shutting down and abandoning module WmfMedia (246)
[2018.11.26-22.52.42:812][286]LogModuleManager: Shutting down and abandoning module Media (245)
[2018.11.26-22.52.42:818][286]LogModuleManager: Shutting down and abandoning module PacketHandler (242)
[2018.11.26-22.52.42:818][286]LogModuleManager: Shutting down and abandoning module ClothingSystemEditor (240)
[2018.11.26-22.52.42:818][286]LogModuleManager: Shutting down and abandoning module ClothingSystemRuntime (238)
[2018.11.26-22.52.42:818][286]LogModuleManager: Shutting down and abandoning module MediaAssets (236)
[2018.11.26-22.52.42:818][286]LogModuleManager: Shutting down and abandoning module Overlay (234)
[2018.11.26-22.52.42:818][286]LogModuleManager: Shutting down and abandoning module OverlayEditor (233)
[2018.11.26-22.52.42:818][286]LogModuleManager: Shutting down and abandoning module VREditor (230)
[2018.11.26-22.52.42:818][286]LogModuleManager: Shutting down and abandoning module StringTableEditor (228)
[2018.11.26-22.52.42:818][286]LogModuleManager: Shutting down and abandoning module GameplayTasksEditor (226)
[2018.11.26-22.52.42:818][286]LogModuleManager: Shutting down and abandoning module BehaviorTreeEditor (224)
[2018.11.26-22.52.42:818][286]LogModuleManager: Shutting down and abandoning module FunctionalTesting (222)
[2018.11.26-22.52.42:818][286]LogModuleManager: Shutting down and abandoning module CollisionAnalyzer (220)
[2018.11.26-22.52.42:818][286]LogModuleManager: Shutting down and abandoning module WorkspaceMenuStructure (219)
[2018.11.26-22.52.42:819][286]LogModuleManager: Shutting down and abandoning module UMG (216)
[2018.11.26-22.52.42:819][286]LogModuleManager: Shutting down and abandoning module UMGEditor (215)
[2018.11.26-22.52.42:820][286]LogModuleManager: Shutting down and abandoning module Sequencer (214)
[2018.11.26-22.52.42:822][286]LogModuleManager: Shutting down and abandoning module MessageLog (211)
[2018.11.26-22.52.42:822][286]LogModuleManager: Shutting down and abandoning module SlateReflector (206)
[2018.11.26-22.52.42:822][286]LogModuleManager: Shutting down and abandoning module Slate (204)
[2018.11.26-22.52.42:822][286]LogModuleManager: Shutting down and abandoning module EditorStyle (202)
[2018.11.26-22.52.42:823][286]LogModuleManager: Shutting down and abandoning module MRMesh (200)
[2018.11.26-22.52.42:824][286]LogModuleManager: Shutting down and abandoning module SourceCodeAccess (198)
[2018.11.26-22.52.42:824][286]LogModuleManager: Shutting down and abandoning module HeadMountedDisplay (196)
[2018.11.26-22.52.42:824][286]LogModuleManager: Shutting down and abandoning module XAudio2 (194)
[2018.11.26-22.52.42:824][286]LogModuleManager: Shutting down and abandoning module Networking (192)
[2018.11.26-22.52.42:824][286]LogModuleManager: Shutting down and abandoning module Core (190)
[2018.11.26-22.52.42:824][286]LogModuleManager: Shutting down and abandoning module LevelSequence (188)
[2018.11.26-22.52.42:824][286]LogModuleManager: Shutting down and abandoning module KismetCompiler (186)
[2018.11.26-22.52.42:824][286]LogModuleManager: Shutting down and abandoning module MeshUtilities (184)
[2018.11.26-22.52.42:825][286]LogModuleManager: Shutting down and abandoning module MeshMergeUtilities (183)
[2018.11.26-22.52.42:825][286]LogModuleManager: Shutting down and abandoning module MeshReductionInterface (182)
[2018.11.26-22.52.42:825][286]LogModuleManager: Shutting down and abandoning module SimplygonSwarm (181)
[2018.11.26-22.52.42:826][286]LogModuleManager: Shutting down and abandoning module ProxyLODMeshReduction (179)
[2018.11.26-22.52.42:826][286]LogModuleManager: Shutting down and abandoning module SimplygonMeshReduction (177)
[2018.11.26-22.52.42:826][286]LogModuleManager: Shutting down and abandoning module QuadricMeshReduction (175)
[2018.11.26-22.52.42:827][286]LogModuleManager: Shutting down and abandoning module MaterialBaking (171)
[2018.11.26-22.52.42:827][286]LogModuleManager: Shutting down and abandoning module DirectoryWatcher (167)
[2018.11.26-22.52.42:827][286]LogModuleManager: Shutting down and abandoning module DerivedDataCache (164)
[2018.11.26-22.52.42:921][286]LogDerivedDataCache: Shutdown
[2018.11.26-22.52.42:921][286]LogModuleManager: Shutting down and abandoning module XGEController (162)
[2018.11.26-22.52.42:921][286]LogXGEController: Cleaning working directory: C:/Users/tess.olson/AppData/Local/Temp/UnrealXGEWorkingDir/
[2018.11.26-22.52.42:921][286]LogModuleManager: Shutting down and abandoning module TargetPlatform (160)
[2018.11.26-22.52.42:922][286]LogModuleManager: Shutting down and abandoning module VulkanShaderFormat (159)
[2018.11.26-22.52.42:922][286]LogModuleManager: Shutting down and abandoning module ShaderFormatVectorVM (157)
[2018.11.26-22.52.42:922][286]LogModuleManager: Shutting down and abandoning module ShaderFormatOpenGL (155)
[2018.11.26-22.52.42:922][286]LogModuleManager: Shutting down and abandoning module ShaderFormatD3D (153)
[2018.11.26-22.52.42:923][286]LogModuleManager: Shutting down and abandoning module MetalShaderFormat (151)
[2018.11.26-22.52.42:923][286]LogModuleManager: Shutting down and abandoning module TextureFormatUncompressed (149)
[2018.11.26-22.52.42:923][286]LogModuleManager: Shutting down and abandoning module TextureFormatPVR (147)
[2018.11.26-22.52.42:923][286]LogModuleManager: Shutting down and abandoning module TextureFormatDXT (145)
[2018.11.26-22.52.42:923][286]LogModuleManager: Shutting down and abandoning module TextureFormatIntelISPCTexComp (143)
[2018.11.26-22.52.42:924][286]LogModuleManager: Shutting down and abandoning module TextureFormatASTC (141)
[2018.11.26-22.52.42:924][286]LogModuleManager: Shutting down and abandoning module ImageWrapper (140)
[2018.11.26-22.52.42:924][286]LogModuleManager: Shutting down and abandoning module TextureFormatAndroid (137)
[2018.11.26-22.52.42:924][286]LogModuleManager: Shutting down and abandoning module AudioFormatOpus (135)
[2018.11.26-22.52.42:924][286]LogModuleManager: Shutting down and abandoning module AudioFormatOgg (133)
[2018.11.26-22.52.42:924][286]LogModuleManager: Shutting down and abandoning module AudioFormatADPCM (131)
[2018.11.26-22.52.42:924][286]LogModuleManager: Shutting down and abandoning module LuminTargetPlatform (129)
[2018.11.26-22.52.42:924][286]LogModuleManager: Shutting down and abandoning module LinuxTargetPlatform (127)
[2018.11.26-22.52.42:924][286]LogModuleManager: Shutting down and abandoning module LinuxServerTargetPlatform (125)
[2018.11.26-22.52.42:924][286]LogModuleManager: Shutting down and abandoning module LinuxNoEditorTargetPlatform (123)
[2018.11.26-22.52.42:924][286]LogModuleManager: Shutting down and abandoning module LinuxClientTargetPlatform (121)
[2018.11.26-22.52.42:924][286]LogModuleManager: Shutting down and abandoning module TVOSTargetPlatform (119)
[2018.11.26-22.52.42:925][286]LogModuleManager: Shutting down and abandoning module Messaging (117)
[2018.11.26-22.52.42:925][286]LogModuleManager: Shutting down and abandoning module IOSTargetPlatform (115)
[2018.11.26-22.52.42:926][286]LogModuleManager: Shutting down and abandoning module HTML5TargetPlatform (113)
[2018.11.26-22.52.42:926][286]LogModuleManager: Shutting down and abandoning module AndroidTargetPlatform (111)
[2018.11.26-22.52.42:933][286]LogModuleManager: Shutting down and abandoning module WindowsTargetPlatform (109)
[2018.11.26-22.52.42:933][286]LogModuleManager: Shutting down and abandoning module WindowsServerTargetPlatform (107)
[2018.11.26-22.52.42:933][286]LogModuleManager: Shutting down and abandoning module WindowsNoEditorTargetPlatform (105)
[2018.11.26-22.52.42:933][286]LogModuleManager: Shutting down and abandoning module WindowsClientTargetPlatform (103)
[2018.11.26-22.52.42:933][286]LogModuleManager: Shutting down and abandoning module MacTargetPlatform (101)
[2018.11.26-22.52.42:933][286]LogModuleManager: Shutting down and abandoning module MacServerTargetPlatform (99)
[2018.11.26-22.52.42:933][286]LogModuleManager: Shutting down and abandoning module MacNoEditorTargetPlatform (97)
[2018.11.26-22.52.42:933][286]LogModuleManager: Shutting down and abandoning module MacClientTargetPlatform (95)
[2018.11.26-22.52.42:933][286]LogModuleManager: Shutting down and abandoning module AllDesktopTargetPlatform (93)
[2018.11.26-22.52.42:933][286]LogModuleManager: Shutting down and abandoning module InputCore (90)
[2018.11.26-22.52.42:933][286]LogModuleManager: Shutting down and abandoning module Settings (88)
[2018.11.26-22.52.42:933][286]LogModuleManager: Shutting down and abandoning module PhysXCooking (86)
[2018.11.26-22.52.42:933][286]LogModuleManager: Shutting down and abandoning module SteamVR (84)
[2018.11.26-22.52.42:933][286]LogModuleManager: Shutting down and abandoning module OculusHMD (82)
[2018.11.26-22.52.42:933][286]LogModuleManager: Shutting down and abandoning module ExampleDeviceProfileSelector (80)
[2018.11.26-22.52.42:933][286]LogModuleManager: Shutting down and abandoning module LauncherChunkInstaller (78)
[2018.11.26-22.52.42:933][286]LogModuleManager: Shutting down and abandoning module OnlineBlueprintSupport (76)
[2018.11.26-22.52.42:933][286]LogModuleManager: Shutting down and abandoning module OnlineSubsystem (72)
[2018.11.26-22.52.42:938][286]LogModuleManager: Shutting down and abandoning module XMPP (67)
[2018.11.26-22.52.42:940][286]LogModuleManager: Shutting down and abandoning module WebSockets (66)
[2018.11.26-22.52.42:945][286]LogModuleManager: Shutting down and abandoning module HTTP (63)
[2018.11.26-22.52.42:945][286]LogHttp: Display: Http module shutting down, but needs to wait on 1 outstanding Http requests:
[2018.11.26-22.52.42:945][286]LogHttp: Display: 	verb=[POST] url=[https://datarouter.ol.epicgames.com/datarouter/api/v1/public/data?SessionID=%7BBD92DF26-4AD4-F589-613E-4F892EDA8CCC%7D&AppID=UEEditor.Rocket.Release&AppVersion=4.20.3-4369336%2B%2B%2BUE4%2BRelease-4.20&UserID=f6fbd3a3403d7328111c67a34fc514f0%7Ccfbec505177c4eeeb608d0faf53c2ddd%7C91e0360a-4020-40bd-a113-de79e9b2cc00&AppEnvironment=datacollector-binary&UploadType=eteventstream] status=Processing
[2018.11.26-22.52.42:977][286]LogModuleManager: Shutting down and abandoning module SSL (62)
[2018.11.26-22.52.42:978][286]LogModuleManager: Shutting down and abandoning module MagicLeapEmulator (58)
[2018.11.26-22.52.42:979][286]LogModuleManager: Shutting down and abandoning module MagicLeapPrivileges (56)
[2018.11.26-22.52.42:979][286]LogModuleManager: Shutting down and abandoning module MagicLeapIdentity (54)
[2018.11.26-22.52.42:979][286]LogModuleManager: Shutting down and abandoning module MagicLeapHelperVulkan (52)
[2018.11.26-22.52.42:979][286]LogModuleManager: Shutting down and abandoning module MagicLeapHelperOpenGL (50)
[2018.11.26-22.52.42:979][286]LogModuleManager: Shutting down and abandoning module MagicLeapSecureStorage (48)
[2018.11.26-22.52.42:979][286]LogModuleManager: Shutting down and abandoning module MagicLeapGestures (46)
[2018.11.26-22.52.42:979][286]LogModuleManager: Shutting down and abandoning module MagicLeapEyeTracker (44)
[2018.11.26-22.52.42:979][286]LogModuleManager: Shutting down and abandoning module MagicLeapController (42)
[2018.11.26-22.52.42:979][286]LogSlate: Slate User Destroyed.  User Index 0, Is Virtual User: 0
[2018.11.26-22.52.42:979][286]LogModuleManager: Shutting down and abandoning module MagicLeap (40)
[2018.11.26-22.52.42:979][286]LogModuleManager: Shutting down and abandoning module DesktopPlatform (38)
[2018.11.26-22.52.42:979][286]LogModuleManager: Shutting down and abandoning module AnimationModifiers (36)
[2018.11.26-22.52.42:980][286]LogModuleManager: Shutting down and abandoning module PropertyEditor (35)
[2018.11.26-22.52.42:980][286]LogModuleManager: Shutting down and abandoning module AudioEditor (32)
[2018.11.26-22.52.42:981][286]LogModuleManager: Shutting down and abandoning module TextureCompressor (30)
[2018.11.26-22.52.42:982][286]LogModuleManager: Shutting down and abandoning module ShaderCore (28)
[2018.11.26-22.52.42:982][286]LogModuleManager: Shutting down and abandoning module Landscape (26)
[2018.11.26-22.52.42:982][286]LogModuleManager: Shutting down and abandoning module SlateRHIRenderer (24)
[2018.11.26-22.52.42:983][286]LogModuleManager: Shutting down and abandoning module OpenGLDrv (22)
[2018.11.26-22.52.42:984][286]LogModuleManager: Shutting down and abandoning module D3D11RHI (20)
[2018.11.26-22.52.42:984][286]LogModuleManager: Shutting down and abandoning module AnimGraphRuntime (18)
[2018.11.26-22.52.42:984][286]LogModuleManager: Shutting down and abandoning module Renderer (16)
[2018.11.26-22.52.42:984][286]LogModuleManager: Shutting down and abandoning module Engine (14)
[2018.11.26-22.52.42:984][286]LogModuleManager: Shutting down and abandoning module CoreUObject (12)
[2018.11.26-22.52.42:984][286]LogModuleManager: Shutting down and abandoning module NetworkFile (10)
[2018.11.26-22.52.42:984][286]LogModuleManager: Shutting down and abandoning module CookedIterativeFile (8)
[2018.11.26-22.52.42:984][286]LogModuleManager: Shutting down and abandoning module StreamingFile (6)
[2018.11.26-22.52.42:984][286]LogModuleManager: Shutting down and abandoning module SandboxFile (4)
[2018.11.26-22.52.42:984][286]LogModuleManager: Shutting down and abandoning module PakFile (2)
[2018.11.26-22.52.42:991][286]LogExit: Exiting.
[2018.11.26-22.52.43:009][286]Log file closed, 11/26/18 16:52:43
