Log file open, 12/04/18 07:18:42
LogWindows: Failed to load 'aqProf.dll' (GetLastError=126)
LogWindows: File 'aqProf.dll' does not exist
LogWindows: Failed to load 'VSPerf140.dll' (GetLastError=126)
LogWindows: File 'VSPerf140.dll' does not exist
LogWindows: Failed to load 'VtuneApi.dll' (GetLastError=126)
LogWindows: File 'VtuneApi.dll' does not exist
LogWindows: Failed to load 'VtuneApi32e.dll' (GetLastError=126)
LogWindows: File 'VtuneApi32e.dll' does not exist
LogInit: Display: Running engine for game: PlayerMovement
LogPlatformFile: Not using cached read wrapper
LogTaskGraph: Started task graph with 5 named threads and 23 total threads with 3 sets of task threads.
LogStats: Stats thread started at 0.285744
LogD3D11RHI: Loaded GFSDK_Aftermath_Lib.x64.dll
LogICUInternationalization: Display: ICU TimeZone Detection - Raw Offset: -6:00, Platform Override: ''
LogPluginManager: Mounting plugin Paper2D
LogPluginManager: Mounting plugin AISupport
LogPluginManager: Mounting plugin LightPropagationVolume
LogPluginManager: Mounting plugin CLionSourceCodeAccess
LogPluginManager: Mounting plugin CodeLiteSourceCodeAccess
LogPluginManager: Mounting plugin GitSourceControl
LogPluginManager: Mounting plugin KDevelopSourceCodeAccess
LogPluginManager: Mounting plugin NullSourceCodeAccess
LogPluginManager: Mounting plugin PerforceSourceControl
LogPluginManager: Mounting plugin SubversionSourceControl
LogPluginManager: Mounting plugin UObjectPlugin
LogPluginManager: Mounting plugin VisualStudioCodeSourceCodeAccess
LogPluginManager: Mounting plugin VisualStudioSourceCodeAccess
LogPluginManager: Mounting plugin XCodeSourceCodeAccess
LogPluginManager: Mounting plugin AssetManagerEditor
LogPluginManager: Mounting plugin CryptoKeys
LogPluginManager: Mounting plugin DataValidation
LogPluginManager: Mounting plugin FacialAnimation
LogPluginManager: Mounting plugin GameplayTagsEditor
LogPluginManager: Mounting plugin MacGraphicsSwitching
LogPluginManager: Mounting plugin MeshEditor
LogPluginManager: Mounting plugin MobileLauncherProfileWizard
LogPluginManager: Mounting plugin PluginBrowser
LogPluginManager: Mounting plugin SpeedTreeImporter
LogPluginManager: Mounting plugin DatasmithContent
LogPluginManager: Mounting plugin AlembicImporter
LogPluginManager: Mounting plugin AppleImageUtils
LogPluginManager: Mounting plugin AppleVision
LogPluginManager: Mounting plugin BackChannel
LogPluginManager: Mounting plugin CharacterAI
LogPluginManager: Mounting plugin GeometryCache
LogPluginManager: Mounting plugin HTML5Networking
LogPluginManager: Mounting plugin ProxyLODPlugin
LogPluginManager: Mounting plugin MagicLeap
LogPluginManager: Mounting plugin MagicLeapEmulator
LogPluginManager: Mounting plugin MagicLeapMedia
LogPluginManager: Mounting plugin AndroidMedia
LogPluginManager: Mounting plugin AvfMedia
LogPluginManager: Mounting plugin ImgMedia
LogPluginManager: Mounting plugin LinearTimecode
LogPluginManager: Mounting plugin MediaCompositing
LogPluginManager: Mounting plugin MediaPlayerEditor
LogPluginManager: Mounting plugin WmfMedia
LogPluginManager: Mounting plugin TcpMessaging
LogPluginManager: Mounting plugin UdpMessaging
LogPluginManager: Mounting plugin ActorSequence
LogPluginManager: Mounting plugin LevelSequenceEditor
LogPluginManager: Mounting plugin MatineeToLevelSequence
LogPluginManager: Mounting plugin NetcodeUnitTest
LogPluginManager: Mounting plugin NUTUnrealEngine4
LogPluginManager: Mounting plugin OnlineSubsystemGooglePlay
LogPluginManager: Mounting plugin OnlineSubsystemIOS
LogPluginManager: Mounting plugin OnlineSubsystem
LogPluginManager: Mounting plugin OnlineSubsystemNull
LogPluginManager: Mounting plugin OnlineSubsystemUtils
LogPluginManager: Mounting plugin LauncherChunkInstaller
LogPluginManager: Mounting plugin AndroidDeviceProfileSelector
LogPluginManager: Mounting plugin AndroidMoviePlayer
LogPluginManager: Mounting plugin AndroidPermission
LogPluginManager: Mounting plugin AppleMoviePlayer
LogPluginManager: Mounting plugin ArchVisCharacter
LogPluginManager: Mounting plugin AudioCapture
LogPluginManager: Mounting plugin CableComponent
LogPluginManager: Mounting plugin CustomMeshComponent
LogPluginManager: Mounting plugin EditableMesh
LogPluginManager: Mounting plugin ExampleDeviceProfileSelector
LogPluginManager: Mounting plugin GoogleCloudMessaging
LogPluginManager: Mounting plugin ImmediatePhysics
LogPluginManager: Mounting plugin IOSDeviceProfileSelector
LogPluginManager: Mounting plugin LinuxDeviceProfileSelector
LogPluginManager: Mounting plugin LocationServicesBPLibrary
LogPluginManager: Mounting plugin MobilePatchingUtils
LogPluginManager: Mounting plugin OculusVR
LogPluginManager: Plugin shader directory ../../../Engine/Plugins/Runtime/Oculus/OculusVR/Shaders found
LogPluginManager: Mapping shader source directory ../../../Engine/Plugins/Runtime/Oculus/OculusVR/Shaders to virtual directory /Plugin/OculusVR
LogPluginManager: Mounting plugin PhysXVehicles
LogPluginManager: Mounting plugin ProceduralMeshComponent
LogPluginManager: Mounting plugin RuntimePhysXCooking
LogPluginManager: Mounting plugin SteamVR
LogPluginManager: Mounting plugin WindowsMoviePlayer
LogStreaming: Display: Took  0.121s to configure plugins.
LogInit: Warning: Incompatible or missing module: PlayerMovement
Running C:/Program Files/Epic Games/UE_4.20/Engine/Binaries/DotNET/UnrealBuildTool.exe Development Win64 -Project="C:/Users/tolso/Downloads/AlchemyUnreal-b2989dcfba84c7ffa77c055d3cc94a80156a3fba/AlchemyUnreal-b2989dcfba84c7ffa77c055d3cc94a80156a3fba/PlayerMovement/PlayerMovement.uproject" -TargetType=Editor -Progress -NoHotReloadFromIDE
Using 'git status' to determine working set for adaptive non-unity build.
Creating makefile for PlayerMovementEditor (no existing makefile)
Performing full C++ include scan (no include cache file)
Using Visual Studio 2017 14.15.26726 toolchain (C:\Program Files (x86)\Microsoft Visual Studio\2017\Community\VC\Tools\MSVC\14.15.26726) and Windows 10.0.17134.0 SDK (C:\Program Files (x86)\Windows Kits\10).
@progress push 5%
Parsing headers for PlayerMovementEditor
  Running UnrealHeaderTool "C:\Users\tolso\Downloads\AlchemyUnreal-b2989dcfba84c7ffa77c055d3cc94a80156a3fba\AlchemyUnreal-b2989dcfba84c7ffa77c055d3cc94a80156a3fba\PlayerMovement\PlayerMovement.uproject" "C:\Users\tolso\Downloads\AlchemyUnreal-b2989dcfba84c7ffa77c055d3cc94a80156a3fba\AlchemyUnreal-b2989dcfba84c7ffa77c055d3cc94a80156a3fba\PlayerMovement\Intermediate\Build\Win64\PlayerMovementEditor\Development\PlayerMovementEditor.uhtmanifest" -LogCmds="loginit warning, logexit warning, logdatabase error" -Unattended -WarningsAsErrors -installed
Reflection code generated for PlayerMovementEditor in 10.0763392 seconds
@progress pop
Building 14 actions with 8 processes...
  @progress 'Compiling C++ source code...' 0%
  @progress 'Compiling C++ source code...' 7%
  [1/14] PCLaunch.rc
  @progress 'Compiling C++ source code...' 14%
  [2/14] SharedPCH.Engine.cpp
  @progress 'Compiling C++ source code...' 21%
  [3/14] PlayerMovement.init.gen.cpp
  @progress 'Compiling C++ source code...' 29%
  [4/14] PawnPlayerMove.gen.cpp
  @progress 'Compiling C++ source code...' 36%
  [5/14] BPTris.gen.cpp
  @progress 'Compiling C++ source code...' 43%
  [6/14] PlayerMovementGameModeBase.cpp
  @progress 'Compiling C++ source code...' 50%
  [7/14] BPTris.cpp
  @progress 'Compiling C++ source code...' 57%
  [8/14] PlayerMovementGameModeBase.gen.cpp
  @progress 'Compiling C++ source code...' 64%
  [9/14] FSubtitle.gen.cpp
  @progress 'Compiling C++ source code...' 71%
  [10/14] FSubtitle.cpp
  @progress 'Compiling C++ source code...' 79%
  [11/14] PawnPlayerMove.cpp
  @progress 'Compiling C++ source code...' 86%
  [12/14] PlayerMovement.cpp
  @progress 'Compiling C++ source code...' 93%
  [13/14] UE4Editor-PlayerMovement.lib
     Creating library C:\Users\tolso\Downloads\AlchemyUnreal-b2989dcfba84c7ffa77c055d3cc94a80156a3fba\AlchemyUnreal-b2989dcfba84c7ffa77c055d3cc94a80156a3fba\PlayerMovement\Intermediate\Build\Win64\UE4Editor\Development\PlayerMovement\UE4Editor-PlayerMovement.lib and object C:\Users\tolso\Downloads\AlchemyUnreal-b2989dcfba84c7ffa77c055d3cc94a80156a3fba\AlchemyUnreal-b2989dcfba84c7ffa77c055d3cc94a80156a3fba\PlayerMovement\Intermediate\Build\Win64\UE4Editor\Development\PlayerMovement\UE4Editor-PlayerMovement.exp
  @progress 'Compiling C++ source code...' 100%
  [14/14] UE4Editor-PlayerMovement.dll
     Creating library C:\Users\tolso\Downloads\AlchemyUnreal-b2989dcfba84c7ffa77c055d3cc94a80156a3fba\AlchemyUnreal-b2989dcfba84c7ffa77c055d3cc94a80156a3fba\PlayerMovement\Intermediate\Build\Win64\UE4Editor\Development\PlayerMovement\UE4Editor-PlayerMovement.suppressed.lib and object C:\Users\tolso\Downloads\AlchemyUnreal-b2989dcfba84c7ffa77c055d3cc94a80156a3fba\AlchemyUnreal-b2989dcfba84c7ffa77c055d3cc94a80156a3fba\PlayerMovement\Intermediate\Build\Win64\UE4Editor\Development\PlayerMovement\UE4Editor-PlayerMovement.suppressed.exp
Total build time: 109.26 seconds (Parallel executor: 54.78 seconds)
LogInit: Using libcurl 7.55.1-DEV
LogInit:  - built for x86_64-pc-win32
LogInit:  - supports SSL with OpenSSL/1.0.2h
LogInit:  - supports HTTP deflate (compression) using libz 1.2.8
LogInit:  - other features:
LogInit:      CURL_VERSION_SSL
LogInit:      CURL_VERSION_LIBZ
LogInit:      CURL_VERSION_IPV6
LogInit:      CURL_VERSION_ASYNCHDNS
LogInit:      CURL_VERSION_LARGEFILE
LogInit:      CURL_VERSION_IDN
LogInit:  CurlRequestOptions (configurable via config and command line):
LogInit:  - bVerifyPeer = false  - Libcurl will NOT verify peer certificate
LogInit:  - bUseHttpProxy = false  - Libcurl will NOT use HTTP proxy
LogInit:  - bDontReuseConnections = false  - Libcurl will reuse connections
LogInit:  - CertBundlePath = nullptr  - Libcurl will use whatever was configured at build time.
LogInit:  - MaxHostConnections = 16  - Libcurl will limit the number of connections to a host
LogInit:  - LocalHostAddr = Default
LogInit:  - BufferSize = 65536
LogInit: WinSock: version 1.1 (2.2), MaxSocks=32767, MaxUdp=65467
LogInit: Build: ++UE4+Release-4.20-CL-4369336
LogInit: Engine Version: 4.20.3-4369336+++UE4+Release-4.20
LogInit: Compatible Engine Version: 4.20.0-4212847+++UE4+Release-4.20
LogInit: Net CL: 4212847
LogInit: OS: Windows 10 (), CPU:         Intel(R) Core(TM) i7-3770 CPU @ 3.40GHz, GPU: AMD Radeon HD 7000 series
LogInit: Compiled (64-bit): Sep 17 2018 12:26:19
LogInit: Compiled with Visual C++: 19.13.26129.00
LogInit: Build Configuration: Development
LogInit: Branch Name: ++UE4+Release-4.20
LogInit: Command Line: 
LogInit: Base Directory: C:/Program Files/Epic Games/UE_4.20/Engine/Binaries/Win64/
LogInit: Installed Engine Build: 1
LogDevObjectVersion: Number of dev versions registered: 20
LogDevObjectVersion:   Dev-Blueprints (B0D832E4-1F89-4F0D-ACCF-7EB736FD4AA2): 10
LogDevObjectVersion:   Dev-Build (E1C64328-A22C-4D53-A36C-8E866417BD8C): 0
LogDevObjectVersion:   Dev-Core (375EC13C-06E4-48FB-B500-84F0262A717E): 2
LogDevObjectVersion:   Dev-Editor (E4B068ED-F494-42E9-A231-DA0B2E46BB41): 24
LogDevObjectVersion:   Dev-Framework (CFFC743F-43B0-4480-9391-14DF171D2073): 34
LogDevObjectVersion:   Dev-Mobile (B02B49B5-BB20-44E9-A304-32B752E40360): 2
LogDevObjectVersion:   Dev-Networking (A4E4105C-59A1-49B5-A7C5-40C4547EDFEE): 0
LogDevObjectVersion:   Dev-Online (39C831C9-5AE6-47DC-9A44-9C173E1C8E7C): 0
LogDevObjectVersion:   Dev-Physics (78F01B33-EBEA-4F98-B9B4-84EACCB95AA2): 0
LogDevObjectVersion:   Dev-Platform (6631380F-2D4D-43E0-8009-CF276956A95A): 0
LogDevObjectVersion:   Dev-Rendering (12F88B9F-8875-4AFC-A67C-D90C383ABD29): 26
LogDevObjectVersion:   Dev-Sequencer (7B5AE74C-D270-4C10-A958-57980B212A5A): 9
LogDevObjectVersion:   Dev-VR (D7296918-1DD6-4BDD-9DE2-64A83CC13884): 2
LogDevObjectVersion:   Dev-LoadTimes (C2A15278-BFE7-4AFE-6C17-90FF531DF755): 1
LogDevObjectVersion:   Private-Geometry (6EACA3D4-40EC-4CC1-B786-8BED09428FC5): 3
LogDevObjectVersion:   Dev-AnimPhys (29E575DD-E0A3-4627-9D10-D276232CDCEA): 17
LogDevObjectVersion:   Dev-ReflectionCapture (6B266CEC-1EC7-4B8F-A30B-E4D90942FC07): 1
LogDevObjectVersion:   Dev-Automation (0DF73D61-A23F-47EA-B727-89E90C41499A): 1
LogDevObjectVersion:   FortniteMain (601D1886-AC64-4F84-AA16-D3DE0DEAC7D6): 12
LogDevObjectVersion:   Dev-Enterprise (9DFFBCD6-494F-0158-E221-12823C92A888): 1
LogStreaming: Display: Took  0.022s to delete old logs.
LogInit: Presizing for max 8388607 objects, including 0 objects not considered by GC, pre-allocating 0 bytes for permanent pool.
LogInit: Object subsystem initialized
[2018.12.04-13.20.35:946][  0]LogInit: Selected Device Profile: [Windows]
[2018.12.04-13.20.35:947][  0]LogInit: Applying CVar settings loaded from the selected device profile: [Windows]
[2018.12.04-13.20.36:028][  0]LogHAL: Display: Platform has ~ 8 GB [8542158848 / 8589934592 / 8], which maps to Default [LargestMinGB=32, LargerMinGB=12, DefaultMinGB=8, SmallerMinGB=6, SmallestMinGB=0)
[2018.12.04-13.20.36:040][  0]LogInit: Setting Device Profile CVar: [[r.Vulkan.UseRealUBs:1]]
[2018.12.04-13.20.36:041][  0]LogInit: Going up to parent DeviceProfile []
[2018.12.04-13.20.36:069][  0]LogInit: Computer: DESKTOP-T8CS1KL
[2018.12.04-13.20.36:069][  0]LogInit: User: tolso
[2018.12.04-13.20.36:069][  0]LogInit: CPU Page size=4096, Cores=4
[2018.12.04-13.20.36:069][  0]LogInit: High frequency timer resolution =3.312806 MHz
[2018.12.04-13.20.36:070][  0]LogMemory: Memory total: Physical=8.0GB (8GB approx)
[2018.12.04-13.20.36:070][  0]LogMemory: Platform Memory Stats for Windows
[2018.12.04-13.20.36:070][  0]LogMemory: Process Physical Memory: 103.10 MB used, 103.10 MB peak
[2018.12.04-13.20.36:070][  0]LogMemory: Process Virtual Memory: 91.62 MB used, 91.62 MB peak
[2018.12.04-13.20.36:070][  0]LogMemory: Physical Memory: 2885.75 MB used,  5260.69 MB free, 8146.44 MB total
[2018.12.04-13.20.36:070][  0]LogMemory: Virtual Memory: 4685.41 MB used,  5260.69 MB free, 134217728.00 MB total
[2018.12.04-13.20.37:264][  0]LogInit: Using OS detected language (en-US).
[2018.12.04-13.20.37:264][  0]LogInit: Using OS detected locale (en-US).
[2018.12.04-13.20.37:355][  0]LogTextLocalizationManager: No specific localization for 'en-US' exists, so the 'en' localization will be used.
[2018.12.04-13.20.38:159][  0]LogStreaming: Display: Took  0.919s to InitEngineTextLocalization.
[2018.12.04-13.20.38:170][  0]LogInit: Setting process to per monitor DPI aware
[2018.12.04-13.20.38:860][  0]LogSlate: New Slate User Created.  User Index 0, Is Virtual User: 0
[2018.12.04-13.20.38:861][  0]LogSlate: Slate User Registered.  User Index 0, Is Virtual User: 0
[2018.12.04-13.20.46:319][  0]LogHMD: Failed to initialize OpenVR with code 110
[2018.12.04-13.20.46:320][  0]LogD3D11RHI: D3D11 adapters:
[2018.12.04-13.20.46:341][  0]LogD3D11RHI:    0. 'AMD Radeon HD 7000 series' (Feature Level 11_0)
[2018.12.04-13.20.46:341][  0]LogD3D11RHI:       1008/0/3840 MB DedicatedVideo/DedicatedSystem/SharedSystem, Outputs:1, VendorId:0x1002
[2018.12.04-13.20.46:345][  0]LogD3D11RHI:    1. 'Microsoft Basic Render Driver' (Feature Level 11_0)
[2018.12.04-13.20.46:345][  0]LogD3D11RHI:       0/0/4073 MB DedicatedVideo/DedicatedSystem/SharedSystem, Outputs:0, VendorId:0x1414
[2018.12.04-13.20.46:345][  0]LogD3D11RHI: Chosen D3D11 Adapter: 0
[2018.12.04-13.20.46:363][  0]LogD3D11RHI: Creating new Direct3DDevice
[2018.12.04-13.20.46:363][  0]LogD3D11RHI:     GPU DeviceId: 0x6778 (for the marketing name, search the web for "GPU Device Id")
[2018.12.04-13.20.46:381][  0]LogWindows: EnumDisplayDevices:
[2018.12.04-13.20.46:381][  0]LogWindows:    0. 'AMD Radeon HD 7000 series' (P:1 D:1)
[2018.12.04-13.20.46:381][  0]LogWindows:    1. 'AMD Radeon HD 7000 series' (P:0 D:0)
[2018.12.04-13.20.46:381][  0]LogWindows:    2. 'AMD Radeon HD 7000 series' (P:0 D:0)
[2018.12.04-13.20.46:381][  0]LogWindows:    3. 'AMD Radeon HD 7000 series' (P:0 D:0)
[2018.12.04-13.20.46:382][  0]LogWindows: DebugString: FoundDriverCount:4 
[2018.12.04-13.20.46:382][  0]LogD3D11RHI:     Adapter Name: AMD Radeon HD 7000 series
[2018.12.04-13.20.46:382][  0]LogD3D11RHI:   Driver Version: 15.201.1151.1008 (internal:15.201.1151.1008, unified:15.201.1151.1008)
[2018.12.04-13.20.46:382][  0]LogD3D11RHI:      Driver Date: 11-4-2015
[2018.12.04-13.20.46:382][  0]LogRHI: Texture pool is 706 MB (70% of 1008 MB)
[2018.12.04-13.20.46:624][  0]LogD3D11RHI: AMD Pre GCN architecture detected, some driver workarounds will be in place
[2018.12.04-13.20.46:657][  0]LogD3D11RHI: Async texture creation enabled
[2018.12.04-13.20.46:843][  0]LogD3D11RHI: GPU Timing Frequency: 27.000000 (Debug: 2 1)
[2018.12.04-13.20.46:869][  0]LogShaderCompilers: Guid format shader working directory is -118 characters bigger than the processId version (../../../../../../Users/tolso/Downloads/AlchemyUnreal-b2989dcfba84c7ffa77c055d3cc94a80156a3fba/AlchemyUnreal-b2989dcfba84c7ffa77c055d3cc94a80156a3fba/PlayerMovement/Intermediate/Shaders/WorkingDirectory/9752/).
[2018.12.04-13.20.46:869][  0]LogShaderCompilers: Cleaned the shader compiler working directory 'C:/Users/tolso/AppData/Local/Temp/UnrealShaderWorkingDir/0A983B634D56A3611DEE9E9096B95E35/'.
[2018.12.04-13.20.47:915][  0]LogTemp: Display: Loaded TP AllDesktopTargetPlatform
[2018.12.04-13.20.47:959][  0]LogTemp: Display: Loaded TP MacClientTargetPlatform
[2018.12.04-13.20.47:990][  0]LogTemp: Display: Loaded TP MacNoEditorTargetPlatform
[2018.12.04-13.20.48:009][  0]LogTemp: Display: Loaded TP MacServerTargetPlatform
[2018.12.04-13.20.48:056][  0]LogTemp: Display: Loaded TP MacTargetPlatform
[2018.12.04-13.20.48:094][  0]LogTemp: Display: Loaded TP WindowsClientTargetPlatform
[2018.12.04-13.20.48:120][  0]LogTemp: Display: Loaded TP WindowsNoEditorTargetPlatform
[2018.12.04-13.20.48:143][  0]LogTemp: Display: Loaded TP WindowsServerTargetPlatform
[2018.12.04-13.20.48:159][  0]LogTemp: Display: Loaded TP WindowsTargetPlatform
[2018.12.04-13.20.48:277][  0]LogTemp: Display: Loaded TP AndroidTargetPlatform
[2018.12.04-13.20.48:278][  0]LogTemp: Display: Loaded TP AndroidTargetPlatform
[2018.12.04-13.20.48:278][  0]LogTemp: Display: Loaded TP AndroidTargetPlatform
[2018.12.04-13.20.48:278][  0]LogTemp: Display: Loaded TP AndroidTargetPlatform
[2018.12.04-13.20.48:278][  0]LogTemp: Display: Loaded TP AndroidTargetPlatform
[2018.12.04-13.20.48:278][  0]LogTemp: Display: Loaded TP AndroidTargetPlatform
[2018.12.04-13.20.48:278][  0]LogTemp: Display: Loaded TP AndroidTargetPlatform
[2018.12.04-13.20.48:278][  0]LogTemp: Display: Loaded TP AndroidTargetPlatform
[2018.12.04-13.20.48:278][  0]LogTemp: Display: Loaded TP AndroidTargetPlatform
[2018.12.04-13.20.48:278][  0]LogTemp: Display: Loaded TP AndroidTargetPlatform
[2018.12.04-13.20.48:278][  0]LogTemp: Display: Loaded TP AndroidTargetPlatform
[2018.12.04-13.20.48:278][  0]LogTemp: Display: Loaded TP AndroidTargetPlatform
[2018.12.04-13.20.48:278][  0]LogTemp: Display: Loaded TP AndroidTargetPlatform
[2018.12.04-13.20.48:278][  0]LogTemp: Display: Loaded TP AndroidTargetPlatform
[2018.12.04-13.20.48:278][  0]LogTemp: Display: Loaded TP AndroidTargetPlatform
[2018.12.04-13.20.48:278][  0]LogTemp: Display: Loaded TP AndroidTargetPlatform
[2018.12.04-13.20.48:278][  0]LogTemp: Display: Loaded TP AndroidTargetPlatform
[2018.12.04-13.20.48:278][  0]LogTemp: Display: Loaded TP AndroidTargetPlatform
[2018.12.04-13.20.48:289][  0]LogTemp: Display: Loaded TP HTML5TargetPlatform
[2018.12.04-13.20.48:386][  0]LogTemp: Display: Loaded TP IOSTargetPlatform
[2018.12.04-13.20.48:386][  0]LogTemp: Display: Loaded TP IOSTargetPlatform
[2018.12.04-13.20.48:442][  0]LogTemp: Display: Loaded TP TVOSTargetPlatform
[2018.12.04-13.20.48:442][  0]LogTemp: Display: Loaded TP TVOSTargetPlatform
[2018.12.04-13.20.48:470][  0]LogTemp: Display: Loaded TP LinuxClientTargetPlatform
[2018.12.04-13.20.48:490][  0]LogTemp: Display: Loaded TP LinuxNoEditorTargetPlatform
[2018.12.04-13.20.48:504][  0]LogTemp: Display: Loaded TP LinuxServerTargetPlatform
[2018.12.04-13.20.48:541][  0]LogTemp: Display: Loaded TP LinuxTargetPlatform
[2018.12.04-13.20.48:558][  0]LogTemp: Display: Loaded TP LuminTargetPlatform
[2018.12.04-13.20.48:558][  0]LogTargetPlatformManager: Display: Building Assets For Windows
[2018.12.04-13.20.49:173][  0]LogXGEController: Cleaning working directory: C:/Users/tolso/AppData/Local/Temp/UnrealXGEWorkingDir/
[2018.12.04-13.20.49:174][  0]LogXGEController: Cannot use XGE Controller as Incredibuild is not installed on this machine.
[2018.12.04-13.20.49:174][  0]LogShaderCompilers: Cannot use XGE Shader Compiler as Incredibuild is not installed on this machine.
[2018.12.04-13.20.49:174][  0]LogShaderCompilers: Display: Using Local Shader Compiler.
[2018.12.04-13.20.54:757][  0]LogDerivedDataCache: Display: Max Cache Size: 512 MB
[2018.12.04-13.20.55:293][  0]LogDerivedDataCache: Loaded boot cache 0.52s 71MB C:/Users/tolso/AppData/Local/UnrealEngine/4.20/DerivedDataCache/Boot.ddc.
[2018.12.04-13.20.55:293][  0]LogDerivedDataCache: Display: Loaded Boot cache: C:/Users/tolso/AppData/Local/UnrealEngine/4.20/DerivedDataCache/Boot.ddc
[2018.12.04-13.20.55:294][  0]LogDerivedDataCache: FDerivedDataBackendGraph:  Pak pak cache file ../../../../../../Users/tolso/Downloads/AlchemyUnreal-b2989dcfba84c7ffa77c055d3cc94a80156a3fba/AlchemyUnreal-b2989dcfba84c7ffa77c055d3cc94a80156a3fba/PlayerMovement/DerivedDataCache/DDC.ddp not found, will not use a pak cache.
[2018.12.04-13.20.55:294][  0]LogDerivedDataCache: Unable to find inner node Pak for hierarchical cache Hierarchy.
[2018.12.04-13.20.55:294][  0]LogDerivedDataCache: FDerivedDataBackendGraph:  CompressedPak pak cache file ../../../../../../Users/tolso/Downloads/AlchemyUnreal-b2989dcfba84c7ffa77c055d3cc94a80156a3fba/AlchemyUnreal-b2989dcfba84c7ffa77c055d3cc94a80156a3fba/PlayerMovement/DerivedDataCache/Compressed.ddp not found, will not use a pak cache.
[2018.12.04-13.20.55:294][  0]LogDerivedDataCache: Unable to find inner node CompressedPak for hierarchical cache Hierarchy.
[2018.12.04-13.20.55:356][  0]LogDerivedDataCache: Display: Pak cache opened for reading ../../../Engine/DerivedDataCache/Compressed.ddp.
[2018.12.04-13.20.55:401][  0]LogDerivedDataCache: Using Local data cache path C:/Users/tolso/AppData/Local/UnrealEngine/Common/DerivedDataCache: Writable
[2018.12.04-13.20.55:401][  0]LogDerivedDataCache: Shared data cache path not found in *engine.ini, will not use an Shared cache.
[2018.12.04-13.20.55:401][  0]LogDerivedDataCache: Unable to find inner node Shared for hierarchical cache Hierarchy.
[2018.12.04-13.20.55:484][  0]LogMaterial: Verifying Global Shaders for PCD3D_SM5
[2018.12.04-13.20.55:527][  0]LogSlate: Using FreeType 2.6.0
[2018.12.04-13.20.55:670][  0]LogSlate: SlateFontServices - WITH_FREETYPE: 1, WITH_HARFBUZZ: 1
[2018.12.04-13.20.56:262][  0]LogAssetRegistry: FAssetRegistry took 0.0424 seconds to start up
[2018.12.04-13.21.01:906][  0]LogInit: Selected Device Profile: [Windows]
[2018.12.04-13.21.03:908][  0]LogSimplygon: Simplygon DLL not present - disabling.
[2018.12.04-13.21.04:078][  0]LogMeshReduction: Using SimplygonSwarm for distributed automatic mesh merging
[2018.12.04-13.21.04:078][  0]LogMeshReduction: Using ProxyLODMeshReduction for automatic mesh merging
[2018.12.04-13.21.04:079][  0]LogMeshReduction: Using QuadricMeshReduction for automatic static mesh reduction
[2018.12.04-13.21.04:079][  0]LogMeshReduction: No automatic skeletal mesh reduction module available
[2018.12.04-13.21.04:591][  0]LogNetVersion: PlayerMovement 1.0.0, NetCL: 4212847, EngineNetVer: 5, GameNetVer: 0 (Checksum: 171376428)
[2018.12.04-13.21.10:407][  0]LogPackageLocalizationCache: Processed 11 localized package path(s) for 2 prioritized culture(s) in 0.197756 seconds
[2018.12.04-13.21.10:477][  0]LogUObjectArray: 38425 objects as part of root set at end of initial load.
[2018.12.04-13.21.10:477][  0]LogUObjectAllocator: 6690864 out of 0 bytes used by permanent object pool.
[2018.12.04-13.21.10:477][  0]LogUObjectArray: CloseDisregardForGC: 0/0 objects in disregard for GC pool
[2018.12.04-13.21.33:916][  0]LogTcpMessaging: Initializing TcpMessaging bridge
[2018.12.04-13.21.33:965][  0]LogUdpMessaging: Initializing bridge on interface 0.0.0.0:0 to multicast group 230.0.0.1:6666.
[2018.12.04-13.21.35:737][  0]SourceControl: Source control is disabled
[2018.12.04-13.21.35:738][  0]SourceControl: Source control is disabled
[2018.12.04-13.21.35:803][  0]SourceControl: Source control is disabled
[2018.12.04-13.21.35:823][  0]SourceControl: Source control is disabled
[2018.12.04-13.21.37:283][  0]LogAndroidPermission: UAndroidPermissionCallbackProxy::GetInstance
[2018.12.04-13.21.37:743][  0]LogOcInput: OculusInput pre-init called
[2018.12.04-13.21.38:669][  0]LogEngine: Initializing Engine...
[2018.12.04-13.21.38:687][  0]LogHMD: Failed to initialize OpenVR with code 110
[2018.12.04-13.21.38:740][  0]LogStats: UGameplayTagsManager::ConstructGameplayTagTree: ImportINI prefixes -  0.001 s
[2018.12.04-13.21.38:740][  0]LogStats: UGameplayTagsManager::ConstructGameplayTagTree: Construct from data asset -  0.000 s
[2018.12.04-13.21.38:740][  0]LogStats: UGameplayTagsManager::ConstructGameplayTagTree: ImportINI -  0.000 s
[2018.12.04-13.21.38:758][  0]LogStats: UGameplayTagsManager::ConstructGameplayTagTree: GameplayTagTreeChangedEvent.Broadcast -  0.018 s
[2018.12.04-13.21.39:163][  0]LogInit: Initializing FReadOnlyCVARCache
[2018.12.04-13.21.39:759][  0]LogAIModule: Creating AISystem for world Untitled
[2018.12.04-13.21.39:905][  0]LogInit: XAudio2 using 'Speakers / Headphones (Realtek High Definition Audio)' : 2 channels at 48 kHz using 32 bits per sample (channel mask 0x3)
[2018.12.04-13.21.40:679][  0]LogInit: FAudioDevice initialized.
[2018.12.04-13.21.40:680][  0]LogNetVersion: Set ProjectVersion to 1.0.0.0. Version Checksum will be recalculated on next use.
[2018.12.04-13.21.40:902][  0]LogDerivedDataCache: Saved boot cache 0.22s 71MB C:/Users/tolso/AppData/Local/UnrealEngine/4.20/DerivedDataCache/Boot.ddc.
[2018.12.04-13.21.40:922][  0]LogInit: Texture streaming: Enabled
[2018.12.04-13.21.41:129][  0]LogEngineSessionManager: EngineSessionManager initialized
[2018.12.04-13.21.41:538][  0]LogInit: Transaction tracking system initialized
[2018.12.04-13.21.41:955][  0]BlueprintLog: New page: Editor Load
[2018.12.04-13.21.43:595][  0]LocalizationService: Localization service is disabled
[2018.12.04-13.21.46:659][  0]LogFileCache: Scanning file cache for directory 'C:/Users/tolso/Downloads/AlchemyUnreal-b2989dcfba84c7ffa77c055d3cc94a80156a3fba/AlchemyUnreal-b2989dcfba84c7ffa77c055d3cc94a80156a3fba/PlayerMovement/Content/' took 0.02s
[2018.12.04-13.21.46:659][  0]LogCook: Display: Max memory allowance for cook 16384mb min free memory 0mb
[2018.12.04-13.21.46:659][  0]LogCook: Display: Mobile HDR setting 1
[2018.12.04-13.21.46:670][  0]LogGameplayTags: Display: UGameplayTagsManager::DoneAddingNativeTags. DelegateIsBound: 0
[2018.12.04-13.21.46:670][  0]LogStats: UGameplayTagsManager::ConstructGameplayTagTree: ImportINI prefixes -  0.000 s
[2018.12.04-13.21.46:670][  0]LogStats: UGameplayTagsManager::ConstructGameplayTagTree: Construct from data asset -  0.000 s
[2018.12.04-13.21.46:671][  0]LogStats: UGameplayTagsManager::ConstructGameplayTagTree: ImportINI -  0.000 s
[2018.12.04-13.21.46:671][  0]LogStats: UGameplayTagsManager::ConstructGameplayTagTree: GameplayTagTreeChangedEvent.Broadcast -  0.000 s
[2018.12.04-13.21.49:554][  0]SourceControl: Source control is disabled
[2018.12.04-13.21.49:616][  0]LightingResults: New page: Lighting Build
[2018.12.04-13.21.49:857][  0]MapCheck: New page: Map Check
[2018.12.04-13.21.49:857][  0]LightingResults: New page: Lighting Build
[2018.12.04-13.21.51:348][  0]LogLinker: Warning: Can't find file '/Game/StarterContent/Maps/Minimal_Default_BuiltData'
[2018.12.04-13.21.51:349][  0]LogLinker: Warning: Can't find file for asset '/Game/StarterContent/Maps/Minimal_Default_BuiltData' while loading ../../../../../../Users/tolso/Downloads/AlchemyUnreal-b2989dcfba84c7ffa77c055d3cc94a80156a3fba/AlchemyUnreal-b2989dcfba84c7ffa77c055d3cc94a80156a3fba/PlayerMovement/Content/StarterContent/Maps/Minimal_Default.umap.
[2018.12.04-13.21.51:349][  0]LoadErrors: Error: /Game/StarterContent/Maps/Minimal_Default : Can't find file for asset. /Game/StarterContent/Maps/Minimal_Default_BuiltData
[2018.12.04-13.21.51:731][  0]LogLinker: Warning: Can't find file '/Game/StarterContent/Architecture/Floor_400x400'
[2018.12.04-13.21.51:732][  0]LogLinker: Warning: Can't find file for asset '/Game/StarterContent/Architecture/Floor_400x400' while loading ../../../../../../Users/tolso/Downloads/AlchemyUnreal-b2989dcfba84c7ffa77c055d3cc94a80156a3fba/AlchemyUnreal-b2989dcfba84c7ffa77c055d3cc94a80156a3fba/PlayerMovement/Content/StarterContent/Maps/Minimal_Default.umap.
[2018.12.04-13.21.51:732][  0]LoadErrors: Error: /Game/StarterContent/Maps/Minimal_Default : Can't find file for asset. /Game/StarterContent/Architecture/Floor_400x400
[2018.12.04-13.21.51:737][  0]LogLinker: Warning: Can't find file '/Game/StarterContent/Maps/Minimal_Default_BuiltData'
[2018.12.04-13.21.51:737][  0]LogLinker: Warning: Can't find file for asset '/Game/StarterContent/Maps/Minimal_Default_BuiltData' while loading ../../../../../../Users/tolso/Downloads/AlchemyUnreal-b2989dcfba84c7ffa77c055d3cc94a80156a3fba/AlchemyUnreal-b2989dcfba84c7ffa77c055d3cc94a80156a3fba/PlayerMovement/Content/StarterContent/Maps/Minimal_Default.umap.
[2018.12.04-13.21.51:737][  0]LoadErrors: Error: /Game/StarterContent/Maps/Minimal_Default : Can't find file for asset. /Game/StarterContent/Maps/Minimal_Default_BuiltData
[2018.12.04-13.21.51:818][  0]LogLinker: Warning: Can't find file '/Game/StarterContent/Architecture/Floor_400x400'
[2018.12.04-13.21.51:819][  0]LogLinker: Warning: Can't find file for asset '/Game/StarterContent/Architecture/Floor_400x400' while loading ../../../../../../Users/tolso/Downloads/AlchemyUnreal-b2989dcfba84c7ffa77c055d3cc94a80156a3fba/AlchemyUnreal-b2989dcfba84c7ffa77c055d3cc94a80156a3fba/PlayerMovement/Content/StarterContent/Maps/Minimal_Default.umap.
[2018.12.04-13.21.51:819][  0]LoadErrors: Error: /Game/StarterContent/Maps/Minimal_Default : Can't find file for asset. /Game/StarterContent/Architecture/Floor_400x400
[2018.12.04-13.21.51:821][  0]LogLinker: Warning: Can't find file '/Game/StarterContent/Maps/Minimal_Default_BuiltData'
[2018.12.04-13.21.51:822][  0]LogLinker: Warning: Can't find file for asset '/Game/StarterContent/Maps/Minimal_Default_BuiltData' while loading NULL.
[2018.12.04-13.21.51:822][  0]LogLinker: Warning: Can't find file '/Game/StarterContent/Architecture/Floor_400x400'
[2018.12.04-13.21.51:822][  0]LogLinker: Warning: Can't find file for asset '/Game/StarterContent/Architecture/Floor_400x400' while loading NULL.
[2018.12.04-13.21.51:823][  0]LogLinker: Warning: Can't find file '/Game/StarterContent/Maps/Minimal_Default_BuiltData'
[2018.12.04-13.21.51:823][  0]LogLinker: Warning: Can't find file for asset '/Game/StarterContent/Maps/Minimal_Default_BuiltData' while loading NULL.
[2018.12.04-13.21.51:824][  0]LogLinker: Warning: Can't find file '/Game/StarterContent/Architecture/Floor_400x400'
[2018.12.04-13.21.51:824][  0]LogLinker: Warning: Can't find file for asset '/Game/StarterContent/Architecture/Floor_400x400' while loading NULL.
[2018.12.04-13.21.51:899][  0]LogLinker: Warning: Can't find file '/Game/StarterContent/Maps/Minimal_Default_BuiltData'
[2018.12.04-13.21.51:899][  0]LoadErrors: Failed to load /Game/StarterContent/Maps/Minimal_Default_BuiltData.Minimal_Default_BuiltData Referenced by PersistentLevel
[2018.12.04-13.21.51:899][  0]LogLinker: Warning: Can't find file for asset '/Game/StarterContent/Maps/Minimal_Default_BuiltData' while loading NULL.
[2018.12.04-13.21.51:899][  0]LoadErrors: Failed to load /Game/StarterContent/Maps/Minimal_Default_BuiltData.Minimal_Default_BuiltData Referenced by PersistentLevel
[2018.12.04-13.21.51:914][  0]LogLinker: Warning: Can't find file '/Game/StarterContent/Architecture/Floor_400x400'
[2018.12.04-13.21.51:914][  0]LoadErrors: Failed to load /Game/StarterContent/Architecture/Floor_400x400.Floor_400x400 Referenced by StaticMeshComponent0
[2018.12.04-13.21.51:915][  0]LogLinker: Warning: Can't find file for asset '/Game/StarterContent/Architecture/Floor_400x400' while loading NULL.
[2018.12.04-13.21.51:915][  0]LoadErrors: Failed to load /Game/StarterContent/Architecture/Floor_400x400.Floor_400x400 Referenced by StaticMeshComponent0
[2018.12.04-13.21.51:915][  0]LogLinker: Warning: Can't find file '/Game/StarterContent/Architecture/Floor_400x400'
[2018.12.04-13.21.51:915][  0]LoadErrors: Failed to load /Game/StarterContent/Architecture/Floor_400x400.Floor_400x400 Referenced by StaticMeshComponent0
[2018.12.04-13.21.51:916][  0]LogLinker: Warning: Can't find file for asset '/Game/StarterContent/Architecture/Floor_400x400' while loading NULL.
[2018.12.04-13.21.51:916][  0]LoadErrors: Failed to load /Game/StarterContent/Architecture/Floor_400x400.Floor_400x400 Referenced by StaticMeshComponent0
[2018.12.04-13.21.52:921][  0]LogAIModule: Creating AISystem for world Minimal_Default
[2018.12.04-13.21.53:795][  0]LogEditorServer: Finished looking for orphan Actors (0.000 secs)
[2018.12.04-13.21.53:943][  0]Cmd: MAP CHECKDEP NOCLEARLOG
[2018.12.04-13.21.54:067][  0]MapCheck: Map check complete: 0 Error(s), 0 Warning(s), took 124.116ms to complete.
[2018.12.04-13.21.54:067][  0]LogFileHelpers: Loading map 'Minimal_Default' took 4.508
[2018.12.04-13.21.55:454][  0]LogSlate: Updating window title bar state: overlay mode, drag disabled, window buttons hidden, title bar hidden
[2018.12.04-13.21.55:485][  0]LogSlate: Updating window title bar state: overlay mode, drag disabled, window buttons hidden, title bar hidden
[2018.12.04-13.21.55:503][  0]LogSlate: Updating window title bar state: overlay mode, drag disabled, window buttons hidden, title bar hidden
[2018.12.04-13.21.55:511][  0]LogSlate: Updating window title bar state: overlay mode, drag disabled, window buttons hidden, title bar hidden
[2018.12.04-13.21.55:706][  0]LogCollectionManager: Loaded 0 collections in 0.004524 seconds
[2018.12.04-13.21.55:906][  0]LogFileCache: Scanning file cache for directory 'C:/Users/tolso/Downloads/AlchemyUnreal-b2989dcfba84c7ffa77c055d3cc94a80156a3fba/AlchemyUnreal-b2989dcfba84c7ffa77c055d3cc94a80156a3fba/PlayerMovement/Saved/Collections/' took 0.01s
[2018.12.04-13.21.55:906][  0]LogFileCache: Scanning file cache for directory 'C:/Users/tolso/Downloads/AlchemyUnreal-b2989dcfba84c7ffa77c055d3cc94a80156a3fba/AlchemyUnreal-b2989dcfba84c7ffa77c055d3cc94a80156a3fba/PlayerMovement/Content/Developers/tolso/Collections/' took 0.01s
[2018.12.04-13.21.55:906][  0]LogFileCache: Scanning file cache for directory 'C:/Users/tolso/Downloads/AlchemyUnreal-b2989dcfba84c7ffa77c055d3cc94a80156a3fba/AlchemyUnreal-b2989dcfba84c7ffa77c055d3cc94a80156a3fba/PlayerMovement/Content/Collections/' took 0.01s
[2018.12.04-13.21.55:906][  0]LogCollectionManager: Rebuilt the GUID cache for 0 collections in 0.000001 seconds
[2018.12.04-13.21.55:949][  0]LogContentBrowser: Native class hierarchy populated in 0.0415 seconds. Added 2575 classes and 605 folders.
[2018.12.04-13.21.56:017][  0]LogContentBrowser: Native class hierarchy updated for 'WidgetCarousel' in 0.0009 seconds. Added 0 classes and 0 folders.
[2018.12.04-13.21.57:814][  0]LogContentBrowser: Native class hierarchy updated for 'AddContentDialog' in 0.0009 seconds. Added 0 classes and 0 folders.
[2018.12.04-13.21.57:866][  0]LogContentBrowser: Native class hierarchy updated for 'SceneOutliner' in 0.0009 seconds. Added 1 classes and 2 folders.
[2018.12.04-13.21.58:434][  0]LogContentBrowser: Native class hierarchy updated for 'HierarchicalLODOutliner' in 0.0010 seconds. Added 0 classes and 0 folders.
[2018.12.04-13.21.58:434][  0]LogLoad: (Engine Initialization) Total time: 197.53 seconds
[2018.12.04-13.21.58:434][  0]LogLoad: (Engine Initialization) Total Blueprint compile time: 0.00 seconds
[2018.12.04-13.21.58:598][  0]LogContentStreaming: Texture pool size now 400 MB
[2018.12.04-13.21.58:622][  0]LogSlate: FSceneViewport::OnFocusLost() reason 2
[2018.12.04-13.21.58:783][  0]LogSlate: Took 0.081327 seconds to synchronously load lazily loaded font '../../../Engine/Content/Slate/Fonts/Roboto-Regular.ttf' (155K)
[2018.12.04-13.21.58:838][  0]LogSlate: Took 0.050519 seconds to synchronously load lazily loaded font '../../../Engine/Content/Slate/Fonts/Roboto-Bold.ttf' (160K)
[2018.12.04-13.21.58:950][  0]LogSlate: Took 0.074020 seconds to synchronously load lazily loaded font '../../../Engine/Content/Editor/Slate/Fonts/FontAwesome.ttf' (139K)
[2018.12.04-13.21.59:532][  0]LogRenderer: Reallocating scene render targets to support 804x360 Format 9 NumSamples 1 (Frame:1).
[2018.12.04-13.21.59:532][  0]LogSlate: Took 0.026042 seconds to synchronously load lazily loaded font '../../../Engine/Content/Slate/Fonts/Roboto-Light.ttf' (167K)
[2018.12.04-13.22.00:280][  3]LogAssetRegistry: Asset discovery search completed in 64.0467 seconds
[2018.12.04-13.22.00:283][  3]LogCollectionManager: Rebuilt the object cache for 0 collections in 0.000001 seconds (found 0 objects)
[2018.12.04-13.22.00:283][  3]LogCollectionManager: Fixed up redirectors for 0 collections in 0.000091 seconds (updated 0 objects)
[2018.12.04-13.22.17:910][708]LogSlate: Window 'Message Log' being destroyed
[2018.12.04-13.22.17:919][708]LogSlate: Window 'Message Log' being destroyed
[2018.12.04-13.22.20:393][816]LogSlate: FSceneViewport::OnFocusLost() reason 2
[2018.12.04-13.22.22:228][ 30]LogSlate: Took 0.000214 seconds to synchronously load lazily loaded font '../../../Engine/Content/Slate/Fonts/Roboto-Light.ttf' (167K)
[2018.12.04-13.22.22:230][ 30]LogSlate: FSceneViewport::OnFocusLost() reason 2
[2018.12.04-13.22.22:255][ 30]Running C:/Program Files/Epic Games/UE_4.20/Engine/Binaries/DotNET/UnrealBuildTool.exe  -projectfiles -project="C:/Users/tolso/Downloads/AlchemyUnreal-b2989dcfba84c7ffa77c055d3cc94a80156a3fba/AlchemyUnreal-b2989dcfba84c7ffa77c055d3cc94a80156a3fba/PlayerMovement/PlayerMovement.uproject" -game -rocket -progress
[2018.12.04-13.22.22:661][ 30]Discovering modules, targets and source code for project...
[2018.12.04-13.22.26:998][ 30]C:\Program Files\Epic Games\UE_4.20\Engine\Source\ThirdParty\Expat\Expat.Build.cs: warning: Referenced directory 'C:\Program Files\Epic Games\UE_4.20\Engine\Source\ThirdParty\Expat\expat-2.2.0\Win64\VS2015\Release' does not exist.
[2018.12.04-13.22.47:489][637]LogSlate: Took 0.054254 seconds to synchronously load lazily loaded font '../../../Engine/Content/Slate/Fonts/Roboto-BoldCondensed.ttf' (158K)
[2018.12.04-13.23.57:950][992]Running C:/Program Files/Epic Games/UE_4.20/Engine/Binaries/DotNET/UnrealBuildTool.exe  -projectfiles -project="C:/Users/tolso/Downloads/AlchemyUnreal-b2989dcfba84c7ffa77c055d3cc94a80156a3fba/AlchemyUnreal-b2989dcfba84c7ffa77c055d3cc94a80156a3fba/PlayerMovement/PlayerMovement.uproject" -game -rocket -progress
[2018.12.04-13.23.58:256][992]Discovering modules, targets and source code for project...
[2018.12.04-13.24.01:487][992]C:\Program Files\Epic Games\UE_4.20\Engine\Source\ThirdParty\Expat\Expat.Build.cs: warning: Referenced directory 'C:\Program Files\Epic Games\UE_4.20\Engine\Source\ThirdParty\Expat\expat-2.2.0\Win64\VS2015\Release' does not exist.
[2018.12.04-13.24.05:141][992]LogVSAccessor: Warning: Couldn't access Visual Studio
[2018.12.04-13.24.05:180][992]Candidate modules for hot reload:
[2018.12.04-13.24.05:180][992]  PlayerMovement
[2018.12.04-13.24.05:181][992]Launching UnrealBuildTool... [C:/Program Files/Epic Games/UE_4.20/Engine/Binaries/DotNET/UnrealBuildTool.exe  -ModuleWithSuffix=PlayerMovement,3691 Win64 Development -TargetType=Editor -Project="../../../../../../Users/tolso/Downloads/AlchemyUnreal-b2989dcfba84c7ffa77c055d3cc94a80156a3fba/AlchemyUnreal-b2989dcfba84c7ffa77c055d3cc94a80156a3fba/PlayerMovement/PlayerMovement.uproject" -canskiplink "C:/Users/tolso/Downloads/AlchemyUnreal-b2989dcfba84c7ffa77c055d3cc94a80156a3fba/AlchemyUnreal-b2989dcfba84c7ffa77c055d3cc94a80156a3fba/PlayerMovement/PlayerMovement.uproject" ]
[2018.12.04-13.25.42:917][992]CompilerResultsLog: New page: Compilation - Dec 4, 2018, 1:25:42 AM
[2018.12.04-13.25.42:925][992]CompilerResultsLog: Using 'git status' to determine working set for adaptive non-unity build.
[2018.12.04-13.25.42:925][992]CompilerResultsLog: Creating makefile for hot reloading PlayerMovementEditor (no existing makefile)
[2018.12.04-13.25.42:925][992]CompilerResultsLog: Compiling game modules for hot reload
[2018.12.04-13.25.42:925][992]CompilerResultsLog: Using Visual Studio 2017 14.15.26726 toolchain (C:\Program Files (x86)\Microsoft Visual Studio\2017\Community\VC\Tools\MSVC\14.15.26726) and Windows 10.0.17134.0 SDK (C:\Program Files (x86)\Windows Kits\10).
[2018.12.04-13.25.42:925][992]CompilerResultsLog: Parsing headers for PlayerMovementEditor
[2018.12.04-13.25.42:925][992]CompilerResultsLog:   Running UnrealHeaderTool "C:\Users\tolso\Downloads\AlchemyUnreal-b2989dcfba84c7ffa77c055d3cc94a80156a3fba\AlchemyUnreal-b2989dcfba84c7ffa77c055d3cc94a80156a3fba\PlayerMovement\PlayerMovement.uproject" "C:\Users\tolso\Downloads\AlchemyUnreal-b2989dcfba84c7ffa77c055d3cc94a80156a3fba\AlchemyUnreal-b2989dcfba84c7ffa77c055d3cc94a80156a3fba\PlayerMovement\Intermediate\Build\Win64\PlayerMovementEditor\Development\PlayerMovementEditor.uhtmanifest" -LogCmds="loginit warning, logexit warning, logdatabase error" -Unattended -WarningsAsErrors -installed
[2018.12.04-13.25.42:925][992]CompilerResultsLog: Reflection code generated for PlayerMovementEditor in 11.124508 seconds
[2018.12.04-13.25.42:925][992]CompilerResultsLog: Building 14 actions with 8 processes...
[2018.12.04-13.25.42:925][992]CompilerResultsLog:   [1/14] BPTris.cpp
[2018.12.04-13.25.42:925][992]CompilerResultsLog:   [2/14] BPTris.gen.cpp
[2018.12.04-13.25.42:925][992]CompilerResultsLog:   [3/14] PlayerMovementGameModeBase.cpp
[2018.12.04-13.25.42:925][992]CompilerResultsLog:   [4/14] GenericHUD.cpp
[2018.12.04-13.25.42:925][992]CompilerResultsLog:   [5/14] PlayerMovement.init.gen.cpp
[2018.12.04-13.25.42:925][992]CompilerResultsLog:   [6/14] GenericHUD.gen.cpp
[2018.12.04-13.25.42:925][992]CompilerResultsLog:   [7/14] PawnPlayerMove.gen.cpp
[2018.12.04-13.25.42:925][992]CompilerResultsLog:   [8/14] PlayerMovementGameModeBase.gen.cpp
[2018.12.04-13.25.42:925][992]CompilerResultsLog:   [9/14] FSubtitle.gen.cpp
[2018.12.04-13.25.42:925][992]CompilerResultsLog:   [10/14] FSubtitle.cpp
[2018.12.04-13.25.42:925][992]CompilerResultsLog:   [11/14] PawnPlayerMove.cpp
[2018.12.04-13.25.42:926][992]CompilerResultsLog:   [12/14] PlayerMovement.cpp
[2018.12.04-13.25.42:926][992]CompilerResultsLog:   [13/14] UE4Editor-PlayerMovement-3691.lib
[2018.12.04-13.25.42:926][992]CompilerResultsLog:      Creating library C:\Users\tolso\Downloads\AlchemyUnreal-b2989dcfba84c7ffa77c055d3cc94a80156a3fba\AlchemyUnreal-b2989dcfba84c7ffa77c055d3cc94a80156a3fba\PlayerMovement\Intermediate\Build\Win64\UE4Editor\Development\PlayerMovement\UE4Editor-PlayerMovement-3691.lib and object C:\Users\tolso\Downloads\AlchemyUnreal-b2989dcfba84c7ffa77c055d3cc94a80156a3fba\AlchemyUnreal-b2989dcfba84c7ffa77c055d3cc94a80156a3fba\PlayerMovement\Intermediate\Build\Win64\UE4Editor\Development\PlayerMovement\UE4Editor-PlayerMovement-3691.exp
[2018.12.04-13.25.42:926][992]CompilerResultsLog:   [14/14] UE4Editor-PlayerMovement-3691.dll
[2018.12.04-13.25.42:926][992]CompilerResultsLog:      Creating library C:\Users\tolso\Downloads\AlchemyUnreal-b2989dcfba84c7ffa77c055d3cc94a80156a3fba\AlchemyUnreal-b2989dcfba84c7ffa77c055d3cc94a80156a3fba\PlayerMovement\Intermediate\Build\Win64\UE4Editor\Development\PlayerMovement\UE4Editor-PlayerMovement-3691.suppressed.lib and object C:\Users\tolso\Downloads\AlchemyUnreal-b2989dcfba84c7ffa77c055d3cc94a80156a3fba\AlchemyUnreal-b2989dcfba84c7ffa77c055d3cc94a80156a3fba\PlayerMovement\Intermediate\Build\Win64\UE4Editor\Development\PlayerMovement\UE4Editor-PlayerMovement-3691.suppressed.exp
[2018.12.04-13.25.42:926][992]CompilerResultsLog: Total build time: 97.31 seconds (Parallel executor: 33.74 seconds)
[2018.12.04-13.25.42:931][992]LogMainFrame: MainFrame: Module compiling took 97.789 seconds
[2018.12.04-13.25.43:100][992]LogClass: Could not find existing class GenericHUD in package /Script/PlayerMovement for HotReload, assuming new class
[2018.12.04-13.25.43:101][992]LogClass: Subtitle HotReload.
[2018.12.04-13.25.43:120][992]LogContentBrowser: Native class hierarchy updated for 'PlayerMovement' in 0.0015 seconds. Added 4 classes and 4 folders.
[2018.12.04-13.25.43:126][992]Display: HotReload successful (0 functions remapped  1 scriptstructs remapped)
[2018.12.04-13.25.43:643][992]LogContentBrowser: Native class hierarchy populated in 0.0141 seconds. Added 2577 classes and 609 folders.
[2018.12.04-13.25.43:718][992]Display: HotReload took 98.6s.
[2018.12.04-13.25.43:720][992]Warning: HotReload operation took 98.6s.
[2018.12.04-13.25.43:910][992]LogSlate: Window 'Add C++ Class' being destroyed
[2018.12.04-13.25.44:062][992]LogHotReload: New module detected: UE4Editor-PlayerMovement-3691.dll
[2018.12.04-13.25.44:421][993]LogHotReload: Starting Hot-Reload from IDE
[2018.12.04-13.25.44:461][993]LogContentBrowser: Native class hierarchy updated for 'PlayerMovement' in 0.0005 seconds. Added 4 classes and 4 folders.
[2018.12.04-13.25.44:464][993]Display: HotReload successful (0 functions remapped  1 scriptstructs remapped)
[2018.12.04-13.25.44:496][993]LogContentBrowser: Native class hierarchy populated in 0.0104 seconds. Added 2577 classes and 609 folders.
[2018.12.04-13.25.44:499][993]Display: HotReload took  0.1s.
[2018.12.04-13.32.30:062][ 37]Running C:/Program Files/Epic Games/UE_4.20/Engine/Binaries/DotNET/UnrealBuildTool.exe Win64 Development -TargetType=Editor -Project="C:/Users/tolso/Downloads/AlchemyUnreal-b2989dcfba84c7ffa77c055d3cc94a80156a3fba/AlchemyUnreal-b2989dcfba84c7ffa77c055d3cc94a80156a3fba/PlayerMovement/PlayerMovement.uproject" -invalidatemakefilesonly
[2018.12.04-13.32.32:385][ 37]Invalidating makefiles only in this run.
[2018.12.04-13.32.32:520][ 37]LogVSAccessor: Warning: Couldn't save all documents
[2018.12.04-13.32.32:528][ 37]Candidate modules for hot reload:
[2018.12.04-13.32.32:528][ 37]  PlayerMovement
[2018.12.04-13.32.32:528][ 37]Launching UnrealBuildTool... [C:/Program Files/Epic Games/UE_4.20/Engine/Binaries/DotNET/UnrealBuildTool.exe  -ModuleWithSuffix=PlayerMovement,8287 Win64 Development -TargetType=Editor -Project="../../../../../../Users/tolso/Downloads/AlchemyUnreal-b2989dcfba84c7ffa77c055d3cc94a80156a3fba/AlchemyUnreal-b2989dcfba84c7ffa77c055d3cc94a80156a3fba/PlayerMovement/PlayerMovement.uproject" -canskiplink "C:/Users/tolso/Downloads/AlchemyUnreal-b2989dcfba84c7ffa77c055d3cc94a80156a3fba/AlchemyUnreal-b2989dcfba84c7ffa77c055d3cc94a80156a3fba/PlayerMovement/PlayerMovement.uproject" ]
[2018.12.04-13.33.44:942][ 37]CompilerResultsLog: New page: Compilation - Dec 4, 2018, 1:33:44 AM
[2018.12.04-13.33.44:942][ 37]CompilerResultsLog: Using 'git status' to determine working set for adaptive non-unity build.
[2018.12.04-13.33.44:942][ 37]CompilerResultsLog: Creating makefile for hot reloading PlayerMovementEditor (no existing makefile)
[2018.12.04-13.33.44:942][ 37]CompilerResultsLog: Compiling game modules for hot reload
[2018.12.04-13.33.44:942][ 37]CompilerResultsLog: Using Visual Studio 2017 14.15.26726 toolchain (C:\Program Files (x86)\Microsoft Visual Studio\2017\Community\VC\Tools\MSVC\14.15.26726) and Windows 10.0.17134.0 SDK (C:\Program Files (x86)\Windows Kits\10).
[2018.12.04-13.33.44:942][ 37]CompilerResultsLog: Parsing headers for PlayerMovementEditor
[2018.12.04-13.33.44:943][ 37]CompilerResultsLog:   Running UnrealHeaderTool "C:\Users\tolso\Downloads\AlchemyUnreal-b2989dcfba84c7ffa77c055d3cc94a80156a3fba\AlchemyUnreal-b2989dcfba84c7ffa77c055d3cc94a80156a3fba\PlayerMovement\PlayerMovement.uproject" "C:\Users\tolso\Downloads\AlchemyUnreal-b2989dcfba84c7ffa77c055d3cc94a80156a3fba\AlchemyUnreal-b2989dcfba84c7ffa77c055d3cc94a80156a3fba\PlayerMovement\Intermediate\Build\Win64\PlayerMovementEditor\Development\PlayerMovementEditor.uhtmanifest" -LogCmds="loginit warning, logexit warning, logdatabase error" -Unattended -WarningsAsErrors -installed
[2018.12.04-13.33.44:943][ 37]CompilerResultsLog: Reflection code generated for PlayerMovementEditor in 11.0623773 seconds
[2018.12.04-13.33.44:943][ 37]CompilerResultsLog: Building 7 actions with 8 processes...
[2018.12.04-13.33.44:943][ 37]CompilerResultsLog:   [1/7] Interaction_Interface.cpp
[2018.12.04-13.33.44:943][ 37]CompilerResultsLog:   [2/7] Interaction_Interface.gen.cpp
[2018.12.04-13.33.44:943][ 37]CompilerResultsLog:   [3/7] GenericHUD.cpp
[2018.12.04-13.33.44:943][ 37]CompilerResultsLog:   [4/7] PlayerMovement.init.gen.cpp
[2018.12.04-13.33.44:943][ 37]CompilerResultsLog:   [5/7] GenericHUD.gen.cpp
[2018.12.04-13.33.44:943][ 37]CompilerResultsLog:   [6/7] UE4Editor-PlayerMovement-8287.lib
[2018.12.04-13.33.44:943][ 37]CompilerResultsLog:      Creating library C:\Users\tolso\Downloads\AlchemyUnreal-b2989dcfba84c7ffa77c055d3cc94a80156a3fba\AlchemyUnreal-b2989dcfba84c7ffa77c055d3cc94a80156a3fba\PlayerMovement\Intermediate\Build\Win64\UE4Editor\Development\PlayerMovement\UE4Editor-PlayerMovement-8287.lib and object C:\Users\tolso\Downloads\AlchemyUnreal-b2989dcfba84c7ffa77c055d3cc94a80156a3fba\AlchemyUnreal-b2989dcfba84c7ffa77c055d3cc94a80156a3fba\PlayerMovement\Intermediate\Build\Win64\UE4Editor\Development\PlayerMovement\UE4Editor-PlayerMovement-8287.exp
[2018.12.04-13.33.44:943][ 37]CompilerResultsLog:   [7/7] UE4Editor-PlayerMovement-8287.dll
[2018.12.04-13.33.44:943][ 37]CompilerResultsLog:      Creating library C:\Users\tolso\Downloads\AlchemyUnreal-b2989dcfba84c7ffa77c055d3cc94a80156a3fba\AlchemyUnreal-b2989dcfba84c7ffa77c055d3cc94a80156a3fba\PlayerMovement\Intermediate\Build\Win64\UE4Editor\Development\PlayerMovement\UE4Editor-PlayerMovement-8287.suppressed.lib and object C:\Users\tolso\Downloads\AlchemyUnreal-b2989dcfba84c7ffa77c055d3cc94a80156a3fba\AlchemyUnreal-b2989dcfba84c7ffa77c055d3cc94a80156a3fba\PlayerMovement\Intermediate\Build\Win64\UE4Editor\Development\PlayerMovement\UE4Editor-PlayerMovement-8287.suppressed.exp
[2018.12.04-13.33.44:943][ 37]CompilerResultsLog: Error:   GenericHUD.cpp.obj : error LNK2019: unresolved external symbol "public: __cdecl AGenericHUD::AGenericHUD(void)" (??0AGenericHUD@@QEAA@XZ) referenced in function "public: static void __cdecl AGenericHUD::__DefaultConstructor(class FObjectInitializer const &)" (?__DefaultConstructor@AGenericHUD@@SAXAEBVFObjectInitializer@@@Z)
[2018.12.04-13.33.44:943][ 37]CompilerResultsLog: Error:   GenericHUD.gen.cpp.obj : error LNK2001: unresolved external symbol "public: __cdecl AGenericHUD::AGenericHUD(void)" (??0AGenericHUD@@QEAA@XZ)
[2018.12.04-13.33.44:943][ 37]CompilerResultsLog: Error:   GenericHUD.cpp.obj : error LNK2019: unresolved external symbol "public: void __cdecl AGenericHUD::HideAllMenus(void)" (?HideAllMenus@AGenericHUD@@QEAAXXZ) referenced in function "public: static void __cdecl AGenericHUD::execHideAllMenus(class UObject *,struct FFrame &,void * const)" (?execHideAllMenus@AGenericHUD@@SAXPEAVUObject@@AEAUFFrame@@QEAX@Z)
[2018.12.04-13.33.44:943][ 37]CompilerResultsLog: Error:   GenericHUD.gen.cpp.obj : error LNK2001: unresolved external symbol "public: void __cdecl AGenericHUD::HideAllMenus(void)" (?HideAllMenus@AGenericHUD@@QEAAXXZ)
[2018.12.04-13.33.44:943][ 37]CompilerResultsLog: Error:   C:\Users\tolso\Downloads\AlchemyUnreal-b2989dcfba84c7ffa77c055d3cc94a80156a3fba\AlchemyUnreal-b2989dcfba84c7ffa77c055d3cc94a80156a3fba\PlayerMovement\Binaries\Win64\UE4Editor-PlayerMovement-8287.dll : fatal error LNK1120: 2 unresolved externals
[2018.12.04-13.33.44:943][ 37]CompilerResultsLog: ERROR: UBT ERROR: Failed to produce item: C:\Users\tolso\Downloads\AlchemyUnreal-b2989dcfba84c7ffa77c055d3cc94a80156a3fba\AlchemyUnreal-b2989dcfba84c7ffa77c055d3cc94a80156a3fba\PlayerMovement\Binaries\Win64\UE4Editor-PlayerMovement-8287.dll
[2018.12.04-13.33.44:943][ 37]CompilerResultsLog:        (see ../Programs/UnrealBuildTool/Log.txt for full exception trace)
[2018.12.04-13.33.44:943][ 37]CompilerResultsLog: Total build time: 72.05 seconds (Parallel executor: 0.00 seconds)
[2018.12.04-13.33.44:944][ 37]LogMainFrame: MainFrame: Module compiling took 72.423 seconds
[2018.12.04-13.33.44:944][ 37]Warning: HotReload failed, recompile failed
[2018.12.04-13.33.44:950][ 37]Warning: RebindPackages failed because compilation failed.
[2018.12.04-13.34.04:381][ 37]LogSlate: Window 'Message' being destroyed
[2018.12.04-13.34.04:388][ 37]LogSlate: Window 'Add C++ Class' being destroyed
[2018.12.04-13.34.04:393][ 37]LogHotReload: New module detected: UE4Editor-PlayerMovement-8287.dll
[2018.12.04-13.34.59:094][443]LogHotReload: New module detected: UE4Editor-PlayerMovement-4730.dll
[2018.12.04-13.35.00:092][477]LogHotReload: Starting Hot-Reload from IDE
[2018.12.04-13.35.00:229][477]LogClass: Could not find existing class GenericHUD in package /Script/PlayerMovement for HotReload, assuming new class
[2018.12.04-13.35.00:229][477]LogClass: Function HideAllMenus is new.
[2018.12.04-13.35.00:229][477]LogClass: Could not find existing class Interaction_Interface in package /Script/PlayerMovement for HotReload, assuming new class
[2018.12.04-13.35.00:230][477]LogClass: Subtitle HotReload.
[2018.12.04-13.35.00:240][477]LogHotReload: Re-instancing GenericHUD after hot-reload.
[2018.12.04-13.35.00:366][477]LogContentBrowser: Native class hierarchy updated for 'PlayerMovement' in 0.0006 seconds. Added 5 classes and 4 folders.
[2018.12.04-13.35.00:368][477]Display: HotReload successful (0 functions remapped  1 scriptstructs remapped)
[2018.12.04-13.35.00:427][477]LogContentBrowser: Native class hierarchy populated in 0.0112 seconds. Added 2578 classes and 609 folders.
[2018.12.04-13.35.00:431][477]Display: HotReload took  0.3s.
[2018.12.04-13.35.02:953][585]LogSlate: Window 'PlayerMovement - Unreal Editor' being destroyed
[2018.12.04-13.35.02:954][585]LogWindowsTextInputMethodSystem: Display: IME system now deactivated.
[2018.12.04-13.35.03:526][586]Cmd: QUIT_EDITOR
[2018.12.04-13.35.04:063][586]LogExit: Preparing to exit.
[2018.12.04-13.35.04:876][586]LogExit: Editor shut down
[2018.12.04-13.35.04:876][586]LogExit: Transaction tracking system shut down
[2018.12.04-13.35.06:328][586]LogExit: Object subsystem successfully closed.
[2018.12.04-13.35.06:508][586]LogShaderCompilers: Display: Shaders left to compile 0
[2018.12.04-13.35.06:533][586]LogD3D11RHI: Shutdown
[2018.12.04-13.35.06:533][586]LogD3D11RHI: CleanupD3DDevice
[2018.12.04-13.35.06:586][586]LogD3D11RHI: ~FD3D11DynamicRHI
[2018.12.04-13.35.07:237][586]LogModuleManager: Shutting down and abandoning module PlayerMovement (615)
[2018.12.04-13.35.07:237][586]LogModuleManager: Shutting down and abandoning module HierarchicalLODOutliner (612)
[2018.12.04-13.35.07:237][586]LogModuleManager: Shutting down and abandoning module SceneOutliner (610)
[2018.12.04-13.35.07:237][586]LogModuleManager: Shutting down and abandoning module AddContentDialog (608)
[2018.12.04-13.35.07:239][586]LogModuleManager: Shutting down and abandoning module WidgetCarousel (607)
[2018.12.04-13.35.07:239][586]LogModuleManager: Shutting down and abandoning module EditorWidgets (604)
[2018.12.04-13.35.07:239][586]LogModuleManager: Shutting down and abandoning module CollectionManager (602)
[2018.12.04-13.35.07:265][586]LogModuleManager: Shutting down and abandoning module StatsViewer (600)
[2018.12.04-13.35.07:268][586]LogModuleManager: Shutting down and abandoning module FoliageEdit (598)
[2018.12.04-13.35.07:270][586]LogModuleManager: Shutting down and abandoning module LandscapeEditor (596)
[2018.12.04-13.35.07:271][586]LogModuleManager: Shutting down and abandoning module MeshPaintMode (594)
[2018.12.04-13.35.07:274][586]LogModuleManager: Shutting down and abandoning module SceneDepthPickerMode (592)
[2018.12.04-13.35.07:274][586]LogModuleManager: Shutting down and abandoning module ActorPickerMode (590)
[2018.12.04-13.35.07:274][586]LogModuleManager: Shutting down and abandoning module GeometryMode (588)
[2018.12.04-13.35.07:274][586]LogModuleManager: Shutting down and abandoning module TextureAlignMode (586)
[2018.12.04-13.35.07:274][586]LogModuleManager: Shutting down and abandoning module BspMode (584)
[2018.12.04-13.35.07:274][586]LogModuleManager: Shutting down and abandoning module PIEPreviewDeviceProfileSelector (582)
[2018.12.04-13.35.07:282][586]LogModuleManager: Shutting down and abandoning module SequenceRecorderSections (580)
[2018.12.04-13.35.07:285][586]LogModuleManager: Shutting down and abandoning module AutomationWorker (578)
[2018.12.04-13.35.07:285][586]LogModuleManager: Shutting down and abandoning module AudioCaptureEditor (576)
[2018.12.04-13.35.07:285][586]LogModuleManager: Shutting down and abandoning module SequenceRecorder (575)
[2018.12.04-13.35.07:285][586]LogModuleManager: Shutting down and abandoning module MatineeToLevelSequence (572)
[2018.12.04-13.35.07:303][586]LogModuleManager: Shutting down and abandoning module LevelSequenceEditor (570)
[2018.12.04-13.35.07:332][586]LogModuleManager: Shutting down and abandoning module PlacementMode (569)
[2018.12.04-13.35.07:332][586]LogModuleManager: Shutting down and abandoning module MaterialEditor (568)
[2018.12.04-13.35.07:373][586]LogModuleManager: Shutting down and abandoning module WmfMediaFactory (564)
[2018.12.04-13.35.07:373][586]LogModuleManager: Shutting down and abandoning module WmfMediaEditor (562)
[2018.12.04-13.35.07:373][586]LogModuleManager: Shutting down and abandoning module MediaPlayerEditor (560)
[2018.12.04-13.35.07:389][586]LogModuleManager: Shutting down and abandoning module OpenExrWrapper (558)
[2018.12.04-13.35.07:389][586]LogModuleManager: Shutting down and abandoning module ImgMediaFactory (556)
[2018.12.04-13.35.07:389][586]LogModuleManager: Shutting down and abandoning module ImgMediaEditor (554)
[2018.12.04-13.35.07:389][586]LogModuleManager: Shutting down and abandoning module AvfMediaFactory (552)
[2018.12.04-13.35.07:389][586]LogModuleManager: Shutting down and abandoning module AvfMediaEditor (550)
[2018.12.04-13.35.07:389][586]LogModuleManager: Shutting down and abandoning module AndroidMediaFactory (548)
[2018.12.04-13.35.07:389][586]LogModuleManager: Shutting down and abandoning module AndroidMediaEditor (546)
[2018.12.04-13.35.07:389][586]LogModuleManager: Shutting down and abandoning module MagicLeapCameraPreviewFactory (544)
[2018.12.04-13.35.07:389][586]LogModuleManager: Shutting down and abandoning module MagicLeapMediaFactory (542)
[2018.12.04-13.35.07:389][586]LogModuleManager: Shutting down and abandoning module MagicLeapMediaEditor (540)
[2018.12.04-13.35.07:389][586]LogModuleManager: Shutting down and abandoning module CharacterAI (538)
[2018.12.04-13.35.07:389][586]LogModuleManager: Shutting down and abandoning module SmartSnapping (536)
[2018.12.04-13.35.07:390][586]LogModuleManager: Shutting down and abandoning module SessionServices (534)
[2018.12.04-13.35.07:390][586]LogModuleManager: Shutting down and abandoning module ViewportSnapping (532)
[2018.12.04-13.35.07:390][586]LogModuleManager: Shutting down and abandoning module ViewportInteraction (530)
[2018.12.04-13.35.07:390][586]LogModuleManager: Shutting down and abandoning module ClothPainter (528)
[2018.12.04-13.35.07:411][586]LogModuleManager: Shutting down and abandoning module SkeletalMeshEditor (527)
[2018.12.04-13.35.07:427][586]LogModuleManager: Shutting down and abandoning module LogVisualizer (524)
[2018.12.04-13.35.07:428][586]LogModuleManager: Shutting down and abandoning module IntroTutorials (522)
[2018.12.04-13.35.07:444][586]LogModuleManager: Shutting down and abandoning module GameProjectGeneration (521)
[2018.12.04-13.35.07:444][586]LogModuleManager: Shutting down and abandoning module LuminPlatformEditor (518)
[2018.12.04-13.35.07:444][586]LogModuleManager: Shutting down and abandoning module IOSPlatformEditor (516)
[2018.12.04-13.35.07:456][586]LogModuleManager: Shutting down and abandoning module HTML5PlatformEditor (514)
[2018.12.04-13.35.07:456][586]LogModuleManager: Shutting down and abandoning module AndroidPlatformEditor (512)
[2018.12.04-13.35.07:456][586]LogModuleManager: Shutting down and abandoning module AndroidDeviceDetection (511)
[2018.12.04-13.35.08:364][586]LogModuleManager: Shutting down and abandoning module WindowsPlatformEditor (508)
[2018.12.04-13.35.08:364][586]LogModuleManager: Shutting down and abandoning module LuminRuntimeSettings (506)
[2018.12.04-13.35.08:364][586]LogModuleManager: Shutting down and abandoning module IOSRuntimeSettings (504)
[2018.12.04-13.35.08:364][586]LogModuleManager: Shutting down and abandoning module AndroidRuntimeSettings (502)
[2018.12.04-13.35.08:364][586]LogModuleManager: Shutting down and abandoning module InputBindingEditor (500)
[2018.12.04-13.35.08:374][586]LogModuleManager: Shutting down and abandoning module MergeActors (498)
[2018.12.04-13.35.08:382][586]LogModuleManager: Shutting down and abandoning module LocalizationDashboard (496)
[2018.12.04-13.35.08:394][586]LogModuleManager: Shutting down and abandoning module LocalizationService (495)
[2018.12.04-13.35.08:402][586]LogModuleManager: Shutting down and abandoning module HardwareTargeting (492)
[2018.12.04-13.35.08:402][586]LogModuleManager: Shutting down and abandoning module DeviceProfileEditor (490)
[2018.12.04-13.35.08:402][586]LogModuleManager: Shutting down and abandoning module UndoHistory (488)
[2018.12.04-13.35.08:412][586]LogModuleManager: Shutting down and abandoning module XmlParser (486)
[2018.12.04-13.35.08:412][586]LogModuleManager: Shutting down and abandoning module Blutility (484)
[2018.12.04-13.35.08:412][586]LogModuleManager: Shutting down and abandoning module ProjectSettingsViewer (482)
[2018.12.04-13.35.08:412][586]LogModuleManager: Shutting down and abandoning module ProjectTargetPlatformEditor (481)
[2018.12.04-13.35.08:412][586]LogModuleManager: Shutting down and abandoning module EditorSettingsViewer (478)
[2018.12.04-13.35.08:412][586]LogModuleManager: Shutting down and abandoning module SettingsEditor (476)
[2018.12.04-13.35.08:422][586]LogModuleManager: Shutting down and abandoning module ProjectLauncher (474)
[2018.12.04-13.35.08:429][586]LogModuleManager: Shutting down and abandoning module SessionFrontend (472)
[2018.12.04-13.35.08:434][586]LogModuleManager: Shutting down and abandoning module ProfilerClient (470)
[2018.12.04-13.35.08:440][586]LogModuleManager: Shutting down and abandoning module DeviceManager (468)
[2018.12.04-13.35.08:454][586]LogModuleManager: Shutting down and abandoning module TargetDeviceServices (467)
[2018.12.04-13.35.08:517][586]LogModuleManager: Shutting down and abandoning module AutomationController (464)
[2018.12.04-13.35.08:527][586]LogModuleManager: Shutting down and abandoning module AutomationWindow (462)
[2018.12.04-13.35.08:531][586]LogModuleManager: Shutting down and abandoning module Layers (460)
[2018.12.04-13.35.08:556][586]LogModuleManager: Shutting down and abandoning module ComponentVisualizers (458)
[2018.12.04-13.35.08:556][586]LogModuleManager: Shutting down and abandoning module DetailCustomizations (456)
[2018.12.04-13.35.08:569][586]LogModuleManager: Shutting down and abandoning module PackagesDialog (454)
[2018.12.04-13.35.08:570][586]LogModuleManager: Shutting down and abandoning module Persona (452)
[2018.12.04-13.35.08:589][586]LogModuleManager: Shutting down and abandoning module AdvancedPreviewScene (451)
[2018.12.04-13.35.08:589][586]LogModuleManager: Shutting down and abandoning module AnimGraph (449)
[2018.12.04-13.35.08:589][586]LogModuleManager: Shutting down and abandoning module Kismet (446)
[2018.12.04-13.35.08:609][586]LogModuleManager: Shutting down and abandoning module GraphEditor (444)
[2018.12.04-13.35.08:639][586]LogModuleManager: Shutting down and abandoning module ClassViewer (442)
[2018.12.04-13.35.08:641][586]LogModuleManager: Shutting down and abandoning module Toolbox (440)
[2018.12.04-13.35.08:641][586]LogModuleManager: Shutting down and abandoning module ModuleUI (438)
[2018.12.04-13.35.08:649][586]LogModuleManager: Shutting down and abandoning module MovieSceneTools (436)
[2018.12.04-13.35.08:665][586]LogModuleManager: Shutting down and abandoning module OutputLog (434)
[2018.12.04-13.35.08:665][586]LogModuleManager: Shutting down and abandoning module GammaUI (432)
[2018.12.04-13.35.08:672][586]LogModuleManager: Shutting down and abandoning module Documentation (430)
[2018.12.04-13.35.08:673][586]LogModuleManager: Shutting down and abandoning module MovieSceneTracks (428)
[2018.12.04-13.35.08:673][586]LogModuleManager: Shutting down and abandoning module MovieScene (426)
[2018.12.04-13.35.08:673][586]LogModuleManager: Shutting down and abandoning module StreamingPauseRendering (424)
[2018.12.04-13.35.08:680][586]LogModuleManager: Shutting down and abandoning module LauncherPlatform (422)
[2018.12.04-13.35.08:680][586]LogModuleManager: Shutting down and abandoning module AnalyticsET (420)
[2018.12.04-13.35.08:680][586]LogModuleManager: Shutting down and abandoning module PortalServices (418)
[2018.12.04-13.35.08:680][586]LogModuleManager: Shutting down and abandoning module PortalRpc (416)
[2018.12.04-13.35.08:680][586]LogModuleManager: Shutting down and abandoning module MessagingRpc (414)
[2018.12.04-13.35.08:680][586]LogModuleManager: Shutting down and abandoning module AIModule (412)
[2018.12.04-13.35.08:685][586]LogModuleManager: Shutting down and abandoning module GameplayDebugger (411)
[2018.12.04-13.35.08:692][586]LogModuleManager: Shutting down and abandoning module AITestSuite (409)
[2018.12.04-13.35.08:695][586]LogModuleManager: Shutting down and abandoning module NavigationSystem (407)
[2018.12.04-13.35.08:695][586]LogModuleManager: Shutting down and abandoning module ProfilerService (404)
[2018.12.04-13.35.08:883][586]LogModuleManager: Shutting down and abandoning module TaskGraph (402)
[2018.12.04-13.35.08:891][586]LogModuleManager: Shutting down and abandoning module SteamVRController (400)
[2018.12.04-13.35.08:891][586]LogModuleManager: Shutting down and abandoning module ProceduralMeshComponentEditor (398)
[2018.12.04-13.35.08:891][586]LogModuleManager: Shutting down and abandoning module ProceduralMeshComponent (396)
[2018.12.04-13.35.08:899][586]LogModuleManager: Shutting down and abandoning module OculusInput (394)
[2018.12.04-13.35.08:899][586]LogModuleManager: Shutting down and abandoning module MobilePatchingUtils (392)
[2018.12.04-13.35.08:899][586]LogModuleManager: Shutting down and abandoning module EditableMesh (390)
[2018.12.04-13.35.08:899][586]LogModuleManager: Shutting down and abandoning module CustomMeshComponent (388)
[2018.12.04-13.35.08:899][586]LogModuleManager: Shutting down and abandoning module CableComponent (386)
[2018.12.04-13.35.08:899][586]LogModuleManager: Shutting down and abandoning module AudioCapture (384)
[2018.12.04-13.35.08:899][586]LogModuleManager: Shutting down and abandoning module ArchVisCharacter (382)
[2018.12.04-13.35.08:899][586]LogModuleManager: Shutting down and abandoning module AndroidPermission (380)
[2018.12.04-13.35.08:899][586]LogModuleManager: Shutting down and abandoning module NUTUnrealEngine4 (378)
[2018.12.04-13.35.08:899][586]LogModuleManager: Shutting down and abandoning module NetcodeUnitTest (376)
[2018.12.04-13.35.08:926][586]LogModuleManager: Shutting down and abandoning module MediaCompositingEditor (374)
[2018.12.04-13.35.08:926][586]LogModuleManager: Shutting down and abandoning module MediaCompositing (372)
[2018.12.04-13.35.08:926][586]LogModuleManager: Shutting down and abandoning module LinearTimecode (370)
[2018.12.04-13.35.08:926][586]LogModuleManager: Shutting down and abandoning module ImgMedia (368)
[2018.12.04-13.35.08:937][586]LogModuleManager: Shutting down and abandoning module HTML5Networking (366)
[2018.12.04-13.35.08:937][586]LogModuleManager: Shutting down and abandoning module GeometryCacheTracks (364)
[2018.12.04-13.35.08:937][586]LogModuleManager: Shutting down and abandoning module GeometryCacheSequencer (362)
[2018.12.04-13.35.08:937][586]LogModuleManager: Shutting down and abandoning module BackChannel (360)
[2018.12.04-13.35.08:945][586]LogModuleManager: Shutting down and abandoning module AppleVision (358)
[2018.12.04-13.35.08:945][586]LogModuleManager: Shutting down and abandoning module AppleImageUtils (356)
[2018.12.04-13.35.08:945][586]LogModuleManager: Shutting down and abandoning module AlembicImporter (354)
[2018.12.04-13.35.08:945][586]LogModuleManager: Shutting down and abandoning module AlembicLibrary (353)
[2018.12.04-13.35.08:945][586]LogModuleManager: Shutting down and abandoning module GeometryCache (352)
[2018.12.04-13.35.08:945][586]LogModuleManager: Shutting down and abandoning module GeometryCacheEd (351)
[2018.12.04-13.35.08:945][586]LogModuleManager: Shutting down and abandoning module DatasmithContentEditor (346)
[2018.12.04-13.35.08:953][586]LogModuleManager: Shutting down and abandoning module DatasmithContent (344)
[2018.12.04-13.35.08:954][586]LogModuleManager: Shutting down and abandoning module SpeedTreeImporter (342)
[2018.12.04-13.35.08:954][586]LogModuleManager: Shutting down and abandoning module PluginBrowser (340)
[2018.12.04-13.35.08:974][586]LogModuleManager: Shutting down and abandoning module MobileLauncherProfileWizard (338)
[2018.12.04-13.35.08:982][586]LogModuleManager: Shutting down and abandoning module PolygonModeling (336)
[2018.12.04-13.35.08:982][586]LogModuleManager: Shutting down and abandoning module MeshEditor (334)
[2018.12.04-13.35.08:997][586]LogModuleManager: Shutting down and abandoning module CryptoKeysOpenSSL (332)
[2018.12.04-13.35.09:003][586]LogModuleManager: Shutting down and abandoning module CryptoKeys (330)
[2018.12.04-13.35.09:003][586]LogModuleManager: Shutting down and abandoning module VisualStudioSourceCodeAccess (328)
[2018.12.04-13.35.09:003][586]LogModuleManager: Shutting down and abandoning module VisualStudioCodeSourceCodeAccess (326)
[2018.12.04-13.35.09:003][586]LogModuleManager: Shutting down and abandoning module UObjectPlugin (324)
[2018.12.04-13.35.09:003][586]LogModuleManager: Shutting down and abandoning module SubversionSourceControl (322)
[2018.12.04-13.35.09:008][586]LogModuleManager: Shutting down and abandoning module PerforceSourceControl (320)
[2018.12.04-13.35.09:014][586]LogModuleManager: Shutting down and abandoning module GitSourceControl (318)
[2018.12.04-13.35.09:026][586]LogModuleManager: Shutting down and abandoning module SourceControl (317)
[2018.12.04-13.35.09:032][586]LogModuleManager: Shutting down and abandoning module CLionSourceCodeAccess (314)
[2018.12.04-13.35.09:032][586]LogModuleManager: Shutting down and abandoning module LightPropagationVolumeEditor (312)
[2018.12.04-13.35.09:032][586]LogModuleManager: Shutting down and abandoning module PaperTiledImporter (310)
[2018.12.04-13.35.09:032][586]LogModuleManager: Shutting down and abandoning module PaperSpriteSheetImporter (308)
[2018.12.04-13.35.09:032][586]LogModuleManager: Shutting down and abandoning module Paper2DEditor (306)
[2018.12.04-13.35.09:045][586]LogModuleManager: Shutting down and abandoning module MeshPaint (305)
[2018.12.04-13.35.09:055][586]LogModuleManager: Shutting down and abandoning module RuntimePhysXCooking (300)
[2018.12.04-13.35.09:055][586]LogModuleManager: Shutting down and abandoning module PhysXVehiclesEditor (298)
[2018.12.04-13.35.09:055][586]LogModuleManager: Shutting down and abandoning module PhysXVehicles (296)
[2018.12.04-13.35.09:055][586]LogModuleManager: Shutting down and abandoning module OculusEditor (294)
[2018.12.04-13.35.09:059][586]LogModuleManager: Shutting down and abandoning module LocationServicesBPLibrary (292)
[2018.12.04-13.35.09:059][586]LogModuleManager: Shutting down and abandoning module ImmediatePhysicsEditor (290)
[2018.12.04-13.35.09:059][586]LogModuleManager: Shutting down and abandoning module ImmediatePhysics (288)
[2018.12.04-13.35.09:068][586]LogModuleManager: Shutting down and abandoning module ActorSequence (286)
[2018.12.04-13.35.09:068][586]LogModuleManager: Shutting down and abandoning module UdpMessaging (284)
[2018.12.04-13.35.09:169][586]LogModuleManager: Shutting down and abandoning module TcpMessaging (282)
[2018.12.04-13.35.09:279][586]LogModuleManager: Shutting down and abandoning module MagicLeapAudio (280)
[2018.12.04-13.35.09:279][586]LogModuleManager: Shutting down and abandoning module GameplayTagsEditor (278)
[2018.12.04-13.35.09:316][586]LogModuleManager: Shutting down and abandoning module FacialAnimationEditor (276)
[2018.12.04-13.35.09:316][586]LogModuleManager: Shutting down and abandoning module FacialAnimation (274)
[2018.12.04-13.35.09:316][586]LogModuleManager: Shutting down and abandoning module DataValidation (272)
[2018.12.04-13.35.09:316][586]LogModuleManager: Shutting down and abandoning module AssetManagerEditor (270)
[2018.12.04-13.35.09:324][586]LogModuleManager: Shutting down and abandoning module LevelEditor (269)
[2018.12.04-13.35.09:343][586]LogModuleManager: Shutting down and abandoning module PixelInspectorModule (268)
[2018.12.04-13.35.09:347][586]LogModuleManager: Shutting down and abandoning module CommonMenuExtensions (266)
[2018.12.04-13.35.09:348][586]LogModuleManager: Shutting down and abandoning module MainFrame (264)
[2018.12.04-13.35.09:355][586]LogModuleManager: Shutting down and abandoning module HotReload (263)
[2018.12.04-13.35.09:355][586]LogModuleManager: Shutting down and abandoning module ContentBrowser (259)
[2018.12.04-13.35.09:356][586]LogModuleManager: Shutting down and abandoning module TreeMap (257)
[2018.12.04-13.35.09:359][586]LogModuleManager: Shutting down and abandoning module LightPropagationVolumeRuntime (254)
[2018.12.04-13.35.09:359][586]LogModuleManager: Shutting down and abandoning module AISupportModule (252)
[2018.12.04-13.35.09:359][586]LogModuleManager: Shutting down and abandoning module Paper2D (250)
[2018.12.04-13.35.09:359][586]LogModuleManager: Shutting down and abandoning module WindowsMoviePlayer (248)
[2018.12.04-13.35.09:364][586]LogModuleManager: Shutting down and abandoning module WmfMedia (246)
[2018.12.04-13.35.09:373][586]LogModuleManager: Shutting down and abandoning module Media (245)
[2018.12.04-13.35.09:379][586]LogModuleManager: Shutting down and abandoning module PacketHandler (242)
[2018.12.04-13.35.09:379][586]LogModuleManager: Shutting down and abandoning module ClothingSystemEditor (240)
[2018.12.04-13.35.09:379][586]LogModuleManager: Shutting down and abandoning module ClothingSystemRuntime (238)
[2018.12.04-13.35.09:383][586]LogModuleManager: Shutting down and abandoning module MediaAssets (236)
[2018.12.04-13.35.09:383][586]LogModuleManager: Shutting down and abandoning module Overlay (234)
[2018.12.04-13.35.09:383][586]LogModuleManager: Shutting down and abandoning module OverlayEditor (233)
[2018.12.04-13.35.09:383][586]LogModuleManager: Shutting down and abandoning module VREditor (230)
[2018.12.04-13.35.09:392][586]LogModuleManager: Shutting down and abandoning module StringTableEditor (228)
[2018.12.04-13.35.09:400][586]LogModuleManager: Shutting down and abandoning module GameplayTasksEditor (226)
[2018.12.04-13.35.09:400][586]LogModuleManager: Shutting down and abandoning module BehaviorTreeEditor (224)
[2018.12.04-13.35.09:419][586]LogModuleManager: Shutting down and abandoning module FunctionalTesting (222)
[2018.12.04-13.35.09:421][586]LogModuleManager: Shutting down and abandoning module CollisionAnalyzer (220)
[2018.12.04-13.35.09:431][586]LogModuleManager: Shutting down and abandoning module WorkspaceMenuStructure (219)
[2018.12.04-13.35.09:431][586]LogModuleManager: Shutting down and abandoning module UMG (216)
[2018.12.04-13.35.09:447][586]LogModuleManager: Shutting down and abandoning module UMGEditor (215)
[2018.12.04-13.35.09:469][586]LogModuleManager: Shutting down and abandoning module Sequencer (214)
[2018.12.04-13.35.09:501][586]LogModuleManager: Shutting down and abandoning module MessageLog (211)
[2018.12.04-13.35.09:501][586]LogModuleManager: Shutting down and abandoning module SlateReflector (206)
[2018.12.04-13.35.09:530][586]LogModuleManager: Shutting down and abandoning module Slate (204)
[2018.12.04-13.35.09:530][586]LogModuleManager: Shutting down and abandoning module EditorStyle (202)
[2018.12.04-13.35.09:532][586]LogModuleManager: Shutting down and abandoning module MRMesh (200)
[2018.12.04-13.35.09:532][586]LogModuleManager: Shutting down and abandoning module SourceCodeAccess (198)
[2018.12.04-13.35.09:532][586]LogModuleManager: Shutting down and abandoning module HeadMountedDisplay (196)
[2018.12.04-13.35.09:532][586]LogModuleManager: Shutting down and abandoning module XAudio2 (194)
[2018.12.04-13.35.09:532][586]LogModuleManager: Shutting down and abandoning module Networking (192)
[2018.12.04-13.35.09:532][586]LogModuleManager: Shutting down and abandoning module Core (190)
[2018.12.04-13.35.09:532][586]LogModuleManager: Shutting down and abandoning module LevelSequence (188)
[2018.12.04-13.35.09:532][586]LogModuleManager: Shutting down and abandoning module KismetCompiler (186)
[2018.12.04-13.35.09:532][586]LogModuleManager: Shutting down and abandoning module MeshUtilities (184)
[2018.12.04-13.35.09:537][586]LogModuleManager: Shutting down and abandoning module MeshMergeUtilities (183)
[2018.12.04-13.35.09:541][586]LogModuleManager: Shutting down and abandoning module MeshReductionInterface (182)
[2018.12.04-13.35.09:541][586]LogModuleManager: Shutting down and abandoning module SimplygonSwarm (181)
[2018.12.04-13.35.09:547][586]LogModuleManager: Shutting down and abandoning module ProxyLODMeshReduction (179)
[2018.12.04-13.35.09:557][586]LogModuleManager: Shutting down and abandoning module SimplygonMeshReduction (177)
[2018.12.04-13.35.09:557][586]LogModuleManager: Shutting down and abandoning module QuadricMeshReduction (175)
[2018.12.04-13.35.09:569][586]LogModuleManager: Shutting down and abandoning module MaterialBaking (171)
[2018.12.04-13.35.09:579][586]LogModuleManager: Shutting down and abandoning module DirectoryWatcher (167)
[2018.12.04-13.35.09:579][586]LogModuleManager: Shutting down and abandoning module DerivedDataCache (164)
[2018.12.04-13.35.09:614][586]LogDerivedDataCache: Shutdown
[2018.12.04-13.35.09:614][586]LogModuleManager: Shutting down and abandoning module XGEController (162)
[2018.12.04-13.35.09:614][586]LogXGEController: Cleaning working directory: C:/Users/tolso/AppData/Local/Temp/UnrealXGEWorkingDir/
[2018.12.04-13.35.09:621][586]LogModuleManager: Shutting down and abandoning module TargetPlatform (160)
[2018.12.04-13.35.09:621][586]LogModuleManager: Shutting down and abandoning module VulkanShaderFormat (159)
[2018.12.04-13.35.09:630][586]LogModuleManager: Shutting down and abandoning module ShaderFormatVectorVM (157)
[2018.12.04-13.35.09:641][586]LogModuleManager: Shutting down and abandoning module ShaderFormatOpenGL (155)
[2018.12.04-13.35.09:652][586]LogModuleManager: Shutting down and abandoning module ShaderFormatD3D (153)
[2018.12.04-13.35.09:652][586]LogModuleManager: Shutting down and abandoning module MetalShaderFormat (151)
[2018.12.04-13.35.09:656][586]LogModuleManager: Shutting down and abandoning module TextureFormatUncompressed (149)
[2018.12.04-13.35.09:656][586]LogModuleManager: Shutting down and abandoning module TextureFormatPVR (147)
[2018.12.04-13.35.09:656][586]LogModuleManager: Shutting down and abandoning module TextureFormatDXT (145)
[2018.12.04-13.35.09:670][586]LogModuleManager: Shutting down and abandoning module TextureFormatIntelISPCTexComp (143)
[2018.12.04-13.35.09:676][586]LogModuleManager: Shutting down and abandoning module TextureFormatASTC (141)
[2018.12.04-13.35.09:676][586]LogModuleManager: Shutting down and abandoning module ImageWrapper (140)
[2018.12.04-13.35.09:676][586]LogModuleManager: Shutting down and abandoning module TextureFormatAndroid (137)
[2018.12.04-13.35.09:676][586]LogModuleManager: Shutting down and abandoning module AudioFormatOpus (135)
[2018.12.04-13.35.09:677][586]LogModuleManager: Shutting down and abandoning module AudioFormatOgg (133)
[2018.12.04-13.35.09:677][586]LogModuleManager: Shutting down and abandoning module AudioFormatADPCM (131)
[2018.12.04-13.35.09:677][586]LogModuleManager: Shutting down and abandoning module LuminTargetPlatform (129)
[2018.12.04-13.35.09:677][586]LogModuleManager: Shutting down and abandoning module LinuxTargetPlatform (127)
[2018.12.04-13.35.09:677][586]LogModuleManager: Shutting down and abandoning module LinuxServerTargetPlatform (125)
[2018.12.04-13.35.09:677][586]LogModuleManager: Shutting down and abandoning module LinuxNoEditorTargetPlatform (123)
[2018.12.04-13.35.09:680][586]LogModuleManager: Shutting down and abandoning module LinuxClientTargetPlatform (121)
[2018.12.04-13.35.09:681][586]LogModuleManager: Shutting down and abandoning module TVOSTargetPlatform (119)
[2018.12.04-13.35.09:682][586]LogModuleManager: Shutting down and abandoning module Messaging (117)
[2018.12.04-13.35.09:682][586]LogModuleManager: Shutting down and abandoning module IOSTargetPlatform (115)
[2018.12.04-13.35.09:683][586]LogModuleManager: Shutting down and abandoning module HTML5TargetPlatform (113)
[2018.12.04-13.35.09:683][586]LogModuleManager: Shutting down and abandoning module AndroidTargetPlatform (111)
[2018.12.04-13.35.09:695][586]LogModuleManager: Shutting down and abandoning module WindowsTargetPlatform (109)
[2018.12.04-13.35.09:695][586]LogModuleManager: Shutting down and abandoning module WindowsServerTargetPlatform (107)
[2018.12.04-13.35.09:695][586]LogModuleManager: Shutting down and abandoning module WindowsNoEditorTargetPlatform (105)
[2018.12.04-13.35.09:695][586]LogModuleManager: Shutting down and abandoning module WindowsClientTargetPlatform (103)
[2018.12.04-13.35.09:695][586]LogModuleManager: Shutting down and abandoning module MacTargetPlatform (101)
[2018.12.04-13.35.09:695][586]LogModuleManager: Shutting down and abandoning module MacServerTargetPlatform (99)
[2018.12.04-13.35.09:695][586]LogModuleManager: Shutting down and abandoning module MacNoEditorTargetPlatform (97)
[2018.12.04-13.35.09:695][586]LogModuleManager: Shutting down and abandoning module MacClientTargetPlatform (95)
[2018.12.04-13.35.09:695][586]LogModuleManager: Shutting down and abandoning module AllDesktopTargetPlatform (93)
[2018.12.04-13.35.09:695][586]LogModuleManager: Shutting down and abandoning module InputCore (90)
[2018.12.04-13.35.09:695][586]LogModuleManager: Shutting down and abandoning module Settings (88)
[2018.12.04-13.35.09:695][586]LogModuleManager: Shutting down and abandoning module PhysXCooking (86)
[2018.12.04-13.35.09:695][586]LogModuleManager: Shutting down and abandoning module SteamVR (84)
[2018.12.04-13.35.09:695][586]LogModuleManager: Shutting down and abandoning module OculusHMD (82)
[2018.12.04-13.35.09:695][586]LogModuleManager: Shutting down and abandoning module ExampleDeviceProfileSelector (80)
[2018.12.04-13.35.09:695][586]LogModuleManager: Shutting down and abandoning module LauncherChunkInstaller (78)
[2018.12.04-13.35.09:695][586]LogModuleManager: Shutting down and abandoning module OnlineBlueprintSupport (76)
[2018.12.04-13.35.09:695][586]LogModuleManager: Shutting down and abandoning module OnlineSubsystem (72)
[2018.12.04-13.35.09:705][586]LogModuleManager: Shutting down and abandoning module XMPP (67)
[2018.12.04-13.35.09:714][586]LogModuleManager: Shutting down and abandoning module WebSockets (66)
[2018.12.04-13.35.09:763][586]LogModuleManager: Shutting down and abandoning module HTTP (63)
[2018.12.04-13.35.09:771][586]LogHttp: Display: Http module shutting down, but needs to wait on 1 outstanding Http requests:
[2018.12.04-13.35.09:771][586]LogHttp: Display: 	verb=[POST] url=[https://datarouter.ol.epicgames.com/datarouter/api/v1/public/data?SessionID=%7BC8B9F433-4752-3D2B-F7C9-95A6EE23EB0D%7D&AppID=UEEditor.Rocket.Release&AppVersion=4.20.3-4369336%2B%2B%2BUE4%2BRelease-4.20&UserID=524e9778438d1b65f382148220c127ed%7Ccfbec505177c4eeeb608d0faf53c2ddd%7C05dc3bb9-e9d5-470e-8fb6-9b5959941b24&AppEnvironment=datacollector-binary&UploadType=eteventstream] status=Processing
[2018.12.04-13.35.09:804][586]LogModuleManager: Shutting down and abandoning module SSL (62)
[2018.12.04-13.35.09:810][586]LogModuleManager: Shutting down and abandoning module MagicLeapEmulator (58)
[2018.12.04-13.35.09:810][586]LogModuleManager: Shutting down and abandoning module MagicLeapPrivileges (56)
[2018.12.04-13.35.09:810][586]LogModuleManager: Shutting down and abandoning module MagicLeapIdentity (54)
[2018.12.04-13.35.09:810][586]LogModuleManager: Shutting down and abandoning module MagicLeapHelperVulkan (52)
[2018.12.04-13.35.09:810][586]LogModuleManager: Shutting down and abandoning module MagicLeapHelperOpenGL (50)
[2018.12.04-13.35.09:810][586]LogModuleManager: Shutting down and abandoning module MagicLeapSecureStorage (48)
[2018.12.04-13.35.09:810][586]LogModuleManager: Shutting down and abandoning module MagicLeapGestures (46)
[2018.12.04-13.35.09:810][586]LogModuleManager: Shutting down and abandoning module MagicLeapEyeTracker (44)
[2018.12.04-13.35.09:810][586]LogModuleManager: Shutting down and abandoning module MagicLeapController (42)
[2018.12.04-13.35.09:810][586]LogSlate: Slate User Destroyed.  User Index 0, Is Virtual User: 0
[2018.12.04-13.35.09:810][586]LogModuleManager: Shutting down and abandoning module MagicLeap (40)
[2018.12.04-13.35.09:811][586]LogModuleManager: Shutting down and abandoning module DesktopPlatform (38)
[2018.12.04-13.35.09:811][586]LogModuleManager: Shutting down and abandoning module AnimationModifiers (36)
[2018.12.04-13.35.09:811][586]LogModuleManager: Shutting down and abandoning module PropertyEditor (35)
[2018.12.04-13.35.09:811][586]LogModuleManager: Shutting down and abandoning module AudioEditor (32)
[2018.12.04-13.35.09:811][586]LogModuleManager: Shutting down and abandoning module TextureCompressor (30)
[2018.12.04-13.35.09:820][586]LogModuleManager: Shutting down and abandoning module ShaderCore (28)
[2018.12.04-13.35.09:820][586]LogModuleManager: Shutting down and abandoning module Landscape (26)
[2018.12.04-13.35.09:820][586]LogModuleManager: Shutting down and abandoning module SlateRHIRenderer (24)
[2018.12.04-13.35.09:824][586]LogModuleManager: Shutting down and abandoning module OpenGLDrv (22)
[2018.12.04-13.35.09:824][586]LogModuleManager: Shutting down and abandoning module D3D11RHI (20)
[2018.12.04-13.35.09:824][586]LogModuleManager: Shutting down and abandoning module AnimGraphRuntime (18)
[2018.12.04-13.35.09:824][586]LogModuleManager: Shutting down and abandoning module Renderer (16)
[2018.12.04-13.35.09:824][586]LogModuleManager: Shutting down and abandoning module Engine (14)
[2018.12.04-13.35.09:824][586]LogModuleManager: Shutting down and abandoning module CoreUObject (12)
[2018.12.04-13.35.09:824][586]LogModuleManager: Shutting down and abandoning module NetworkFile (10)
[2018.12.04-13.35.09:824][586]LogModuleManager: Shutting down and abandoning module CookedIterativeFile (8)
[2018.12.04-13.35.09:824][586]LogModuleManager: Shutting down and abandoning module StreamingFile (6)
[2018.12.04-13.35.09:824][586]LogModuleManager: Shutting down and abandoning module SandboxFile (4)
[2018.12.04-13.35.09:824][586]LogModuleManager: Shutting down and abandoning module PakFile (2)
[2018.12.04-13.35.09:852][586]LogExit: Exiting.
[2018.12.04-13.35.09:871][586]Log file closed, 12/04/18 07:35:09
